[2024-10-29T13:37:31.538+0000] {processor.py:157} INFO - Started process (PID=43) to work on /opt/airflow/dags/binance.Dag1.py
[2024-10-29T13:37:31.539+0000] {processor.py:826} INFO - Processing file /opt/airflow/dags/binance.Dag1.py for tasks to queue
[2024-10-29T13:37:31.541+0000] {logging_mixin.py:149} INFO - [2024-10-29T13:37:31.541+0000] {dagbag.py:541} INFO - Filling up the DagBag from /opt/airflow/dags/binance.Dag1.py
[2024-10-29T13:37:33.657+0000] {processor.py:836} INFO - DAG(s) dict_keys(['api_binance_dag1']) retrieved from /opt/airflow/dags/binance.Dag1.py
[2024-10-29T13:37:33.712+0000] {logging_mixin.py:149} INFO - [2024-10-29T13:37:33.710+0000] {dag.py:2726} INFO - Sync 1 DAGs
[2024-10-29T13:37:33.757+0000] {logging_mixin.py:149} INFO - [2024-10-29T13:37:33.757+0000] {dag.py:3490} INFO - Setting next_dagrun for api_binance_dag1 to 2024-10-29T09:00:00+00:00, run_after=2024-10-30T09:00:00+00:00
[2024-10-29T13:37:33.986+0000] {processor.py:179} INFO - Processing /opt/airflow/dags/binance.Dag1.py took 2.452 seconds
[2024-10-29T13:38:04.298+0000] {processor.py:157} INFO - Started process (PID=79) to work on /opt/airflow/dags/binance.Dag1.py
[2024-10-29T13:38:04.299+0000] {processor.py:826} INFO - Processing file /opt/airflow/dags/binance.Dag1.py for tasks to queue
[2024-10-29T13:38:04.301+0000] {logging_mixin.py:149} INFO - [2024-10-29T13:38:04.300+0000] {dagbag.py:541} INFO - Filling up the DagBag from /opt/airflow/dags/binance.Dag1.py
[2024-10-29T13:38:07.425+0000] {processor.py:836} INFO - DAG(s) dict_keys(['api_binance_dag1']) retrieved from /opt/airflow/dags/binance.Dag1.py
[2024-10-29T13:38:07.464+0000] {logging_mixin.py:149} INFO - [2024-10-29T13:38:07.462+0000] {dag.py:2726} INFO - Sync 1 DAGs
[2024-10-29T13:38:07.496+0000] {logging_mixin.py:149} INFO - [2024-10-29T13:38:07.496+0000] {dag.py:3490} INFO - Setting next_dagrun for api_binance_dag1 to 2024-10-29T09:00:00+00:00, run_after=2024-10-30T09:00:00+00:00
[2024-10-29T13:38:07.761+0000] {processor.py:179} INFO - Processing /opt/airflow/dags/binance.Dag1.py took 3.467 seconds
[2024-10-29T13:38:38.092+0000] {processor.py:157} INFO - Started process (PID=100) to work on /opt/airflow/dags/binance.Dag1.py
[2024-10-29T13:38:38.095+0000] {processor.py:826} INFO - Processing file /opt/airflow/dags/binance.Dag1.py for tasks to queue
[2024-10-29T13:38:38.096+0000] {logging_mixin.py:149} INFO - [2024-10-29T13:38:38.096+0000] {dagbag.py:541} INFO - Filling up the DagBag from /opt/airflow/dags/binance.Dag1.py
[2024-10-29T13:38:40.432+0000] {processor.py:836} INFO - DAG(s) dict_keys(['api_binance_dag1']) retrieved from /opt/airflow/dags/binance.Dag1.py
[2024-10-29T13:38:42.217+0000] {logging_mixin.py:149} INFO - [2024-10-29T13:38:42.217+0000] {dag.py:2726} INFO - Sync 1 DAGs
[2024-10-29T13:38:42.311+0000] {logging_mixin.py:149} INFO - [2024-10-29T13:38:42.309+0000] {dag.py:3490} INFO - Setting next_dagrun for api_binance_dag1 to 2024-10-29T09:00:00+00:00, run_after=2024-10-30T09:00:00+00:00
[2024-10-29T13:38:42.411+0000] {processor.py:179} INFO - Processing /opt/airflow/dags/binance.Dag1.py took 4.322 seconds
[2024-10-29T13:39:04.549+0000] {processor.py:157} INFO - Started process (PID=113) to work on /opt/airflow/dags/binance.Dag1.py
[2024-10-29T13:39:04.551+0000] {processor.py:826} INFO - Processing file /opt/airflow/dags/binance.Dag1.py for tasks to queue
[2024-10-29T13:39:04.555+0000] {logging_mixin.py:149} INFO - [2024-10-29T13:39:04.554+0000] {dagbag.py:541} INFO - Filling up the DagBag from /opt/airflow/dags/binance.Dag1.py
[2024-10-29T13:39:06.910+0000] {processor.py:836} INFO - DAG(s) dict_keys(['api_binance_dag1']) retrieved from /opt/airflow/dags/binance.Dag1.py
[2024-10-29T13:39:07.180+0000] {logging_mixin.py:149} INFO - [2024-10-29T13:39:07.179+0000] {dag.py:2726} INFO - Sync 1 DAGs
[2024-10-29T13:39:07.237+0000] {logging_mixin.py:149} INFO - [2024-10-29T13:39:07.236+0000] {dag.py:3490} INFO - Setting next_dagrun for api_binance_dag1 to 2024-10-29T09:00:00+00:00, run_after=2024-10-30T09:00:00+00:00
[2024-10-29T13:39:07.295+0000] {processor.py:179} INFO - Processing /opt/airflow/dags/binance.Dag1.py took 2.752 seconds
[2024-10-29T13:39:37.463+0000] {processor.py:157} INFO - Started process (PID=128) to work on /opt/airflow/dags/binance.Dag1.py
[2024-10-29T13:39:37.465+0000] {processor.py:826} INFO - Processing file /opt/airflow/dags/binance.Dag1.py for tasks to queue
[2024-10-29T13:39:37.467+0000] {logging_mixin.py:149} INFO - [2024-10-29T13:39:37.467+0000] {dagbag.py:541} INFO - Filling up the DagBag from /opt/airflow/dags/binance.Dag1.py
[2024-10-29T13:39:39.122+0000] {processor.py:836} INFO - DAG(s) dict_keys(['api_binance_dag1']) retrieved from /opt/airflow/dags/binance.Dag1.py
[2024-10-29T13:39:39.198+0000] {logging_mixin.py:149} INFO - [2024-10-29T13:39:39.197+0000] {dag.py:2726} INFO - Sync 1 DAGs
[2024-10-29T13:39:39.256+0000] {logging_mixin.py:149} INFO - [2024-10-29T13:39:39.256+0000] {dag.py:3490} INFO - Setting next_dagrun for api_binance_dag1 to 2024-10-29T09:00:00+00:00, run_after=2024-10-30T09:00:00+00:00
[2024-10-29T13:39:39.297+0000] {processor.py:179} INFO - Processing /opt/airflow/dags/binance.Dag1.py took 1.838 seconds
[2024-10-29T13:39:43.055+0000] {processor.py:157} INFO - Started process (PID=141) to work on /opt/airflow/dags/binance.Dag1.py
[2024-10-29T13:39:43.057+0000] {processor.py:826} INFO - Processing file /opt/airflow/dags/binance.Dag1.py for tasks to queue
[2024-10-29T13:39:43.060+0000] {logging_mixin.py:149} INFO - [2024-10-29T13:39:43.059+0000] {dagbag.py:541} INFO - Filling up the DagBag from /opt/airflow/dags/binance.Dag1.py
[2024-10-29T13:39:45.077+0000] {processor.py:836} INFO - DAG(s) dict_keys(['api_binance_dag1']) retrieved from /opt/airflow/dags/binance.Dag1.py
[2024-10-29T13:39:45.302+0000] {logging_mixin.py:149} INFO - [2024-10-29T13:39:45.301+0000] {dag.py:2726} INFO - Sync 1 DAGs
[2024-10-29T13:39:45.346+0000] {logging_mixin.py:149} INFO - [2024-10-29T13:39:45.346+0000] {dag.py:3490} INFO - Setting next_dagrun for api_binance_dag1 to 2024-10-29T09:00:00+00:00, run_after=2024-10-30T09:00:00+00:00
[2024-10-29T13:39:45.416+0000] {processor.py:179} INFO - Processing /opt/airflow/dags/binance.Dag1.py took 2.365 seconds
[2024-10-29T13:40:15.741+0000] {processor.py:157} INFO - Started process (PID=155) to work on /opt/airflow/dags/binance.Dag1.py
[2024-10-29T13:40:15.743+0000] {processor.py:826} INFO - Processing file /opt/airflow/dags/binance.Dag1.py for tasks to queue
[2024-10-29T13:40:15.745+0000] {logging_mixin.py:149} INFO - [2024-10-29T13:40:15.744+0000] {dagbag.py:541} INFO - Filling up the DagBag from /opt/airflow/dags/binance.Dag1.py
[2024-10-29T13:40:18.280+0000] {processor.py:836} INFO - DAG(s) dict_keys(['api_binance_dag1']) retrieved from /opt/airflow/dags/binance.Dag1.py
[2024-10-29T13:40:18.334+0000] {logging_mixin.py:149} INFO - [2024-10-29T13:40:18.333+0000] {dag.py:2726} INFO - Sync 1 DAGs
[2024-10-29T13:40:18.378+0000] {logging_mixin.py:149} INFO - [2024-10-29T13:40:18.378+0000] {dag.py:3490} INFO - Setting next_dagrun for api_binance_dag1 to 2024-10-29T09:00:00+00:00, run_after=2024-10-30T09:00:00+00:00
[2024-10-29T13:40:18.413+0000] {processor.py:179} INFO - Processing /opt/airflow/dags/binance.Dag1.py took 2.677 seconds
[2024-10-29T13:40:49.205+0000] {processor.py:157} INFO - Started process (PID=169) to work on /opt/airflow/dags/binance.Dag1.py
[2024-10-29T13:40:49.207+0000] {processor.py:826} INFO - Processing file /opt/airflow/dags/binance.Dag1.py for tasks to queue
[2024-10-29T13:40:49.208+0000] {logging_mixin.py:149} INFO - [2024-10-29T13:40:49.208+0000] {dagbag.py:541} INFO - Filling up the DagBag from /opt/airflow/dags/binance.Dag1.py
[2024-10-29T13:40:51.142+0000] {processor.py:836} INFO - DAG(s) dict_keys(['api_binance_dag1']) retrieved from /opt/airflow/dags/binance.Dag1.py
[2024-10-29T13:40:51.177+0000] {logging_mixin.py:149} INFO - [2024-10-29T13:40:51.177+0000] {dag.py:2726} INFO - Sync 1 DAGs
[2024-10-29T13:40:51.215+0000] {logging_mixin.py:149} INFO - [2024-10-29T13:40:51.215+0000] {dag.py:3490} INFO - Setting next_dagrun for api_binance_dag1 to 2024-10-29T09:00:00+00:00, run_after=2024-10-30T09:00:00+00:00
[2024-10-29T13:40:51.255+0000] {processor.py:179} INFO - Processing /opt/airflow/dags/binance.Dag1.py took 2.054 seconds
[2024-10-29T13:41:21.632+0000] {processor.py:157} INFO - Started process (PID=183) to work on /opt/airflow/dags/binance.Dag1.py
[2024-10-29T13:41:21.634+0000] {processor.py:826} INFO - Processing file /opt/airflow/dags/binance.Dag1.py for tasks to queue
[2024-10-29T13:41:21.635+0000] {logging_mixin.py:149} INFO - [2024-10-29T13:41:21.635+0000] {dagbag.py:541} INFO - Filling up the DagBag from /opt/airflow/dags/binance.Dag1.py
[2024-10-29T13:41:23.902+0000] {processor.py:836} INFO - DAG(s) dict_keys(['api_binance_dag1']) retrieved from /opt/airflow/dags/binance.Dag1.py
[2024-10-29T13:41:23.937+0000] {logging_mixin.py:149} INFO - [2024-10-29T13:41:23.936+0000] {dag.py:2726} INFO - Sync 1 DAGs
[2024-10-29T13:41:23.971+0000] {logging_mixin.py:149} INFO - [2024-10-29T13:41:23.971+0000] {dag.py:3490} INFO - Setting next_dagrun for api_binance_dag1 to 2024-10-29T09:00:00+00:00, run_after=2024-10-30T09:00:00+00:00
[2024-10-29T13:41:24.014+0000] {processor.py:179} INFO - Processing /opt/airflow/dags/binance.Dag1.py took 2.385 seconds
[2024-10-29T13:41:54.202+0000] {processor.py:157} INFO - Started process (PID=197) to work on /opt/airflow/dags/binance.Dag1.py
[2024-10-29T13:41:54.203+0000] {processor.py:826} INFO - Processing file /opt/airflow/dags/binance.Dag1.py for tasks to queue
[2024-10-29T13:41:54.204+0000] {logging_mixin.py:149} INFO - [2024-10-29T13:41:54.204+0000] {dagbag.py:541} INFO - Filling up the DagBag from /opt/airflow/dags/binance.Dag1.py
[2024-10-29T13:41:56.167+0000] {processor.py:836} INFO - DAG(s) dict_keys(['api_binance_dag1']) retrieved from /opt/airflow/dags/binance.Dag1.py
[2024-10-29T13:41:56.208+0000] {logging_mixin.py:149} INFO - [2024-10-29T13:41:56.207+0000] {dag.py:2726} INFO - Sync 1 DAGs
[2024-10-29T13:41:56.247+0000] {logging_mixin.py:149} INFO - [2024-10-29T13:41:56.247+0000] {dag.py:3490} INFO - Setting next_dagrun for api_binance_dag1 to 2024-10-29T09:00:00+00:00, run_after=2024-10-30T09:00:00+00:00
[2024-10-29T13:41:56.276+0000] {processor.py:179} INFO - Processing /opt/airflow/dags/binance.Dag1.py took 2.078 seconds
[2024-10-29T13:42:26.628+0000] {processor.py:157} INFO - Started process (PID=211) to work on /opt/airflow/dags/binance.Dag1.py
[2024-10-29T13:42:26.653+0000] {processor.py:826} INFO - Processing file /opt/airflow/dags/binance.Dag1.py for tasks to queue
[2024-10-29T13:42:26.655+0000] {logging_mixin.py:149} INFO - [2024-10-29T13:42:26.655+0000] {dagbag.py:541} INFO - Filling up the DagBag from /opt/airflow/dags/binance.Dag1.py
[2024-10-29T13:42:28.991+0000] {processor.py:836} INFO - DAG(s) dict_keys(['api_binance_dag1']) retrieved from /opt/airflow/dags/binance.Dag1.py
[2024-10-29T13:42:29.055+0000] {logging_mixin.py:149} INFO - [2024-10-29T13:42:29.054+0000] {dag.py:2726} INFO - Sync 1 DAGs
[2024-10-29T13:42:29.111+0000] {logging_mixin.py:149} INFO - [2024-10-29T13:42:29.111+0000] {dag.py:3490} INFO - Setting next_dagrun for api_binance_dag1 to 2024-10-29T09:00:00+00:00, run_after=2024-10-30T09:00:00+00:00
[2024-10-29T13:42:29.156+0000] {processor.py:179} INFO - Processing /opt/airflow/dags/binance.Dag1.py took 2.531 seconds
[2024-10-29T13:42:59.800+0000] {processor.py:157} INFO - Started process (PID=225) to work on /opt/airflow/dags/binance.Dag1.py
[2024-10-29T13:42:59.801+0000] {processor.py:826} INFO - Processing file /opt/airflow/dags/binance.Dag1.py for tasks to queue
[2024-10-29T13:42:59.802+0000] {logging_mixin.py:149} INFO - [2024-10-29T13:42:59.802+0000] {dagbag.py:541} INFO - Filling up the DagBag from /opt/airflow/dags/binance.Dag1.py
[2024-10-29T13:43:04.108+0000] {processor.py:836} INFO - DAG(s) dict_keys(['api_binance_dag1']) retrieved from /opt/airflow/dags/binance.Dag1.py
[2024-10-29T13:43:04.141+0000] {logging_mixin.py:149} INFO - [2024-10-29T13:43:04.140+0000] {dag.py:2726} INFO - Sync 1 DAGs
[2024-10-29T13:43:04.173+0000] {logging_mixin.py:149} INFO - [2024-10-29T13:43:04.173+0000] {dag.py:3490} INFO - Setting next_dagrun for api_binance_dag1 to 2024-10-29T09:00:00+00:00, run_after=2024-10-30T09:00:00+00:00
[2024-10-29T13:43:04.216+0000] {processor.py:179} INFO - Processing /opt/airflow/dags/binance.Dag1.py took 4.419 seconds
[2024-10-29T13:43:34.299+0000] {processor.py:157} INFO - Started process (PID=239) to work on /opt/airflow/dags/binance.Dag1.py
[2024-10-29T13:43:34.301+0000] {processor.py:826} INFO - Processing file /opt/airflow/dags/binance.Dag1.py for tasks to queue
[2024-10-29T13:43:34.302+0000] {logging_mixin.py:149} INFO - [2024-10-29T13:43:34.302+0000] {dagbag.py:541} INFO - Filling up the DagBag from /opt/airflow/dags/binance.Dag1.py
[2024-10-29T13:43:35.914+0000] {processor.py:836} INFO - DAG(s) dict_keys(['api_binance_dag1']) retrieved from /opt/airflow/dags/binance.Dag1.py
[2024-10-29T13:43:35.950+0000] {logging_mixin.py:149} INFO - [2024-10-29T13:43:35.949+0000] {dag.py:2726} INFO - Sync 1 DAGs
[2024-10-29T13:43:35.982+0000] {logging_mixin.py:149} INFO - [2024-10-29T13:43:35.982+0000] {dag.py:3490} INFO - Setting next_dagrun for api_binance_dag1 to 2024-10-29T09:00:00+00:00, run_after=2024-10-30T09:00:00+00:00
[2024-10-29T13:43:36.011+0000] {processor.py:179} INFO - Processing /opt/airflow/dags/binance.Dag1.py took 1.715 seconds
[2024-10-29T13:44:06.588+0000] {processor.py:157} INFO - Started process (PID=253) to work on /opt/airflow/dags/binance.Dag1.py
[2024-10-29T13:44:06.590+0000] {processor.py:826} INFO - Processing file /opt/airflow/dags/binance.Dag1.py for tasks to queue
[2024-10-29T13:44:06.591+0000] {logging_mixin.py:149} INFO - [2024-10-29T13:44:06.591+0000] {dagbag.py:541} INFO - Filling up the DagBag from /opt/airflow/dags/binance.Dag1.py
[2024-10-29T13:44:07.965+0000] {processor.py:836} INFO - DAG(s) dict_keys(['api_binance_dag1']) retrieved from /opt/airflow/dags/binance.Dag1.py
[2024-10-29T13:44:07.996+0000] {logging_mixin.py:149} INFO - [2024-10-29T13:44:07.996+0000] {dag.py:2726} INFO - Sync 1 DAGs
[2024-10-29T13:44:08.031+0000] {logging_mixin.py:149} INFO - [2024-10-29T13:44:08.030+0000] {dag.py:3490} INFO - Setting next_dagrun for api_binance_dag1 to 2024-10-29T09:00:00+00:00, run_after=2024-10-30T09:00:00+00:00
[2024-10-29T13:44:08.061+0000] {processor.py:179} INFO - Processing /opt/airflow/dags/binance.Dag1.py took 1.479 seconds
[2024-10-29T13:44:08.904+0000] {processor.py:157} INFO - Started process (PID=266) to work on /opt/airflow/dags/binance.Dag1.py
[2024-10-29T13:44:08.906+0000] {processor.py:826} INFO - Processing file /opt/airflow/dags/binance.Dag1.py for tasks to queue
[2024-10-29T13:44:08.908+0000] {logging_mixin.py:149} INFO - [2024-10-29T13:44:08.907+0000] {dagbag.py:541} INFO - Filling up the DagBag from /opt/airflow/dags/binance.Dag1.py
[2024-10-29T13:44:11.197+0000] {processor.py:836} INFO - DAG(s) dict_keys(['api_binance_dag1']) retrieved from /opt/airflow/dags/binance.Dag1.py
[2024-10-29T13:44:11.232+0000] {logging_mixin.py:149} INFO - [2024-10-29T13:44:11.232+0000] {dag.py:2726} INFO - Sync 1 DAGs
[2024-10-29T13:44:11.266+0000] {logging_mixin.py:149} INFO - [2024-10-29T13:44:11.266+0000] {dag.py:3490} INFO - Setting next_dagrun for api_binance_dag1 to 2024-10-29T09:00:00+00:00, run_after=2024-10-30T09:00:00+00:00
[2024-10-29T13:44:11.298+0000] {processor.py:179} INFO - Processing /opt/airflow/dags/binance.Dag1.py took 2.399 seconds
[2024-10-29T13:44:13.173+0000] {processor.py:157} INFO - Started process (PID=279) to work on /opt/airflow/dags/binance.Dag1.py
[2024-10-29T13:44:13.174+0000] {processor.py:826} INFO - Processing file /opt/airflow/dags/binance.Dag1.py for tasks to queue
[2024-10-29T13:44:13.175+0000] {logging_mixin.py:149} INFO - [2024-10-29T13:44:13.175+0000] {dagbag.py:541} INFO - Filling up the DagBag from /opt/airflow/dags/binance.Dag1.py
[2024-10-29T13:44:14.897+0000] {processor.py:836} INFO - DAG(s) dict_keys(['api_binance_dag1']) retrieved from /opt/airflow/dags/binance.Dag1.py
[2024-10-29T13:44:14.991+0000] {logging_mixin.py:149} INFO - [2024-10-29T13:44:14.990+0000] {dag.py:2726} INFO - Sync 1 DAGs
[2024-10-29T13:44:15.081+0000] {logging_mixin.py:149} INFO - [2024-10-29T13:44:15.080+0000] {dag.py:3490} INFO - Setting next_dagrun for api_binance_dag1 to 2024-10-29T09:00:00+00:00, run_after=2024-10-30T09:00:00+00:00
[2024-10-29T13:44:15.147+0000] {processor.py:179} INFO - Processing /opt/airflow/dags/binance.Dag1.py took 1.978 seconds
[2024-10-29T13:44:45.731+0000] {processor.py:157} INFO - Started process (PID=294) to work on /opt/airflow/dags/binance.Dag1.py
[2024-10-29T13:44:45.733+0000] {processor.py:826} INFO - Processing file /opt/airflow/dags/binance.Dag1.py for tasks to queue
[2024-10-29T13:44:45.735+0000] {logging_mixin.py:149} INFO - [2024-10-29T13:44:45.734+0000] {dagbag.py:541} INFO - Filling up the DagBag from /opt/airflow/dags/binance.Dag1.py
[2024-10-29T13:44:49.653+0000] {processor.py:836} INFO - DAG(s) dict_keys(['api_binance_dag1']) retrieved from /opt/airflow/dags/binance.Dag1.py
[2024-10-29T13:44:49.691+0000] {logging_mixin.py:149} INFO - [2024-10-29T13:44:49.690+0000] {dag.py:2726} INFO - Sync 1 DAGs
[2024-10-29T13:44:49.727+0000] {logging_mixin.py:149} INFO - [2024-10-29T13:44:49.727+0000] {dag.py:3490} INFO - Setting next_dagrun for api_binance_dag1 to 2024-10-29T09:00:00+00:00, run_after=2024-10-30T09:00:00+00:00
[2024-10-29T13:44:49.964+0000] {processor.py:179} INFO - Processing /opt/airflow/dags/binance.Dag1.py took 4.240 seconds
[2024-10-29T13:45:20.079+0000] {processor.py:157} INFO - Started process (PID=308) to work on /opt/airflow/dags/binance.Dag1.py
[2024-10-29T13:45:20.082+0000] {processor.py:826} INFO - Processing file /opt/airflow/dags/binance.Dag1.py for tasks to queue
[2024-10-29T13:45:20.084+0000] {logging_mixin.py:149} INFO - [2024-10-29T13:45:20.083+0000] {dagbag.py:541} INFO - Filling up the DagBag from /opt/airflow/dags/binance.Dag1.py
[2024-10-29T13:45:21.665+0000] {processor.py:836} INFO - DAG(s) dict_keys(['api_binance_dag1']) retrieved from /opt/airflow/dags/binance.Dag1.py
[2024-10-29T13:45:21.710+0000] {logging_mixin.py:149} INFO - [2024-10-29T13:45:21.708+0000] {dag.py:2726} INFO - Sync 1 DAGs
[2024-10-29T13:45:21.763+0000] {logging_mixin.py:149} INFO - [2024-10-29T13:45:21.763+0000] {dag.py:3490} INFO - Setting next_dagrun for api_binance_dag1 to 2024-10-29T09:00:00+00:00, run_after=2024-10-30T09:00:00+00:00
[2024-10-29T13:45:21.808+0000] {processor.py:179} INFO - Processing /opt/airflow/dags/binance.Dag1.py took 1.733 seconds
[2024-10-29T13:45:52.603+0000] {processor.py:157} INFO - Started process (PID=322) to work on /opt/airflow/dags/binance.Dag1.py
[2024-10-29T13:45:52.605+0000] {processor.py:826} INFO - Processing file /opt/airflow/dags/binance.Dag1.py for tasks to queue
[2024-10-29T13:45:52.607+0000] {logging_mixin.py:149} INFO - [2024-10-29T13:45:52.606+0000] {dagbag.py:541} INFO - Filling up the DagBag from /opt/airflow/dags/binance.Dag1.py
[2024-10-29T13:45:54.247+0000] {processor.py:836} INFO - DAG(s) dict_keys(['api_binance_dag1']) retrieved from /opt/airflow/dags/binance.Dag1.py
[2024-10-29T13:45:54.279+0000] {logging_mixin.py:149} INFO - [2024-10-29T13:45:54.279+0000] {dag.py:2726} INFO - Sync 1 DAGs
[2024-10-29T13:45:54.312+0000] {logging_mixin.py:149} INFO - [2024-10-29T13:45:54.312+0000] {dag.py:3490} INFO - Setting next_dagrun for api_binance_dag1 to 2024-10-29T09:00:00+00:00, run_after=2024-10-30T09:00:00+00:00
[2024-10-29T13:45:54.348+0000] {processor.py:179} INFO - Processing /opt/airflow/dags/binance.Dag1.py took 1.748 seconds
[2024-10-29T13:46:25.154+0000] {processor.py:157} INFO - Started process (PID=336) to work on /opt/airflow/dags/binance.Dag1.py
[2024-10-29T13:46:25.155+0000] {processor.py:826} INFO - Processing file /opt/airflow/dags/binance.Dag1.py for tasks to queue
[2024-10-29T13:46:25.156+0000] {logging_mixin.py:149} INFO - [2024-10-29T13:46:25.156+0000] {dagbag.py:541} INFO - Filling up the DagBag from /opt/airflow/dags/binance.Dag1.py
[2024-10-29T13:46:26.794+0000] {processor.py:836} INFO - DAG(s) dict_keys(['api_binance_dag1']) retrieved from /opt/airflow/dags/binance.Dag1.py
[2024-10-29T13:46:26.842+0000] {logging_mixin.py:149} INFO - [2024-10-29T13:46:26.840+0000] {dag.py:2726} INFO - Sync 1 DAGs
[2024-10-29T13:46:26.899+0000] {logging_mixin.py:149} INFO - [2024-10-29T13:46:26.899+0000] {dag.py:3490} INFO - Setting next_dagrun for api_binance_dag1 to 2024-10-29T09:00:00+00:00, run_after=2024-10-30T09:00:00+00:00
[2024-10-29T13:46:26.935+0000] {processor.py:179} INFO - Processing /opt/airflow/dags/binance.Dag1.py took 1.787 seconds
[2024-10-29T13:46:57.660+0000] {processor.py:157} INFO - Started process (PID=350) to work on /opt/airflow/dags/binance.Dag1.py
[2024-10-29T13:46:57.662+0000] {processor.py:826} INFO - Processing file /opt/airflow/dags/binance.Dag1.py for tasks to queue
[2024-10-29T13:46:57.664+0000] {logging_mixin.py:149} INFO - [2024-10-29T13:46:57.664+0000] {dagbag.py:541} INFO - Filling up the DagBag from /opt/airflow/dags/binance.Dag1.py
[2024-10-29T13:46:59.459+0000] {processor.py:836} INFO - DAG(s) dict_keys(['api_binance_dag1']) retrieved from /opt/airflow/dags/binance.Dag1.py
[2024-10-29T13:46:59.496+0000] {logging_mixin.py:149} INFO - [2024-10-29T13:46:59.495+0000] {dag.py:2726} INFO - Sync 1 DAGs
[2024-10-29T13:46:59.534+0000] {logging_mixin.py:149} INFO - [2024-10-29T13:46:59.534+0000] {dag.py:3490} INFO - Setting next_dagrun for api_binance_dag1 to 2024-10-29T09:00:00+00:00, run_after=2024-10-30T09:00:00+00:00
[2024-10-29T13:46:59.571+0000] {processor.py:179} INFO - Processing /opt/airflow/dags/binance.Dag1.py took 1.915 seconds
[2024-10-29T13:47:26.440+0000] {processor.py:157} INFO - Started process (PID=364) to work on /opt/airflow/dags/binance.Dag1.py
[2024-10-29T13:47:26.442+0000] {processor.py:826} INFO - Processing file /opt/airflow/dags/binance.Dag1.py for tasks to queue
[2024-10-29T13:47:26.443+0000] {logging_mixin.py:149} INFO - [2024-10-29T13:47:26.443+0000] {dagbag.py:541} INFO - Filling up the DagBag from /opt/airflow/dags/binance.Dag1.py
[2024-10-29T13:47:28.361+0000] {processor.py:836} INFO - DAG(s) dict_keys(['api_binance_dag1']) retrieved from /opt/airflow/dags/binance.Dag1.py
[2024-10-29T13:47:28.404+0000] {logging_mixin.py:149} INFO - [2024-10-29T13:47:28.403+0000] {dag.py:2726} INFO - Sync 1 DAGs
[2024-10-29T13:47:28.466+0000] {logging_mixin.py:149} INFO - [2024-10-29T13:47:28.465+0000] {dag.py:3490} INFO - Setting next_dagrun for api_binance_dag1 to 2024-10-29T09:00:00+00:00, run_after=2024-10-30T09:00:00+00:00
[2024-10-29T13:47:28.519+0000] {processor.py:179} INFO - Processing /opt/airflow/dags/binance.Dag1.py took 2.083 seconds
[2024-10-29T13:47:58.648+0000] {processor.py:157} INFO - Started process (PID=378) to work on /opt/airflow/dags/binance.Dag1.py
[2024-10-29T13:47:58.651+0000] {processor.py:826} INFO - Processing file /opt/airflow/dags/binance.Dag1.py for tasks to queue
[2024-10-29T13:47:58.653+0000] {logging_mixin.py:149} INFO - [2024-10-29T13:47:58.652+0000] {dagbag.py:541} INFO - Filling up the DagBag from /opt/airflow/dags/binance.Dag1.py
[2024-10-29T13:48:01.019+0000] {processor.py:836} INFO - DAG(s) dict_keys(['api_binance_dag1']) retrieved from /opt/airflow/dags/binance.Dag1.py
[2024-10-29T13:48:01.054+0000] {logging_mixin.py:149} INFO - [2024-10-29T13:48:01.054+0000] {dag.py:2726} INFO - Sync 1 DAGs
[2024-10-29T13:48:01.089+0000] {logging_mixin.py:149} INFO - [2024-10-29T13:48:01.089+0000] {dag.py:3490} INFO - Setting next_dagrun for api_binance_dag1 to 2024-10-29T09:00:00+00:00, run_after=2024-10-30T09:00:00+00:00
[2024-10-29T13:48:01.117+0000] {processor.py:179} INFO - Processing /opt/airflow/dags/binance.Dag1.py took 2.474 seconds
[2024-10-29T13:48:31.510+0000] {processor.py:157} INFO - Started process (PID=392) to work on /opt/airflow/dags/binance.Dag1.py
[2024-10-29T13:48:31.550+0000] {processor.py:826} INFO - Processing file /opt/airflow/dags/binance.Dag1.py for tasks to queue
[2024-10-29T13:48:31.551+0000] {logging_mixin.py:149} INFO - [2024-10-29T13:48:31.550+0000] {dagbag.py:541} INFO - Filling up the DagBag from /opt/airflow/dags/binance.Dag1.py
[2024-10-29T13:48:33.271+0000] {processor.py:836} INFO - DAG(s) dict_keys(['api_binance_dag1']) retrieved from /opt/airflow/dags/binance.Dag1.py
[2024-10-29T13:48:33.309+0000] {logging_mixin.py:149} INFO - [2024-10-29T13:48:33.306+0000] {dag.py:2726} INFO - Sync 1 DAGs
[2024-10-29T13:48:33.343+0000] {logging_mixin.py:149} INFO - [2024-10-29T13:48:33.343+0000] {dag.py:3490} INFO - Setting next_dagrun for api_binance_dag1 to 2024-10-29T09:00:00+00:00, run_after=2024-10-30T09:00:00+00:00
[2024-10-29T13:48:33.383+0000] {processor.py:179} INFO - Processing /opt/airflow/dags/binance.Dag1.py took 1.876 seconds
[2024-10-29T13:49:03.925+0000] {processor.py:157} INFO - Started process (PID=406) to work on /opt/airflow/dags/binance.Dag1.py
[2024-10-29T13:49:03.926+0000] {processor.py:826} INFO - Processing file /opt/airflow/dags/binance.Dag1.py for tasks to queue
[2024-10-29T13:49:03.928+0000] {logging_mixin.py:149} INFO - [2024-10-29T13:49:03.927+0000] {dagbag.py:541} INFO - Filling up the DagBag from /opt/airflow/dags/binance.Dag1.py
[2024-10-29T13:49:06.152+0000] {processor.py:836} INFO - DAG(s) dict_keys(['api_binance_dag1']) retrieved from /opt/airflow/dags/binance.Dag1.py
[2024-10-29T13:49:06.195+0000] {logging_mixin.py:149} INFO - [2024-10-29T13:49:06.194+0000] {dag.py:2726} INFO - Sync 1 DAGs
[2024-10-29T13:49:06.238+0000] {logging_mixin.py:149} INFO - [2024-10-29T13:49:06.238+0000] {dag.py:3490} INFO - Setting next_dagrun for api_binance_dag1 to 2024-10-29T09:00:00+00:00, run_after=2024-10-30T09:00:00+00:00
[2024-10-29T13:49:06.277+0000] {processor.py:179} INFO - Processing /opt/airflow/dags/binance.Dag1.py took 2.355 seconds
[2024-10-29T13:49:36.609+0000] {processor.py:157} INFO - Started process (PID=420) to work on /opt/airflow/dags/binance.Dag1.py
[2024-10-29T13:49:36.610+0000] {processor.py:826} INFO - Processing file /opt/airflow/dags/binance.Dag1.py for tasks to queue
[2024-10-29T13:49:36.611+0000] {logging_mixin.py:149} INFO - [2024-10-29T13:49:36.611+0000] {dagbag.py:541} INFO - Filling up the DagBag from /opt/airflow/dags/binance.Dag1.py
[2024-10-29T13:49:38.045+0000] {processor.py:836} INFO - DAG(s) dict_keys(['api_binance_dag1']) retrieved from /opt/airflow/dags/binance.Dag1.py
[2024-10-29T13:49:38.082+0000] {logging_mixin.py:149} INFO - [2024-10-29T13:49:38.081+0000] {dag.py:2726} INFO - Sync 1 DAGs
[2024-10-29T13:49:38.121+0000] {logging_mixin.py:149} INFO - [2024-10-29T13:49:38.120+0000] {dag.py:3490} INFO - Setting next_dagrun for api_binance_dag1 to 2024-10-29T09:00:00+00:00, run_after=2024-10-30T09:00:00+00:00
[2024-10-29T13:49:38.167+0000] {processor.py:179} INFO - Processing /opt/airflow/dags/binance.Dag1.py took 1.562 seconds
[2024-10-29T13:50:08.323+0000] {processor.py:157} INFO - Started process (PID=434) to work on /opt/airflow/dags/binance.Dag1.py
[2024-10-29T13:50:08.326+0000] {processor.py:826} INFO - Processing file /opt/airflow/dags/binance.Dag1.py for tasks to queue
[2024-10-29T13:50:08.328+0000] {logging_mixin.py:149} INFO - [2024-10-29T13:50:08.328+0000] {dagbag.py:541} INFO - Filling up the DagBag from /opt/airflow/dags/binance.Dag1.py
[2024-10-29T13:50:10.362+0000] {processor.py:836} INFO - DAG(s) dict_keys(['api_binance_dag1']) retrieved from /opt/airflow/dags/binance.Dag1.py
[2024-10-29T13:50:10.400+0000] {logging_mixin.py:149} INFO - [2024-10-29T13:50:10.399+0000] {dag.py:2726} INFO - Sync 1 DAGs
[2024-10-29T13:50:10.441+0000] {logging_mixin.py:149} INFO - [2024-10-29T13:50:10.441+0000] {dag.py:3490} INFO - Setting next_dagrun for api_binance_dag1 to 2024-10-29T09:00:00+00:00, run_after=2024-10-30T09:00:00+00:00
[2024-10-29T13:50:10.471+0000] {processor.py:179} INFO - Processing /opt/airflow/dags/binance.Dag1.py took 2.154 seconds
[2024-10-29T13:50:40.791+0000] {processor.py:157} INFO - Started process (PID=448) to work on /opt/airflow/dags/binance.Dag1.py
[2024-10-29T13:50:40.792+0000] {processor.py:826} INFO - Processing file /opt/airflow/dags/binance.Dag1.py for tasks to queue
[2024-10-29T13:50:40.793+0000] {logging_mixin.py:149} INFO - [2024-10-29T13:50:40.793+0000] {dagbag.py:541} INFO - Filling up the DagBag from /opt/airflow/dags/binance.Dag1.py
[2024-10-29T13:50:42.634+0000] {processor.py:836} INFO - DAG(s) dict_keys(['api_binance_dag1']) retrieved from /opt/airflow/dags/binance.Dag1.py
[2024-10-29T13:50:42.678+0000] {logging_mixin.py:149} INFO - [2024-10-29T13:50:42.676+0000] {dag.py:2726} INFO - Sync 1 DAGs
[2024-10-29T13:50:42.745+0000] {logging_mixin.py:149} INFO - [2024-10-29T13:50:42.745+0000] {dag.py:3490} INFO - Setting next_dagrun for api_binance_dag1 to 2024-10-29T09:00:00+00:00, run_after=2024-10-30T09:00:00+00:00
[2024-10-29T13:50:42.800+0000] {processor.py:179} INFO - Processing /opt/airflow/dags/binance.Dag1.py took 2.013 seconds
[2024-10-29T13:51:13.286+0000] {processor.py:157} INFO - Started process (PID=462) to work on /opt/airflow/dags/binance.Dag1.py
[2024-10-29T13:51:13.288+0000] {processor.py:826} INFO - Processing file /opt/airflow/dags/binance.Dag1.py for tasks to queue
[2024-10-29T13:51:13.290+0000] {logging_mixin.py:149} INFO - [2024-10-29T13:51:13.289+0000] {dagbag.py:541} INFO - Filling up the DagBag from /opt/airflow/dags/binance.Dag1.py
[2024-10-29T13:51:15.237+0000] {processor.py:836} INFO - DAG(s) dict_keys(['api_binance_dag1']) retrieved from /opt/airflow/dags/binance.Dag1.py
[2024-10-29T13:51:15.292+0000] {logging_mixin.py:149} INFO - [2024-10-29T13:51:15.292+0000] {dag.py:2726} INFO - Sync 1 DAGs
[2024-10-29T13:51:15.337+0000] {logging_mixin.py:149} INFO - [2024-10-29T13:51:15.337+0000] {dag.py:3490} INFO - Setting next_dagrun for api_binance_dag1 to 2024-10-29T09:00:00+00:00, run_after=2024-10-30T09:00:00+00:00
[2024-10-29T13:51:15.365+0000] {processor.py:179} INFO - Processing /opt/airflow/dags/binance.Dag1.py took 2.084 seconds
[2024-10-29T13:51:45.702+0000] {processor.py:157} INFO - Started process (PID=476) to work on /opt/airflow/dags/binance.Dag1.py
[2024-10-29T13:51:45.704+0000] {processor.py:826} INFO - Processing file /opt/airflow/dags/binance.Dag1.py for tasks to queue
[2024-10-29T13:51:45.705+0000] {logging_mixin.py:149} INFO - [2024-10-29T13:51:45.705+0000] {dagbag.py:541} INFO - Filling up the DagBag from /opt/airflow/dags/binance.Dag1.py
[2024-10-29T13:51:47.315+0000] {processor.py:836} INFO - DAG(s) dict_keys(['api_binance_dag1']) retrieved from /opt/airflow/dags/binance.Dag1.py
[2024-10-29T13:51:47.351+0000] {logging_mixin.py:149} INFO - [2024-10-29T13:51:47.350+0000] {dag.py:2726} INFO - Sync 1 DAGs
[2024-10-29T13:51:47.383+0000] {logging_mixin.py:149} INFO - [2024-10-29T13:51:47.383+0000] {dag.py:3490} INFO - Setting next_dagrun for api_binance_dag1 to 2024-10-29T09:00:00+00:00, run_after=2024-10-30T09:00:00+00:00
[2024-10-29T13:51:47.423+0000] {processor.py:179} INFO - Processing /opt/airflow/dags/binance.Dag1.py took 1.724 seconds
[2024-10-29T13:52:18.342+0000] {processor.py:157} INFO - Started process (PID=490) to work on /opt/airflow/dags/binance.Dag1.py
[2024-10-29T13:52:18.343+0000] {processor.py:826} INFO - Processing file /opt/airflow/dags/binance.Dag1.py for tasks to queue
[2024-10-29T13:52:18.345+0000] {logging_mixin.py:149} INFO - [2024-10-29T13:52:18.344+0000] {dagbag.py:541} INFO - Filling up the DagBag from /opt/airflow/dags/binance.Dag1.py
[2024-10-29T13:52:20.090+0000] {processor.py:836} INFO - DAG(s) dict_keys(['api_binance_dag1']) retrieved from /opt/airflow/dags/binance.Dag1.py
[2024-10-29T13:52:20.127+0000] {logging_mixin.py:149} INFO - [2024-10-29T13:52:20.126+0000] {dag.py:2726} INFO - Sync 1 DAGs
[2024-10-29T13:52:20.167+0000] {logging_mixin.py:149} INFO - [2024-10-29T13:52:20.167+0000] {dag.py:3490} INFO - Setting next_dagrun for api_binance_dag1 to 2024-10-29T09:00:00+00:00, run_after=2024-10-30T09:00:00+00:00
[2024-10-29T13:52:20.200+0000] {processor.py:179} INFO - Processing /opt/airflow/dags/binance.Dag1.py took 1.862 seconds
[2024-10-29T13:52:50.848+0000] {processor.py:157} INFO - Started process (PID=511) to work on /opt/airflow/dags/binance.Dag1.py
[2024-10-29T13:52:50.850+0000] {processor.py:826} INFO - Processing file /opt/airflow/dags/binance.Dag1.py for tasks to queue
[2024-10-29T13:52:50.851+0000] {logging_mixin.py:149} INFO - [2024-10-29T13:52:50.851+0000] {dagbag.py:541} INFO - Filling up the DagBag from /opt/airflow/dags/binance.Dag1.py
[2024-10-29T13:52:52.410+0000] {processor.py:836} INFO - DAG(s) dict_keys(['api_binance_dag1']) retrieved from /opt/airflow/dags/binance.Dag1.py
[2024-10-29T13:52:52.443+0000] {logging_mixin.py:149} INFO - [2024-10-29T13:52:52.442+0000] {dag.py:2726} INFO - Sync 1 DAGs
[2024-10-29T13:52:52.482+0000] {logging_mixin.py:149} INFO - [2024-10-29T13:52:52.482+0000] {dag.py:3490} INFO - Setting next_dagrun for api_binance_dag1 to 2024-10-29T09:00:00+00:00, run_after=2024-10-30T09:00:00+00:00
[2024-10-29T13:52:52.511+0000] {processor.py:179} INFO - Processing /opt/airflow/dags/binance.Dag1.py took 1.666 seconds
[2024-10-29T13:53:20.581+0000] {processor.py:157} INFO - Started process (PID=525) to work on /opt/airflow/dags/binance.Dag1.py
[2024-10-29T13:53:20.584+0000] {processor.py:826} INFO - Processing file /opt/airflow/dags/binance.Dag1.py for tasks to queue
[2024-10-29T13:53:20.587+0000] {logging_mixin.py:149} INFO - [2024-10-29T13:53:20.586+0000] {dagbag.py:541} INFO - Filling up the DagBag from /opt/airflow/dags/binance.Dag1.py
[2024-10-29T13:53:22.657+0000] {processor.py:836} INFO - DAG(s) dict_keys(['api_binance_dag1']) retrieved from /opt/airflow/dags/binance.Dag1.py
[2024-10-29T13:53:22.706+0000] {logging_mixin.py:149} INFO - [2024-10-29T13:53:22.705+0000] {dag.py:2726} INFO - Sync 1 DAGs
[2024-10-29T13:53:22.749+0000] {logging_mixin.py:149} INFO - [2024-10-29T13:53:22.749+0000] {dag.py:3490} INFO - Setting next_dagrun for api_binance_dag1 to 2024-10-29T09:00:00+00:00, run_after=2024-10-30T09:00:00+00:00
[2024-10-29T13:53:22.791+0000] {processor.py:179} INFO - Processing /opt/airflow/dags/binance.Dag1.py took 2.217 seconds
[2024-10-29T13:53:53.111+0000] {processor.py:157} INFO - Started process (PID=539) to work on /opt/airflow/dags/binance.Dag1.py
[2024-10-29T13:53:53.112+0000] {processor.py:826} INFO - Processing file /opt/airflow/dags/binance.Dag1.py for tasks to queue
[2024-10-29T13:53:53.114+0000] {logging_mixin.py:149} INFO - [2024-10-29T13:53:53.114+0000] {dagbag.py:541} INFO - Filling up the DagBag from /opt/airflow/dags/binance.Dag1.py
[2024-10-29T13:53:54.831+0000] {processor.py:836} INFO - DAG(s) dict_keys(['api_binance_dag1']) retrieved from /opt/airflow/dags/binance.Dag1.py
[2024-10-29T13:53:54.863+0000] {logging_mixin.py:149} INFO - [2024-10-29T13:53:54.863+0000] {dag.py:2726} INFO - Sync 1 DAGs
[2024-10-29T13:53:54.893+0000] {logging_mixin.py:149} INFO - [2024-10-29T13:53:54.893+0000] {dag.py:3490} INFO - Setting next_dagrun for api_binance_dag1 to 2024-10-29T09:00:00+00:00, run_after=2024-10-30T09:00:00+00:00
[2024-10-29T13:53:54.924+0000] {processor.py:179} INFO - Processing /opt/airflow/dags/binance.Dag1.py took 1.819 seconds
[2024-10-29T13:54:25.081+0000] {processor.py:157} INFO - Started process (PID=554) to work on /opt/airflow/dags/binance.Dag1.py
[2024-10-29T13:54:25.093+0000] {processor.py:826} INFO - Processing file /opt/airflow/dags/binance.Dag1.py for tasks to queue
[2024-10-29T13:54:25.094+0000] {logging_mixin.py:149} INFO - [2024-10-29T13:54:25.094+0000] {dagbag.py:541} INFO - Filling up the DagBag from /opt/airflow/dags/binance.Dag1.py
[2024-10-29T13:54:26.759+0000] {processor.py:836} INFO - DAG(s) dict_keys(['api_binance_dag1']) retrieved from /opt/airflow/dags/binance.Dag1.py
[2024-10-29T13:54:26.791+0000] {logging_mixin.py:149} INFO - [2024-10-29T13:54:26.790+0000] {dag.py:2726} INFO - Sync 1 DAGs
[2024-10-29T13:54:26.823+0000] {logging_mixin.py:149} INFO - [2024-10-29T13:54:26.823+0000] {dag.py:3490} INFO - Setting next_dagrun for api_binance_dag1 to 2024-10-29T09:00:00+00:00, run_after=2024-10-30T09:00:00+00:00
[2024-10-29T13:54:26.862+0000] {processor.py:179} INFO - Processing /opt/airflow/dags/binance.Dag1.py took 1.790 seconds
[2024-10-29T13:54:41.999+0000] {processor.py:157} INFO - Started process (PID=574) to work on /opt/airflow/dags/binance.Dag1.py
[2024-10-29T13:54:42.001+0000] {processor.py:826} INFO - Processing file /opt/airflow/dags/binance.Dag1.py for tasks to queue
[2024-10-29T13:54:42.003+0000] {logging_mixin.py:149} INFO - [2024-10-29T13:54:42.003+0000] {dagbag.py:541} INFO - Filling up the DagBag from /opt/airflow/dags/binance.Dag1.py
[2024-10-29T13:54:44.272+0000] {processor.py:836} INFO - DAG(s) dict_keys(['api_binance_dag1']) retrieved from /opt/airflow/dags/binance.Dag1.py
[2024-10-29T13:54:44.352+0000] {logging_mixin.py:149} INFO - [2024-10-29T13:54:44.350+0000] {dag.py:2726} INFO - Sync 1 DAGs
[2024-10-29T13:54:44.461+0000] {logging_mixin.py:149} INFO - [2024-10-29T13:54:44.460+0000] {dag.py:3490} INFO - Setting next_dagrun for api_binance_dag1 to 2024-10-29T09:00:00+00:00, run_after=2024-10-30T09:00:00+00:00
[2024-10-29T13:54:44.576+0000] {processor.py:179} INFO - Processing /opt/airflow/dags/binance.Dag1.py took 2.587 seconds
[2024-10-29T13:55:14.882+0000] {processor.py:157} INFO - Started process (PID=588) to work on /opt/airflow/dags/binance.Dag1.py
[2024-10-29T13:55:14.884+0000] {processor.py:826} INFO - Processing file /opt/airflow/dags/binance.Dag1.py for tasks to queue
[2024-10-29T13:55:14.885+0000] {logging_mixin.py:149} INFO - [2024-10-29T13:55:14.885+0000] {dagbag.py:541} INFO - Filling up the DagBag from /opt/airflow/dags/binance.Dag1.py
[2024-10-29T13:55:16.750+0000] {processor.py:836} INFO - DAG(s) dict_keys(['api_binance_dag1']) retrieved from /opt/airflow/dags/binance.Dag1.py
[2024-10-29T13:55:16.806+0000] {logging_mixin.py:149} INFO - [2024-10-29T13:55:16.805+0000] {dag.py:2726} INFO - Sync 1 DAGs
[2024-10-29T13:55:17.047+0000] {logging_mixin.py:149} INFO - [2024-10-29T13:55:17.047+0000] {dag.py:3490} INFO - Setting next_dagrun for api_binance_dag1 to 2024-10-29T09:00:00+00:00, run_after=2024-10-30T09:00:00+00:00
[2024-10-29T13:55:17.084+0000] {processor.py:179} INFO - Processing /opt/airflow/dags/binance.Dag1.py took 2.206 seconds
[2024-10-29T13:55:47.197+0000] {processor.py:157} INFO - Started process (PID=602) to work on /opt/airflow/dags/binance.Dag1.py
[2024-10-29T13:55:47.199+0000] {processor.py:826} INFO - Processing file /opt/airflow/dags/binance.Dag1.py for tasks to queue
[2024-10-29T13:55:47.201+0000] {logging_mixin.py:149} INFO - [2024-10-29T13:55:47.201+0000] {dagbag.py:541} INFO - Filling up the DagBag from /opt/airflow/dags/binance.Dag1.py
[2024-10-29T13:55:49.165+0000] {processor.py:836} INFO - DAG(s) dict_keys(['api_binance_dag1']) retrieved from /opt/airflow/dags/binance.Dag1.py
[2024-10-29T13:55:49.210+0000] {logging_mixin.py:149} INFO - [2024-10-29T13:55:49.209+0000] {dag.py:2726} INFO - Sync 1 DAGs
[2024-10-29T13:55:49.253+0000] {logging_mixin.py:149} INFO - [2024-10-29T13:55:49.253+0000] {dag.py:3490} INFO - Setting next_dagrun for api_binance_dag1 to 2024-10-29T09:00:00+00:00, run_after=2024-10-30T09:00:00+00:00
[2024-10-29T13:55:49.288+0000] {processor.py:179} INFO - Processing /opt/airflow/dags/binance.Dag1.py took 2.096 seconds
[2024-10-29T13:56:19.662+0000] {processor.py:157} INFO - Started process (PID=616) to work on /opt/airflow/dags/binance.Dag1.py
[2024-10-29T13:56:19.664+0000] {processor.py:826} INFO - Processing file /opt/airflow/dags/binance.Dag1.py for tasks to queue
[2024-10-29T13:56:19.667+0000] {logging_mixin.py:149} INFO - [2024-10-29T13:56:19.666+0000] {dagbag.py:541} INFO - Filling up the DagBag from /opt/airflow/dags/binance.Dag1.py
[2024-10-29T13:56:21.508+0000] {processor.py:836} INFO - DAG(s) dict_keys(['api_binance_dag1']) retrieved from /opt/airflow/dags/binance.Dag1.py
[2024-10-29T13:56:21.546+0000] {logging_mixin.py:149} INFO - [2024-10-29T13:56:21.546+0000] {dag.py:2726} INFO - Sync 1 DAGs
[2024-10-29T13:56:21.583+0000] {logging_mixin.py:149} INFO - [2024-10-29T13:56:21.583+0000] {dag.py:3490} INFO - Setting next_dagrun for api_binance_dag1 to 2024-10-29T09:00:00+00:00, run_after=2024-10-30T09:00:00+00:00
[2024-10-29T13:56:21.614+0000] {processor.py:179} INFO - Processing /opt/airflow/dags/binance.Dag1.py took 1.958 seconds
[2024-10-29T13:56:52.088+0000] {processor.py:157} INFO - Started process (PID=630) to work on /opt/airflow/dags/binance.Dag1.py
[2024-10-29T13:56:52.090+0000] {processor.py:826} INFO - Processing file /opt/airflow/dags/binance.Dag1.py for tasks to queue
[2024-10-29T13:56:52.093+0000] {logging_mixin.py:149} INFO - [2024-10-29T13:56:52.092+0000] {dagbag.py:541} INFO - Filling up the DagBag from /opt/airflow/dags/binance.Dag1.py
[2024-10-29T13:56:54.328+0000] {processor.py:836} INFO - DAG(s) dict_keys(['api_binance_dag1']) retrieved from /opt/airflow/dags/binance.Dag1.py
[2024-10-29T13:56:54.368+0000] {logging_mixin.py:149} INFO - [2024-10-29T13:56:54.367+0000] {dag.py:2726} INFO - Sync 1 DAGs
[2024-10-29T13:56:54.409+0000] {logging_mixin.py:149} INFO - [2024-10-29T13:56:54.409+0000] {dag.py:3490} INFO - Setting next_dagrun for api_binance_dag1 to 2024-10-29T09:00:00+00:00, run_after=2024-10-30T09:00:00+00:00
[2024-10-29T13:56:54.454+0000] {processor.py:179} INFO - Processing /opt/airflow/dags/binance.Dag1.py took 2.373 seconds
[2024-10-29T13:57:24.806+0000] {processor.py:157} INFO - Started process (PID=644) to work on /opt/airflow/dags/binance.Dag1.py
[2024-10-29T13:57:24.808+0000] {processor.py:826} INFO - Processing file /opt/airflow/dags/binance.Dag1.py for tasks to queue
[2024-10-29T13:57:24.810+0000] {logging_mixin.py:149} INFO - [2024-10-29T13:57:24.810+0000] {dagbag.py:541} INFO - Filling up the DagBag from /opt/airflow/dags/binance.Dag1.py
[2024-10-29T13:57:26.602+0000] {processor.py:836} INFO - DAG(s) dict_keys(['api_binance_dag1']) retrieved from /opt/airflow/dags/binance.Dag1.py
[2024-10-29T13:57:26.660+0000] {logging_mixin.py:149} INFO - [2024-10-29T13:57:26.659+0000] {dag.py:2726} INFO - Sync 1 DAGs
[2024-10-29T13:57:26.712+0000] {logging_mixin.py:149} INFO - [2024-10-29T13:57:26.712+0000] {dag.py:3490} INFO - Setting next_dagrun for api_binance_dag1 to 2024-10-29T09:00:00+00:00, run_after=2024-10-30T09:00:00+00:00
[2024-10-29T13:57:26.748+0000] {processor.py:179} INFO - Processing /opt/airflow/dags/binance.Dag1.py took 1.954 seconds
[2024-10-29T13:57:57.447+0000] {processor.py:157} INFO - Started process (PID=658) to work on /opt/airflow/dags/binance.Dag1.py
[2024-10-29T13:57:57.449+0000] {processor.py:826} INFO - Processing file /opt/airflow/dags/binance.Dag1.py for tasks to queue
[2024-10-29T13:57:57.450+0000] {logging_mixin.py:149} INFO - [2024-10-29T13:57:57.450+0000] {dagbag.py:541} INFO - Filling up the DagBag from /opt/airflow/dags/binance.Dag1.py
[2024-10-29T13:57:59.081+0000] {processor.py:836} INFO - DAG(s) dict_keys(['api_binance_dag1']) retrieved from /opt/airflow/dags/binance.Dag1.py
[2024-10-29T13:57:59.115+0000] {logging_mixin.py:149} INFO - [2024-10-29T13:57:59.114+0000] {dag.py:2726} INFO - Sync 1 DAGs
[2024-10-29T13:57:59.148+0000] {logging_mixin.py:149} INFO - [2024-10-29T13:57:59.147+0000] {dag.py:3490} INFO - Setting next_dagrun for api_binance_dag1 to 2024-10-29T09:00:00+00:00, run_after=2024-10-30T09:00:00+00:00
[2024-10-29T13:57:59.179+0000] {processor.py:179} INFO - Processing /opt/airflow/dags/binance.Dag1.py took 1.736 seconds
[2024-10-29T13:58:29.314+0000] {processor.py:157} INFO - Started process (PID=673) to work on /opt/airflow/dags/binance.Dag1.py
[2024-10-29T13:58:29.315+0000] {processor.py:826} INFO - Processing file /opt/airflow/dags/binance.Dag1.py for tasks to queue
[2024-10-29T13:58:29.317+0000] {logging_mixin.py:149} INFO - [2024-10-29T13:58:29.317+0000] {dagbag.py:541} INFO - Filling up the DagBag from /opt/airflow/dags/binance.Dag1.py
[2024-10-29T13:58:30.894+0000] {processor.py:836} INFO - DAG(s) dict_keys(['api_binance_dag1']) retrieved from /opt/airflow/dags/binance.Dag1.py
[2024-10-29T13:58:30.926+0000] {logging_mixin.py:149} INFO - [2024-10-29T13:58:30.925+0000] {dag.py:2726} INFO - Sync 1 DAGs
[2024-10-29T13:58:30.959+0000] {logging_mixin.py:149} INFO - [2024-10-29T13:58:30.959+0000] {dag.py:3490} INFO - Setting next_dagrun for api_binance_dag1 to 2024-10-29T09:00:00+00:00, run_after=2024-10-30T09:00:00+00:00
[2024-10-29T13:58:30.989+0000] {processor.py:179} INFO - Processing /opt/airflow/dags/binance.Dag1.py took 1.680 seconds
[2024-10-29T13:59:01.567+0000] {processor.py:157} INFO - Started process (PID=687) to work on /opt/airflow/dags/binance.Dag1.py
[2024-10-29T13:59:01.569+0000] {processor.py:826} INFO - Processing file /opt/airflow/dags/binance.Dag1.py for tasks to queue
[2024-10-29T13:59:01.570+0000] {logging_mixin.py:149} INFO - [2024-10-29T13:59:01.570+0000] {dagbag.py:541} INFO - Filling up the DagBag from /opt/airflow/dags/binance.Dag1.py
[2024-10-29T13:59:03.082+0000] {processor.py:836} INFO - DAG(s) dict_keys(['api_binance_dag1']) retrieved from /opt/airflow/dags/binance.Dag1.py
[2024-10-29T13:59:03.117+0000] {logging_mixin.py:149} INFO - [2024-10-29T13:59:03.116+0000] {dag.py:2726} INFO - Sync 1 DAGs
[2024-10-29T13:59:03.148+0000] {logging_mixin.py:149} INFO - [2024-10-29T13:59:03.148+0000] {dag.py:3490} INFO - Setting next_dagrun for api_binance_dag1 to 2024-10-29T09:00:00+00:00, run_after=2024-10-30T09:00:00+00:00
[2024-10-29T13:59:03.177+0000] {processor.py:179} INFO - Processing /opt/airflow/dags/binance.Dag1.py took 1.613 seconds
[2024-10-29T13:59:34.035+0000] {processor.py:157} INFO - Started process (PID=701) to work on /opt/airflow/dags/binance.Dag1.py
[2024-10-29T13:59:34.036+0000] {processor.py:826} INFO - Processing file /opt/airflow/dags/binance.Dag1.py for tasks to queue
[2024-10-29T13:59:34.038+0000] {logging_mixin.py:149} INFO - [2024-10-29T13:59:34.038+0000] {dagbag.py:541} INFO - Filling up the DagBag from /opt/airflow/dags/binance.Dag1.py
[2024-10-29T13:59:35.551+0000] {processor.py:836} INFO - DAG(s) dict_keys(['api_binance_dag1']) retrieved from /opt/airflow/dags/binance.Dag1.py
[2024-10-29T13:59:35.582+0000] {logging_mixin.py:149} INFO - [2024-10-29T13:59:35.582+0000] {dag.py:2726} INFO - Sync 1 DAGs
[2024-10-29T13:59:35.611+0000] {logging_mixin.py:149} INFO - [2024-10-29T13:59:35.610+0000] {dag.py:3490} INFO - Setting next_dagrun for api_binance_dag1 to 2024-10-29T09:00:00+00:00, run_after=2024-10-30T09:00:00+00:00
[2024-10-29T13:59:35.637+0000] {processor.py:179} INFO - Processing /opt/airflow/dags/binance.Dag1.py took 1.608 seconds
[2024-10-29T14:00:06.452+0000] {processor.py:157} INFO - Started process (PID=715) to work on /opt/airflow/dags/binance.Dag1.py
[2024-10-29T14:00:06.453+0000] {processor.py:826} INFO - Processing file /opt/airflow/dags/binance.Dag1.py for tasks to queue
[2024-10-29T14:00:06.455+0000] {logging_mixin.py:149} INFO - [2024-10-29T14:00:06.454+0000] {dagbag.py:541} INFO - Filling up the DagBag from /opt/airflow/dags/binance.Dag1.py
[2024-10-29T14:00:07.803+0000] {processor.py:836} INFO - DAG(s) dict_keys(['api_binance_dag1']) retrieved from /opt/airflow/dags/binance.Dag1.py
[2024-10-29T14:00:07.834+0000] {logging_mixin.py:149} INFO - [2024-10-29T14:00:07.833+0000] {dag.py:2726} INFO - Sync 1 DAGs
[2024-10-29T14:00:07.864+0000] {logging_mixin.py:149} INFO - [2024-10-29T14:00:07.864+0000] {dag.py:3490} INFO - Setting next_dagrun for api_binance_dag1 to 2024-10-29T09:00:00+00:00, run_after=2024-10-30T09:00:00+00:00
[2024-10-29T14:00:07.889+0000] {processor.py:179} INFO - Processing /opt/airflow/dags/binance.Dag1.py took 1.440 seconds
