[2024-10-16T17:41:33.870+0000] {warnings.py:110} WARNING - /home/***/.local/lib/python3.7/site-packages/***/utils/sqlalchemy.py:124: DeprecationWarning: The sql_alchemy_conn option in [core] has been moved to the sql_alchemy_conn option in [database] - the old setting has been used, but please update your config.
  return not conf.get("database", "sql_alchemy_conn").startswith("mssql")

[2024-10-16T17:41:34.173+0000] {taskinstance.py:1103} INFO - Dependencies all met for dep_context=non-requeueable deps ti=<TaskInstance: api_binance_dag1.TON scheduled__2024-10-10T09:00:00+00:00 [queued]>
[2024-10-16T17:41:34.225+0000] {taskinstance.py:1103} INFO - Dependencies all met for dep_context=requeueable deps ti=<TaskInstance: api_binance_dag1.TON scheduled__2024-10-10T09:00:00+00:00 [queued]>
[2024-10-16T17:41:34.226+0000] {taskinstance.py:1308} INFO - Starting attempt 1 of 6
[2024-10-16T17:41:34.296+0000] {taskinstance.py:1327} INFO - Executing <Task(PythonOperator): TON> on 2024-10-10 09:00:00+00:00
[2024-10-16T17:41:34.316+0000] {standard_task_runner.py:57} INFO - Started process 229 to run task
[2024-10-16T17:41:34.335+0000] {standard_task_runner.py:84} INFO - Running: ['***', 'tasks', 'run', 'api_binance_dag1', 'TON', 'scheduled__2024-10-10T09:00:00+00:00', '--job-id', '97', '--raw', '--subdir', 'DAGS_FOLDER/binance.Dag1.py', '--cfg-path', '/tmp/tmp4_www8zg']
[2024-10-16T17:41:34.346+0000] {standard_task_runner.py:85} INFO - Job 97: Subtask TON
[2024-10-16T17:41:34.414+0000] {warnings.py:110} WARNING - /home/***/.local/lib/python3.7/site-packages/***/settings.py:195: DeprecationWarning: The sql_alchemy_conn option in [core] has been moved to the sql_alchemy_conn option in [database] - the old setting has been used, but please update your config.
  SQL_ALCHEMY_CONN = conf.get("database", "SQL_ALCHEMY_CONN")

[2024-10-16T17:41:34.542+0000] {task_command.py:410} INFO - Running <TaskInstance: api_binance_dag1.TON scheduled__2024-10-10T09:00:00+00:00 [running]> on host 3e776c2a96a1
[2024-10-16T17:41:34.593+0000] {warnings.py:110} WARNING - /home/***/.local/lib/python3.7/site-packages/***/utils/sqlalchemy.py:124: DeprecationWarning: The sql_alchemy_conn option in [core] has been moved to the sql_alchemy_conn option in [database] - the old setting has been used, but please update your config.
  return not conf.get("database", "sql_alchemy_conn").startswith("mssql")

[2024-10-16T17:41:44.915+0000] {taskinstance.py:1547} INFO - Exporting env vars: AIRFLOW_CTX_DAG_OWNER='Danil' AIRFLOW_CTX_DAG_ID='api_binance_dag1' AIRFLOW_CTX_TASK_ID='TON' AIRFLOW_CTX_EXECUTION_DATE='2024-10-10T09:00:00+00:00' AIRFLOW_CTX_TRY_NUMBER='1' AIRFLOW_CTX_DAG_RUN_ID='scheduled__2024-10-10T09:00:00+00:00'
[2024-10-16T17:41:49.319+0000] {logging_mixin.py:149} INFO - Pushed to XCom: Key: TONU, Value: [[1728259200000, '5.31500000', '5.40000000', '5.19100000', '5.19800000', '5338969.17000000', 1728345599999, '28242429.07276000', 361606, '2705723.22000000', '14322055.74864000', '0'], [1728345600000, '5.19800000', '5.34500000', '5.13700000', '5.19900000', '5376813.67000000', 1728431999999, '27975553.90535000', 373447, '2861956.84000000', '14897108.55464000', '0'], [1728432000000, '5.19800000', '5.24400000', '5.00000000', '5.06600000', '5216818.83000000', 1728518399999, '26907791.40622000', 350695, '2626179.07000000', '13550122.79221000', '0'], [1728518400000, '5.06600000', '5.14000000', '4.99700000', '5.13800000', '4451383.52000000', 1728604799999, '22527241.24178000', 299996, '2246661.74000000', '11364065.23579000', '0'], [1728604800000, '5.13800000', '5.26600000', '5.12200000', '5.20900000', '3185622.72000000', 1728691199999, '16588949.22792000', 226281, '1445421.86000000', '7528000.45268000', '0'], [1728691200000, '5.21000000', '5.31300000', '5.15100000', '5.24100000', '3128623.26000000', 1728777599999, '16447694.06386000', 215404, '1396332.21000000', '7346174.06764000', '0'], [1728777600000, '5.24100000', '5.30800000', '5.11300000', '5.19200000', '3798305.82000000', 1728863999999, '19815737.47200000', 246829, '1796758.27000000', '9368615.61531000', '0']]
[2024-10-16T17:41:49.330+0000] {python.py:183} INFO - Done. Returned value was: None
[2024-10-16T17:41:49.389+0000] {taskinstance.py:1350} INFO - Marking task as SUCCESS. dag_id=api_binance_dag1, task_id=TON, execution_date=20241010T090000, start_date=20241016T174134, end_date=20241016T174149
[2024-10-16T17:41:49.579+0000] {local_task_job_runner.py:225} INFO - Task exited with return code 0
[2024-10-16T17:41:49.732+0000] {taskinstance.py:2653} INFO - 0 downstream tasks scheduled from follow-on schedule check
