[2024-11-02T18:34:48.739+0000] {warnings.py:110} WARNING - /home/***/.local/lib/python3.7/site-packages/***/utils/sqlalchemy.py:124: DeprecationWarning: The sql_alchemy_conn option in [core] has been moved to the sql_alchemy_conn option in [database] - the old setting has been used, but please update your config.
  return not conf.get("database", "sql_alchemy_conn").startswith("mssql")

[2024-11-02T18:34:48.989+0000] {taskinstance.py:1103} INFO - Dependencies all met for dep_context=non-requeueable deps ti=<TaskInstance: api_binance_dag1.1INCH scheduled__2024-11-01T09:00:00+00:00 [queued]>
[2024-11-02T18:34:49.013+0000] {taskinstance.py:1103} INFO - Dependencies all met for dep_context=requeueable deps ti=<TaskInstance: api_binance_dag1.1INCH scheduled__2024-11-01T09:00:00+00:00 [queued]>
[2024-11-02T18:34:49.014+0000] {taskinstance.py:1308} INFO - Starting attempt 1 of 3
[2024-11-02T18:34:49.065+0000] {taskinstance.py:1327} INFO - Executing <Task(PythonOperator): 1INCH> on 2024-11-01 09:00:00+00:00
[2024-11-02T18:34:49.083+0000] {standard_task_runner.py:57} INFO - Started process 89 to run task
[2024-11-02T18:34:49.092+0000] {standard_task_runner.py:84} INFO - Running: ['***', 'tasks', 'run', 'api_binance_dag1', '1INCH', 'scheduled__2024-11-01T09:00:00+00:00', '--job-id', '940', '--raw', '--subdir', 'DAGS_FOLDER/binance.Dag1.py', '--cfg-path', '/tmp/tmp3sc7q5_n']
[2024-11-02T18:34:49.097+0000] {standard_task_runner.py:85} INFO - Job 940: Subtask 1INCH
[2024-11-02T18:34:49.142+0000] {warnings.py:110} WARNING - /home/***/.local/lib/python3.7/site-packages/***/settings.py:195: DeprecationWarning: The sql_alchemy_conn option in [core] has been moved to the sql_alchemy_conn option in [database] - the old setting has been used, but please update your config.
  SQL_ALCHEMY_CONN = conf.get("database", "SQL_ALCHEMY_CONN")

[2024-11-02T18:34:49.366+0000] {task_command.py:410} INFO - Running <TaskInstance: api_binance_dag1.1INCH scheduled__2024-11-01T09:00:00+00:00 [running]> on host 3e776c2a96a1
[2024-11-02T18:34:49.417+0000] {warnings.py:110} WARNING - /home/***/.local/lib/python3.7/site-packages/***/utils/sqlalchemy.py:124: DeprecationWarning: The sql_alchemy_conn option in [core] has been moved to the sql_alchemy_conn option in [database] - the old setting has been used, but please update your config.
  return not conf.get("database", "sql_alchemy_conn").startswith("mssql")

[2024-11-02T18:34:49.725+0000] {taskinstance.py:1547} INFO - Exporting env vars: AIRFLOW_CTX_DAG_OWNER='Danil' AIRFLOW_CTX_DAG_ID='api_binance_dag1' AIRFLOW_CTX_TASK_ID='1INCH' AIRFLOW_CTX_EXECUTION_DATE='2024-11-01T09:00:00+00:00' AIRFLOW_CTX_TRY_NUMBER='1' AIRFLOW_CTX_DAG_RUN_ID='scheduled__2024-11-01T09:00:00+00:00'
[2024-11-02T18:34:50.823+0000] {logging_mixin.py:149} INFO - Pushed to XCom: Key: 1INCH, Value: [[1729728000000, '0.26460000', '0.27740000', '0.26270000', '0.27430000', '7029755.00000000', 1729814399999, '1899047.28324000', 14586, '3628778.30000000', '982385.23081000', '0'], [1729814400000, '0.27450000', '0.27610000', '0.23950000', '0.24790000', '13013789.00000000', 1729900799999, '3382206.79497000', 26608, '5699538.90000000', '1474188.27339000', '0'], [1729900800000, '0.24780000', '0.25220000', '0.24230000', '0.25100000', '8356981.20000000', 1729987199999, '2073561.37707000', 19418, '4741741.90000000', '1176987.01890000', '0'], [1729987200000, '0.25100000', '0.26060000', '0.24990000', '0.25730000', '6926843.00000000', 1730073599999, '1767344.15877000', 13871, '3550207.90000000', '907081.87392000', '0'], [1730073600000, '0.25740000', '0.26130000', '0.24660000', '0.25920000', '11689792.50000000', 1730159999999, '2986429.59309000', 23239, '4606216.40000000', '1177459.45140000', '0'], [1730160000000, '0.25920000', '0.26840000', '0.25770000', '0.26410000', '10243619.40000000', 1730246399999, '2692355.47892000', 18689, '5234587.80000000', '1376403.80645000', '0'], [1730246400000, '0.26420000', '0.26430000', '0.25230000', '0.25980000', '10953210.80000000', 1730332799999, '2843748.39646000', 18467, '5844356.70000000', '1517238.89105000', '0'], [1730332800000, '0.25980000', '0.26030000', '0.24360000', '0.24600000', '7209692.50000000', 1730419199999, '1812709.45005000', 13236, '3414328.90000000', '858198.92987000', '0'], [1730419200000, '0.24590000', '0.25060000', '0.23930000', '0.24380000', '6208641.50000000', 1730505599999, '1514563.09852000', 12275, '2945205.70000000', '718476.91438000', '0'], [1730505600000, '0.24380000', '0.24780000', '0.23710000', '0.23880000', '2506449.30000000', 1730591999999, '606621.98966000', 5565, '1199699.40000000', '290796.08048000', '0']]
[2024-11-02T18:34:50.830+0000] {python.py:183} INFO - Done. Returned value was: None
[2024-11-02T18:34:50.875+0000] {taskinstance.py:1350} INFO - Marking task as SUCCESS. dag_id=api_binance_dag1, task_id=1INCH, execution_date=20241101T090000, start_date=20241102T183448, end_date=20241102T183450
[2024-11-02T18:34:50.993+0000] {local_task_job_runner.py:225} INFO - Task exited with return code 0
[2024-11-02T18:34:51.083+0000] {taskinstance.py:2653} INFO - 0 downstream tasks scheduled from follow-on schedule check
