[2024-10-11T19:06:36.721+0000] {processor.py:157} INFO - Started process (PID=59) to work on /opt/airflow/dags/qwe.py
[2024-10-11T19:06:36.723+0000] {processor.py:826} INFO - Processing file /opt/airflow/dags/qwe.py for tasks to queue
[2024-10-11T19:06:36.724+0000] {logging_mixin.py:149} INFO - [2024-10-11T19:06:36.724+0000] {dagbag.py:541} INFO - Filling up the DagBag from /opt/airflow/dags/qwe.py
[2024-10-11T19:06:37.093+0000] {processor.py:836} INFO - DAG(s) dict_keys(['my_first_dag']) retrieved from /opt/airflow/dags/qwe.py
[2024-10-11T19:06:37.116+0000] {logging_mixin.py:149} INFO - [2024-10-11T19:06:37.116+0000] {dag.py:2726} INFO - Sync 1 DAGs
[2024-10-11T19:06:37.179+0000] {logging_mixin.py:149} INFO - [2024-10-11T19:06:37.178+0000] {dag.py:3490} INFO - Setting next_dagrun for my_first_dag to 2024-10-09T11:15:00+00:00, run_after=2024-10-10T11:15:00+00:00
[2024-10-11T19:06:37.227+0000] {processor.py:179} INFO - Processing /opt/airflow/dags/qwe.py took 0.511 seconds
[2024-10-11T19:07:09.691+0000] {processor.py:157} INFO - Started process (PID=86) to work on /opt/airflow/dags/qwe.py
[2024-10-11T19:07:09.694+0000] {processor.py:826} INFO - Processing file /opt/airflow/dags/qwe.py for tasks to queue
[2024-10-11T19:07:09.695+0000] {logging_mixin.py:149} INFO - [2024-10-11T19:07:09.695+0000] {dagbag.py:541} INFO - Filling up the DagBag from /opt/airflow/dags/qwe.py
[2024-10-11T19:07:10.034+0000] {processor.py:836} INFO - DAG(s) dict_keys(['my_first_dag']) retrieved from /opt/airflow/dags/qwe.py
[2024-10-11T19:07:10.084+0000] {logging_mixin.py:149} INFO - [2024-10-11T19:07:10.084+0000] {dag.py:2726} INFO - Sync 1 DAGs
[2024-10-11T19:07:10.123+0000] {logging_mixin.py:149} INFO - [2024-10-11T19:07:10.122+0000] {dag.py:3490} INFO - Setting next_dagrun for my_first_dag to 2024-10-11T11:15:00+00:00, run_after=2024-10-12T11:15:00+00:00
[2024-10-11T19:07:10.154+0000] {processor.py:179} INFO - Processing /opt/airflow/dags/qwe.py took 0.466 seconds
[2024-10-11T19:07:43.099+0000] {processor.py:157} INFO - Started process (PID=113) to work on /opt/airflow/dags/qwe.py
[2024-10-11T19:07:43.101+0000] {processor.py:826} INFO - Processing file /opt/airflow/dags/qwe.py for tasks to queue
[2024-10-11T19:07:43.103+0000] {logging_mixin.py:149} INFO - [2024-10-11T19:07:43.102+0000] {dagbag.py:541} INFO - Filling up the DagBag from /opt/airflow/dags/qwe.py
[2024-10-11T19:07:43.343+0000] {processor.py:836} INFO - DAG(s) dict_keys(['my_first_dag']) retrieved from /opt/airflow/dags/qwe.py
[2024-10-11T19:07:43.402+0000] {logging_mixin.py:149} INFO - [2024-10-11T19:07:43.401+0000] {dag.py:2726} INFO - Sync 1 DAGs
[2024-10-11T19:07:43.444+0000] {logging_mixin.py:149} INFO - [2024-10-11T19:07:43.444+0000] {dag.py:3490} INFO - Setting next_dagrun for my_first_dag to 2024-10-11T11:15:00+00:00, run_after=2024-10-12T11:15:00+00:00
[2024-10-11T19:07:43.475+0000] {processor.py:179} INFO - Processing /opt/airflow/dags/qwe.py took 0.380 seconds
[2024-10-11T19:08:14.992+0000] {processor.py:157} INFO - Started process (PID=140) to work on /opt/airflow/dags/qwe.py
[2024-10-11T19:08:14.994+0000] {processor.py:826} INFO - Processing file /opt/airflow/dags/qwe.py for tasks to queue
[2024-10-11T19:08:14.996+0000] {logging_mixin.py:149} INFO - [2024-10-11T19:08:14.996+0000] {dagbag.py:541} INFO - Filling up the DagBag from /opt/airflow/dags/qwe.py
[2024-10-11T19:08:15.309+0000] {processor.py:836} INFO - DAG(s) dict_keys(['my_first_dag']) retrieved from /opt/airflow/dags/qwe.py
[2024-10-11T19:08:15.336+0000] {logging_mixin.py:149} INFO - [2024-10-11T19:08:15.336+0000] {dag.py:2726} INFO - Sync 1 DAGs
[2024-10-11T19:08:15.368+0000] {logging_mixin.py:149} INFO - [2024-10-11T19:08:15.368+0000] {dag.py:3490} INFO - Setting next_dagrun for my_first_dag to 2024-10-11T11:15:00+00:00, run_after=2024-10-12T11:15:00+00:00
[2024-10-11T19:08:15.393+0000] {processor.py:179} INFO - Processing /opt/airflow/dags/qwe.py took 0.422 seconds
[2024-10-11T19:08:47.311+0000] {processor.py:157} INFO - Started process (PID=167) to work on /opt/airflow/dags/qwe.py
[2024-10-11T19:08:47.314+0000] {processor.py:826} INFO - Processing file /opt/airflow/dags/qwe.py for tasks to queue
[2024-10-11T19:08:47.316+0000] {logging_mixin.py:149} INFO - [2024-10-11T19:08:47.316+0000] {dagbag.py:541} INFO - Filling up the DagBag from /opt/airflow/dags/qwe.py
[2024-10-11T19:08:47.537+0000] {processor.py:836} INFO - DAG(s) dict_keys(['my_first_dag']) retrieved from /opt/airflow/dags/qwe.py
[2024-10-11T19:08:47.566+0000] {logging_mixin.py:149} INFO - [2024-10-11T19:08:47.566+0000] {dag.py:2726} INFO - Sync 1 DAGs
[2024-10-11T19:08:47.603+0000] {logging_mixin.py:149} INFO - [2024-10-11T19:08:47.603+0000] {dag.py:3490} INFO - Setting next_dagrun for my_first_dag to 2024-10-11T11:15:00+00:00, run_after=2024-10-12T11:15:00+00:00
[2024-10-11T19:08:47.633+0000] {processor.py:179} INFO - Processing /opt/airflow/dags/qwe.py took 0.328 seconds
[2024-10-11T19:09:19.600+0000] {processor.py:157} INFO - Started process (PID=194) to work on /opt/airflow/dags/qwe.py
[2024-10-11T19:09:19.603+0000] {processor.py:826} INFO - Processing file /opt/airflow/dags/qwe.py for tasks to queue
[2024-10-11T19:09:19.605+0000] {logging_mixin.py:149} INFO - [2024-10-11T19:09:19.604+0000] {dagbag.py:541} INFO - Filling up the DagBag from /opt/airflow/dags/qwe.py
[2024-10-11T19:09:19.816+0000] {processor.py:836} INFO - DAG(s) dict_keys(['my_first_dag']) retrieved from /opt/airflow/dags/qwe.py
[2024-10-11T19:09:19.846+0000] {logging_mixin.py:149} INFO - [2024-10-11T19:09:19.846+0000] {dag.py:2726} INFO - Sync 1 DAGs
[2024-10-11T19:09:19.883+0000] {logging_mixin.py:149} INFO - [2024-10-11T19:09:19.883+0000] {dag.py:3490} INFO - Setting next_dagrun for my_first_dag to 2024-10-11T11:15:00+00:00, run_after=2024-10-12T11:15:00+00:00
[2024-10-11T19:09:19.920+0000] {processor.py:179} INFO - Processing /opt/airflow/dags/qwe.py took 0.330 seconds
[2024-10-11T19:47:36.856+0000] {processor.py:157} INFO - Started process (PID=59) to work on /opt/airflow/dags/qwe.py
[2024-10-11T19:47:36.891+0000] {processor.py:826} INFO - Processing file /opt/airflow/dags/qwe.py for tasks to queue
[2024-10-11T19:47:36.893+0000] {logging_mixin.py:149} INFO - [2024-10-11T19:47:36.892+0000] {dagbag.py:541} INFO - Filling up the DagBag from /opt/airflow/dags/qwe.py
[2024-10-11T19:47:37.170+0000] {processor.py:836} INFO - DAG(s) dict_keys(['my_first_dag']) retrieved from /opt/airflow/dags/qwe.py
[2024-10-11T19:47:37.188+0000] {logging_mixin.py:149} INFO - [2024-10-11T19:47:37.188+0000] {dag.py:2726} INFO - Sync 1 DAGs
[2024-10-11T19:47:37.244+0000] {logging_mixin.py:149} INFO - [2024-10-11T19:47:37.244+0000] {dag.py:3490} INFO - Setting next_dagrun for my_first_dag to 2024-10-11T11:15:00+00:00, run_after=2024-10-12T11:15:00+00:00
[2024-10-11T19:47:37.289+0000] {processor.py:179} INFO - Processing /opt/airflow/dags/qwe.py took 0.440 seconds
[2024-10-11T19:48:13.317+0000] {processor.py:157} INFO - Started process (PID=86) to work on /opt/airflow/dags/qwe.py
[2024-10-11T19:48:13.321+0000] {processor.py:826} INFO - Processing file /opt/airflow/dags/qwe.py for tasks to queue
[2024-10-11T19:48:13.323+0000] {logging_mixin.py:149} INFO - [2024-10-11T19:48:13.323+0000] {dagbag.py:541} INFO - Filling up the DagBag from /opt/airflow/dags/qwe.py
[2024-10-11T19:48:16.784+0000] {processor.py:836} INFO - DAG(s) dict_keys(['my_first_dag']) retrieved from /opt/airflow/dags/qwe.py
[2024-10-11T19:48:16.864+0000] {logging_mixin.py:149} INFO - [2024-10-11T19:48:16.864+0000] {dag.py:2726} INFO - Sync 1 DAGs
[2024-10-11T19:48:16.904+0000] {logging_mixin.py:149} INFO - [2024-10-11T19:48:16.904+0000] {dag.py:3490} INFO - Setting next_dagrun for my_first_dag to 2024-10-11T11:15:00+00:00, run_after=2024-10-12T11:15:00+00:00
[2024-10-11T19:48:16.938+0000] {processor.py:179} INFO - Processing /opt/airflow/dags/qwe.py took 3.631 seconds
[2024-10-11T19:48:47.342+0000] {processor.py:157} INFO - Started process (PID=113) to work on /opt/airflow/dags/qwe.py
[2024-10-11T19:48:47.345+0000] {processor.py:826} INFO - Processing file /opt/airflow/dags/qwe.py for tasks to queue
[2024-10-11T19:48:47.348+0000] {logging_mixin.py:149} INFO - [2024-10-11T19:48:47.347+0000] {dagbag.py:541} INFO - Filling up the DagBag from /opt/airflow/dags/qwe.py
[2024-10-11T19:48:47.893+0000] {processor.py:836} INFO - DAG(s) dict_keys(['my_first_dag']) retrieved from /opt/airflow/dags/qwe.py
[2024-10-11T19:48:47.925+0000] {logging_mixin.py:149} INFO - [2024-10-11T19:48:47.925+0000] {dag.py:2726} INFO - Sync 1 DAGs
[2024-10-11T19:48:47.962+0000] {logging_mixin.py:149} INFO - [2024-10-11T19:48:47.962+0000] {dag.py:3490} INFO - Setting next_dagrun for my_first_dag to 2024-10-11T11:15:00+00:00, run_after=2024-10-12T11:15:00+00:00
[2024-10-11T19:48:47.989+0000] {processor.py:179} INFO - Processing /opt/airflow/dags/qwe.py took 0.675 seconds
[2024-10-11T19:49:18.425+0000] {processor.py:157} INFO - Started process (PID=140) to work on /opt/airflow/dags/qwe.py
[2024-10-11T19:49:18.426+0000] {processor.py:826} INFO - Processing file /opt/airflow/dags/qwe.py for tasks to queue
[2024-10-11T19:49:18.428+0000] {logging_mixin.py:149} INFO - [2024-10-11T19:49:18.428+0000] {dagbag.py:541} INFO - Filling up the DagBag from /opt/airflow/dags/qwe.py
[2024-10-11T19:49:18.737+0000] {processor.py:836} INFO - DAG(s) dict_keys(['my_first_dag']) retrieved from /opt/airflow/dags/qwe.py
[2024-10-11T19:49:18.767+0000] {logging_mixin.py:149} INFO - [2024-10-11T19:49:18.767+0000] {dag.py:2726} INFO - Sync 1 DAGs
[2024-10-11T19:49:18.804+0000] {logging_mixin.py:149} INFO - [2024-10-11T19:49:18.804+0000] {dag.py:3490} INFO - Setting next_dagrun for my_first_dag to 2024-10-11T11:15:00+00:00, run_after=2024-10-12T11:15:00+00:00
[2024-10-11T19:49:18.841+0000] {processor.py:179} INFO - Processing /opt/airflow/dags/qwe.py took 0.422 seconds
[2024-10-11T19:49:49.906+0000] {processor.py:157} INFO - Started process (PID=167) to work on /opt/airflow/dags/qwe.py
[2024-10-11T19:49:49.908+0000] {processor.py:826} INFO - Processing file /opt/airflow/dags/qwe.py for tasks to queue
[2024-10-11T19:49:49.909+0000] {logging_mixin.py:149} INFO - [2024-10-11T19:49:49.909+0000] {dagbag.py:541} INFO - Filling up the DagBag from /opt/airflow/dags/qwe.py
[2024-10-11T19:49:50.181+0000] {processor.py:836} INFO - DAG(s) dict_keys(['my_first_dag']) retrieved from /opt/airflow/dags/qwe.py
[2024-10-11T19:49:50.219+0000] {logging_mixin.py:149} INFO - [2024-10-11T19:49:50.218+0000] {dag.py:2726} INFO - Sync 1 DAGs
[2024-10-11T19:49:50.257+0000] {logging_mixin.py:149} INFO - [2024-10-11T19:49:50.257+0000] {dag.py:3490} INFO - Setting next_dagrun for my_first_dag to 2024-10-11T11:15:00+00:00, run_after=2024-10-12T11:15:00+00:00
[2024-10-11T19:49:50.312+0000] {processor.py:179} INFO - Processing /opt/airflow/dags/qwe.py took 0.410 seconds
[2024-10-11T19:50:21.153+0000] {processor.py:157} INFO - Started process (PID=194) to work on /opt/airflow/dags/qwe.py
[2024-10-11T19:50:21.156+0000] {processor.py:826} INFO - Processing file /opt/airflow/dags/qwe.py for tasks to queue
[2024-10-11T19:50:21.158+0000] {logging_mixin.py:149} INFO - [2024-10-11T19:50:21.157+0000] {dagbag.py:541} INFO - Filling up the DagBag from /opt/airflow/dags/qwe.py
[2024-10-11T19:50:21.385+0000] {processor.py:836} INFO - DAG(s) dict_keys(['my_first_dag']) retrieved from /opt/airflow/dags/qwe.py
[2024-10-11T19:50:21.413+0000] {logging_mixin.py:149} INFO - [2024-10-11T19:50:21.413+0000] {dag.py:2726} INFO - Sync 1 DAGs
[2024-10-11T19:50:21.448+0000] {logging_mixin.py:149} INFO - [2024-10-11T19:50:21.448+0000] {dag.py:3490} INFO - Setting next_dagrun for my_first_dag to 2024-10-11T11:15:00+00:00, run_after=2024-10-12T11:15:00+00:00
[2024-10-11T19:50:21.475+0000] {processor.py:179} INFO - Processing /opt/airflow/dags/qwe.py took 0.328 seconds
[2024-10-11T19:51:17.421+0000] {processor.py:157} INFO - Started process (PID=60) to work on /opt/airflow/dags/qwe.py
[2024-10-11T19:51:17.422+0000] {processor.py:826} INFO - Processing file /opt/airflow/dags/qwe.py for tasks to queue
[2024-10-11T19:51:17.424+0000] {logging_mixin.py:149} INFO - [2024-10-11T19:51:17.423+0000] {dagbag.py:541} INFO - Filling up the DagBag from /opt/airflow/dags/qwe.py
[2024-10-11T19:51:17.614+0000] {processor.py:836} INFO - DAG(s) dict_keys(['my_first_dag']) retrieved from /opt/airflow/dags/qwe.py
[2024-10-11T19:51:17.630+0000] {logging_mixin.py:149} INFO - [2024-10-11T19:51:17.630+0000] {dag.py:2726} INFO - Sync 1 DAGs
[2024-10-11T19:51:17.668+0000] {logging_mixin.py:149} INFO - [2024-10-11T19:51:17.667+0000] {dag.py:3490} INFO - Setting next_dagrun for my_first_dag to 2024-10-11T11:15:00+00:00, run_after=2024-10-12T11:15:00+00:00
[2024-10-11T19:51:17.707+0000] {processor.py:179} INFO - Processing /opt/airflow/dags/qwe.py took 0.290 seconds
[2024-10-11T19:51:49.000+0000] {processor.py:157} INFO - Started process (PID=87) to work on /opt/airflow/dags/qwe.py
[2024-10-11T19:51:49.001+0000] {processor.py:826} INFO - Processing file /opt/airflow/dags/qwe.py for tasks to queue
[2024-10-11T19:51:49.006+0000] {logging_mixin.py:149} INFO - [2024-10-11T19:51:49.006+0000] {dagbag.py:541} INFO - Filling up the DagBag from /opt/airflow/dags/qwe.py
[2024-10-11T19:51:49.506+0000] {processor.py:836} INFO - DAG(s) dict_keys(['my_first_dag']) retrieved from /opt/airflow/dags/qwe.py
[2024-10-11T19:51:49.542+0000] {logging_mixin.py:149} INFO - [2024-10-11T19:51:49.542+0000] {dag.py:2726} INFO - Sync 1 DAGs
[2024-10-11T19:51:49.576+0000] {logging_mixin.py:149} INFO - [2024-10-11T19:51:49.576+0000] {dag.py:3490} INFO - Setting next_dagrun for my_first_dag to 2024-10-11T11:15:00+00:00, run_after=2024-10-12T11:15:00+00:00
[2024-10-11T19:51:49.611+0000] {processor.py:179} INFO - Processing /opt/airflow/dags/qwe.py took 0.615 seconds
[2024-10-11T19:52:20.148+0000] {processor.py:157} INFO - Started process (PID=114) to work on /opt/airflow/dags/qwe.py
[2024-10-11T19:52:20.150+0000] {processor.py:826} INFO - Processing file /opt/airflow/dags/qwe.py for tasks to queue
[2024-10-11T19:52:20.153+0000] {logging_mixin.py:149} INFO - [2024-10-11T19:52:20.153+0000] {dagbag.py:541} INFO - Filling up the DagBag from /opt/airflow/dags/qwe.py
[2024-10-11T19:52:20.505+0000] {processor.py:836} INFO - DAG(s) dict_keys(['my_first_dag']) retrieved from /opt/airflow/dags/qwe.py
[2024-10-11T19:52:20.534+0000] {logging_mixin.py:149} INFO - [2024-10-11T19:52:20.534+0000] {dag.py:2726} INFO - Sync 1 DAGs
[2024-10-11T19:52:20.568+0000] {logging_mixin.py:149} INFO - [2024-10-11T19:52:20.568+0000] {dag.py:3490} INFO - Setting next_dagrun for my_first_dag to 2024-10-11T11:15:00+00:00, run_after=2024-10-12T11:15:00+00:00
[2024-10-11T19:52:20.598+0000] {processor.py:179} INFO - Processing /opt/airflow/dags/qwe.py took 0.454 seconds
[2024-10-11T19:52:51.544+0000] {processor.py:157} INFO - Started process (PID=141) to work on /opt/airflow/dags/qwe.py
[2024-10-11T19:52:51.546+0000] {processor.py:826} INFO - Processing file /opt/airflow/dags/qwe.py for tasks to queue
[2024-10-11T19:52:51.548+0000] {logging_mixin.py:149} INFO - [2024-10-11T19:52:51.547+0000] {dagbag.py:541} INFO - Filling up the DagBag from /opt/airflow/dags/qwe.py
[2024-10-11T19:52:52.051+0000] {processor.py:836} INFO - DAG(s) dict_keys(['my_first_dag']) retrieved from /opt/airflow/dags/qwe.py
[2024-10-11T19:52:52.081+0000] {logging_mixin.py:149} INFO - [2024-10-11T19:52:52.081+0000] {dag.py:2726} INFO - Sync 1 DAGs
[2024-10-11T19:52:52.118+0000] {logging_mixin.py:149} INFO - [2024-10-11T19:52:52.117+0000] {dag.py:3490} INFO - Setting next_dagrun for my_first_dag to 2024-10-11T11:15:00+00:00, run_after=2024-10-12T11:15:00+00:00
[2024-10-11T19:52:52.147+0000] {processor.py:179} INFO - Processing /opt/airflow/dags/qwe.py took 0.607 seconds
[2024-10-11T19:53:22.843+0000] {processor.py:157} INFO - Started process (PID=168) to work on /opt/airflow/dags/qwe.py
[2024-10-11T19:53:22.844+0000] {processor.py:826} INFO - Processing file /opt/airflow/dags/qwe.py for tasks to queue
[2024-10-11T19:53:22.846+0000] {logging_mixin.py:149} INFO - [2024-10-11T19:53:22.846+0000] {dagbag.py:541} INFO - Filling up the DagBag from /opt/airflow/dags/qwe.py
[2024-10-11T19:53:23.091+0000] {processor.py:836} INFO - DAG(s) dict_keys(['my_first_dag']) retrieved from /opt/airflow/dags/qwe.py
[2024-10-11T19:53:23.121+0000] {logging_mixin.py:149} INFO - [2024-10-11T19:53:23.121+0000] {dag.py:2726} INFO - Sync 1 DAGs
[2024-10-11T19:53:23.156+0000] {logging_mixin.py:149} INFO - [2024-10-11T19:53:23.156+0000] {dag.py:3490} INFO - Setting next_dagrun for my_first_dag to 2024-10-11T11:15:00+00:00, run_after=2024-10-12T11:15:00+00:00
[2024-10-11T19:53:23.183+0000] {processor.py:179} INFO - Processing /opt/airflow/dags/qwe.py took 0.344 seconds
[2024-10-11T19:53:54.323+0000] {processor.py:157} INFO - Started process (PID=195) to work on /opt/airflow/dags/qwe.py
[2024-10-11T19:53:54.325+0000] {processor.py:826} INFO - Processing file /opt/airflow/dags/qwe.py for tasks to queue
[2024-10-11T19:53:54.326+0000] {logging_mixin.py:149} INFO - [2024-10-11T19:53:54.326+0000] {dagbag.py:541} INFO - Filling up the DagBag from /opt/airflow/dags/qwe.py
[2024-10-11T19:53:54.507+0000] {processor.py:836} INFO - DAG(s) dict_keys(['my_first_dag']) retrieved from /opt/airflow/dags/qwe.py
[2024-10-11T19:53:54.535+0000] {logging_mixin.py:149} INFO - [2024-10-11T19:53:54.534+0000] {dag.py:2726} INFO - Sync 1 DAGs
[2024-10-11T19:53:54.565+0000] {logging_mixin.py:149} INFO - [2024-10-11T19:53:54.565+0000] {dag.py:3490} INFO - Setting next_dagrun for my_first_dag to 2024-10-11T11:15:00+00:00, run_after=2024-10-12T11:15:00+00:00
[2024-10-11T19:53:54.591+0000] {processor.py:179} INFO - Processing /opt/airflow/dags/qwe.py took 0.274 seconds
[2024-10-11T19:54:25.776+0000] {processor.py:157} INFO - Started process (PID=222) to work on /opt/airflow/dags/qwe.py
[2024-10-11T19:54:25.778+0000] {processor.py:826} INFO - Processing file /opt/airflow/dags/qwe.py for tasks to queue
[2024-10-11T19:54:25.780+0000] {logging_mixin.py:149} INFO - [2024-10-11T19:54:25.780+0000] {dagbag.py:541} INFO - Filling up the DagBag from /opt/airflow/dags/qwe.py
[2024-10-11T19:54:25.858+0000] {processor.py:836} INFO - DAG(s) dict_keys(['my_first_dag']) retrieved from /opt/airflow/dags/qwe.py
[2024-10-11T19:54:25.907+0000] {logging_mixin.py:149} INFO - [2024-10-11T19:54:25.906+0000] {dag.py:2726} INFO - Sync 1 DAGs
[2024-10-11T19:54:25.952+0000] {logging_mixin.py:149} INFO - [2024-10-11T19:54:25.951+0000] {dag.py:3490} INFO - Setting next_dagrun for my_first_dag to 2024-10-11T11:15:00+00:00, run_after=2024-10-12T11:15:00+00:00
[2024-10-11T19:54:25.994+0000] {processor.py:179} INFO - Processing /opt/airflow/dags/qwe.py took 0.223 seconds
[2024-10-11T19:54:56.883+0000] {processor.py:157} INFO - Started process (PID=249) to work on /opt/airflow/dags/qwe.py
[2024-10-11T19:54:56.886+0000] {processor.py:826} INFO - Processing file /opt/airflow/dags/qwe.py for tasks to queue
[2024-10-11T19:54:56.888+0000] {logging_mixin.py:149} INFO - [2024-10-11T19:54:56.888+0000] {dagbag.py:541} INFO - Filling up the DagBag from /opt/airflow/dags/qwe.py
[2024-10-11T19:54:56.962+0000] {processor.py:836} INFO - DAG(s) dict_keys(['my_first_dag']) retrieved from /opt/airflow/dags/qwe.py
[2024-10-11T19:54:57.030+0000] {logging_mixin.py:149} INFO - [2024-10-11T19:54:57.029+0000] {dag.py:2726} INFO - Sync 1 DAGs
[2024-10-11T19:54:57.090+0000] {logging_mixin.py:149} INFO - [2024-10-11T19:54:57.090+0000] {dag.py:3490} INFO - Setting next_dagrun for my_first_dag to 2024-10-11T11:15:00+00:00, run_after=2024-10-12T11:15:00+00:00
[2024-10-11T19:54:57.134+0000] {processor.py:179} INFO - Processing /opt/airflow/dags/qwe.py took 0.255 seconds
[2024-10-11T19:55:27.973+0000] {processor.py:157} INFO - Started process (PID=276) to work on /opt/airflow/dags/qwe.py
[2024-10-11T19:55:27.975+0000] {processor.py:826} INFO - Processing file /opt/airflow/dags/qwe.py for tasks to queue
[2024-10-11T19:55:27.976+0000] {logging_mixin.py:149} INFO - [2024-10-11T19:55:27.976+0000] {dagbag.py:541} INFO - Filling up the DagBag from /opt/airflow/dags/qwe.py
[2024-10-11T19:55:28.039+0000] {processor.py:836} INFO - DAG(s) dict_keys(['my_first_dag']) retrieved from /opt/airflow/dags/qwe.py
[2024-10-11T19:55:28.076+0000] {logging_mixin.py:149} INFO - [2024-10-11T19:55:28.076+0000] {dag.py:2726} INFO - Sync 1 DAGs
[2024-10-11T19:55:28.117+0000] {logging_mixin.py:149} INFO - [2024-10-11T19:55:28.117+0000] {dag.py:3490} INFO - Setting next_dagrun for my_first_dag to 2024-10-11T11:15:00+00:00, run_after=2024-10-12T11:15:00+00:00
[2024-10-11T19:55:28.149+0000] {processor.py:179} INFO - Processing /opt/airflow/dags/qwe.py took 0.179 seconds
[2024-10-11T19:55:59.071+0000] {processor.py:157} INFO - Started process (PID=303) to work on /opt/airflow/dags/qwe.py
[2024-10-11T19:55:59.083+0000] {processor.py:826} INFO - Processing file /opt/airflow/dags/qwe.py for tasks to queue
[2024-10-11T19:55:59.087+0000] {logging_mixin.py:149} INFO - [2024-10-11T19:55:59.086+0000] {dagbag.py:541} INFO - Filling up the DagBag from /opt/airflow/dags/qwe.py
[2024-10-11T19:55:59.174+0000] {processor.py:836} INFO - DAG(s) dict_keys(['my_first_dag']) retrieved from /opt/airflow/dags/qwe.py
[2024-10-11T19:55:59.214+0000] {logging_mixin.py:149} INFO - [2024-10-11T19:55:59.214+0000] {dag.py:2726} INFO - Sync 1 DAGs
[2024-10-11T19:55:59.254+0000] {logging_mixin.py:149} INFO - [2024-10-11T19:55:59.254+0000] {dag.py:3490} INFO - Setting next_dagrun for my_first_dag to 2024-10-11T11:15:00+00:00, run_after=2024-10-12T11:15:00+00:00
[2024-10-11T19:55:59.289+0000] {processor.py:179} INFO - Processing /opt/airflow/dags/qwe.py took 0.226 seconds
[2024-10-11T19:56:30.221+0000] {processor.py:157} INFO - Started process (PID=330) to work on /opt/airflow/dags/qwe.py
[2024-10-11T19:56:30.223+0000] {processor.py:826} INFO - Processing file /opt/airflow/dags/qwe.py for tasks to queue
[2024-10-11T19:56:30.224+0000] {logging_mixin.py:149} INFO - [2024-10-11T19:56:30.224+0000] {dagbag.py:541} INFO - Filling up the DagBag from /opt/airflow/dags/qwe.py
[2024-10-11T19:56:30.288+0000] {processor.py:836} INFO - DAG(s) dict_keys(['my_first_dag']) retrieved from /opt/airflow/dags/qwe.py
[2024-10-11T19:56:30.325+0000] {logging_mixin.py:149} INFO - [2024-10-11T19:56:30.324+0000] {dag.py:2726} INFO - Sync 1 DAGs
[2024-10-11T19:56:30.365+0000] {logging_mixin.py:149} INFO - [2024-10-11T19:56:30.364+0000] {dag.py:3490} INFO - Setting next_dagrun for my_first_dag to 2024-10-11T11:15:00+00:00, run_after=2024-10-12T11:15:00+00:00
[2024-10-11T19:56:30.393+0000] {processor.py:179} INFO - Processing /opt/airflow/dags/qwe.py took 0.176 seconds
[2024-10-11T19:57:01.322+0000] {processor.py:157} INFO - Started process (PID=357) to work on /opt/airflow/dags/qwe.py
[2024-10-11T19:57:01.324+0000] {processor.py:826} INFO - Processing file /opt/airflow/dags/qwe.py for tasks to queue
[2024-10-11T19:57:01.326+0000] {logging_mixin.py:149} INFO - [2024-10-11T19:57:01.326+0000] {dagbag.py:541} INFO - Filling up the DagBag from /opt/airflow/dags/qwe.py
[2024-10-11T19:57:01.395+0000] {processor.py:836} INFO - DAG(s) dict_keys(['my_first_dag']) retrieved from /opt/airflow/dags/qwe.py
[2024-10-11T19:57:01.439+0000] {logging_mixin.py:149} INFO - [2024-10-11T19:57:01.438+0000] {dag.py:2726} INFO - Sync 1 DAGs
[2024-10-11T19:57:01.480+0000] {logging_mixin.py:149} INFO - [2024-10-11T19:57:01.480+0000] {dag.py:3490} INFO - Setting next_dagrun for my_first_dag to 2024-10-11T11:15:00+00:00, run_after=2024-10-12T11:15:00+00:00
[2024-10-11T19:57:01.513+0000] {processor.py:179} INFO - Processing /opt/airflow/dags/qwe.py took 0.196 seconds
[2024-10-11T19:57:32.891+0000] {processor.py:157} INFO - Started process (PID=384) to work on /opt/airflow/dags/qwe.py
[2024-10-11T19:57:32.893+0000] {processor.py:826} INFO - Processing file /opt/airflow/dags/qwe.py for tasks to queue
[2024-10-11T19:57:32.894+0000] {logging_mixin.py:149} INFO - [2024-10-11T19:57:32.894+0000] {dagbag.py:541} INFO - Filling up the DagBag from /opt/airflow/dags/qwe.py
[2024-10-11T19:57:32.962+0000] {processor.py:836} INFO - DAG(s) dict_keys(['my_first_dag']) retrieved from /opt/airflow/dags/qwe.py
[2024-10-11T19:57:33.007+0000] {logging_mixin.py:149} INFO - [2024-10-11T19:57:33.007+0000] {dag.py:2726} INFO - Sync 1 DAGs
[2024-10-11T19:57:33.048+0000] {logging_mixin.py:149} INFO - [2024-10-11T19:57:33.048+0000] {dag.py:3490} INFO - Setting next_dagrun for my_first_dag to 2024-10-11T11:15:00+00:00, run_after=2024-10-12T11:15:00+00:00
[2024-10-11T19:57:33.075+0000] {processor.py:179} INFO - Processing /opt/airflow/dags/qwe.py took 0.190 seconds
[2024-10-11T19:58:03.861+0000] {processor.py:157} INFO - Started process (PID=411) to work on /opt/airflow/dags/qwe.py
[2024-10-11T19:58:03.863+0000] {processor.py:826} INFO - Processing file /opt/airflow/dags/qwe.py for tasks to queue
[2024-10-11T19:58:03.864+0000] {logging_mixin.py:149} INFO - [2024-10-11T19:58:03.864+0000] {dagbag.py:541} INFO - Filling up the DagBag from /opt/airflow/dags/qwe.py
[2024-10-11T19:58:03.935+0000] {processor.py:836} INFO - DAG(s) dict_keys(['my_first_dag']) retrieved from /opt/airflow/dags/qwe.py
[2024-10-11T19:58:03.970+0000] {logging_mixin.py:149} INFO - [2024-10-11T19:58:03.970+0000] {dag.py:2726} INFO - Sync 1 DAGs
[2024-10-11T19:58:04.006+0000] {logging_mixin.py:149} INFO - [2024-10-11T19:58:04.006+0000] {dag.py:3490} INFO - Setting next_dagrun for my_first_dag to 2024-10-11T11:15:00+00:00, run_after=2024-10-12T11:15:00+00:00
[2024-10-11T19:58:04.035+0000] {processor.py:179} INFO - Processing /opt/airflow/dags/qwe.py took 0.178 seconds
[2024-10-11T19:58:34.870+0000] {processor.py:157} INFO - Started process (PID=438) to work on /opt/airflow/dags/qwe.py
[2024-10-11T19:58:34.872+0000] {processor.py:826} INFO - Processing file /opt/airflow/dags/qwe.py for tasks to queue
[2024-10-11T19:58:34.874+0000] {logging_mixin.py:149} INFO - [2024-10-11T19:58:34.873+0000] {dagbag.py:541} INFO - Filling up the DagBag from /opt/airflow/dags/qwe.py
[2024-10-11T19:58:34.965+0000] {processor.py:836} INFO - DAG(s) dict_keys(['my_first_dag']) retrieved from /opt/airflow/dags/qwe.py
[2024-10-11T19:58:35.010+0000] {logging_mixin.py:149} INFO - [2024-10-11T19:58:35.010+0000] {dag.py:2726} INFO - Sync 1 DAGs
[2024-10-11T19:58:35.052+0000] {logging_mixin.py:149} INFO - [2024-10-11T19:58:35.052+0000] {dag.py:3490} INFO - Setting next_dagrun for my_first_dag to 2024-10-11T11:15:00+00:00, run_after=2024-10-12T11:15:00+00:00
[2024-10-11T19:58:35.084+0000] {processor.py:179} INFO - Processing /opt/airflow/dags/qwe.py took 0.218 seconds
[2024-10-11T19:59:07.612+0000] {processor.py:157} INFO - Started process (PID=465) to work on /opt/airflow/dags/qwe.py
[2024-10-11T19:59:07.614+0000] {processor.py:826} INFO - Processing file /opt/airflow/dags/qwe.py for tasks to queue
[2024-10-11T19:59:07.616+0000] {logging_mixin.py:149} INFO - [2024-10-11T19:59:07.616+0000] {dagbag.py:541} INFO - Filling up the DagBag from /opt/airflow/dags/qwe.py
[2024-10-11T19:59:07.676+0000] {processor.py:836} INFO - DAG(s) dict_keys(['my_first_dag']) retrieved from /opt/airflow/dags/qwe.py
[2024-10-11T19:59:07.711+0000] {logging_mixin.py:149} INFO - [2024-10-11T19:59:07.711+0000] {dag.py:2726} INFO - Sync 1 DAGs
[2024-10-11T19:59:07.751+0000] {logging_mixin.py:149} INFO - [2024-10-11T19:59:07.750+0000] {dag.py:3490} INFO - Setting next_dagrun for my_first_dag to 2024-10-11T11:15:00+00:00, run_after=2024-10-12T11:15:00+00:00
[2024-10-11T19:59:07.794+0000] {processor.py:179} INFO - Processing /opt/airflow/dags/qwe.py took 0.186 seconds
[2024-10-11T19:59:38.675+0000] {processor.py:157} INFO - Started process (PID=492) to work on /opt/airflow/dags/qwe.py
[2024-10-11T19:59:38.677+0000] {processor.py:826} INFO - Processing file /opt/airflow/dags/qwe.py for tasks to queue
[2024-10-11T19:59:38.678+0000] {logging_mixin.py:149} INFO - [2024-10-11T19:59:38.678+0000] {dagbag.py:541} INFO - Filling up the DagBag from /opt/airflow/dags/qwe.py
[2024-10-11T19:59:38.757+0000] {processor.py:836} INFO - DAG(s) dict_keys(['my_first_dag']) retrieved from /opt/airflow/dags/qwe.py
[2024-10-11T19:59:38.823+0000] {logging_mixin.py:149} INFO - [2024-10-11T19:59:38.822+0000] {dag.py:2726} INFO - Sync 1 DAGs
[2024-10-11T19:59:38.900+0000] {logging_mixin.py:149} INFO - [2024-10-11T19:59:38.900+0000] {dag.py:3490} INFO - Setting next_dagrun for my_first_dag to 2024-10-11T11:15:00+00:00, run_after=2024-10-12T11:15:00+00:00
[2024-10-11T19:59:38.968+0000] {processor.py:179} INFO - Processing /opt/airflow/dags/qwe.py took 0.298 seconds
[2024-10-11T20:00:10.528+0000] {processor.py:157} INFO - Started process (PID=519) to work on /opt/airflow/dags/qwe.py
[2024-10-11T20:00:10.530+0000] {processor.py:826} INFO - Processing file /opt/airflow/dags/qwe.py for tasks to queue
[2024-10-11T20:00:10.531+0000] {logging_mixin.py:149} INFO - [2024-10-11T20:00:10.531+0000] {dagbag.py:541} INFO - Filling up the DagBag from /opt/airflow/dags/qwe.py
[2024-10-11T20:00:10.603+0000] {processor.py:836} INFO - DAG(s) dict_keys(['my_first_dag']) retrieved from /opt/airflow/dags/qwe.py
[2024-10-11T20:00:10.645+0000] {logging_mixin.py:149} INFO - [2024-10-11T20:00:10.645+0000] {dag.py:2726} INFO - Sync 1 DAGs
[2024-10-11T20:00:10.684+0000] {logging_mixin.py:149} INFO - [2024-10-11T20:00:10.684+0000] {dag.py:3490} INFO - Setting next_dagrun for my_first_dag to 2024-10-11T11:15:00+00:00, run_after=2024-10-12T11:15:00+00:00
[2024-10-11T20:00:10.718+0000] {processor.py:179} INFO - Processing /opt/airflow/dags/qwe.py took 0.195 seconds
[2024-10-11T20:00:55.981+0000] {processor.py:157} INFO - Started process (PID=59) to work on /opt/airflow/dags/qwe.py
[2024-10-11T20:00:55.983+0000] {processor.py:826} INFO - Processing file /opt/airflow/dags/qwe.py for tasks to queue
[2024-10-11T20:00:55.984+0000] {logging_mixin.py:149} INFO - [2024-10-11T20:00:55.984+0000] {dagbag.py:541} INFO - Filling up the DagBag from /opt/airflow/dags/qwe.py
[2024-10-11T20:00:56.227+0000] {processor.py:836} INFO - DAG(s) dict_keys(['my_first_dag']) retrieved from /opt/airflow/dags/qwe.py
[2024-10-11T20:00:56.248+0000] {logging_mixin.py:149} INFO - [2024-10-11T20:00:56.248+0000] {dag.py:2726} INFO - Sync 1 DAGs
[2024-10-11T20:00:56.290+0000] {logging_mixin.py:149} INFO - [2024-10-11T20:00:56.289+0000] {dag.py:3490} INFO - Setting next_dagrun for my_first_dag to 2024-10-11T11:15:00+00:00, run_after=2024-10-12T11:15:00+00:00
[2024-10-11T20:00:56.324+0000] {processor.py:179} INFO - Processing /opt/airflow/dags/qwe.py took 0.353 seconds
[2024-10-11T20:01:27.763+0000] {processor.py:157} INFO - Started process (PID=86) to work on /opt/airflow/dags/qwe.py
[2024-10-11T20:01:27.767+0000] {processor.py:826} INFO - Processing file /opt/airflow/dags/qwe.py for tasks to queue
[2024-10-11T20:01:27.774+0000] {logging_mixin.py:149} INFO - [2024-10-11T20:01:27.774+0000] {dagbag.py:541} INFO - Filling up the DagBag from /opt/airflow/dags/qwe.py
[2024-10-11T20:01:28.386+0000] {processor.py:836} INFO - DAG(s) dict_keys(['my_first_dag']) retrieved from /opt/airflow/dags/qwe.py
[2024-10-11T20:01:28.432+0000] {logging_mixin.py:149} INFO - [2024-10-11T20:01:28.431+0000] {dag.py:2726} INFO - Sync 1 DAGs
[2024-10-11T20:01:28.464+0000] {logging_mixin.py:149} INFO - [2024-10-11T20:01:28.464+0000] {dag.py:3490} INFO - Setting next_dagrun for my_first_dag to 2024-10-11T11:15:00+00:00, run_after=2024-10-12T11:15:00+00:00
[2024-10-11T20:01:28.494+0000] {processor.py:179} INFO - Processing /opt/airflow/dags/qwe.py took 0.735 seconds
[2024-10-11T20:01:59.540+0000] {processor.py:157} INFO - Started process (PID=113) to work on /opt/airflow/dags/qwe.py
[2024-10-11T20:01:59.542+0000] {processor.py:826} INFO - Processing file /opt/airflow/dags/qwe.py for tasks to queue
[2024-10-11T20:01:59.544+0000] {logging_mixin.py:149} INFO - [2024-10-11T20:01:59.544+0000] {dagbag.py:541} INFO - Filling up the DagBag from /opt/airflow/dags/qwe.py
[2024-10-11T20:02:00.082+0000] {processor.py:836} INFO - DAG(s) dict_keys(['my_first_dag']) retrieved from /opt/airflow/dags/qwe.py
[2024-10-11T20:02:00.557+0000] {logging_mixin.py:149} INFO - [2024-10-11T20:02:00.557+0000] {dag.py:2726} INFO - Sync 1 DAGs
[2024-10-11T20:02:00.617+0000] {logging_mixin.py:149} INFO - [2024-10-11T20:02:00.616+0000] {dag.py:3490} INFO - Setting next_dagrun for my_first_dag to 2024-10-11T11:15:00+00:00, run_after=2024-10-12T11:15:00+00:00
[2024-10-11T20:02:01.074+0000] {processor.py:179} INFO - Processing /opt/airflow/dags/qwe.py took 1.540 seconds
[2024-10-11T20:02:34.765+0000] {processor.py:157} INFO - Started process (PID=140) to work on /opt/airflow/dags/qwe.py
[2024-10-11T20:02:34.767+0000] {processor.py:826} INFO - Processing file /opt/airflow/dags/qwe.py for tasks to queue
[2024-10-11T20:02:34.769+0000] {logging_mixin.py:149} INFO - [2024-10-11T20:02:34.769+0000] {dagbag.py:541} INFO - Filling up the DagBag from /opt/airflow/dags/qwe.py
[2024-10-11T20:02:35.062+0000] {processor.py:836} INFO - DAG(s) dict_keys(['my_first_dag']) retrieved from /opt/airflow/dags/qwe.py
[2024-10-11T20:02:35.107+0000] {logging_mixin.py:149} INFO - [2024-10-11T20:02:35.106+0000] {dag.py:2726} INFO - Sync 1 DAGs
[2024-10-11T20:02:35.144+0000] {logging_mixin.py:149} INFO - [2024-10-11T20:02:35.144+0000] {dag.py:3490} INFO - Setting next_dagrun for my_first_dag to 2024-10-11T11:15:00+00:00, run_after=2024-10-12T11:15:00+00:00
[2024-10-11T20:02:35.185+0000] {processor.py:179} INFO - Processing /opt/airflow/dags/qwe.py took 0.430 seconds
[2024-10-11T20:03:07.023+0000] {processor.py:157} INFO - Started process (PID=167) to work on /opt/airflow/dags/qwe.py
[2024-10-11T20:03:07.025+0000] {processor.py:826} INFO - Processing file /opt/airflow/dags/qwe.py for tasks to queue
[2024-10-11T20:03:07.027+0000] {logging_mixin.py:149} INFO - [2024-10-11T20:03:07.027+0000] {dagbag.py:541} INFO - Filling up the DagBag from /opt/airflow/dags/qwe.py
[2024-10-11T20:03:07.416+0000] {processor.py:836} INFO - DAG(s) dict_keys(['my_first_dag']) retrieved from /opt/airflow/dags/qwe.py
[2024-10-11T20:03:07.490+0000] {logging_mixin.py:149} INFO - [2024-10-11T20:03:07.490+0000] {dag.py:2726} INFO - Sync 1 DAGs
[2024-10-11T20:03:07.541+0000] {logging_mixin.py:149} INFO - [2024-10-11T20:03:07.541+0000] {dag.py:3490} INFO - Setting next_dagrun for my_first_dag to 2024-10-11T11:15:00+00:00, run_after=2024-10-12T11:15:00+00:00
[2024-10-11T20:03:07.581+0000] {processor.py:179} INFO - Processing /opt/airflow/dags/qwe.py took 0.573 seconds
[2024-10-11T20:03:45.816+0000] {processor.py:157} INFO - Started process (PID=194) to work on /opt/airflow/dags/qwe.py
[2024-10-11T20:03:45.818+0000] {processor.py:826} INFO - Processing file /opt/airflow/dags/qwe.py for tasks to queue
[2024-10-11T20:03:45.820+0000] {logging_mixin.py:149} INFO - [2024-10-11T20:03:45.819+0000] {dagbag.py:541} INFO - Filling up the DagBag from /opt/airflow/dags/qwe.py
[2024-10-11T20:03:46.261+0000] {processor.py:836} INFO - DAG(s) dict_keys(['my_first_dag']) retrieved from /opt/airflow/dags/qwe.py
[2024-10-11T20:03:46.313+0000] {logging_mixin.py:149} INFO - [2024-10-11T20:03:46.313+0000] {dag.py:2726} INFO - Sync 1 DAGs
[2024-10-11T20:03:46.397+0000] {logging_mixin.py:149} INFO - [2024-10-11T20:03:46.397+0000] {dag.py:3490} INFO - Setting next_dagrun for my_first_dag to 2024-10-11T11:15:00+00:00, run_after=2024-10-12T11:15:00+00:00
[2024-10-11T20:03:46.464+0000] {processor.py:179} INFO - Processing /opt/airflow/dags/qwe.py took 0.882 seconds
[2024-10-11T20:04:17.138+0000] {processor.py:157} INFO - Started process (PID=221) to work on /opt/airflow/dags/qwe.py
[2024-10-11T20:04:17.140+0000] {processor.py:826} INFO - Processing file /opt/airflow/dags/qwe.py for tasks to queue
[2024-10-11T20:04:17.143+0000] {logging_mixin.py:149} INFO - [2024-10-11T20:04:17.142+0000] {dagbag.py:541} INFO - Filling up the DagBag from /opt/airflow/dags/qwe.py
[2024-10-11T20:04:17.271+0000] {processor.py:836} INFO - DAG(s) dict_keys(['my_first_dag']) retrieved from /opt/airflow/dags/qwe.py
[2024-10-11T20:04:17.336+0000] {logging_mixin.py:149} INFO - [2024-10-11T20:04:17.336+0000] {dag.py:2726} INFO - Sync 1 DAGs
[2024-10-11T20:04:17.496+0000] {logging_mixin.py:149} INFO - [2024-10-11T20:04:17.495+0000] {dag.py:3490} INFO - Setting next_dagrun for my_first_dag to 2024-10-11T11:15:00+00:00, run_after=2024-10-12T11:15:00+00:00
[2024-10-11T20:04:17.589+0000] {processor.py:179} INFO - Processing /opt/airflow/dags/qwe.py took 0.458 seconds
[2024-10-11T20:04:48.750+0000] {processor.py:157} INFO - Started process (PID=248) to work on /opt/airflow/dags/qwe.py
[2024-10-11T20:04:48.752+0000] {processor.py:826} INFO - Processing file /opt/airflow/dags/qwe.py for tasks to queue
[2024-10-11T20:04:48.754+0000] {logging_mixin.py:149} INFO - [2024-10-11T20:04:48.753+0000] {dagbag.py:541} INFO - Filling up the DagBag from /opt/airflow/dags/qwe.py
[2024-10-11T20:04:48.910+0000] {processor.py:836} INFO - DAG(s) dict_keys(['my_first_dag']) retrieved from /opt/airflow/dags/qwe.py
[2024-10-11T20:04:48.967+0000] {logging_mixin.py:149} INFO - [2024-10-11T20:04:48.967+0000] {dag.py:2726} INFO - Sync 1 DAGs
[2024-10-11T20:04:49.023+0000] {logging_mixin.py:149} INFO - [2024-10-11T20:04:49.023+0000] {dag.py:3490} INFO - Setting next_dagrun for my_first_dag to 2024-10-11T11:15:00+00:00, run_after=2024-10-12T11:15:00+00:00
[2024-10-11T20:04:49.066+0000] {processor.py:179} INFO - Processing /opt/airflow/dags/qwe.py took 0.322 seconds
[2024-10-11T20:05:21.345+0000] {processor.py:157} INFO - Started process (PID=275) to work on /opt/airflow/dags/qwe.py
[2024-10-11T20:05:21.355+0000] {processor.py:826} INFO - Processing file /opt/airflow/dags/qwe.py for tasks to queue
[2024-10-11T20:05:21.357+0000] {logging_mixin.py:149} INFO - [2024-10-11T20:05:21.357+0000] {dagbag.py:541} INFO - Filling up the DagBag from /opt/airflow/dags/qwe.py
[2024-10-11T20:05:21.495+0000] {processor.py:836} INFO - DAG(s) dict_keys(['my_first_dag']) retrieved from /opt/airflow/dags/qwe.py
[2024-10-11T20:05:21.572+0000] {logging_mixin.py:149} INFO - [2024-10-11T20:05:21.572+0000] {dag.py:2726} INFO - Sync 1 DAGs
[2024-10-11T20:05:21.629+0000] {logging_mixin.py:149} INFO - [2024-10-11T20:05:21.628+0000] {dag.py:3490} INFO - Setting next_dagrun for my_first_dag to 2024-10-11T11:15:00+00:00, run_after=2024-10-12T11:15:00+00:00
[2024-10-11T20:05:21.680+0000] {processor.py:179} INFO - Processing /opt/airflow/dags/qwe.py took 0.343 seconds
[2024-10-11T20:05:53.065+0000] {processor.py:157} INFO - Started process (PID=302) to work on /opt/airflow/dags/qwe.py
[2024-10-11T20:05:53.068+0000] {processor.py:826} INFO - Processing file /opt/airflow/dags/qwe.py for tasks to queue
[2024-10-11T20:05:53.069+0000] {logging_mixin.py:149} INFO - [2024-10-11T20:05:53.069+0000] {dagbag.py:541} INFO - Filling up the DagBag from /opt/airflow/dags/qwe.py
[2024-10-11T20:05:53.201+0000] {processor.py:836} INFO - DAG(s) dict_keys(['my_first_dag']) retrieved from /opt/airflow/dags/qwe.py
[2024-10-11T20:05:53.279+0000] {logging_mixin.py:149} INFO - [2024-10-11T20:05:53.279+0000] {dag.py:2726} INFO - Sync 1 DAGs
[2024-10-11T20:05:53.339+0000] {logging_mixin.py:149} INFO - [2024-10-11T20:05:53.339+0000] {dag.py:3490} INFO - Setting next_dagrun for my_first_dag to 2024-10-11T11:15:00+00:00, run_after=2024-10-12T11:15:00+00:00
[2024-10-11T20:05:53.403+0000] {processor.py:179} INFO - Processing /opt/airflow/dags/qwe.py took 0.345 seconds
[2024-10-11T20:06:24.783+0000] {processor.py:157} INFO - Started process (PID=329) to work on /opt/airflow/dags/qwe.py
[2024-10-11T20:06:24.786+0000] {processor.py:826} INFO - Processing file /opt/airflow/dags/qwe.py for tasks to queue
[2024-10-11T20:06:24.787+0000] {logging_mixin.py:149} INFO - [2024-10-11T20:06:24.787+0000] {dagbag.py:541} INFO - Filling up the DagBag from /opt/airflow/dags/qwe.py
[2024-10-11T20:06:24.894+0000] {processor.py:836} INFO - DAG(s) dict_keys(['my_first_dag']) retrieved from /opt/airflow/dags/qwe.py
[2024-10-11T20:06:24.944+0000] {logging_mixin.py:149} INFO - [2024-10-11T20:06:24.944+0000] {dag.py:2726} INFO - Sync 1 DAGs
[2024-10-11T20:06:25.002+0000] {logging_mixin.py:149} INFO - [2024-10-11T20:06:25.002+0000] {dag.py:3490} INFO - Setting next_dagrun for my_first_dag to 2024-10-11T11:15:00+00:00, run_after=2024-10-12T11:15:00+00:00
[2024-10-11T20:06:25.055+0000] {processor.py:179} INFO - Processing /opt/airflow/dags/qwe.py took 0.283 seconds
[2024-10-11T20:06:56.437+0000] {processor.py:157} INFO - Started process (PID=356) to work on /opt/airflow/dags/qwe.py
[2024-10-11T20:06:56.439+0000] {processor.py:826} INFO - Processing file /opt/airflow/dags/qwe.py for tasks to queue
[2024-10-11T20:06:56.441+0000] {logging_mixin.py:149} INFO - [2024-10-11T20:06:56.441+0000] {dagbag.py:541} INFO - Filling up the DagBag from /opt/airflow/dags/qwe.py
[2024-10-11T20:06:56.543+0000] {processor.py:836} INFO - DAG(s) dict_keys(['my_first_dag']) retrieved from /opt/airflow/dags/qwe.py
[2024-10-11T20:06:56.603+0000] {logging_mixin.py:149} INFO - [2024-10-11T20:06:56.602+0000] {dag.py:2726} INFO - Sync 1 DAGs
[2024-10-11T20:06:56.668+0000] {logging_mixin.py:149} INFO - [2024-10-11T20:06:56.668+0000] {dag.py:3490} INFO - Setting next_dagrun for my_first_dag to 2024-10-11T11:15:00+00:00, run_after=2024-10-12T11:15:00+00:00
[2024-10-11T20:06:56.729+0000] {processor.py:179} INFO - Processing /opt/airflow/dags/qwe.py took 0.299 seconds
[2024-10-11T20:07:28.135+0000] {processor.py:157} INFO - Started process (PID=383) to work on /opt/airflow/dags/qwe.py
[2024-10-11T20:07:28.137+0000] {processor.py:826} INFO - Processing file /opt/airflow/dags/qwe.py for tasks to queue
[2024-10-11T20:07:28.139+0000] {logging_mixin.py:149} INFO - [2024-10-11T20:07:28.139+0000] {dagbag.py:541} INFO - Filling up the DagBag from /opt/airflow/dags/qwe.py
[2024-10-11T20:07:28.270+0000] {processor.py:836} INFO - DAG(s) dict_keys(['my_first_dag']) retrieved from /opt/airflow/dags/qwe.py
[2024-10-11T20:07:28.298+0000] {logging_mixin.py:149} INFO - [2024-10-11T20:07:28.298+0000] {dag.py:2726} INFO - Sync 1 DAGs
[2024-10-11T20:07:28.361+0000] {logging_mixin.py:149} INFO - [2024-10-11T20:07:28.360+0000] {dag.py:3490} INFO - Setting next_dagrun for my_first_dag to 2024-10-11T11:15:00+00:00, run_after=2024-10-12T11:15:00+00:00
[2024-10-11T20:07:28.409+0000] {processor.py:179} INFO - Processing /opt/airflow/dags/qwe.py took 0.282 seconds
[2024-10-11T20:08:01.538+0000] {processor.py:157} INFO - Started process (PID=410) to work on /opt/airflow/dags/qwe.py
[2024-10-11T20:08:01.541+0000] {processor.py:826} INFO - Processing file /opt/airflow/dags/qwe.py for tasks to queue
[2024-10-11T20:08:01.543+0000] {logging_mixin.py:149} INFO - [2024-10-11T20:08:01.543+0000] {dagbag.py:541} INFO - Filling up the DagBag from /opt/airflow/dags/qwe.py
[2024-10-11T20:08:01.690+0000] {processor.py:836} INFO - DAG(s) dict_keys(['my_first_dag']) retrieved from /opt/airflow/dags/qwe.py
[2024-10-11T20:08:01.774+0000] {logging_mixin.py:149} INFO - [2024-10-11T20:08:01.773+0000] {dag.py:2726} INFO - Sync 1 DAGs
[2024-10-11T20:08:01.848+0000] {logging_mixin.py:149} INFO - [2024-10-11T20:08:01.848+0000] {dag.py:3490} INFO - Setting next_dagrun for my_first_dag to 2024-10-11T11:15:00+00:00, run_after=2024-10-12T11:15:00+00:00
[2024-10-11T20:08:01.905+0000] {processor.py:179} INFO - Processing /opt/airflow/dags/qwe.py took 0.385 seconds
[2024-10-11T20:08:33.557+0000] {processor.py:157} INFO - Started process (PID=437) to work on /opt/airflow/dags/qwe.py
[2024-10-11T20:08:33.560+0000] {processor.py:826} INFO - Processing file /opt/airflow/dags/qwe.py for tasks to queue
[2024-10-11T20:08:33.562+0000] {logging_mixin.py:149} INFO - [2024-10-11T20:08:33.562+0000] {dagbag.py:541} INFO - Filling up the DagBag from /opt/airflow/dags/qwe.py
[2024-10-11T20:08:33.703+0000] {processor.py:836} INFO - DAG(s) dict_keys(['my_first_dag']) retrieved from /opt/airflow/dags/qwe.py
[2024-10-11T20:08:33.774+0000] {logging_mixin.py:149} INFO - [2024-10-11T20:08:33.773+0000] {dag.py:2726} INFO - Sync 1 DAGs
[2024-10-11T20:08:33.834+0000] {logging_mixin.py:149} INFO - [2024-10-11T20:08:33.833+0000] {dag.py:3490} INFO - Setting next_dagrun for my_first_dag to 2024-10-11T11:15:00+00:00, run_after=2024-10-12T11:15:00+00:00
[2024-10-11T20:08:33.888+0000] {processor.py:179} INFO - Processing /opt/airflow/dags/qwe.py took 0.338 seconds
[2024-10-11T20:09:07.664+0000] {processor.py:157} INFO - Started process (PID=464) to work on /opt/airflow/dags/qwe.py
[2024-10-11T20:09:07.669+0000] {processor.py:826} INFO - Processing file /opt/airflow/dags/qwe.py for tasks to queue
[2024-10-11T20:09:07.672+0000] {logging_mixin.py:149} INFO - [2024-10-11T20:09:07.672+0000] {dagbag.py:541} INFO - Filling up the DagBag from /opt/airflow/dags/qwe.py
[2024-10-11T20:09:07.818+0000] {processor.py:836} INFO - DAG(s) dict_keys(['my_first_dag']) retrieved from /opt/airflow/dags/qwe.py
[2024-10-11T20:09:07.884+0000] {logging_mixin.py:149} INFO - [2024-10-11T20:09:07.883+0000] {dag.py:2726} INFO - Sync 1 DAGs
[2024-10-11T20:09:07.947+0000] {logging_mixin.py:149} INFO - [2024-10-11T20:09:07.946+0000] {dag.py:3490} INFO - Setting next_dagrun for my_first_dag to 2024-10-11T11:15:00+00:00, run_after=2024-10-12T11:15:00+00:00
[2024-10-11T20:09:07.999+0000] {processor.py:179} INFO - Processing /opt/airflow/dags/qwe.py took 0.344 seconds
[2024-10-11T20:09:38.113+0000] {processor.py:157} INFO - Started process (PID=466) to work on /opt/airflow/dags/qwe.py
[2024-10-11T20:09:38.115+0000] {processor.py:826} INFO - Processing file /opt/airflow/dags/qwe.py for tasks to queue
[2024-10-11T20:09:38.118+0000] {logging_mixin.py:149} INFO - [2024-10-11T20:09:38.117+0000] {dagbag.py:541} INFO - Filling up the DagBag from /opt/airflow/dags/qwe.py
[2024-10-11T20:09:38.317+0000] {processor.py:836} INFO - DAG(s) dict_keys(['my_first_dag']) retrieved from /opt/airflow/dags/qwe.py
[2024-10-11T20:09:38.383+0000] {logging_mixin.py:149} INFO - [2024-10-11T20:09:38.383+0000] {dag.py:2726} INFO - Sync 1 DAGs
[2024-10-11T20:09:38.447+0000] {logging_mixin.py:149} INFO - [2024-10-11T20:09:38.447+0000] {dag.py:3490} INFO - Setting next_dagrun for my_first_dag to 2024-10-11T11:15:00+00:00, run_after=2024-10-12T11:15:00+00:00
[2024-10-11T20:09:38.514+0000] {processor.py:179} INFO - Processing /opt/airflow/dags/qwe.py took 0.408 seconds
[2024-10-11T20:10:09.085+0000] {processor.py:157} INFO - Started process (PID=492) to work on /opt/airflow/dags/qwe.py
[2024-10-11T20:10:09.087+0000] {processor.py:826} INFO - Processing file /opt/airflow/dags/qwe.py for tasks to queue
[2024-10-11T20:10:09.091+0000] {logging_mixin.py:149} INFO - [2024-10-11T20:10:09.090+0000] {dagbag.py:541} INFO - Filling up the DagBag from /opt/airflow/dags/qwe.py
[2024-10-11T20:10:09.216+0000] {processor.py:836} INFO - DAG(s) dict_keys(['my_first_dag']) retrieved from /opt/airflow/dags/qwe.py
[2024-10-11T20:10:09.266+0000] {logging_mixin.py:149} INFO - [2024-10-11T20:10:09.266+0000] {dag.py:2726} INFO - Sync 1 DAGs
[2024-10-11T20:10:09.327+0000] {logging_mixin.py:149} INFO - [2024-10-11T20:10:09.327+0000] {dag.py:3490} INFO - Setting next_dagrun for my_first_dag to 2024-10-11T11:15:00+00:00, run_after=2024-10-12T11:15:00+00:00
[2024-10-11T20:10:09.371+0000] {processor.py:179} INFO - Processing /opt/airflow/dags/qwe.py took 0.293 seconds
[2024-10-11T20:10:39.981+0000] {processor.py:157} INFO - Started process (PID=519) to work on /opt/airflow/dags/qwe.py
[2024-10-11T20:10:39.984+0000] {processor.py:826} INFO - Processing file /opt/airflow/dags/qwe.py for tasks to queue
[2024-10-11T20:10:39.986+0000] {logging_mixin.py:149} INFO - [2024-10-11T20:10:39.986+0000] {dagbag.py:541} INFO - Filling up the DagBag from /opt/airflow/dags/qwe.py
[2024-10-11T20:10:40.113+0000] {processor.py:836} INFO - DAG(s) dict_keys(['my_first_dag']) retrieved from /opt/airflow/dags/qwe.py
[2024-10-11T20:10:40.906+0000] {logging_mixin.py:149} INFO - [2024-10-11T20:10:40.906+0000] {dag.py:2726} INFO - Sync 1 DAGs
[2024-10-11T20:10:41.443+0000] {logging_mixin.py:149} INFO - [2024-10-11T20:10:41.443+0000] {dag.py:3490} INFO - Setting next_dagrun for my_first_dag to 2024-10-11T11:15:00+00:00, run_after=2024-10-12T11:15:00+00:00
[2024-10-11T20:10:41.526+0000] {processor.py:179} INFO - Processing /opt/airflow/dags/qwe.py took 1.551 seconds
[2024-10-11T20:11:46.815+0000] {processor.py:157} INFO - Started process (PID=59) to work on /opt/airflow/dags/qwe.py
[2024-10-11T20:11:46.818+0000] {processor.py:826} INFO - Processing file /opt/airflow/dags/qwe.py for tasks to queue
[2024-10-11T20:11:46.820+0000] {logging_mixin.py:149} INFO - [2024-10-11T20:11:46.820+0000] {dagbag.py:541} INFO - Filling up the DagBag from /opt/airflow/dags/qwe.py
[2024-10-11T20:11:47.148+0000] {processor.py:836} INFO - DAG(s) dict_keys(['my_first_dag']) retrieved from /opt/airflow/dags/qwe.py
[2024-10-11T20:11:47.194+0000] {logging_mixin.py:149} INFO - [2024-10-11T20:11:47.193+0000] {dag.py:2726} INFO - Sync 1 DAGs
[2024-10-11T20:11:47.289+0000] {logging_mixin.py:149} INFO - [2024-10-11T20:11:47.289+0000] {dag.py:3490} INFO - Setting next_dagrun for my_first_dag to 2024-10-11T11:15:00+00:00, run_after=2024-10-12T11:15:00+00:00
[2024-10-11T20:11:47.709+0000] {processor.py:179} INFO - Processing /opt/airflow/dags/qwe.py took 0.900 seconds
[2024-10-11T20:12:20.868+0000] {processor.py:157} INFO - Started process (PID=86) to work on /opt/airflow/dags/qwe.py
[2024-10-11T20:12:20.871+0000] {processor.py:826} INFO - Processing file /opt/airflow/dags/qwe.py for tasks to queue
[2024-10-11T20:12:20.997+0000] {logging_mixin.py:149} INFO - [2024-10-11T20:12:20.997+0000] {dagbag.py:541} INFO - Filling up the DagBag from /opt/airflow/dags/qwe.py
[2024-10-11T20:12:21.741+0000] {processor.py:836} INFO - DAG(s) dict_keys(['my_first_dag']) retrieved from /opt/airflow/dags/qwe.py
[2024-10-11T20:12:21.800+0000] {logging_mixin.py:149} INFO - [2024-10-11T20:12:21.800+0000] {dag.py:2726} INFO - Sync 1 DAGs
[2024-10-11T20:12:21.871+0000] {logging_mixin.py:149} INFO - [2024-10-11T20:12:21.870+0000] {dag.py:3490} INFO - Setting next_dagrun for my_first_dag to 2024-10-11T11:15:00+00:00, run_after=2024-10-12T11:15:00+00:00
[2024-10-11T20:12:21.941+0000] {processor.py:179} INFO - Processing /opt/airflow/dags/qwe.py took 1.079 seconds
[2024-10-11T20:12:57.846+0000] {processor.py:157} INFO - Started process (PID=113) to work on /opt/airflow/dags/qwe.py
[2024-10-11T20:12:57.849+0000] {processor.py:826} INFO - Processing file /opt/airflow/dags/qwe.py for tasks to queue
[2024-10-11T20:12:57.853+0000] {logging_mixin.py:149} INFO - [2024-10-11T20:12:57.852+0000] {dagbag.py:541} INFO - Filling up the DagBag from /opt/airflow/dags/qwe.py
[2024-10-11T20:12:58.206+0000] {processor.py:836} INFO - DAG(s) dict_keys(['my_first_dag']) retrieved from /opt/airflow/dags/qwe.py
[2024-10-11T20:12:58.296+0000] {logging_mixin.py:149} INFO - [2024-10-11T20:12:58.295+0000] {dag.py:2726} INFO - Sync 1 DAGs
[2024-10-11T20:12:58.381+0000] {logging_mixin.py:149} INFO - [2024-10-11T20:12:58.380+0000] {dag.py:3490} INFO - Setting next_dagrun for my_first_dag to 2024-10-11T11:15:00+00:00, run_after=2024-10-12T11:15:00+00:00
[2024-10-11T20:12:58.444+0000] {processor.py:179} INFO - Processing /opt/airflow/dags/qwe.py took 0.613 seconds
[2024-10-11T20:13:29.677+0000] {processor.py:157} INFO - Started process (PID=140) to work on /opt/airflow/dags/qwe.py
[2024-10-11T20:13:29.680+0000] {processor.py:826} INFO - Processing file /opt/airflow/dags/qwe.py for tasks to queue
[2024-10-11T20:13:29.682+0000] {logging_mixin.py:149} INFO - [2024-10-11T20:13:29.682+0000] {dagbag.py:541} INFO - Filling up the DagBag from /opt/airflow/dags/qwe.py
[2024-10-11T20:13:30.136+0000] {processor.py:836} INFO - DAG(s) dict_keys(['my_first_dag']) retrieved from /opt/airflow/dags/qwe.py
[2024-10-11T20:13:30.196+0000] {logging_mixin.py:149} INFO - [2024-10-11T20:13:30.196+0000] {dag.py:2726} INFO - Sync 1 DAGs
[2024-10-11T20:13:30.256+0000] {logging_mixin.py:149} INFO - [2024-10-11T20:13:30.256+0000] {dag.py:3490} INFO - Setting next_dagrun for my_first_dag to 2024-10-11T11:15:00+00:00, run_after=2024-10-12T11:15:00+00:00
[2024-10-11T20:13:30.309+0000] {processor.py:179} INFO - Processing /opt/airflow/dags/qwe.py took 0.640 seconds
[2024-10-11T20:14:01.525+0000] {processor.py:157} INFO - Started process (PID=167) to work on /opt/airflow/dags/qwe.py
[2024-10-11T20:14:01.528+0000] {processor.py:826} INFO - Processing file /opt/airflow/dags/qwe.py for tasks to queue
[2024-10-11T20:14:01.532+0000] {logging_mixin.py:149} INFO - [2024-10-11T20:14:01.531+0000] {dagbag.py:541} INFO - Filling up the DagBag from /opt/airflow/dags/qwe.py
[2024-10-11T20:14:02.022+0000] {processor.py:836} INFO - DAG(s) dict_keys(['my_first_dag']) retrieved from /opt/airflow/dags/qwe.py
[2024-10-11T20:14:02.090+0000] {logging_mixin.py:149} INFO - [2024-10-11T20:14:02.089+0000] {dag.py:2726} INFO - Sync 1 DAGs
[2024-10-11T20:14:02.169+0000] {logging_mixin.py:149} INFO - [2024-10-11T20:14:02.169+0000] {dag.py:3490} INFO - Setting next_dagrun for my_first_dag to 2024-10-11T11:15:00+00:00, run_after=2024-10-12T11:15:00+00:00
[2024-10-11T20:14:02.235+0000] {processor.py:179} INFO - Processing /opt/airflow/dags/qwe.py took 0.757 seconds
[2024-10-11T20:14:33.273+0000] {processor.py:157} INFO - Started process (PID=194) to work on /opt/airflow/dags/qwe.py
[2024-10-11T20:14:33.275+0000] {processor.py:826} INFO - Processing file /opt/airflow/dags/qwe.py for tasks to queue
[2024-10-11T20:14:33.278+0000] {logging_mixin.py:149} INFO - [2024-10-11T20:14:33.277+0000] {dagbag.py:541} INFO - Filling up the DagBag from /opt/airflow/dags/qwe.py
[2024-10-11T20:14:33.774+0000] {processor.py:836} INFO - DAG(s) dict_keys(['my_first_dag']) retrieved from /opt/airflow/dags/qwe.py
[2024-10-11T20:14:33.845+0000] {logging_mixin.py:149} INFO - [2024-10-11T20:14:33.844+0000] {dag.py:2726} INFO - Sync 1 DAGs
[2024-10-11T20:14:33.922+0000] {logging_mixin.py:149} INFO - [2024-10-11T20:14:33.921+0000] {dag.py:3490} INFO - Setting next_dagrun for my_first_dag to 2024-10-11T11:15:00+00:00, run_after=2024-10-12T11:15:00+00:00
[2024-10-11T20:14:33.968+0000] {processor.py:179} INFO - Processing /opt/airflow/dags/qwe.py took 0.713 seconds
[2024-10-11T20:15:04.633+0000] {processor.py:157} INFO - Started process (PID=221) to work on /opt/airflow/dags/qwe.py
[2024-10-11T20:15:04.635+0000] {processor.py:826} INFO - Processing file /opt/airflow/dags/qwe.py for tasks to queue
[2024-10-11T20:15:04.637+0000] {logging_mixin.py:149} INFO - [2024-10-11T20:15:04.637+0000] {dagbag.py:541} INFO - Filling up the DagBag from /opt/airflow/dags/qwe.py
[2024-10-11T20:15:04.760+0000] {processor.py:836} INFO - DAG(s) dict_keys(['my_first_dag']) retrieved from /opt/airflow/dags/qwe.py
[2024-10-11T20:15:04.824+0000] {logging_mixin.py:149} INFO - [2024-10-11T20:15:04.824+0000] {dag.py:2726} INFO - Sync 1 DAGs
[2024-10-11T20:15:04.910+0000] {logging_mixin.py:149} INFO - [2024-10-11T20:15:04.910+0000] {dag.py:3490} INFO - Setting next_dagrun for my_first_dag to 2024-10-11T11:15:00+00:00, run_after=2024-10-12T11:15:00+00:00
[2024-10-11T20:15:04.974+0000] {processor.py:179} INFO - Processing /opt/airflow/dags/qwe.py took 0.350 seconds
[2024-10-11T20:15:36.393+0000] {processor.py:157} INFO - Started process (PID=248) to work on /opt/airflow/dags/qwe.py
[2024-10-11T20:15:36.395+0000] {processor.py:826} INFO - Processing file /opt/airflow/dags/qwe.py for tasks to queue
[2024-10-11T20:15:36.397+0000] {logging_mixin.py:149} INFO - [2024-10-11T20:15:36.396+0000] {dagbag.py:541} INFO - Filling up the DagBag from /opt/airflow/dags/qwe.py
[2024-10-11T20:15:36.509+0000] {processor.py:836} INFO - DAG(s) dict_keys(['my_first_dag']) retrieved from /opt/airflow/dags/qwe.py
[2024-10-11T20:15:36.575+0000] {logging_mixin.py:149} INFO - [2024-10-11T20:15:36.575+0000] {dag.py:2726} INFO - Sync 1 DAGs
[2024-10-11T20:15:36.679+0000] {logging_mixin.py:149} INFO - [2024-10-11T20:15:36.678+0000] {dag.py:3490} INFO - Setting next_dagrun for my_first_dag to 2024-10-11T11:15:00+00:00, run_after=2024-10-12T11:15:00+00:00
[2024-10-11T20:15:36.744+0000] {processor.py:179} INFO - Processing /opt/airflow/dags/qwe.py took 0.359 seconds
[2024-10-11T20:16:08.116+0000] {processor.py:157} INFO - Started process (PID=275) to work on /opt/airflow/dags/qwe.py
[2024-10-11T20:16:08.119+0000] {processor.py:826} INFO - Processing file /opt/airflow/dags/qwe.py for tasks to queue
[2024-10-11T20:16:08.122+0000] {logging_mixin.py:149} INFO - [2024-10-11T20:16:08.122+0000] {dagbag.py:541} INFO - Filling up the DagBag from /opt/airflow/dags/qwe.py
[2024-10-11T20:16:08.245+0000] {processor.py:836} INFO - DAG(s) dict_keys(['my_first_dag']) retrieved from /opt/airflow/dags/qwe.py
[2024-10-11T20:16:08.312+0000] {logging_mixin.py:149} INFO - [2024-10-11T20:16:08.311+0000] {dag.py:2726} INFO - Sync 1 DAGs
[2024-10-11T20:16:08.392+0000] {logging_mixin.py:149} INFO - [2024-10-11T20:16:08.392+0000] {dag.py:3490} INFO - Setting next_dagrun for my_first_dag to 2024-10-11T11:15:00+00:00, run_after=2024-10-12T11:15:00+00:00
[2024-10-11T20:16:08.451+0000] {processor.py:179} INFO - Processing /opt/airflow/dags/qwe.py took 0.341 seconds
[2024-10-11T20:16:39.761+0000] {processor.py:157} INFO - Started process (PID=302) to work on /opt/airflow/dags/qwe.py
[2024-10-11T20:16:39.764+0000] {processor.py:826} INFO - Processing file /opt/airflow/dags/qwe.py for tasks to queue
[2024-10-11T20:16:39.767+0000] {logging_mixin.py:149} INFO - [2024-10-11T20:16:39.766+0000] {dagbag.py:541} INFO - Filling up the DagBag from /opt/airflow/dags/qwe.py
[2024-10-11T20:16:39.891+0000] {processor.py:836} INFO - DAG(s) dict_keys(['my_first_dag']) retrieved from /opt/airflow/dags/qwe.py
[2024-10-11T20:16:39.953+0000] {logging_mixin.py:149} INFO - [2024-10-11T20:16:39.952+0000] {dag.py:2726} INFO - Sync 1 DAGs
[2024-10-11T20:16:40.012+0000] {logging_mixin.py:149} INFO - [2024-10-11T20:16:40.012+0000] {dag.py:3490} INFO - Setting next_dagrun for my_first_dag to 2024-10-11T11:15:00+00:00, run_after=2024-10-12T11:15:00+00:00
[2024-10-11T20:16:40.083+0000] {processor.py:179} INFO - Processing /opt/airflow/dags/qwe.py took 0.330 seconds
[2024-10-11T20:17:11.476+0000] {processor.py:157} INFO - Started process (PID=329) to work on /opt/airflow/dags/qwe.py
[2024-10-11T20:17:11.478+0000] {processor.py:826} INFO - Processing file /opt/airflow/dags/qwe.py for tasks to queue
[2024-10-11T20:17:11.480+0000] {logging_mixin.py:149} INFO - [2024-10-11T20:17:11.480+0000] {dagbag.py:541} INFO - Filling up the DagBag from /opt/airflow/dags/qwe.py
[2024-10-11T20:17:11.585+0000] {processor.py:836} INFO - DAG(s) dict_keys(['my_first_dag']) retrieved from /opt/airflow/dags/qwe.py
[2024-10-11T20:17:11.641+0000] {logging_mixin.py:149} INFO - [2024-10-11T20:17:11.640+0000] {dag.py:2726} INFO - Sync 1 DAGs
[2024-10-11T20:17:11.709+0000] {logging_mixin.py:149} INFO - [2024-10-11T20:17:11.709+0000] {dag.py:3490} INFO - Setting next_dagrun for my_first_dag to 2024-10-11T11:15:00+00:00, run_after=2024-10-12T11:15:00+00:00
[2024-10-11T20:17:11.757+0000] {processor.py:179} INFO - Processing /opt/airflow/dags/qwe.py took 0.287 seconds
[2024-10-11T20:17:43.112+0000] {processor.py:157} INFO - Started process (PID=356) to work on /opt/airflow/dags/qwe.py
[2024-10-11T20:17:43.115+0000] {processor.py:826} INFO - Processing file /opt/airflow/dags/qwe.py for tasks to queue
[2024-10-11T20:17:43.118+0000] {logging_mixin.py:149} INFO - [2024-10-11T20:17:43.117+0000] {dagbag.py:541} INFO - Filling up the DagBag from /opt/airflow/dags/qwe.py
[2024-10-11T20:17:43.233+0000] {processor.py:836} INFO - DAG(s) dict_keys(['my_first_dag']) retrieved from /opt/airflow/dags/qwe.py
[2024-10-11T20:17:43.295+0000] {logging_mixin.py:149} INFO - [2024-10-11T20:17:43.295+0000] {dag.py:2726} INFO - Sync 1 DAGs
[2024-10-11T20:17:43.369+0000] {logging_mixin.py:149} INFO - [2024-10-11T20:17:43.368+0000] {dag.py:3490} INFO - Setting next_dagrun for my_first_dag to 2024-10-11T11:15:00+00:00, run_after=2024-10-12T11:15:00+00:00
[2024-10-11T20:17:43.447+0000] {processor.py:179} INFO - Processing /opt/airflow/dags/qwe.py took 0.346 seconds
[2024-10-11T20:18:14.670+0000] {processor.py:157} INFO - Started process (PID=383) to work on /opt/airflow/dags/qwe.py
[2024-10-11T20:18:14.672+0000] {processor.py:826} INFO - Processing file /opt/airflow/dags/qwe.py for tasks to queue
[2024-10-11T20:18:14.674+0000] {logging_mixin.py:149} INFO - [2024-10-11T20:18:14.674+0000] {dagbag.py:541} INFO - Filling up the DagBag from /opt/airflow/dags/qwe.py
[2024-10-11T20:18:14.778+0000] {processor.py:836} INFO - DAG(s) dict_keys(['my_first_dag']) retrieved from /opt/airflow/dags/qwe.py
[2024-10-11T20:18:14.856+0000] {logging_mixin.py:149} INFO - [2024-10-11T20:18:14.855+0000] {dag.py:2726} INFO - Sync 1 DAGs
[2024-10-11T20:18:14.926+0000] {logging_mixin.py:149} INFO - [2024-10-11T20:18:14.926+0000] {dag.py:3490} INFO - Setting next_dagrun for my_first_dag to 2024-10-11T11:15:00+00:00, run_after=2024-10-12T11:15:00+00:00
[2024-10-11T20:18:14.981+0000] {processor.py:179} INFO - Processing /opt/airflow/dags/qwe.py took 0.318 seconds
[2024-10-11T20:18:46.254+0000] {processor.py:157} INFO - Started process (PID=410) to work on /opt/airflow/dags/qwe.py
[2024-10-11T20:18:46.257+0000] {processor.py:826} INFO - Processing file /opt/airflow/dags/qwe.py for tasks to queue
[2024-10-11T20:18:46.259+0000] {logging_mixin.py:149} INFO - [2024-10-11T20:18:46.259+0000] {dagbag.py:541} INFO - Filling up the DagBag from /opt/airflow/dags/qwe.py
[2024-10-11T20:18:46.361+0000] {processor.py:836} INFO - DAG(s) dict_keys(['my_first_dag']) retrieved from /opt/airflow/dags/qwe.py
[2024-10-11T20:18:46.418+0000] {logging_mixin.py:149} INFO - [2024-10-11T20:18:46.417+0000] {dag.py:2726} INFO - Sync 1 DAGs
[2024-10-11T20:18:46.491+0000] {logging_mixin.py:149} INFO - [2024-10-11T20:18:46.490+0000] {dag.py:3490} INFO - Setting next_dagrun for my_first_dag to 2024-10-11T11:15:00+00:00, run_after=2024-10-12T11:15:00+00:00
[2024-10-11T20:18:46.551+0000] {processor.py:179} INFO - Processing /opt/airflow/dags/qwe.py took 0.303 seconds
[2024-10-11T20:19:17.825+0000] {processor.py:157} INFO - Started process (PID=437) to work on /opt/airflow/dags/qwe.py
[2024-10-11T20:19:17.827+0000] {processor.py:826} INFO - Processing file /opt/airflow/dags/qwe.py for tasks to queue
[2024-10-11T20:19:17.830+0000] {logging_mixin.py:149} INFO - [2024-10-11T20:19:17.829+0000] {dagbag.py:541} INFO - Filling up the DagBag from /opt/airflow/dags/qwe.py
[2024-10-11T20:19:17.929+0000] {processor.py:836} INFO - DAG(s) dict_keys(['my_first_dag']) retrieved from /opt/airflow/dags/qwe.py
[2024-10-11T20:19:17.986+0000] {logging_mixin.py:149} INFO - [2024-10-11T20:19:17.985+0000] {dag.py:2726} INFO - Sync 1 DAGs
[2024-10-11T20:19:18.062+0000] {logging_mixin.py:149} INFO - [2024-10-11T20:19:18.062+0000] {dag.py:3490} INFO - Setting next_dagrun for my_first_dag to 2024-10-11T11:15:00+00:00, run_after=2024-10-12T11:15:00+00:00
[2024-10-11T20:19:18.138+0000] {processor.py:179} INFO - Processing /opt/airflow/dags/qwe.py took 0.320 seconds
[2024-10-11T20:19:49.434+0000] {processor.py:157} INFO - Started process (PID=464) to work on /opt/airflow/dags/qwe.py
[2024-10-11T20:19:49.437+0000] {processor.py:826} INFO - Processing file /opt/airflow/dags/qwe.py for tasks to queue
[2024-10-11T20:19:49.440+0000] {logging_mixin.py:149} INFO - [2024-10-11T20:19:49.440+0000] {dagbag.py:541} INFO - Filling up the DagBag from /opt/airflow/dags/qwe.py
[2024-10-11T20:19:49.557+0000] {processor.py:836} INFO - DAG(s) dict_keys(['my_first_dag']) retrieved from /opt/airflow/dags/qwe.py
[2024-10-11T20:19:49.630+0000] {logging_mixin.py:149} INFO - [2024-10-11T20:19:49.630+0000] {dag.py:2726} INFO - Sync 1 DAGs
[2024-10-11T20:19:49.690+0000] {logging_mixin.py:149} INFO - [2024-10-11T20:19:49.690+0000] {dag.py:3490} INFO - Setting next_dagrun for my_first_dag to 2024-10-11T11:15:00+00:00, run_after=2024-10-12T11:15:00+00:00
[2024-10-11T20:19:49.738+0000] {processor.py:179} INFO - Processing /opt/airflow/dags/qwe.py took 0.317 seconds
[2024-10-11T20:20:20.982+0000] {processor.py:157} INFO - Started process (PID=491) to work on /opt/airflow/dags/qwe.py
[2024-10-11T20:20:20.985+0000] {processor.py:826} INFO - Processing file /opt/airflow/dags/qwe.py for tasks to queue
[2024-10-11T20:20:20.987+0000] {logging_mixin.py:149} INFO - [2024-10-11T20:20:20.987+0000] {dagbag.py:541} INFO - Filling up the DagBag from /opt/airflow/dags/qwe.py
[2024-10-11T20:20:21.122+0000] {processor.py:836} INFO - DAG(s) dict_keys(['my_first_dag']) retrieved from /opt/airflow/dags/qwe.py
[2024-10-11T20:20:21.180+0000] {logging_mixin.py:149} INFO - [2024-10-11T20:20:21.180+0000] {dag.py:2726} INFO - Sync 1 DAGs
[2024-10-11T20:20:21.245+0000] {logging_mixin.py:149} INFO - [2024-10-11T20:20:21.245+0000] {dag.py:3490} INFO - Setting next_dagrun for my_first_dag to 2024-10-11T11:15:00+00:00, run_after=2024-10-12T11:15:00+00:00
[2024-10-11T20:20:21.295+0000] {processor.py:179} INFO - Processing /opt/airflow/dags/qwe.py took 0.321 seconds
[2024-10-11T20:20:52.673+0000] {processor.py:157} INFO - Started process (PID=518) to work on /opt/airflow/dags/qwe.py
[2024-10-11T20:20:52.675+0000] {processor.py:826} INFO - Processing file /opt/airflow/dags/qwe.py for tasks to queue
[2024-10-11T20:20:52.677+0000] {logging_mixin.py:149} INFO - [2024-10-11T20:20:52.677+0000] {dagbag.py:541} INFO - Filling up the DagBag from /opt/airflow/dags/qwe.py
[2024-10-11T20:20:52.798+0000] {processor.py:836} INFO - DAG(s) dict_keys(['my_first_dag']) retrieved from /opt/airflow/dags/qwe.py
[2024-10-11T20:20:52.864+0000] {logging_mixin.py:149} INFO - [2024-10-11T20:20:52.863+0000] {dag.py:2726} INFO - Sync 1 DAGs
[2024-10-11T20:20:52.939+0000] {logging_mixin.py:149} INFO - [2024-10-11T20:20:52.938+0000] {dag.py:3490} INFO - Setting next_dagrun for my_first_dag to 2024-10-11T11:15:00+00:00, run_after=2024-10-12T11:15:00+00:00
[2024-10-11T20:20:52.999+0000] {processor.py:179} INFO - Processing /opt/airflow/dags/qwe.py took 0.332 seconds
[2024-10-11T20:21:24.282+0000] {processor.py:157} INFO - Started process (PID=545) to work on /opt/airflow/dags/qwe.py
[2024-10-11T20:21:24.285+0000] {processor.py:826} INFO - Processing file /opt/airflow/dags/qwe.py for tasks to queue
[2024-10-11T20:21:24.287+0000] {logging_mixin.py:149} INFO - [2024-10-11T20:21:24.287+0000] {dagbag.py:541} INFO - Filling up the DagBag from /opt/airflow/dags/qwe.py
[2024-10-11T20:21:24.401+0000] {processor.py:836} INFO - DAG(s) dict_keys(['my_first_dag']) retrieved from /opt/airflow/dags/qwe.py
[2024-10-11T20:21:24.479+0000] {logging_mixin.py:149} INFO - [2024-10-11T20:21:24.478+0000] {dag.py:2726} INFO - Sync 1 DAGs
[2024-10-11T20:21:24.557+0000] {logging_mixin.py:149} INFO - [2024-10-11T20:21:24.556+0000] {dag.py:3490} INFO - Setting next_dagrun for my_first_dag to 2024-10-11T11:15:00+00:00, run_after=2024-10-12T11:15:00+00:00
[2024-10-11T20:21:24.607+0000] {processor.py:179} INFO - Processing /opt/airflow/dags/qwe.py took 0.331 seconds
[2024-10-11T20:21:55.887+0000] {processor.py:157} INFO - Started process (PID=572) to work on /opt/airflow/dags/qwe.py
[2024-10-11T20:21:55.889+0000] {processor.py:826} INFO - Processing file /opt/airflow/dags/qwe.py for tasks to queue
[2024-10-11T20:21:55.892+0000] {logging_mixin.py:149} INFO - [2024-10-11T20:21:55.891+0000] {dagbag.py:541} INFO - Filling up the DagBag from /opt/airflow/dags/qwe.py
[2024-10-11T20:21:56.014+0000] {processor.py:836} INFO - DAG(s) dict_keys(['my_first_dag']) retrieved from /opt/airflow/dags/qwe.py
[2024-10-11T20:21:56.073+0000] {logging_mixin.py:149} INFO - [2024-10-11T20:21:56.073+0000] {dag.py:2726} INFO - Sync 1 DAGs
[2024-10-11T20:21:56.132+0000] {logging_mixin.py:149} INFO - [2024-10-11T20:21:56.132+0000] {dag.py:3490} INFO - Setting next_dagrun for my_first_dag to 2024-10-11T11:15:00+00:00, run_after=2024-10-12T11:15:00+00:00
[2024-10-11T20:21:56.200+0000] {processor.py:179} INFO - Processing /opt/airflow/dags/qwe.py took 0.321 seconds
[2024-10-11T20:22:27.473+0000] {processor.py:157} INFO - Started process (PID=599) to work on /opt/airflow/dags/qwe.py
[2024-10-11T20:22:27.475+0000] {processor.py:826} INFO - Processing file /opt/airflow/dags/qwe.py for tasks to queue
[2024-10-11T20:22:27.478+0000] {logging_mixin.py:149} INFO - [2024-10-11T20:22:27.478+0000] {dagbag.py:541} INFO - Filling up the DagBag from /opt/airflow/dags/qwe.py
[2024-10-11T20:22:27.589+0000] {processor.py:836} INFO - DAG(s) dict_keys(['my_first_dag']) retrieved from /opt/airflow/dags/qwe.py
[2024-10-11T20:22:27.649+0000] {logging_mixin.py:149} INFO - [2024-10-11T20:22:27.649+0000] {dag.py:2726} INFO - Sync 1 DAGs
[2024-10-11T20:22:27.724+0000] {logging_mixin.py:149} INFO - [2024-10-11T20:22:27.723+0000] {dag.py:3490} INFO - Setting next_dagrun for my_first_dag to 2024-10-11T11:15:00+00:00, run_after=2024-10-12T11:15:00+00:00
[2024-10-11T20:22:27.797+0000] {processor.py:179} INFO - Processing /opt/airflow/dags/qwe.py took 0.331 seconds
[2024-10-11T20:22:59.122+0000] {processor.py:157} INFO - Started process (PID=626) to work on /opt/airflow/dags/qwe.py
[2024-10-11T20:22:59.126+0000] {processor.py:826} INFO - Processing file /opt/airflow/dags/qwe.py for tasks to queue
[2024-10-11T20:22:59.129+0000] {logging_mixin.py:149} INFO - [2024-10-11T20:22:59.128+0000] {dagbag.py:541} INFO - Filling up the DagBag from /opt/airflow/dags/qwe.py
[2024-10-11T20:22:59.241+0000] {processor.py:836} INFO - DAG(s) dict_keys(['my_first_dag']) retrieved from /opt/airflow/dags/qwe.py
[2024-10-11T20:22:59.301+0000] {logging_mixin.py:149} INFO - [2024-10-11T20:22:59.300+0000] {dag.py:2726} INFO - Sync 1 DAGs
[2024-10-11T20:22:59.390+0000] {logging_mixin.py:149} INFO - [2024-10-11T20:22:59.389+0000] {dag.py:3490} INFO - Setting next_dagrun for my_first_dag to 2024-10-11T11:15:00+00:00, run_after=2024-10-12T11:15:00+00:00
[2024-10-11T20:22:59.460+0000] {processor.py:179} INFO - Processing /opt/airflow/dags/qwe.py took 0.347 seconds
[2024-10-11T20:23:30.800+0000] {processor.py:157} INFO - Started process (PID=653) to work on /opt/airflow/dags/qwe.py
[2024-10-11T20:23:30.802+0000] {processor.py:826} INFO - Processing file /opt/airflow/dags/qwe.py for tasks to queue
[2024-10-11T20:23:30.804+0000] {logging_mixin.py:149} INFO - [2024-10-11T20:23:30.804+0000] {dagbag.py:541} INFO - Filling up the DagBag from /opt/airflow/dags/qwe.py
[2024-10-11T20:23:30.907+0000] {processor.py:836} INFO - DAG(s) dict_keys(['my_first_dag']) retrieved from /opt/airflow/dags/qwe.py
[2024-10-11T20:23:30.960+0000] {logging_mixin.py:149} INFO - [2024-10-11T20:23:30.960+0000] {dag.py:2726} INFO - Sync 1 DAGs
[2024-10-11T20:23:31.021+0000] {logging_mixin.py:149} INFO - [2024-10-11T20:23:31.021+0000] {dag.py:3490} INFO - Setting next_dagrun for my_first_dag to 2024-10-11T11:15:00+00:00, run_after=2024-10-12T11:15:00+00:00
[2024-10-11T20:23:31.087+0000] {processor.py:179} INFO - Processing /opt/airflow/dags/qwe.py took 0.293 seconds
[2024-10-11T20:24:02.380+0000] {processor.py:157} INFO - Started process (PID=680) to work on /opt/airflow/dags/qwe.py
[2024-10-11T20:24:02.383+0000] {processor.py:826} INFO - Processing file /opt/airflow/dags/qwe.py for tasks to queue
[2024-10-11T20:24:02.386+0000] {logging_mixin.py:149} INFO - [2024-10-11T20:24:02.385+0000] {dagbag.py:541} INFO - Filling up the DagBag from /opt/airflow/dags/qwe.py
[2024-10-11T20:24:02.494+0000] {processor.py:836} INFO - DAG(s) dict_keys(['my_first_dag']) retrieved from /opt/airflow/dags/qwe.py
[2024-10-11T20:24:02.545+0000] {logging_mixin.py:149} INFO - [2024-10-11T20:24:02.545+0000] {dag.py:2726} INFO - Sync 1 DAGs
[2024-10-11T20:24:02.602+0000] {logging_mixin.py:149} INFO - [2024-10-11T20:24:02.601+0000] {dag.py:3490} INFO - Setting next_dagrun for my_first_dag to 2024-10-11T11:15:00+00:00, run_after=2024-10-12T11:15:00+00:00
[2024-10-11T20:24:02.648+0000] {processor.py:179} INFO - Processing /opt/airflow/dags/qwe.py took 0.275 seconds
[2024-10-11T20:24:33.959+0000] {processor.py:157} INFO - Started process (PID=707) to work on /opt/airflow/dags/qwe.py
[2024-10-11T20:24:33.962+0000] {processor.py:826} INFO - Processing file /opt/airflow/dags/qwe.py for tasks to queue
[2024-10-11T20:24:33.964+0000] {logging_mixin.py:149} INFO - [2024-10-11T20:24:33.963+0000] {dagbag.py:541} INFO - Filling up the DagBag from /opt/airflow/dags/qwe.py
[2024-10-11T20:24:34.060+0000] {processor.py:836} INFO - DAG(s) dict_keys(['my_first_dag']) retrieved from /opt/airflow/dags/qwe.py
[2024-10-11T20:24:34.120+0000] {logging_mixin.py:149} INFO - [2024-10-11T20:24:34.120+0000] {dag.py:2726} INFO - Sync 1 DAGs
[2024-10-11T20:24:34.182+0000] {logging_mixin.py:149} INFO - [2024-10-11T20:24:34.181+0000] {dag.py:3490} INFO - Setting next_dagrun for my_first_dag to 2024-10-11T11:15:00+00:00, run_after=2024-10-12T11:15:00+00:00
[2024-10-11T20:24:34.240+0000] {processor.py:179} INFO - Processing /opt/airflow/dags/qwe.py took 0.288 seconds
[2024-10-11T20:25:05.687+0000] {processor.py:157} INFO - Started process (PID=734) to work on /opt/airflow/dags/qwe.py
[2024-10-11T20:25:05.689+0000] {processor.py:826} INFO - Processing file /opt/airflow/dags/qwe.py for tasks to queue
[2024-10-11T20:25:05.692+0000] {logging_mixin.py:149} INFO - [2024-10-11T20:25:05.691+0000] {dagbag.py:541} INFO - Filling up the DagBag from /opt/airflow/dags/qwe.py
[2024-10-11T20:25:05.797+0000] {processor.py:836} INFO - DAG(s) dict_keys(['my_first_dag']) retrieved from /opt/airflow/dags/qwe.py
[2024-10-11T20:25:05.871+0000] {logging_mixin.py:149} INFO - [2024-10-11T20:25:05.870+0000] {dag.py:2726} INFO - Sync 1 DAGs
[2024-10-11T20:25:05.959+0000] {logging_mixin.py:149} INFO - [2024-10-11T20:25:05.959+0000] {dag.py:3490} INFO - Setting next_dagrun for my_first_dag to 2024-10-11T11:15:00+00:00, run_after=2024-10-12T11:15:00+00:00
[2024-10-11T20:25:06.023+0000] {processor.py:179} INFO - Processing /opt/airflow/dags/qwe.py took 0.344 seconds
[2024-10-11T20:25:37.360+0000] {processor.py:157} INFO - Started process (PID=761) to work on /opt/airflow/dags/qwe.py
[2024-10-11T20:25:37.363+0000] {processor.py:826} INFO - Processing file /opt/airflow/dags/qwe.py for tasks to queue
[2024-10-11T20:25:37.364+0000] {logging_mixin.py:149} INFO - [2024-10-11T20:25:37.364+0000] {dagbag.py:541} INFO - Filling up the DagBag from /opt/airflow/dags/qwe.py
[2024-10-11T20:25:37.482+0000] {processor.py:836} INFO - DAG(s) dict_keys(['my_first_dag']) retrieved from /opt/airflow/dags/qwe.py
[2024-10-11T20:25:37.557+0000] {logging_mixin.py:149} INFO - [2024-10-11T20:25:37.556+0000] {dag.py:2726} INFO - Sync 1 DAGs
[2024-10-11T20:25:37.639+0000] {logging_mixin.py:149} INFO - [2024-10-11T20:25:37.638+0000] {dag.py:3490} INFO - Setting next_dagrun for my_first_dag to 2024-10-11T11:15:00+00:00, run_after=2024-10-12T11:15:00+00:00
[2024-10-11T20:25:37.688+0000] {processor.py:179} INFO - Processing /opt/airflow/dags/qwe.py took 0.335 seconds
[2024-10-11T20:26:08.907+0000] {processor.py:157} INFO - Started process (PID=788) to work on /opt/airflow/dags/qwe.py
[2024-10-11T20:26:08.910+0000] {processor.py:826} INFO - Processing file /opt/airflow/dags/qwe.py for tasks to queue
[2024-10-11T20:26:08.912+0000] {logging_mixin.py:149} INFO - [2024-10-11T20:26:08.912+0000] {dagbag.py:541} INFO - Filling up the DagBag from /opt/airflow/dags/qwe.py
[2024-10-11T20:26:09.015+0000] {processor.py:836} INFO - DAG(s) dict_keys(['my_first_dag']) retrieved from /opt/airflow/dags/qwe.py
[2024-10-11T20:26:09.074+0000] {logging_mixin.py:149} INFO - [2024-10-11T20:26:09.073+0000] {dag.py:2726} INFO - Sync 1 DAGs
[2024-10-11T20:26:09.134+0000] {logging_mixin.py:149} INFO - [2024-10-11T20:26:09.134+0000] {dag.py:3490} INFO - Setting next_dagrun for my_first_dag to 2024-10-11T11:15:00+00:00, run_after=2024-10-12T11:15:00+00:00
[2024-10-11T20:26:09.189+0000] {processor.py:179} INFO - Processing /opt/airflow/dags/qwe.py took 0.288 seconds
[2024-10-11T20:26:40.593+0000] {processor.py:157} INFO - Started process (PID=815) to work on /opt/airflow/dags/qwe.py
[2024-10-11T20:26:40.596+0000] {processor.py:826} INFO - Processing file /opt/airflow/dags/qwe.py for tasks to queue
[2024-10-11T20:26:40.598+0000] {logging_mixin.py:149} INFO - [2024-10-11T20:26:40.598+0000] {dagbag.py:541} INFO - Filling up the DagBag from /opt/airflow/dags/qwe.py
[2024-10-11T20:26:40.735+0000] {processor.py:836} INFO - DAG(s) dict_keys(['my_first_dag']) retrieved from /opt/airflow/dags/qwe.py
[2024-10-11T20:26:40.794+0000] {logging_mixin.py:149} INFO - [2024-10-11T20:26:40.794+0000] {dag.py:2726} INFO - Sync 1 DAGs
[2024-10-11T20:26:40.857+0000] {logging_mixin.py:149} INFO - [2024-10-11T20:26:40.857+0000] {dag.py:3490} INFO - Setting next_dagrun for my_first_dag to 2024-10-11T11:15:00+00:00, run_after=2024-10-12T11:15:00+00:00
[2024-10-11T20:26:40.910+0000] {processor.py:179} INFO - Processing /opt/airflow/dags/qwe.py took 0.324 seconds
[2024-10-11T20:27:12.246+0000] {processor.py:157} INFO - Started process (PID=842) to work on /opt/airflow/dags/qwe.py
[2024-10-11T20:27:12.249+0000] {processor.py:826} INFO - Processing file /opt/airflow/dags/qwe.py for tasks to queue
[2024-10-11T20:27:12.253+0000] {logging_mixin.py:149} INFO - [2024-10-11T20:27:12.252+0000] {dagbag.py:541} INFO - Filling up the DagBag from /opt/airflow/dags/qwe.py
[2024-10-11T20:27:12.390+0000] {processor.py:836} INFO - DAG(s) dict_keys(['my_first_dag']) retrieved from /opt/airflow/dags/qwe.py
[2024-10-11T20:27:12.460+0000] {logging_mixin.py:149} INFO - [2024-10-11T20:27:12.459+0000] {dag.py:2726} INFO - Sync 1 DAGs
[2024-10-11T20:27:12.526+0000] {logging_mixin.py:149} INFO - [2024-10-11T20:27:12.526+0000] {dag.py:3490} INFO - Setting next_dagrun for my_first_dag to 2024-10-11T11:15:00+00:00, run_after=2024-10-12T11:15:00+00:00
[2024-10-11T20:27:12.578+0000] {processor.py:179} INFO - Processing /opt/airflow/dags/qwe.py took 0.343 seconds
[2024-10-11T20:27:43.861+0000] {processor.py:157} INFO - Started process (PID=869) to work on /opt/airflow/dags/qwe.py
[2024-10-11T20:27:43.863+0000] {processor.py:826} INFO - Processing file /opt/airflow/dags/qwe.py for tasks to queue
[2024-10-11T20:27:43.865+0000] {logging_mixin.py:149} INFO - [2024-10-11T20:27:43.864+0000] {dagbag.py:541} INFO - Filling up the DagBag from /opt/airflow/dags/qwe.py
[2024-10-11T20:27:43.967+0000] {processor.py:836} INFO - DAG(s) dict_keys(['my_first_dag']) retrieved from /opt/airflow/dags/qwe.py
[2024-10-11T20:27:44.027+0000] {logging_mixin.py:149} INFO - [2024-10-11T20:27:44.027+0000] {dag.py:2726} INFO - Sync 1 DAGs
[2024-10-11T20:27:44.087+0000] {logging_mixin.py:149} INFO - [2024-10-11T20:27:44.087+0000] {dag.py:3490} INFO - Setting next_dagrun for my_first_dag to 2024-10-11T11:15:00+00:00, run_after=2024-10-12T11:15:00+00:00
[2024-10-11T20:27:44.146+0000] {processor.py:179} INFO - Processing /opt/airflow/dags/qwe.py took 0.292 seconds
[2024-10-11T20:28:15.677+0000] {processor.py:157} INFO - Started process (PID=896) to work on /opt/airflow/dags/qwe.py
[2024-10-11T20:28:15.680+0000] {processor.py:826} INFO - Processing file /opt/airflow/dags/qwe.py for tasks to queue
[2024-10-11T20:28:15.682+0000] {logging_mixin.py:149} INFO - [2024-10-11T20:28:15.682+0000] {dagbag.py:541} INFO - Filling up the DagBag from /opt/airflow/dags/qwe.py
[2024-10-11T20:28:15.827+0000] {processor.py:836} INFO - DAG(s) dict_keys(['my_first_dag']) retrieved from /opt/airflow/dags/qwe.py
[2024-10-11T20:28:15.897+0000] {logging_mixin.py:149} INFO - [2024-10-11T20:28:15.897+0000] {dag.py:2726} INFO - Sync 1 DAGs
[2024-10-11T20:28:15.981+0000] {logging_mixin.py:149} INFO - [2024-10-11T20:28:15.980+0000] {dag.py:3490} INFO - Setting next_dagrun for my_first_dag to 2024-10-11T11:15:00+00:00, run_after=2024-10-12T11:15:00+00:00
[2024-10-11T20:28:16.045+0000] {processor.py:179} INFO - Processing /opt/airflow/dags/qwe.py took 0.376 seconds
[2024-10-11T20:28:47.217+0000] {processor.py:157} INFO - Started process (PID=923) to work on /opt/airflow/dags/qwe.py
[2024-10-11T20:28:47.220+0000] {processor.py:826} INFO - Processing file /opt/airflow/dags/qwe.py for tasks to queue
[2024-10-11T20:28:47.222+0000] {logging_mixin.py:149} INFO - [2024-10-11T20:28:47.222+0000] {dagbag.py:541} INFO - Filling up the DagBag from /opt/airflow/dags/qwe.py
[2024-10-11T20:28:47.349+0000] {processor.py:836} INFO - DAG(s) dict_keys(['my_first_dag']) retrieved from /opt/airflow/dags/qwe.py
[2024-10-11T20:28:47.407+0000] {logging_mixin.py:149} INFO - [2024-10-11T20:28:47.406+0000] {dag.py:2726} INFO - Sync 1 DAGs
[2024-10-11T20:28:47.467+0000] {logging_mixin.py:149} INFO - [2024-10-11T20:28:47.466+0000] {dag.py:3490} INFO - Setting next_dagrun for my_first_dag to 2024-10-11T11:15:00+00:00, run_after=2024-10-12T11:15:00+00:00
[2024-10-11T20:28:47.514+0000] {processor.py:179} INFO - Processing /opt/airflow/dags/qwe.py took 0.305 seconds
[2024-10-11T20:29:18.991+0000] {processor.py:157} INFO - Started process (PID=950) to work on /opt/airflow/dags/qwe.py
[2024-10-11T20:29:18.994+0000] {processor.py:826} INFO - Processing file /opt/airflow/dags/qwe.py for tasks to queue
[2024-10-11T20:29:18.996+0000] {logging_mixin.py:149} INFO - [2024-10-11T20:29:18.995+0000] {dagbag.py:541} INFO - Filling up the DagBag from /opt/airflow/dags/qwe.py
[2024-10-11T20:29:19.107+0000] {processor.py:836} INFO - DAG(s) dict_keys(['my_first_dag']) retrieved from /opt/airflow/dags/qwe.py
[2024-10-11T20:29:19.171+0000] {logging_mixin.py:149} INFO - [2024-10-11T20:29:19.170+0000] {dag.py:2726} INFO - Sync 1 DAGs
[2024-10-11T20:29:19.272+0000] {logging_mixin.py:149} INFO - [2024-10-11T20:29:19.271+0000] {dag.py:3490} INFO - Setting next_dagrun for my_first_dag to 2024-10-11T11:15:00+00:00, run_after=2024-10-12T11:15:00+00:00
[2024-10-11T20:29:19.337+0000] {processor.py:179} INFO - Processing /opt/airflow/dags/qwe.py took 0.352 seconds
[2024-10-11T20:29:50.659+0000] {processor.py:157} INFO - Started process (PID=977) to work on /opt/airflow/dags/qwe.py
[2024-10-11T20:29:50.663+0000] {processor.py:826} INFO - Processing file /opt/airflow/dags/qwe.py for tasks to queue
[2024-10-11T20:29:50.665+0000] {logging_mixin.py:149} INFO - [2024-10-11T20:29:50.665+0000] {dagbag.py:541} INFO - Filling up the DagBag from /opt/airflow/dags/qwe.py
[2024-10-11T20:29:50.773+0000] {processor.py:836} INFO - DAG(s) dict_keys(['my_first_dag']) retrieved from /opt/airflow/dags/qwe.py
[2024-10-11T20:29:50.849+0000] {logging_mixin.py:149} INFO - [2024-10-11T20:29:50.849+0000] {dag.py:2726} INFO - Sync 1 DAGs
[2024-10-11T20:29:50.915+0000] {logging_mixin.py:149} INFO - [2024-10-11T20:29:50.914+0000] {dag.py:3490} INFO - Setting next_dagrun for my_first_dag to 2024-10-11T11:15:00+00:00, run_after=2024-10-12T11:15:00+00:00
[2024-10-11T20:29:50.968+0000] {processor.py:179} INFO - Processing /opt/airflow/dags/qwe.py took 0.319 seconds
[2024-10-11T20:30:22.405+0000] {processor.py:157} INFO - Started process (PID=1004) to work on /opt/airflow/dags/qwe.py
[2024-10-11T20:30:22.407+0000] {processor.py:826} INFO - Processing file /opt/airflow/dags/qwe.py for tasks to queue
[2024-10-11T20:30:22.410+0000] {logging_mixin.py:149} INFO - [2024-10-11T20:30:22.409+0000] {dagbag.py:541} INFO - Filling up the DagBag from /opt/airflow/dags/qwe.py
[2024-10-11T20:30:22.549+0000] {processor.py:836} INFO - DAG(s) dict_keys(['my_first_dag']) retrieved from /opt/airflow/dags/qwe.py
[2024-10-11T20:30:22.608+0000] {logging_mixin.py:149} INFO - [2024-10-11T20:30:22.608+0000] {dag.py:2726} INFO - Sync 1 DAGs
[2024-10-11T20:30:22.676+0000] {logging_mixin.py:149} INFO - [2024-10-11T20:30:22.676+0000] {dag.py:3490} INFO - Setting next_dagrun for my_first_dag to 2024-10-11T11:15:00+00:00, run_after=2024-10-12T11:15:00+00:00
[2024-10-11T20:30:22.729+0000] {processor.py:179} INFO - Processing /opt/airflow/dags/qwe.py took 0.332 seconds
[2024-10-11T20:30:54.007+0000] {processor.py:157} INFO - Started process (PID=1031) to work on /opt/airflow/dags/qwe.py
[2024-10-11T20:30:54.010+0000] {processor.py:826} INFO - Processing file /opt/airflow/dags/qwe.py for tasks to queue
[2024-10-11T20:30:54.012+0000] {logging_mixin.py:149} INFO - [2024-10-11T20:30:54.011+0000] {dagbag.py:541} INFO - Filling up the DagBag from /opt/airflow/dags/qwe.py
[2024-10-11T20:30:54.117+0000] {processor.py:836} INFO - DAG(s) dict_keys(['my_first_dag']) retrieved from /opt/airflow/dags/qwe.py
[2024-10-11T20:30:54.185+0000] {logging_mixin.py:149} INFO - [2024-10-11T20:30:54.185+0000] {dag.py:2726} INFO - Sync 1 DAGs
[2024-10-11T20:30:54.247+0000] {logging_mixin.py:149} INFO - [2024-10-11T20:30:54.247+0000] {dag.py:3490} INFO - Setting next_dagrun for my_first_dag to 2024-10-11T11:15:00+00:00, run_after=2024-10-12T11:15:00+00:00
[2024-10-11T20:30:54.296+0000] {processor.py:179} INFO - Processing /opt/airflow/dags/qwe.py took 0.295 seconds
[2024-10-11T20:31:25.783+0000] {processor.py:157} INFO - Started process (PID=1058) to work on /opt/airflow/dags/qwe.py
[2024-10-11T20:31:25.785+0000] {processor.py:826} INFO - Processing file /opt/airflow/dags/qwe.py for tasks to queue
[2024-10-11T20:31:25.788+0000] {logging_mixin.py:149} INFO - [2024-10-11T20:31:25.787+0000] {dagbag.py:541} INFO - Filling up the DagBag from /opt/airflow/dags/qwe.py
[2024-10-11T20:31:25.898+0000] {processor.py:836} INFO - DAG(s) dict_keys(['my_first_dag']) retrieved from /opt/airflow/dags/qwe.py
[2024-10-11T20:31:25.955+0000] {logging_mixin.py:149} INFO - [2024-10-11T20:31:25.955+0000] {dag.py:2726} INFO - Sync 1 DAGs
[2024-10-11T20:31:26.019+0000] {logging_mixin.py:149} INFO - [2024-10-11T20:31:26.019+0000] {dag.py:3490} INFO - Setting next_dagrun for my_first_dag to 2024-10-11T11:15:00+00:00, run_after=2024-10-12T11:15:00+00:00
[2024-10-11T20:31:26.071+0000] {processor.py:179} INFO - Processing /opt/airflow/dags/qwe.py took 0.297 seconds
[2024-10-11T20:31:57.634+0000] {processor.py:157} INFO - Started process (PID=1085) to work on /opt/airflow/dags/qwe.py
[2024-10-11T20:31:57.637+0000] {processor.py:826} INFO - Processing file /opt/airflow/dags/qwe.py for tasks to queue
[2024-10-11T20:31:57.639+0000] {logging_mixin.py:149} INFO - [2024-10-11T20:31:57.639+0000] {dagbag.py:541} INFO - Filling up the DagBag from /opt/airflow/dags/qwe.py
[2024-10-11T20:31:57.740+0000] {processor.py:836} INFO - DAG(s) dict_keys(['my_first_dag']) retrieved from /opt/airflow/dags/qwe.py
[2024-10-11T20:31:57.801+0000] {logging_mixin.py:149} INFO - [2024-10-11T20:31:57.801+0000] {dag.py:2726} INFO - Sync 1 DAGs
[2024-10-11T20:31:57.863+0000] {logging_mixin.py:149} INFO - [2024-10-11T20:31:57.862+0000] {dag.py:3490} INFO - Setting next_dagrun for my_first_dag to 2024-10-11T11:15:00+00:00, run_after=2024-10-12T11:15:00+00:00
[2024-10-11T20:31:57.912+0000] {processor.py:179} INFO - Processing /opt/airflow/dags/qwe.py took 0.285 seconds
[2024-10-11T20:32:29.502+0000] {processor.py:157} INFO - Started process (PID=1112) to work on /opt/airflow/dags/qwe.py
[2024-10-11T20:32:29.512+0000] {processor.py:826} INFO - Processing file /opt/airflow/dags/qwe.py for tasks to queue
[2024-10-11T20:32:29.515+0000] {logging_mixin.py:149} INFO - [2024-10-11T20:32:29.514+0000] {dagbag.py:541} INFO - Filling up the DagBag from /opt/airflow/dags/qwe.py
[2024-10-11T20:32:29.666+0000] {processor.py:836} INFO - DAG(s) dict_keys(['my_first_dag']) retrieved from /opt/airflow/dags/qwe.py
[2024-10-11T20:32:29.755+0000] {logging_mixin.py:149} INFO - [2024-10-11T20:32:29.754+0000] {dag.py:2726} INFO - Sync 1 DAGs
[2024-10-11T20:32:29.833+0000] {logging_mixin.py:149} INFO - [2024-10-11T20:32:29.833+0000] {dag.py:3490} INFO - Setting next_dagrun for my_first_dag to 2024-10-11T11:15:00+00:00, run_after=2024-10-12T11:15:00+00:00
[2024-10-11T20:32:29.885+0000] {processor.py:179} INFO - Processing /opt/airflow/dags/qwe.py took 0.389 seconds
[2024-10-11T20:33:01.262+0000] {processor.py:157} INFO - Started process (PID=1139) to work on /opt/airflow/dags/qwe.py
[2024-10-11T20:33:01.264+0000] {processor.py:826} INFO - Processing file /opt/airflow/dags/qwe.py for tasks to queue
[2024-10-11T20:33:01.267+0000] {logging_mixin.py:149} INFO - [2024-10-11T20:33:01.266+0000] {dagbag.py:541} INFO - Filling up the DagBag from /opt/airflow/dags/qwe.py
[2024-10-11T20:33:01.379+0000] {processor.py:836} INFO - DAG(s) dict_keys(['my_first_dag']) retrieved from /opt/airflow/dags/qwe.py
[2024-10-11T20:33:01.435+0000] {logging_mixin.py:149} INFO - [2024-10-11T20:33:01.434+0000] {dag.py:2726} INFO - Sync 1 DAGs
[2024-10-11T20:33:01.525+0000] {logging_mixin.py:149} INFO - [2024-10-11T20:33:01.524+0000] {dag.py:3490} INFO - Setting next_dagrun for my_first_dag to 2024-10-11T11:15:00+00:00, run_after=2024-10-12T11:15:00+00:00
[2024-10-11T20:33:01.640+0000] {processor.py:179} INFO - Processing /opt/airflow/dags/qwe.py took 0.386 seconds
[2024-10-11T20:33:32.886+0000] {processor.py:157} INFO - Started process (PID=1166) to work on /opt/airflow/dags/qwe.py
[2024-10-11T20:33:32.888+0000] {processor.py:826} INFO - Processing file /opt/airflow/dags/qwe.py for tasks to queue
[2024-10-11T20:33:32.890+0000] {logging_mixin.py:149} INFO - [2024-10-11T20:33:32.890+0000] {dagbag.py:541} INFO - Filling up the DagBag from /opt/airflow/dags/qwe.py
[2024-10-11T20:33:33.032+0000] {processor.py:836} INFO - DAG(s) dict_keys(['my_first_dag']) retrieved from /opt/airflow/dags/qwe.py
[2024-10-11T20:33:33.128+0000] {logging_mixin.py:149} INFO - [2024-10-11T20:33:33.128+0000] {dag.py:2726} INFO - Sync 1 DAGs
[2024-10-11T20:33:33.197+0000] {logging_mixin.py:149} INFO - [2024-10-11T20:33:33.197+0000] {dag.py:3490} INFO - Setting next_dagrun for my_first_dag to 2024-10-11T11:15:00+00:00, run_after=2024-10-12T11:15:00+00:00
[2024-10-11T20:33:33.242+0000] {processor.py:179} INFO - Processing /opt/airflow/dags/qwe.py took 0.363 seconds
[2024-10-11T20:34:04.474+0000] {processor.py:157} INFO - Started process (PID=1193) to work on /opt/airflow/dags/qwe.py
[2024-10-11T20:34:04.477+0000] {processor.py:826} INFO - Processing file /opt/airflow/dags/qwe.py for tasks to queue
[2024-10-11T20:34:04.480+0000] {logging_mixin.py:149} INFO - [2024-10-11T20:34:04.479+0000] {dagbag.py:541} INFO - Filling up the DagBag from /opt/airflow/dags/qwe.py
[2024-10-11T20:34:04.594+0000] {processor.py:836} INFO - DAG(s) dict_keys(['my_first_dag']) retrieved from /opt/airflow/dags/qwe.py
[2024-10-11T20:34:04.653+0000] {logging_mixin.py:149} INFO - [2024-10-11T20:34:04.653+0000] {dag.py:2726} INFO - Sync 1 DAGs
[2024-10-11T20:34:04.716+0000] {logging_mixin.py:149} INFO - [2024-10-11T20:34:04.715+0000] {dag.py:3490} INFO - Setting next_dagrun for my_first_dag to 2024-10-11T11:15:00+00:00, run_after=2024-10-12T11:15:00+00:00
[2024-10-11T20:34:04.772+0000] {processor.py:179} INFO - Processing /opt/airflow/dags/qwe.py took 0.305 seconds
[2024-10-11T20:34:36.194+0000] {processor.py:157} INFO - Started process (PID=1220) to work on /opt/airflow/dags/qwe.py
[2024-10-11T20:34:36.197+0000] {processor.py:826} INFO - Processing file /opt/airflow/dags/qwe.py for tasks to queue
[2024-10-11T20:34:36.200+0000] {logging_mixin.py:149} INFO - [2024-10-11T20:34:36.199+0000] {dagbag.py:541} INFO - Filling up the DagBag from /opt/airflow/dags/qwe.py
[2024-10-11T20:34:36.300+0000] {processor.py:836} INFO - DAG(s) dict_keys(['my_first_dag']) retrieved from /opt/airflow/dags/qwe.py
[2024-10-11T20:34:36.359+0000] {logging_mixin.py:149} INFO - [2024-10-11T20:34:36.358+0000] {dag.py:2726} INFO - Sync 1 DAGs
[2024-10-11T20:34:36.420+0000] {logging_mixin.py:149} INFO - [2024-10-11T20:34:36.420+0000] {dag.py:3490} INFO - Setting next_dagrun for my_first_dag to 2024-10-11T11:15:00+00:00, run_after=2024-10-12T11:15:00+00:00
[2024-10-11T20:34:36.470+0000] {processor.py:179} INFO - Processing /opt/airflow/dags/qwe.py took 0.285 seconds
[2024-10-11T20:35:07.906+0000] {processor.py:157} INFO - Started process (PID=1247) to work on /opt/airflow/dags/qwe.py
[2024-10-11T20:35:07.908+0000] {processor.py:826} INFO - Processing file /opt/airflow/dags/qwe.py for tasks to queue
[2024-10-11T20:35:07.910+0000] {logging_mixin.py:149} INFO - [2024-10-11T20:35:07.909+0000] {dagbag.py:541} INFO - Filling up the DagBag from /opt/airflow/dags/qwe.py
[2024-10-11T20:35:08.014+0000] {processor.py:836} INFO - DAG(s) dict_keys(['my_first_dag']) retrieved from /opt/airflow/dags/qwe.py
[2024-10-11T20:35:08.077+0000] {logging_mixin.py:149} INFO - [2024-10-11T20:35:08.076+0000] {dag.py:2726} INFO - Sync 1 DAGs
[2024-10-11T20:35:08.194+0000] {logging_mixin.py:149} INFO - [2024-10-11T20:35:08.193+0000] {dag.py:3490} INFO - Setting next_dagrun for my_first_dag to 2024-10-11T11:15:00+00:00, run_after=2024-10-12T11:15:00+00:00
[2024-10-11T20:35:08.262+0000] {processor.py:179} INFO - Processing /opt/airflow/dags/qwe.py took 0.363 seconds
[2024-10-11T20:35:39.650+0000] {processor.py:157} INFO - Started process (PID=1274) to work on /opt/airflow/dags/qwe.py
[2024-10-11T20:35:39.653+0000] {processor.py:826} INFO - Processing file /opt/airflow/dags/qwe.py for tasks to queue
[2024-10-11T20:35:39.655+0000] {logging_mixin.py:149} INFO - [2024-10-11T20:35:39.655+0000] {dagbag.py:541} INFO - Filling up the DagBag from /opt/airflow/dags/qwe.py
[2024-10-11T20:35:39.768+0000] {processor.py:836} INFO - DAG(s) dict_keys(['my_first_dag']) retrieved from /opt/airflow/dags/qwe.py
[2024-10-11T20:35:39.868+0000] {logging_mixin.py:149} INFO - [2024-10-11T20:35:39.868+0000] {dag.py:2726} INFO - Sync 1 DAGs
[2024-10-11T20:35:39.954+0000] {logging_mixin.py:149} INFO - [2024-10-11T20:35:39.953+0000] {dag.py:3490} INFO - Setting next_dagrun for my_first_dag to 2024-10-11T11:15:00+00:00, run_after=2024-10-12T11:15:00+00:00
[2024-10-11T20:35:40.009+0000] {processor.py:179} INFO - Processing /opt/airflow/dags/qwe.py took 0.367 seconds
[2024-10-11T20:36:11.252+0000] {processor.py:157} INFO - Started process (PID=1301) to work on /opt/airflow/dags/qwe.py
[2024-10-11T20:36:11.254+0000] {processor.py:826} INFO - Processing file /opt/airflow/dags/qwe.py for tasks to queue
[2024-10-11T20:36:11.256+0000] {logging_mixin.py:149} INFO - [2024-10-11T20:36:11.256+0000] {dagbag.py:541} INFO - Filling up the DagBag from /opt/airflow/dags/qwe.py
[2024-10-11T20:36:11.368+0000] {processor.py:836} INFO - DAG(s) dict_keys(['my_first_dag']) retrieved from /opt/airflow/dags/qwe.py
[2024-10-11T20:36:11.442+0000] {logging_mixin.py:149} INFO - [2024-10-11T20:36:11.441+0000] {dag.py:2726} INFO - Sync 1 DAGs
[2024-10-11T20:36:11.519+0000] {logging_mixin.py:149} INFO - [2024-10-11T20:36:11.519+0000] {dag.py:3490} INFO - Setting next_dagrun for my_first_dag to 2024-10-11T11:15:00+00:00, run_after=2024-10-12T11:15:00+00:00
[2024-10-11T20:36:11.582+0000] {processor.py:179} INFO - Processing /opt/airflow/dags/qwe.py took 0.337 seconds
[2024-10-11T20:36:42.882+0000] {processor.py:157} INFO - Started process (PID=1328) to work on /opt/airflow/dags/qwe.py
[2024-10-11T20:36:42.885+0000] {processor.py:826} INFO - Processing file /opt/airflow/dags/qwe.py for tasks to queue
[2024-10-11T20:36:42.887+0000] {logging_mixin.py:149} INFO - [2024-10-11T20:36:42.886+0000] {dagbag.py:541} INFO - Filling up the DagBag from /opt/airflow/dags/qwe.py
[2024-10-11T20:36:43.018+0000] {processor.py:836} INFO - DAG(s) dict_keys(['my_first_dag']) retrieved from /opt/airflow/dags/qwe.py
[2024-10-11T20:36:43.088+0000] {logging_mixin.py:149} INFO - [2024-10-11T20:36:43.087+0000] {dag.py:2726} INFO - Sync 1 DAGs
[2024-10-11T20:36:43.149+0000] {logging_mixin.py:149} INFO - [2024-10-11T20:36:43.148+0000] {dag.py:3490} INFO - Setting next_dagrun for my_first_dag to 2024-10-11T11:15:00+00:00, run_after=2024-10-12T11:15:00+00:00
[2024-10-11T20:36:43.211+0000] {processor.py:179} INFO - Processing /opt/airflow/dags/qwe.py took 0.335 seconds
