[2024-11-04T17:50:02.825+0000] {warnings.py:110} WARNING - /home/***/.local/lib/python3.7/site-packages/***/utils/sqlalchemy.py:124: DeprecationWarning: The sql_alchemy_conn option in [core] has been moved to the sql_alchemy_conn option in [database] - the old setting has been used, but please update your config.
  return not conf.get("database", "sql_alchemy_conn").startswith("mssql")

[2024-11-04T17:50:03.075+0000] {taskinstance.py:1103} INFO - Dependencies all met for dep_context=non-requeueable deps ti=<TaskInstance: api_binance_dag1.SOL scheduled__2024-11-02T09:00:00+00:00 [queued]>
[2024-11-04T17:50:03.103+0000] {taskinstance.py:1103} INFO - Dependencies all met for dep_context=requeueable deps ti=<TaskInstance: api_binance_dag1.SOL scheduled__2024-11-02T09:00:00+00:00 [queued]>
[2024-11-04T17:50:03.104+0000] {taskinstance.py:1308} INFO - Starting attempt 1 of 3
[2024-11-04T17:50:03.154+0000] {taskinstance.py:1327} INFO - Executing <Task(PythonOperator): SOL> on 2024-11-02 09:00:00+00:00
[2024-11-04T17:50:03.183+0000] {standard_task_runner.py:57} INFO - Started process 77 to run task
[2024-11-04T17:50:03.190+0000] {standard_task_runner.py:84} INFO - Running: ['***', 'tasks', 'run', 'api_binance_dag1', 'SOL', 'scheduled__2024-11-02T09:00:00+00:00', '--job-id', '993', '--raw', '--subdir', 'DAGS_FOLDER/binance.Dag1.py', '--cfg-path', '/tmp/tmpypo29gm8']
[2024-11-04T17:50:03.194+0000] {standard_task_runner.py:85} INFO - Job 993: Subtask SOL
[2024-11-04T17:50:03.248+0000] {warnings.py:110} WARNING - /home/***/.local/lib/python3.7/site-packages/***/settings.py:195: DeprecationWarning: The sql_alchemy_conn option in [core] has been moved to the sql_alchemy_conn option in [database] - the old setting has been used, but please update your config.
  SQL_ALCHEMY_CONN = conf.get("database", "SQL_ALCHEMY_CONN")

[2024-11-04T17:50:03.319+0000] {task_command.py:410} INFO - Running <TaskInstance: api_binance_dag1.SOL scheduled__2024-11-02T09:00:00+00:00 [running]> on host 3e776c2a96a1
[2024-11-04T17:50:03.338+0000] {warnings.py:110} WARNING - /home/***/.local/lib/python3.7/site-packages/***/utils/sqlalchemy.py:124: DeprecationWarning: The sql_alchemy_conn option in [core] has been moved to the sql_alchemy_conn option in [database] - the old setting has been used, but please update your config.
  return not conf.get("database", "sql_alchemy_conn").startswith("mssql")

[2024-11-04T17:50:03.510+0000] {taskinstance.py:1547} INFO - Exporting env vars: AIRFLOW_CTX_DAG_OWNER='Danil' AIRFLOW_CTX_DAG_ID='api_binance_dag1' AIRFLOW_CTX_TASK_ID='SOL' AIRFLOW_CTX_EXECUTION_DATE='2024-11-02T09:00:00+00:00' AIRFLOW_CTX_TRY_NUMBER='1' AIRFLOW_CTX_DAG_RUN_ID='scheduled__2024-11-02T09:00:00+00:00'
[2024-11-04T17:50:04.322+0000] {logging_mixin.py:149} INFO - Pushed to XCom: Key: SOL, Value: [[1729900800000, '164.91000000', '173.25000000', '162.43000000', '170.88000000', '3010702.79600000', 1729987199999, '505678400.81293000', 1497920, '1642701.61900000', '276044366.21096000', '0'], [1729987200000, '170.87000000', '178.27000000', '170.26000000', '176.63000000', '2606131.77100000', 1730073599999, '456430957.53051000', 1472999, '1361175.88800000', '238376056.55902000', '0'], [1730073600000, '176.63000000', '179.80000000', '172.45000000', '178.29000000', '3877330.22100000', 1730159999999, '682720697.43000000', 2015079, '1912481.68800000', '336903342.37208000', '0'], [1730160000000, '178.28000000', '183.38000000', '176.41000000', '179.42000000', '4046109.93900000', 1730246399999, '729686178.77882000', 2186480, '2112665.61000000', '381174432.25332000', '0'], [1730246400000, '179.43000000', '181.36000000', '173.01000000', '174.87000000', '2893112.75100000', 1730332799999, '510367902.92025000', 1693721, '1334986.16900000', '235674260.08567000', '0'], [1730332800000, '174.87000000', '176.56000000', '167.56000000', '168.69000000', '2661529.29800000', 1730419199999, '458128321.23974000', 1555163, '1237625.20400000', '213029931.42414000', '0'], [1730419200000, '168.69000000', '174.00000000', '163.43000000', '166.10000000', '3325662.44700000', 1730505599999, '557854086.52407000', 2057625, '1640877.84000000', '275304311.27734000', '0'], [1730505600000, '166.11000000', '168.61000000', '162.11000000', '166.17000000', '1603273.60300000', 1730591999999, '264909940.27946000', 985042, '756762.30500000', '125181814.03891000', '0'], [1730592000000, '166.16000000', '166.61000000', '157.82000000', '162.53000000', '2745309.82900000', 1730678399999, '443630725.97122000', 1259979, '1290394.65000000', '208509927.88514000', '0'], [1730678400000, '162.52000000', '165.04000000', '159.24000000', '159.35000000', '2237327.34800000', 1730764799999, '363687217.87754000', 1337557, '1007783.52400000', '163803839.50649000', '0']]
[2024-11-04T17:50:04.324+0000] {python.py:183} INFO - Done. Returned value was: None
[2024-11-04T17:50:04.339+0000] {taskinstance.py:1350} INFO - Marking task as SUCCESS. dag_id=api_binance_dag1, task_id=SOL, execution_date=20241102T090000, start_date=20241104T175003, end_date=20241104T175004
[2024-11-04T17:50:04.407+0000] {local_task_job_runner.py:225} INFO - Task exited with return code 0
[2024-11-04T17:50:04.483+0000] {taskinstance.py:2653} INFO - 0 downstream tasks scheduled from follow-on schedule check
