[2024-10-21T15:45:44.560+0000] {warnings.py:110} WARNING - /home/***/.local/lib/python3.7/site-packages/***/utils/sqlalchemy.py:124: DeprecationWarning: The sql_alchemy_conn option in [core] has been moved to the sql_alchemy_conn option in [database] - the old setting has been used, but please update your config.
  return not conf.get("database", "sql_alchemy_conn").startswith("mssql")

[2024-10-21T15:45:44.744+0000] {taskinstance.py:1103} INFO - Dependencies all met for dep_context=non-requeueable deps ti=<TaskInstance: api_binance_dag1.SUI scheduled__2024-10-17T09:00:00+00:00 [queued]>
[2024-10-21T15:45:44.780+0000] {taskinstance.py:1103} INFO - Dependencies all met for dep_context=requeueable deps ti=<TaskInstance: api_binance_dag1.SUI scheduled__2024-10-17T09:00:00+00:00 [queued]>
[2024-10-21T15:45:44.781+0000] {taskinstance.py:1308} INFO - Starting attempt 1 of 6
[2024-10-21T15:45:44.830+0000] {taskinstance.py:1327} INFO - Executing <Task(PythonOperator): SUI> on 2024-10-17 09:00:00+00:00
[2024-10-21T15:45:44.847+0000] {standard_task_runner.py:57} INFO - Started process 294 to run task
[2024-10-21T15:45:44.861+0000] {standard_task_runner.py:84} INFO - Running: ['***', 'tasks', 'run', 'api_binance_dag1', 'SUI', 'scheduled__2024-10-17T09:00:00+00:00', '--job-id', '338', '--raw', '--subdir', 'DAGS_FOLDER/binance.Dag1.py', '--cfg-path', '/tmp/tmphwk2d7bz']
[2024-10-21T15:45:44.866+0000] {standard_task_runner.py:85} INFO - Job 338: Subtask SUI
[2024-10-21T15:45:44.918+0000] {warnings.py:110} WARNING - /home/***/.local/lib/python3.7/site-packages/***/settings.py:195: DeprecationWarning: The sql_alchemy_conn option in [core] has been moved to the sql_alchemy_conn option in [database] - the old setting has been used, but please update your config.
  SQL_ALCHEMY_CONN = conf.get("database", "SQL_ALCHEMY_CONN")

[2024-10-21T15:45:45.041+0000] {task_command.py:410} INFO - Running <TaskInstance: api_binance_dag1.SUI scheduled__2024-10-17T09:00:00+00:00 [running]> on host 3e776c2a96a1
[2024-10-21T15:45:45.075+0000] {warnings.py:110} WARNING - /home/***/.local/lib/python3.7/site-packages/***/utils/sqlalchemy.py:124: DeprecationWarning: The sql_alchemy_conn option in [core] has been moved to the sql_alchemy_conn option in [database] - the old setting has been used, but please update your config.
  return not conf.get("database", "sql_alchemy_conn").startswith("mssql")

[2024-10-21T15:45:47.121+0000] {taskinstance.py:1547} INFO - Exporting env vars: AIRFLOW_CTX_DAG_OWNER='Danil' AIRFLOW_CTX_DAG_ID='api_binance_dag1' AIRFLOW_CTX_TASK_ID='SUI' AIRFLOW_CTX_EXECUTION_DATE='2024-10-17T09:00:00+00:00' AIRFLOW_CTX_TRY_NUMBER='1' AIRFLOW_CTX_DAG_RUN_ID='scheduled__2024-10-17T09:00:00+00:00'
[2024-10-21T15:45:47.738+0000] {logging_mixin.py:149} INFO - Pushed to XCom: Key: SUI, Value: [[1728691200000, '2.05400000', '2.28820000', '2.00320000', '2.24150000', '130700373.50000000', 1728777599999, '282217223.15618000', 626545, '70457852.40000000', '152187562.12109000', '0'], [1728777600000, '2.24200000', '2.36800000', '2.12350000', '2.34380000', '115307630.40000000', 1728863999999, '257246254.55338000', 601981, '63935745.30000000', '142780521.81575000', '0'], [1728864000000, '2.34360000', '2.34980000', '2.20890000', '2.25010000', '123867777.80000000', 1728950399999, '279339299.37788000', 606974, '64387391.10000000', '145188173.15865000', '0'], [1728950400000, '2.25020000', '2.27480000', '1.97250000', '2.05970000', '186775464.60000000', 1729036799999, '398485577.82408000', 899990, '95215669.40000000', '203179815.94014000', '0'], [1729036800000, '2.05960000', '2.15520000', '1.97580000', '2.08280000', '108691392.50000000', 1729123199999, '223139408.24499000', 590614, '54813380.40000000', '112567119.70752000', '0'], [1729123200000, '2.08290000', '2.16310000', '1.99730000', '2.02490000', '85940364.80000000', 1729209599999, '178692389.06436000', 478913, '42321624.80000000', '87972056.43493000', '0'], [1729209600000, '2.02480000', '2.15280000', '2.00880000', '2.12560000', '58367169.70000000', 1729295999999, '121453608.31129000', 341335, '30364428.60000000', '63173014.71093000', '0']]
[2024-10-21T15:45:47.742+0000] {python.py:183} INFO - Done. Returned value was: None
[2024-10-21T15:45:47.774+0000] {taskinstance.py:1350} INFO - Marking task as SUCCESS. dag_id=api_binance_dag1, task_id=SUI, execution_date=20241017T090000, start_date=20241021T154544, end_date=20241021T154547
[2024-10-21T15:45:47.856+0000] {local_task_job_runner.py:225} INFO - Task exited with return code 0
[2024-10-21T15:45:48.097+0000] {taskinstance.py:2653} INFO - 0 downstream tasks scheduled from follow-on schedule check
