[2024-10-23T20:35:39.097+0000] {taskinstance.py:1103} INFO - Dependencies all met for dep_context=non-requeueable deps ti=<TaskInstance: api_binance_dag1.draw_smth_graphs manual__2024-10-23T20:29:24.335519+00:00 [queued]>
[2024-10-23T20:35:39.112+0000] {taskinstance.py:1103} INFO - Dependencies all met for dep_context=requeueable deps ti=<TaskInstance: api_binance_dag1.draw_smth_graphs manual__2024-10-23T20:29:24.335519+00:00 [queued]>
[2024-10-23T20:35:39.113+0000] {taskinstance.py:1308} INFO - Starting attempt 1 of 3
[2024-10-23T20:35:39.133+0000] {taskinstance.py:1327} INFO - Executing <Task(PythonOperator): draw_smth_graphs> on 2024-10-23 20:29:24.335519+00:00
[2024-10-23T20:35:39.140+0000] {standard_task_runner.py:57} INFO - Started process 152 to run task
[2024-10-23T20:35:39.145+0000] {standard_task_runner.py:84} INFO - Running: ['***', 'tasks', 'run', 'api_binance_dag1', 'draw_smth_graphs', 'manual__2024-10-23T20:29:24.335519+00:00', '--job-id', '506', '--raw', '--subdir', 'DAGS_FOLDER/binance.Dag1.py', '--cfg-path', '/tmp/tmpul3hf3jc']
[2024-10-23T20:35:39.147+0000] {standard_task_runner.py:85} INFO - Job 506: Subtask draw_smth_graphs
[2024-10-23T20:35:39.164+0000] {warnings.py:110} WARNING - /home/***/.local/lib/python3.7/site-packages/***/settings.py:195: DeprecationWarning: The sql_alchemy_conn option in [core] has been moved to the sql_alchemy_conn option in [database] - the old setting has been used, but please update your config.
  SQL_ALCHEMY_CONN = conf.get("database", "SQL_ALCHEMY_CONN")

[2024-10-23T20:35:39.210+0000] {task_command.py:410} INFO - Running <TaskInstance: api_binance_dag1.draw_smth_graphs manual__2024-10-23T20:29:24.335519+00:00 [running]> on host 3e776c2a96a1
[2024-10-23T20:35:39.344+0000] {taskinstance.py:1547} INFO - Exporting env vars: AIRFLOW_CTX_DAG_OWNER='Danil' AIRFLOW_CTX_DAG_ID='api_binance_dag1' AIRFLOW_CTX_TASK_ID='draw_smth_graphs' AIRFLOW_CTX_EXECUTION_DATE='2024-10-23T20:29:24.335519+00:00' AIRFLOW_CTX_TRY_NUMBER='1' AIRFLOW_CTX_DAG_RUN_ID='manual__2024-10-23T20:29:24.335519+00:00'
[2024-10-23T20:35:39.402+0000] {logging_mixin.py:149} INFO -   Имя монеты  Дата открытия    Open    High     Low   Close
0       STRK  1728864000000  0.4205  0.4489  0.4144  0.4409
1       STRK  1728950400000  0.4410  0.4447  0.4121  0.4255
2       STRK  1729036800000  0.4255  0.4327  0.4085  0.4133
3       STRK  1729123200000  0.4133  0.4205  0.3871  0.3927
4       STRK  1729209600000  0.3928  0.4094  0.3866  0.4046
5       STRK  1729296000000  0.4047  0.4149  0.3945  0.4081
6       STRK  1729382400000  0.4083  0.4380  0.3997  0.4338
[2024-10-23T20:35:39.403+0000] {python.py:183} INFO - Done. Returned value was: None
[2024-10-23T20:35:39.419+0000] {taskinstance.py:1350} INFO - Marking task as SUCCESS. dag_id=api_binance_dag1, task_id=draw_smth_graphs, execution_date=20241023T202924, start_date=20241023T203539, end_date=20241023T203539
[2024-10-23T20:35:39.478+0000] {local_task_job_runner.py:225} INFO - Task exited with return code 0
[2024-10-23T20:35:39.504+0000] {taskinstance.py:2653} INFO - 0 downstream tasks scheduled from follow-on schedule check
