[2024-11-01T20:00:37.327+0000] {warnings.py:110} WARNING - /home/***/.local/lib/python3.7/site-packages/***/utils/sqlalchemy.py:124: DeprecationWarning: The sql_alchemy_conn option in [core] has been moved to the sql_alchemy_conn option in [database] - the old setting has been used, but please update your config.
  return not conf.get("database", "sql_alchemy_conn").startswith("mssql")

[2024-11-01T20:00:39.577+0000] {taskinstance.py:1103} INFO - Dependencies all met for dep_context=non-requeueable deps ti=<TaskInstance: api_binance_dag1.STRK scheduled__2024-10-30T09:00:00+00:00 [queued]>
[2024-11-01T20:00:39.607+0000] {taskinstance.py:1103} INFO - Dependencies all met for dep_context=requeueable deps ti=<TaskInstance: api_binance_dag1.STRK scheduled__2024-10-30T09:00:00+00:00 [queued]>
[2024-11-01T20:00:39.609+0000] {taskinstance.py:1308} INFO - Starting attempt 1 of 3
[2024-11-01T20:00:39.682+0000] {taskinstance.py:1327} INFO - Executing <Task(PythonOperator): STRK> on 2024-10-30 09:00:00+00:00
[2024-11-01T20:00:39.698+0000] {standard_task_runner.py:57} INFO - Started process 236 to run task
[2024-11-01T20:00:39.703+0000] {standard_task_runner.py:84} INFO - Running: ['***', 'tasks', 'run', 'api_binance_dag1', 'STRK', 'scheduled__2024-10-30T09:00:00+00:00', '--job-id', '799', '--raw', '--subdir', 'DAGS_FOLDER/binance.Dag1.py', '--cfg-path', '/tmp/tmpvyp9omsh']
[2024-11-01T20:00:39.708+0000] {standard_task_runner.py:85} INFO - Job 799: Subtask STRK
[2024-11-01T20:00:49.752+0000] {cli_action_loggers.py:135} WARNING - Failed to log action (psycopg2.OperationalError) could not translate host name "postgres" to address: Temporary failure in name resolution

(Background on this error at: https://sqlalche.me/e/14/e3q8)
[2024-11-01T20:00:49.817+0000] {warnings.py:110} WARNING - /home/***/.local/lib/python3.7/site-packages/***/settings.py:195: DeprecationWarning: The sql_alchemy_conn option in [core] has been moved to the sql_alchemy_conn option in [database] - the old setting has been used, but please update your config.
  SQL_ALCHEMY_CONN = conf.get("database", "SQL_ALCHEMY_CONN")

[2024-11-01T20:00:50.610+0000] {task_command.py:410} INFO - Running <TaskInstance: api_binance_dag1.STRK scheduled__2024-10-30T09:00:00+00:00 [running]> on host 3e776c2a96a1
[2024-11-01T20:00:50.661+0000] {warnings.py:110} WARNING - /home/***/.local/lib/python3.7/site-packages/***/utils/sqlalchemy.py:124: DeprecationWarning: The sql_alchemy_conn option in [core] has been moved to the sql_alchemy_conn option in [database] - the old setting has been used, but please update your config.
  return not conf.get("database", "sql_alchemy_conn").startswith("mssql")

[2024-11-01T20:00:51.073+0000] {taskinstance.py:1547} INFO - Exporting env vars: AIRFLOW_CTX_DAG_OWNER='Danil' AIRFLOW_CTX_DAG_ID='api_binance_dag1' AIRFLOW_CTX_TASK_ID='STRK' AIRFLOW_CTX_EXECUTION_DATE='2024-10-30T09:00:00+00:00' AIRFLOW_CTX_TRY_NUMBER='1' AIRFLOW_CTX_DAG_RUN_ID='scheduled__2024-10-30T09:00:00+00:00'
[2024-11-01T20:00:52.203+0000] {logging_mixin.py:149} INFO - Pushed to XCom: Key: STRK, Value: [[1729641600000, '0.42270000', '0.42570000', '0.38420000', '0.39970000', '37532161.00000000', 1729727999999, '15149839.06955100', 65835, '17318285.82000000', '6995512.18174600', '0'], [1729728000000, '0.39980000', '0.40980000', '0.39240000', '0.40140000', '27211990.18000000', 1729814399999, '10931170.62249900', 45529, '13307541.18000000', '5346924.82923200', '0'], [1729814400000, '0.40140000', '0.40520000', '0.34390000', '0.35990000', '40638236.54000000', 1729900799999, '15452328.66953500', 71367, '19428687.24000000', '7386391.58413300', '0'], [1729900800000, '0.35970000', '0.37280000', '0.35210000', '0.37030000', '34762947.22000000', 1729987199999, '12609289.86683300', 46767, '17799811.43000000', '6449884.70928300', '0'], [1729987200000, '0.37020000', '0.38640000', '0.36610000', '0.37860000', '15896715.97000000', 1730073599999, '5963579.49090000', 26694, '6626436.45000000', '2482519.78471000', '0'], [1730073600000, '0.37870000', '0.38490000', '0.36160000', '0.37670000', '29409855.10000000', 1730159999999, '10960313.99301700', 47539, '13602649.33000000', '5062820.15388100', '0'], [1730160000000, '0.37680000', '0.39970000', '0.37650000', '0.39420000', '26740214.23000000', 1730246399999, '10407959.46187700', 46999, '12375541.54000000', '4815873.36530700', '0'], [1730246400000, '0.39420000', '0.40630000', '0.38620000', '0.39230000', '28846178.17000000', 1730332799999, '11391782.07814400', 48662, '13482480.72000000', '5321571.06756700', '0'], [1730332800000, '0.39240000', '0.39440000', '0.36490000', '0.37100000', '27378549.80000000', 1730419199999, '10395003.75597900', 43905, '13980464.62000000', '5320819.07974400', '0'], [1730419200000, '0.37090000', '0.38040000', '0.35950000', '0.36710000', '20590946.34000000', 1730505599999, '7580147.24849300', 31581, '9535793.91000000', '3511247.59504900', '0']]
[2024-11-01T20:00:52.209+0000] {python.py:183} INFO - Done. Returned value was: None
[2024-11-01T20:00:52.232+0000] {taskinstance.py:1350} INFO - Marking task as SUCCESS. dag_id=api_binance_dag1, task_id=STRK, execution_date=20241030T090000, start_date=20241101T200039, end_date=20241101T200052
[2024-11-01T20:00:52.380+0000] {local_task_job_runner.py:225} INFO - Task exited with return code 0
[2024-11-01T20:00:52.488+0000] {taskinstance.py:2653} INFO - 0 downstream tasks scheduled from follow-on schedule check
