[2024-10-28T21:26:11.223+0000] {taskinstance.py:1103} INFO - Dependencies all met for dep_context=non-requeueable deps ti=<TaskInstance: api_binance_dag1.union_data_to_df manual__2024-10-28T21:20:05.359616+00:00 [queued]>
[2024-10-28T21:26:11.246+0000] {taskinstance.py:1103} INFO - Dependencies all met for dep_context=requeueable deps ti=<TaskInstance: api_binance_dag1.union_data_to_df manual__2024-10-28T21:20:05.359616+00:00 [queued]>
[2024-10-28T21:26:11.247+0000] {taskinstance.py:1308} INFO - Starting attempt 1 of 3
[2024-10-28T21:26:11.272+0000] {taskinstance.py:1327} INFO - Executing <Task(PythonOperator): union_data_to_df> on 2024-10-28 21:20:05.359616+00:00
[2024-10-28T21:26:11.283+0000] {standard_task_runner.py:57} INFO - Started process 271 to run task
[2024-10-28T21:26:11.288+0000] {standard_task_runner.py:84} INFO - Running: ['***', 'tasks', 'run', 'api_binance_dag1', 'union_data_to_df', 'manual__2024-10-28T21:20:05.359616+00:00', '--job-id', '738', '--raw', '--subdir', 'DAGS_FOLDER/binance.Dag1.py', '--cfg-path', '/tmp/tmpmae61ayc']
[2024-10-28T21:26:11.291+0000] {standard_task_runner.py:85} INFO - Job 738: Subtask union_data_to_df
[2024-10-28T21:26:11.311+0000] {warnings.py:110} WARNING - /home/***/.local/lib/python3.7/site-packages/***/settings.py:195: DeprecationWarning: The sql_alchemy_conn option in [core] has been moved to the sql_alchemy_conn option in [database] - the old setting has been used, but please update your config.
  SQL_ALCHEMY_CONN = conf.get("database", "SQL_ALCHEMY_CONN")

[2024-10-28T21:26:11.368+0000] {task_command.py:410} INFO - Running <TaskInstance: api_binance_dag1.union_data_to_df manual__2024-10-28T21:20:05.359616+00:00 [running]> on host 3e776c2a96a1
[2024-10-28T21:26:11.524+0000] {taskinstance.py:1547} INFO - Exporting env vars: AIRFLOW_CTX_DAG_OWNER='Danil' AIRFLOW_CTX_DAG_ID='api_binance_dag1' AIRFLOW_CTX_TASK_ID='union_data_to_df' AIRFLOW_CTX_EXECUTION_DATE='2024-10-28T21:20:05.359616+00:00' AIRFLOW_CTX_TRY_NUMBER='1' AIRFLOW_CTX_DAG_RUN_ID='manual__2024-10-28T21:20:05.359616+00:00'
[2024-10-28T21:26:11.776+0000] {category.py:234} INFO - Using categorical units to plot a list of strings that are all parsable as floats or dates. If these strings should be plotted as numbers, cast to the appropriate data type before plotting.
[2024-10-28T21:26:11.781+0000] {category.py:234} INFO - Using categorical units to plot a list of strings that are all parsable as floats or dates. If these strings should be plotted as numbers, cast to the appropriate data type before plotting.
[2024-10-28T21:26:11.824+0000] {category.py:234} INFO - Using categorical units to plot a list of strings that are all parsable as floats or dates. If these strings should be plotted as numbers, cast to the appropriate data type before plotting.
[2024-10-28T21:26:11.828+0000] {category.py:234} INFO - Using categorical units to plot a list of strings that are all parsable as floats or dates. If these strings should be plotted as numbers, cast to the appropriate data type before plotting.
[2024-10-28T21:26:11.894+0000] {category.py:234} INFO - Using categorical units to plot a list of strings that are all parsable as floats or dates. If these strings should be plotted as numbers, cast to the appropriate data type before plotting.
[2024-10-28T21:26:11.905+0000] {category.py:234} INFO - Using categorical units to plot a list of strings that are all parsable as floats or dates. If these strings should be plotted as numbers, cast to the appropriate data type before plotting.
[2024-10-28T21:26:11.967+0000] {category.py:234} INFO - Using categorical units to plot a list of strings that are all parsable as floats or dates. If these strings should be plotted as numbers, cast to the appropriate data type before plotting.
[2024-10-28T21:26:11.971+0000] {category.py:234} INFO - Using categorical units to plot a list of strings that are all parsable as floats or dates. If these strings should be plotted as numbers, cast to the appropriate data type before plotting.
[2024-10-28T21:26:12.018+0000] {category.py:234} INFO - Using categorical units to plot a list of strings that are all parsable as floats or dates. If these strings should be plotted as numbers, cast to the appropriate data type before plotting.
[2024-10-28T21:26:12.021+0000] {category.py:234} INFO - Using categorical units to plot a list of strings that are all parsable as floats or dates. If these strings should be plotted as numbers, cast to the appropriate data type before plotting.
[2024-10-28T21:26:12.030+0000] {python.py:183} INFO - Done. Returned value was: None
[2024-10-28T21:26:12.056+0000] {taskinstance.py:1350} INFO - Marking task as SUCCESS. dag_id=api_binance_dag1, task_id=union_data_to_df, execution_date=20241028T212005, start_date=20241028T212611, end_date=20241028T212612
[2024-10-28T21:26:12.143+0000] {local_task_job_runner.py:225} INFO - Task exited with return code 0
[2024-10-28T21:26:12.209+0000] {taskinstance.py:2653} INFO - 1 downstream tasks scheduled from follow-on schedule check
