[2024-10-23T19:50:03.305+0000] {warnings.py:110} WARNING - /home/***/.local/lib/python3.7/site-packages/***/utils/sqlalchemy.py:124: DeprecationWarning: The sql_alchemy_conn option in [core] has been moved to the sql_alchemy_conn option in [database] - the old setting has been used, but please update your config.
  return not conf.get("database", "sql_alchemy_conn").startswith("mssql")

[2024-10-23T19:50:03.576+0000] {taskinstance.py:1103} INFO - Dependencies all met for dep_context=non-requeueable deps ti=<TaskInstance: api_binance_dag1.SOL scheduled__2024-10-22T09:00:00+00:00 [queued]>
[2024-10-23T19:50:03.639+0000] {taskinstance.py:1103} INFO - Dependencies all met for dep_context=requeueable deps ti=<TaskInstance: api_binance_dag1.SOL scheduled__2024-10-22T09:00:00+00:00 [queued]>
[2024-10-23T19:50:03.640+0000] {taskinstance.py:1308} INFO - Starting attempt 1 of 3
[2024-10-23T19:50:03.706+0000] {taskinstance.py:1327} INFO - Executing <Task(PythonOperator): SOL> on 2024-10-22 09:00:00+00:00
[2024-10-23T19:50:03.726+0000] {standard_task_runner.py:57} INFO - Started process 103 to run task
[2024-10-23T19:50:03.795+0000] {standard_task_runner.py:84} INFO - Running: ['***', 'tasks', 'run', 'api_binance_dag1', 'SOL', 'scheduled__2024-10-22T09:00:00+00:00', '--job-id', '489', '--raw', '--subdir', 'DAGS_FOLDER/binance.Dag1.py', '--cfg-path', '/tmp/tmp4wiu9lqh']
[2024-10-23T19:50:03.799+0000] {standard_task_runner.py:85} INFO - Job 489: Subtask SOL
[2024-10-23T19:50:04.037+0000] {warnings.py:110} WARNING - /home/***/.local/lib/python3.7/site-packages/***/settings.py:195: DeprecationWarning: The sql_alchemy_conn option in [core] has been moved to the sql_alchemy_conn option in [database] - the old setting has been used, but please update your config.
  SQL_ALCHEMY_CONN = conf.get("database", "SQL_ALCHEMY_CONN")

[2024-10-23T19:50:04.186+0000] {task_command.py:410} INFO - Running <TaskInstance: api_binance_dag1.SOL scheduled__2024-10-22T09:00:00+00:00 [running]> on host 3e776c2a96a1
[2024-10-23T19:50:04.236+0000] {warnings.py:110} WARNING - /home/***/.local/lib/python3.7/site-packages/***/utils/sqlalchemy.py:124: DeprecationWarning: The sql_alchemy_conn option in [core] has been moved to the sql_alchemy_conn option in [database] - the old setting has been used, but please update your config.
  return not conf.get("database", "sql_alchemy_conn").startswith("mssql")

[2024-10-23T19:50:07.606+0000] {taskinstance.py:1547} INFO - Exporting env vars: AIRFLOW_CTX_DAG_OWNER='Danil' AIRFLOW_CTX_DAG_ID='api_binance_dag1' AIRFLOW_CTX_TASK_ID='SOL' AIRFLOW_CTX_EXECUTION_DATE='2024-10-22T09:00:00+00:00' AIRFLOW_CTX_TRY_NUMBER='1' AIRFLOW_CTX_DAG_RUN_ID='scheduled__2024-10-22T09:00:00+00:00'
[2024-10-23T19:50:08.175+0000] {logging_mixin.py:149} INFO - Pushed to XCom: Key: SOL, Value: [[1728864000000, '147.74000000', '158.10000000', '146.80000000', '157.59000000', '3987055.14500000', 1728950399999, '612698964.45627000', 1744075, '2100064.66200000', '322742334.57426000', '0'], [1728950400000, '157.59000000', '159.73000000', '150.30000000', '154.76000000', '4480025.11100000', 1729036799999, '692975854.02436000', 2210459, '2204035.09500000', '341126355.91480000', '0'], [1729036800000, '154.76000000', '158.41000000', '153.00000000', '154.28000000', '2851816.35000000', 1729123199999, '442239613.53750000', 1710126, '1391657.72900000', '215888704.76498000', '0'], [1729123200000, '154.28000000', '155.73000000', '147.66000000', '150.50000000', '2664809.94800000', 1729209599999, '404740607.93776000', 1329012, '1303117.08000000', '197909054.66135000', '0'], [1729209600000, '150.50000000', '156.65000000', '149.56000000', '154.94000000', '1829394.11800000', 1729295999999, '281306391.09424000', 1063679, '943353.13400000', '145077143.72601000', '0'], [1729296000000, '154.93000000', '159.85000000', '153.45000000', '159.79000000', '1724504.16600000', 1729382399999, '269205539.47737000', 678270, '886922.62400000', '138501608.52301000', '0'], [1729382400000, '159.79000000', '167.94000000', '157.58000000', '167.40000000', '3094698.82500000', 1729468799999, '499091756.88122000', 1326223, '1622031.67600000', '261873779.14963000', '0']]
[2024-10-23T19:50:08.182+0000] {python.py:183} INFO - Done. Returned value was: None
[2024-10-23T19:50:08.214+0000] {taskinstance.py:1350} INFO - Marking task as SUCCESS. dag_id=api_binance_dag1, task_id=SOL, execution_date=20241022T090000, start_date=20241023T195003, end_date=20241023T195008
[2024-10-23T19:50:08.303+0000] {local_task_job_runner.py:225} INFO - Task exited with return code 0
[2024-10-23T19:50:08.379+0000] {taskinstance.py:2653} INFO - 1 downstream tasks scheduled from follow-on schedule check
