[2024-09-17T22:25:52.386+0000] {processor.py:157} INFO - Started process (PID=48) to work on /opt/airflow/dags/hell.py
[2024-09-17T22:25:52.387+0000] {processor.py:826} INFO - Processing file /opt/airflow/dags/hell.py for tasks to queue
[2024-09-17T22:25:52.389+0000] {logging_mixin.py:149} INFO - [2024-09-17T22:25:52.389+0000] {dagbag.py:541} INFO - Filling up the DagBag from /opt/airflow/dags/hell.py
[2024-09-17T22:25:52.405+0000] {logging_mixin.py:149} INFO - [2024-09-17T22:25:52.404+0000] {dagbag.py:350} ERROR - Failed to import: /opt/airflow/dags/hell.py
Traceback (most recent call last):
  File "/home/airflow/.local/lib/python3.7/site-packages/airflow/models/dagbag.py", line 346, in parse
    loader.exec_module(new_module)
  File "<frozen importlib._bootstrap_external>", line 724, in exec_module
  File "<frozen importlib._bootstrap_external>", line 860, in get_code
  File "<frozen importlib._bootstrap_external>", line 791, in source_to_code
  File "<frozen importlib._bootstrap>", line 219, in _call_with_frames_removed
  File "/opt/airflow/dags/hell.py", line 26
    task1 = PythonOperator(
    ^
IndentationError: unexpected indent
[2024-09-17T22:25:52.419+0000] {processor.py:838} WARNING - No viable dags retrieved from /opt/airflow/dags/hell.py
[2024-09-17T22:25:52.480+0000] {processor.py:179} INFO - Processing /opt/airflow/dags/hell.py took 0.097 seconds
[2024-09-17T22:26:22.748+0000] {processor.py:157} INFO - Started process (PID=49) to work on /opt/airflow/dags/hell.py
[2024-09-17T22:26:22.749+0000] {processor.py:826} INFO - Processing file /opt/airflow/dags/hell.py for tasks to queue
[2024-09-17T22:26:22.751+0000] {logging_mixin.py:149} INFO - [2024-09-17T22:26:22.750+0000] {dagbag.py:541} INFO - Filling up the DagBag from /opt/airflow/dags/hell.py
[2024-09-17T22:26:22.775+0000] {logging_mixin.py:149} INFO - [2024-09-17T22:26:22.773+0000] {dagbag.py:350} ERROR - Failed to import: /opt/airflow/dags/hell.py
Traceback (most recent call last):
  File "/home/airflow/.local/lib/python3.7/site-packages/airflow/models/dagbag.py", line 346, in parse
    loader.exec_module(new_module)
  File "<frozen importlib._bootstrap_external>", line 724, in exec_module
  File "<frozen importlib._bootstrap_external>", line 860, in get_code
  File "<frozen importlib._bootstrap_external>", line 791, in source_to_code
  File "<frozen importlib._bootstrap>", line 219, in _call_with_frames_removed
  File "/opt/airflow/dags/hell.py", line 26
    task1 = PythonOperator(
    ^
IndentationError: unexpected indent
[2024-09-17T22:26:22.776+0000] {processor.py:838} WARNING - No viable dags retrieved from /opt/airflow/dags/hell.py
[2024-09-17T22:26:22.810+0000] {processor.py:179} INFO - Processing /opt/airflow/dags/hell.py took 0.067 seconds
[2024-09-17T22:26:41.928+0000] {processor.py:157} INFO - Started process (PID=50) to work on /opt/airflow/dags/hell.py
[2024-09-17T22:26:41.931+0000] {processor.py:826} INFO - Processing file /opt/airflow/dags/hell.py for tasks to queue
[2024-09-17T22:26:41.934+0000] {logging_mixin.py:149} INFO - [2024-09-17T22:26:41.933+0000] {dagbag.py:541} INFO - Filling up the DagBag from /opt/airflow/dags/hell.py
[2024-09-17T22:26:41.965+0000] {logging_mixin.py:149} INFO - [2024-09-17T22:26:41.963+0000] {dagbag.py:350} ERROR - Failed to import: /opt/airflow/dags/hell.py
Traceback (most recent call last):
  File "/home/airflow/.local/lib/python3.7/site-packages/airflow/models/dagbag.py", line 346, in parse
    loader.exec_module(new_module)
  File "<frozen importlib._bootstrap_external>", line 724, in exec_module
  File "<frozen importlib._bootstrap_external>", line 860, in get_code
  File "<frozen importlib._bootstrap_external>", line 791, in source_to_code
  File "<frozen importlib._bootstrap>", line 219, in _call_with_frames_removed
  File "/opt/airflow/dags/hell.py", line 26
    task1 = PythonOperator(
    ^
IndentationError: unexpected indent
[2024-09-17T22:26:41.967+0000] {processor.py:838} WARNING - No viable dags retrieved from /opt/airflow/dags/hell.py
[2024-09-17T22:26:42.017+0000] {processor.py:179} INFO - Processing /opt/airflow/dags/hell.py took 0.097 seconds
[2024-09-17T22:26:57.097+0000] {processor.py:157} INFO - Started process (PID=51) to work on /opt/airflow/dags/hell.py
[2024-09-17T22:26:57.099+0000] {processor.py:826} INFO - Processing file /opt/airflow/dags/hell.py for tasks to queue
[2024-09-17T22:26:57.101+0000] {logging_mixin.py:149} INFO - [2024-09-17T22:26:57.101+0000] {dagbag.py:541} INFO - Filling up the DagBag from /opt/airflow/dags/hell.py
[2024-09-17T22:26:57.123+0000] {logging_mixin.py:149} INFO - [2024-09-17T22:26:57.121+0000] {dagbag.py:350} ERROR - Failed to import: /opt/airflow/dags/hell.py
Traceback (most recent call last):
  File "/home/airflow/.local/lib/python3.7/site-packages/airflow/models/dagbag.py", line 346, in parse
    loader.exec_module(new_module)
  File "<frozen importlib._bootstrap_external>", line 724, in exec_module
  File "<frozen importlib._bootstrap_external>", line 860, in get_code
  File "<frozen importlib._bootstrap_external>", line 791, in source_to_code
  File "<frozen importlib._bootstrap>", line 219, in _call_with_frames_removed
  File "/opt/airflow/dags/hell.py", line 26
    task1 = PythonOperator(
    ^
IndentationError: unexpected indent
[2024-09-17T22:26:57.124+0000] {processor.py:838} WARNING - No viable dags retrieved from /opt/airflow/dags/hell.py
[2024-09-17T22:26:57.175+0000] {processor.py:179} INFO - Processing /opt/airflow/dags/hell.py took 0.083 seconds
[2024-09-17T22:27:12.352+0000] {processor.py:157} INFO - Started process (PID=52) to work on /opt/airflow/dags/hell.py
[2024-09-17T22:27:12.357+0000] {processor.py:826} INFO - Processing file /opt/airflow/dags/hell.py for tasks to queue
[2024-09-17T22:27:12.360+0000] {logging_mixin.py:149} INFO - [2024-09-17T22:27:12.359+0000] {dagbag.py:541} INFO - Filling up the DagBag from /opt/airflow/dags/hell.py
[2024-09-17T22:27:12.391+0000] {logging_mixin.py:149} INFO - [2024-09-17T22:27:12.388+0000] {dagbag.py:350} ERROR - Failed to import: /opt/airflow/dags/hell.py
Traceback (most recent call last):
  File "/home/airflow/.local/lib/python3.7/site-packages/airflow/models/dagbag.py", line 346, in parse
    loader.exec_module(new_module)
  File "<frozen importlib._bootstrap_external>", line 724, in exec_module
  File "<frozen importlib._bootstrap_external>", line 860, in get_code
  File "<frozen importlib._bootstrap_external>", line 791, in source_to_code
  File "<frozen importlib._bootstrap>", line 219, in _call_with_frames_removed
  File "/opt/airflow/dags/hell.py", line 26
    task1 = PythonOperator(
    ^
IndentationError: unexpected indent
[2024-09-17T22:27:12.393+0000] {processor.py:838} WARNING - No viable dags retrieved from /opt/airflow/dags/hell.py
[2024-09-17T22:27:12.446+0000] {processor.py:179} INFO - Processing /opt/airflow/dags/hell.py took 0.101 seconds
[2024-09-17T22:27:26.482+0000] {processor.py:157} INFO - Started process (PID=53) to work on /opt/airflow/dags/hell.py
[2024-09-17T22:27:26.493+0000] {processor.py:826} INFO - Processing file /opt/airflow/dags/hell.py for tasks to queue
[2024-09-17T22:27:26.495+0000] {logging_mixin.py:149} INFO - [2024-09-17T22:27:26.495+0000] {dagbag.py:541} INFO - Filling up the DagBag from /opt/airflow/dags/hell.py
[2024-09-17T22:27:26.529+0000] {logging_mixin.py:149} INFO - [2024-09-17T22:27:26.526+0000] {dagbag.py:350} ERROR - Failed to import: /opt/airflow/dags/hell.py
Traceback (most recent call last):
  File "/home/airflow/.local/lib/python3.7/site-packages/airflow/models/dagbag.py", line 346, in parse
    loader.exec_module(new_module)
  File "<frozen importlib._bootstrap_external>", line 724, in exec_module
  File "<frozen importlib._bootstrap_external>", line 860, in get_code
  File "<frozen importlib._bootstrap_external>", line 791, in source_to_code
  File "<frozen importlib._bootstrap>", line 219, in _call_with_frames_removed
  File "/opt/airflow/dags/hell.py", line 26
    task1 = PythonOperator(
    ^
IndentationError: unexpected indent
[2024-09-17T22:27:26.531+0000] {processor.py:838} WARNING - No viable dags retrieved from /opt/airflow/dags/hell.py
[2024-09-17T22:27:26.590+0000] {processor.py:179} INFO - Processing /opt/airflow/dags/hell.py took 0.115 seconds
[2024-09-17T22:27:46.771+0000] {processor.py:157} INFO - Started process (PID=54) to work on /opt/airflow/dags/hell.py
[2024-09-17T22:27:46.783+0000] {processor.py:826} INFO - Processing file /opt/airflow/dags/hell.py for tasks to queue
[2024-09-17T22:27:46.785+0000] {logging_mixin.py:149} INFO - [2024-09-17T22:27:46.784+0000] {dagbag.py:541} INFO - Filling up the DagBag from /opt/airflow/dags/hell.py
[2024-09-17T22:27:46.805+0000] {logging_mixin.py:149} INFO - [2024-09-17T22:27:46.803+0000] {dagbag.py:350} ERROR - Failed to import: /opt/airflow/dags/hell.py
Traceback (most recent call last):
  File "/home/airflow/.local/lib/python3.7/site-packages/airflow/models/dagbag.py", line 346, in parse
    loader.exec_module(new_module)
  File "<frozen importlib._bootstrap_external>", line 724, in exec_module
  File "<frozen importlib._bootstrap_external>", line 860, in get_code
  File "<frozen importlib._bootstrap_external>", line 791, in source_to_code
  File "<frozen importlib._bootstrap>", line 219, in _call_with_frames_removed
  File "/opt/airflow/dags/hell.py", line 26
    task1 = PythonOperator(
    ^
IndentationError: unexpected indent
[2024-09-17T22:27:46.807+0000] {processor.py:838} WARNING - No viable dags retrieved from /opt/airflow/dags/hell.py
[2024-09-17T22:27:46.849+0000] {processor.py:179} INFO - Processing /opt/airflow/dags/hell.py took 0.081 seconds
[2024-09-17T22:28:16.991+0000] {processor.py:157} INFO - Started process (PID=55) to work on /opt/airflow/dags/hell.py
[2024-09-17T22:28:16.992+0000] {processor.py:826} INFO - Processing file /opt/airflow/dags/hell.py for tasks to queue
[2024-09-17T22:28:16.993+0000] {logging_mixin.py:149} INFO - [2024-09-17T22:28:16.993+0000] {dagbag.py:541} INFO - Filling up the DagBag from /opt/airflow/dags/hell.py
[2024-09-17T22:28:17.005+0000] {logging_mixin.py:149} INFO - [2024-09-17T22:28:17.003+0000] {dagbag.py:350} ERROR - Failed to import: /opt/airflow/dags/hell.py
Traceback (most recent call last):
  File "/home/airflow/.local/lib/python3.7/site-packages/airflow/models/dagbag.py", line 346, in parse
    loader.exec_module(new_module)
  File "<frozen importlib._bootstrap_external>", line 724, in exec_module
  File "<frozen importlib._bootstrap_external>", line 860, in get_code
  File "<frozen importlib._bootstrap_external>", line 791, in source_to_code
  File "<frozen importlib._bootstrap>", line 219, in _call_with_frames_removed
  File "/opt/airflow/dags/hell.py", line 26
    task1 = PythonOperator(
    ^
IndentationError: unexpected indent
[2024-09-17T22:28:17.006+0000] {processor.py:838} WARNING - No viable dags retrieved from /opt/airflow/dags/hell.py
[2024-09-17T22:28:17.031+0000] {processor.py:179} INFO - Processing /opt/airflow/dags/hell.py took 0.044 seconds
[2024-09-17T22:28:23.157+0000] {processor.py:157} INFO - Started process (PID=56) to work on /opt/airflow/dags/hell.py
[2024-09-17T22:28:23.158+0000] {processor.py:826} INFO - Processing file /opt/airflow/dags/hell.py for tasks to queue
[2024-09-17T22:28:23.160+0000] {logging_mixin.py:149} INFO - [2024-09-17T22:28:23.160+0000] {dagbag.py:541} INFO - Filling up the DagBag from /opt/airflow/dags/hell.py
[2024-09-17T22:28:23.175+0000] {logging_mixin.py:149} INFO - [2024-09-17T22:28:23.174+0000] {dagbag.py:350} ERROR - Failed to import: /opt/airflow/dags/hell.py
Traceback (most recent call last):
  File "/home/airflow/.local/lib/python3.7/site-packages/airflow/models/dagbag.py", line 346, in parse
    loader.exec_module(new_module)
  File "<frozen importlib._bootstrap_external>", line 724, in exec_module
  File "<frozen importlib._bootstrap_external>", line 860, in get_code
  File "<frozen importlib._bootstrap_external>", line 791, in source_to_code
  File "<frozen importlib._bootstrap>", line 219, in _call_with_frames_removed
  File "/opt/airflow/dags/hell.py", line 26
    task1 = PythonOperator(
    ^
IndentationError: unexpected indent
[2024-09-17T22:28:23.176+0000] {processor.py:838} WARNING - No viable dags retrieved from /opt/airflow/dags/hell.py
[2024-09-17T22:28:23.199+0000] {processor.py:179} INFO - Processing /opt/airflow/dags/hell.py took 0.045 seconds
[2024-09-17T22:28:53.458+0000] {processor.py:157} INFO - Started process (PID=57) to work on /opt/airflow/dags/hell.py
[2024-09-17T22:28:53.459+0000] {processor.py:826} INFO - Processing file /opt/airflow/dags/hell.py for tasks to queue
[2024-09-17T22:28:53.461+0000] {logging_mixin.py:149} INFO - [2024-09-17T22:28:53.460+0000] {dagbag.py:541} INFO - Filling up the DagBag from /opt/airflow/dags/hell.py
[2024-09-17T22:28:53.476+0000] {logging_mixin.py:149} INFO - [2024-09-17T22:28:53.475+0000] {dagbag.py:350} ERROR - Failed to import: /opt/airflow/dags/hell.py
Traceback (most recent call last):
  File "/home/airflow/.local/lib/python3.7/site-packages/airflow/models/dagbag.py", line 346, in parse
    loader.exec_module(new_module)
  File "<frozen importlib._bootstrap_external>", line 724, in exec_module
  File "<frozen importlib._bootstrap_external>", line 860, in get_code
  File "<frozen importlib._bootstrap_external>", line 791, in source_to_code
  File "<frozen importlib._bootstrap>", line 219, in _call_with_frames_removed
  File "/opt/airflow/dags/hell.py", line 26
    task1 = PythonOperator(
    ^
IndentationError: unexpected indent
[2024-09-17T22:28:53.477+0000] {processor.py:838} WARNING - No viable dags retrieved from /opt/airflow/dags/hell.py
[2024-09-17T22:28:53.501+0000] {processor.py:179} INFO - Processing /opt/airflow/dags/hell.py took 0.047 seconds
[2024-09-17T22:29:23.676+0000] {processor.py:157} INFO - Started process (PID=58) to work on /opt/airflow/dags/hell.py
[2024-09-17T22:29:23.678+0000] {processor.py:826} INFO - Processing file /opt/airflow/dags/hell.py for tasks to queue
[2024-09-17T22:29:23.679+0000] {logging_mixin.py:149} INFO - [2024-09-17T22:29:23.679+0000] {dagbag.py:541} INFO - Filling up the DagBag from /opt/airflow/dags/hell.py
[2024-09-17T22:29:23.692+0000] {logging_mixin.py:149} INFO - [2024-09-17T22:29:23.691+0000] {dagbag.py:350} ERROR - Failed to import: /opt/airflow/dags/hell.py
Traceback (most recent call last):
  File "/home/airflow/.local/lib/python3.7/site-packages/airflow/models/dagbag.py", line 346, in parse
    loader.exec_module(new_module)
  File "<frozen importlib._bootstrap_external>", line 724, in exec_module
  File "<frozen importlib._bootstrap_external>", line 860, in get_code
  File "<frozen importlib._bootstrap_external>", line 791, in source_to_code
  File "<frozen importlib._bootstrap>", line 219, in _call_with_frames_removed
  File "/opt/airflow/dags/hell.py", line 26
    task1 = PythonOperator(
    ^
IndentationError: unexpected indent
[2024-09-17T22:29:23.693+0000] {processor.py:838} WARNING - No viable dags retrieved from /opt/airflow/dags/hell.py
[2024-09-17T22:29:23.713+0000] {processor.py:179} INFO - Processing /opt/airflow/dags/hell.py took 0.040 seconds
