[2024-10-28T10:35:30.122+0000] {warnings.py:110} WARNING - /home/***/.local/lib/python3.7/site-packages/***/utils/sqlalchemy.py:124: DeprecationWarning: The sql_alchemy_conn option in [core] has been moved to the sql_alchemy_conn option in [database] - the old setting has been used, but please update your config.
  return not conf.get("database", "sql_alchemy_conn").startswith("mssql")

[2024-10-28T10:35:30.665+0000] {taskinstance.py:1103} INFO - Dependencies all met for dep_context=non-requeueable deps ti=<TaskInstance: api_binance_dag1.SUI scheduled__2024-10-27T09:00:00+00:00 [queued]>
[2024-10-28T10:35:30.764+0000] {taskinstance.py:1103} INFO - Dependencies all met for dep_context=requeueable deps ti=<TaskInstance: api_binance_dag1.SUI scheduled__2024-10-27T09:00:00+00:00 [queued]>
[2024-10-28T10:35:30.766+0000] {taskinstance.py:1308} INFO - Starting attempt 1 of 3
[2024-10-28T10:35:30.840+0000] {taskinstance.py:1327} INFO - Executing <Task(PythonOperator): SUI> on 2024-10-27 09:00:00+00:00
[2024-10-28T10:35:30.863+0000] {standard_task_runner.py:57} INFO - Started process 120 to run task
[2024-10-28T10:35:30.877+0000] {standard_task_runner.py:84} INFO - Running: ['***', 'tasks', 'run', 'api_binance_dag1', 'SUI', 'scheduled__2024-10-27T09:00:00+00:00', '--job-id', '556', '--raw', '--subdir', 'DAGS_FOLDER/binance.Dag1.py', '--cfg-path', '/tmp/tmpod0e2ixc']
[2024-10-28T10:35:30.882+0000] {standard_task_runner.py:85} INFO - Job 556: Subtask SUI
[2024-10-28T10:35:30.927+0000] {warnings.py:110} WARNING - /home/***/.local/lib/python3.7/site-packages/***/settings.py:195: DeprecationWarning: The sql_alchemy_conn option in [core] has been moved to the sql_alchemy_conn option in [database] - the old setting has been used, but please update your config.
  SQL_ALCHEMY_CONN = conf.get("database", "SQL_ALCHEMY_CONN")

[2024-10-28T10:35:31.069+0000] {task_command.py:410} INFO - Running <TaskInstance: api_binance_dag1.SUI scheduled__2024-10-27T09:00:00+00:00 [running]> on host 3e776c2a96a1
[2024-10-28T10:35:31.171+0000] {warnings.py:110} WARNING - /home/***/.local/lib/python3.7/site-packages/***/utils/sqlalchemy.py:124: DeprecationWarning: The sql_alchemy_conn option in [core] has been moved to the sql_alchemy_conn option in [database] - the old setting has been used, but please update your config.
  return not conf.get("database", "sql_alchemy_conn").startswith("mssql")

[2024-10-28T10:35:34.070+0000] {taskinstance.py:1547} INFO - Exporting env vars: AIRFLOW_CTX_DAG_OWNER='Danil' AIRFLOW_CTX_DAG_ID='api_binance_dag1' AIRFLOW_CTX_TASK_ID='SUI' AIRFLOW_CTX_EXECUTION_DATE='2024-10-27T09:00:00+00:00' AIRFLOW_CTX_TRY_NUMBER='1' AIRFLOW_CTX_DAG_RUN_ID='scheduled__2024-10-27T09:00:00+00:00'
[2024-10-28T10:35:34.839+0000] {logging_mixin.py:149} INFO - Pushed to XCom: Key: SUI, Value: [[1729296000000, '2.12560000', '2.12560000', '2.04010000', '2.06280000', '32190754.00000000', 1729382399999, '66654150.51482000', 199851, '15707822.30000000', '32525253.55075000', '0'], [1729382400000, '2.06270000', '2.15430000', '2.04330000', '2.12820000', '56575161.40000000', 1729468799999, '118824426.01660000', 316315, '29549413.60000000', '62094336.11160000', '0'], [1729468800000, '2.12830000', '2.17960000', '1.99720000', '2.00960000', '69497941.00000000', 1729555199999, '144125395.90362000', 334492, '34537740.70000000', '71602085.96779000', '0'], [1729555200000, '2.00960000', '2.03360000', '1.87580000', '1.93930000', '73977532.50000000', 1729641599999, '144497057.92839000', 365427, '35645478.30000000', '69678736.92210000', '0'], [1729641600000, '1.93940000', '1.99900000', '1.86570000', '1.97750000', '78991736.40000000', 1729727999999, '151871724.05779000', 378719, '40063511.80000000', '77102280.02783000', '0'], [1729728000000, '1.97750000', '2.05180000', '1.92500000', '1.93690000', '59493671.40000000', 1729814399999, '118241789.01801000', 318322, '28177209.50000000', '56029351.67442000', '0'], [1729814400000, '1.93700000', '1.94430000', '1.64000000', '1.75200000', '86182096.10000000', 1729900799999, '158309761.14473000', 408407, '39921865.20000000', '73448179.93040000', '0']]
[2024-10-28T10:35:34.844+0000] {python.py:183} INFO - Done. Returned value was: None
[2024-10-28T10:35:34.875+0000] {taskinstance.py:1350} INFO - Marking task as SUCCESS. dag_id=api_binance_dag1, task_id=SUI, execution_date=20241027T090000, start_date=20241028T103530, end_date=20241028T103534
[2024-10-28T10:35:34.960+0000] {local_task_job_runner.py:225} INFO - Task exited with return code 0
[2024-10-28T10:35:35.088+0000] {taskinstance.py:2653} INFO - 0 downstream tasks scheduled from follow-on schedule check
