[2024-10-16T18:18:08.171+0000] {warnings.py:110} WARNING - /home/***/.local/lib/python3.7/site-packages/***/utils/sqlalchemy.py:124: DeprecationWarning: The sql_alchemy_conn option in [core] has been moved to the sql_alchemy_conn option in [database] - the old setting has been used, but please update your config.
  return not conf.get("database", "sql_alchemy_conn").startswith("mssql")

[2024-10-16T18:18:08.296+0000] {taskinstance.py:1103} INFO - Dependencies all met for dep_context=non-requeueable deps ti=<TaskInstance: api_binance_dag1.SOL scheduled__2024-10-09T09:00:00+00:00 [queued]>
[2024-10-16T18:18:08.318+0000] {taskinstance.py:1103} INFO - Dependencies all met for dep_context=requeueable deps ti=<TaskInstance: api_binance_dag1.SOL scheduled__2024-10-09T09:00:00+00:00 [queued]>
[2024-10-16T18:18:08.319+0000] {taskinstance.py:1308} INFO - Starting attempt 4 of 6
[2024-10-16T18:18:08.351+0000] {taskinstance.py:1327} INFO - Executing <Task(PythonOperator): SOL> on 2024-10-09 09:00:00+00:00
[2024-10-16T18:18:08.361+0000] {standard_task_runner.py:57} INFO - Started process 150 to run task
[2024-10-16T18:18:08.368+0000] {standard_task_runner.py:84} INFO - Running: ['***', 'tasks', 'run', 'api_binance_dag1', 'SOL', 'scheduled__2024-10-09T09:00:00+00:00', '--job-id', '262', '--raw', '--subdir', 'DAGS_FOLDER/binance.Dag1.py', '--cfg-path', '/tmp/tmp470tiqnx']
[2024-10-16T18:18:08.388+0000] {standard_task_runner.py:85} INFO - Job 262: Subtask SOL
[2024-10-16T18:18:08.427+0000] {warnings.py:110} WARNING - /home/***/.local/lib/python3.7/site-packages/***/settings.py:195: DeprecationWarning: The sql_alchemy_conn option in [core] has been moved to the sql_alchemy_conn option in [database] - the old setting has been used, but please update your config.
  SQL_ALCHEMY_CONN = conf.get("database", "SQL_ALCHEMY_CONN")

[2024-10-16T18:18:08.498+0000] {task_command.py:410} INFO - Running <TaskInstance: api_binance_dag1.SOL scheduled__2024-10-09T09:00:00+00:00 [running]> on host 3e776c2a96a1
[2024-10-16T18:18:08.519+0000] {warnings.py:110} WARNING - /home/***/.local/lib/python3.7/site-packages/***/utils/sqlalchemy.py:124: DeprecationWarning: The sql_alchemy_conn option in [core] has been moved to the sql_alchemy_conn option in [database] - the old setting has been used, but please update your config.
  return not conf.get("database", "sql_alchemy_conn").startswith("mssql")

[2024-10-16T18:18:08.691+0000] {taskinstance.py:1547} INFO - Exporting env vars: AIRFLOW_CTX_DAG_OWNER='Danil' AIRFLOW_CTX_DAG_ID='api_binance_dag1' AIRFLOW_CTX_TASK_ID='SOL' AIRFLOW_CTX_EXECUTION_DATE='2024-10-09T09:00:00+00:00' AIRFLOW_CTX_TRY_NUMBER='4' AIRFLOW_CTX_DAG_RUN_ID='scheduled__2024-10-09T09:00:00+00:00'
[2024-10-16T18:18:09.992+0000] {logging_mixin.py:149} INFO - Pushed to XCom: Key: SOL, Value: [[1728259200000, '146.47000000', '152.40000000', '143.50000000', '143.96000000', '3607754.95100000', 1728345599999, '535056906.39550000', 1768564, '1708409.40000000', '253495941.81261000', '0'], [1728345600000, '143.97000000', '145.60000000', '141.17000000', '143.49000000', '2153828.15300000', 1728431999999, '309326890.82457000', 1304792, '1054118.66100000', '151478839.87931000', '0'], [1728432000000, '143.50000000', '145.34000000', '138.66000000', '139.33000000', '2071518.06100000', 1728518399999, '293977143.09486000', 1265373, '995996.97400000', '141416184.88204000', '0'], [1728518400000, '139.33000000', '140.92000000', '135.52000000', '139.03000000', '2289782.90700000', 1728604799999, '316766669.27985000', 1253504, '1120811.69900000', '155118449.18574000', '0'], [1728604800000, '139.04000000', '146.62000000', '138.68000000', '145.53000000', '2269088.91800000', 1728691199999, '325024798.54017000', 1028243, '1162229.43800000', '166462830.76476000', '0'], [1728691200000, '145.52000000', '147.32000000', '144.71000000', '146.40000000', '1347679.54800000', 1728777599999, '197164215.71221000', 587595, '658168.57300000', '96316133.82197000', '0'], [1728777600000, '146.39000000', '148.86000000', '144.45000000', '147.74000000', '1599054.83300000', 1728863999999, '234391884.38395000', 827089, '804325.38000000', '117966402.94362000', '0']]
[2024-10-16T18:18:09.996+0000] {python.py:183} INFO - Done. Returned value was: None
[2024-10-16T18:18:10.013+0000] {taskinstance.py:1350} INFO - Marking task as SUCCESS. dag_id=api_binance_dag1, task_id=SOL, execution_date=20241009T090000, start_date=20241016T181808, end_date=20241016T181810
[2024-10-16T18:18:10.070+0000] {local_task_job_runner.py:225} INFO - Task exited with return code 0
[2024-10-16T18:18:10.105+0000] {taskinstance.py:2653} INFO - 0 downstream tasks scheduled from follow-on schedule check
