[2024-09-30T14:20:49.310+0000] {processor.py:157} INFO - Started process (PID=64) to work on /opt/airflow/dags/qwe.py
[2024-09-30T14:20:49.314+0000] {processor.py:826} INFO - Processing file /opt/airflow/dags/qwe.py for tasks to queue
[2024-09-30T14:20:49.341+0000] {logging_mixin.py:149} INFO - [2024-09-30T14:20:49.341+0000] {dagbag.py:541} INFO - Filling up the DagBag from /opt/airflow/dags/qwe.py
[2024-09-30T14:20:49.753+0000] {processor.py:836} INFO - DAG(s) dict_keys(['my_first_dag']) retrieved from /opt/airflow/dags/qwe.py
[2024-09-30T14:20:49.818+0000] {logging_mixin.py:149} INFO - [2024-09-30T14:20:49.817+0000] {dag.py:2726} INFO - Sync 1 DAGs
[2024-09-30T14:20:58.688+0000] {logging_mixin.py:149} INFO - [2024-09-30T14:20:58.688+0000] {dag.py:3490} INFO - Setting next_dagrun for my_first_dag to 2024-09-30T11:15:00+00:00, run_after=2024-10-01T11:15:00+00:00
[2024-09-30T14:20:58.757+0000] {processor.py:179} INFO - Processing /opt/airflow/dags/qwe.py took 9.471 seconds
[2024-09-30T14:22:48.826+0000] {processor.py:157} INFO - Started process (PID=65) to work on /opt/airflow/dags/qwe.py
[2024-09-30T14:22:48.830+0000] {processor.py:826} INFO - Processing file /opt/airflow/dags/qwe.py for tasks to queue
[2024-09-30T14:22:48.833+0000] {logging_mixin.py:149} INFO - [2024-09-30T14:22:48.832+0000] {dagbag.py:541} INFO - Filling up the DagBag from /opt/airflow/dags/qwe.py
[2024-09-30T14:22:48.992+0000] {processor.py:836} INFO - DAG(s) dict_keys(['my_first_dag']) retrieved from /opt/airflow/dags/qwe.py
[2024-09-30T14:22:49.045+0000] {logging_mixin.py:149} INFO - [2024-09-30T14:22:49.045+0000] {dag.py:2726} INFO - Sync 1 DAGs
[2024-09-30T14:22:49.345+0000] {logging_mixin.py:149} INFO - [2024-09-30T14:22:49.345+0000] {dag.py:3490} INFO - Setting next_dagrun for my_first_dag to 2024-09-30T11:15:00+00:00, run_after=2024-10-01T11:15:00+00:00
[2024-09-30T14:22:49.647+0000] {processor.py:179} INFO - Processing /opt/airflow/dags/qwe.py took 0.828 seconds
[2024-09-30T14:23:21.897+0000] {processor.py:157} INFO - Started process (PID=92) to work on /opt/airflow/dags/qwe.py
[2024-09-30T14:23:21.899+0000] {processor.py:826} INFO - Processing file /opt/airflow/dags/qwe.py for tasks to queue
[2024-09-30T14:23:21.937+0000] {logging_mixin.py:149} INFO - [2024-09-30T14:23:21.937+0000] {dagbag.py:541} INFO - Filling up the DagBag from /opt/airflow/dags/qwe.py
[2024-09-30T14:23:22.553+0000] {processor.py:836} INFO - DAG(s) dict_keys(['my_first_dag']) retrieved from /opt/airflow/dags/qwe.py
[2024-09-30T14:23:22.605+0000] {logging_mixin.py:149} INFO - [2024-09-30T14:23:22.605+0000] {dag.py:2726} INFO - Sync 1 DAGs
[2024-09-30T14:23:22.640+0000] {logging_mixin.py:149} INFO - [2024-09-30T14:23:22.640+0000] {dag.py:3490} INFO - Setting next_dagrun for my_first_dag to 2024-09-30T11:15:00+00:00, run_after=2024-10-01T11:15:00+00:00
[2024-09-30T14:23:22.674+0000] {processor.py:179} INFO - Processing /opt/airflow/dags/qwe.py took 0.783 seconds
[2024-09-30T14:23:53.441+0000] {processor.py:157} INFO - Started process (PID=119) to work on /opt/airflow/dags/qwe.py
[2024-09-30T14:23:53.444+0000] {processor.py:826} INFO - Processing file /opt/airflow/dags/qwe.py for tasks to queue
[2024-09-30T14:23:53.445+0000] {logging_mixin.py:149} INFO - [2024-09-30T14:23:53.445+0000] {dagbag.py:541} INFO - Filling up the DagBag from /opt/airflow/dags/qwe.py
[2024-09-30T14:23:53.882+0000] {processor.py:836} INFO - DAG(s) dict_keys(['my_first_dag']) retrieved from /opt/airflow/dags/qwe.py
[2024-09-30T14:23:53.913+0000] {logging_mixin.py:149} INFO - [2024-09-30T14:23:53.912+0000] {dag.py:2726} INFO - Sync 1 DAGs
[2024-09-30T14:23:53.951+0000] {logging_mixin.py:149} INFO - [2024-09-30T14:23:53.951+0000] {dag.py:3490} INFO - Setting next_dagrun for my_first_dag to 2024-09-30T11:15:00+00:00, run_after=2024-10-01T11:15:00+00:00
[2024-09-30T14:23:53.988+0000] {processor.py:179} INFO - Processing /opt/airflow/dags/qwe.py took 0.552 seconds
[2024-09-30T14:24:25.991+0000] {processor.py:157} INFO - Started process (PID=146) to work on /opt/airflow/dags/qwe.py
[2024-09-30T14:24:25.993+0000] {processor.py:826} INFO - Processing file /opt/airflow/dags/qwe.py for tasks to queue
[2024-09-30T14:24:25.995+0000] {logging_mixin.py:149} INFO - [2024-09-30T14:24:25.995+0000] {dagbag.py:541} INFO - Filling up the DagBag from /opt/airflow/dags/qwe.py
[2024-09-30T14:24:26.339+0000] {processor.py:836} INFO - DAG(s) dict_keys(['my_first_dag']) retrieved from /opt/airflow/dags/qwe.py
[2024-09-30T14:24:26.386+0000] {logging_mixin.py:149} INFO - [2024-09-30T14:24:26.385+0000] {dag.py:2726} INFO - Sync 1 DAGs
[2024-09-30T14:24:26.433+0000] {logging_mixin.py:149} INFO - [2024-09-30T14:24:26.433+0000] {dag.py:3490} INFO - Setting next_dagrun for my_first_dag to 2024-09-30T11:15:00+00:00, run_after=2024-10-01T11:15:00+00:00
[2024-09-30T14:24:26.461+0000] {processor.py:179} INFO - Processing /opt/airflow/dags/qwe.py took 0.477 seconds
[2024-09-30T14:24:57.928+0000] {processor.py:157} INFO - Started process (PID=173) to work on /opt/airflow/dags/qwe.py
[2024-09-30T14:24:57.979+0000] {processor.py:826} INFO - Processing file /opt/airflow/dags/qwe.py for tasks to queue
[2024-09-30T14:24:57.982+0000] {logging_mixin.py:149} INFO - [2024-09-30T14:24:57.981+0000] {dagbag.py:541} INFO - Filling up the DagBag from /opt/airflow/dags/qwe.py
[2024-09-30T14:24:59.729+0000] {processor.py:836} INFO - DAG(s) dict_keys(['my_first_dag']) retrieved from /opt/airflow/dags/qwe.py
[2024-09-30T14:24:59.775+0000] {logging_mixin.py:149} INFO - [2024-09-30T14:24:59.775+0000] {dag.py:2726} INFO - Sync 1 DAGs
[2024-09-30T14:24:59.813+0000] {logging_mixin.py:149} INFO - [2024-09-30T14:24:59.813+0000] {dag.py:3490} INFO - Setting next_dagrun for my_first_dag to 2024-09-30T11:15:00+00:00, run_after=2024-10-01T11:15:00+00:00
[2024-09-30T14:25:00.142+0000] {processor.py:179} INFO - Processing /opt/airflow/dags/qwe.py took 2.216 seconds
[2024-09-30T14:25:30.387+0000] {processor.py:157} INFO - Started process (PID=200) to work on /opt/airflow/dags/qwe.py
[2024-09-30T14:25:30.418+0000] {processor.py:826} INFO - Processing file /opt/airflow/dags/qwe.py for tasks to queue
[2024-09-30T14:25:30.419+0000] {logging_mixin.py:149} INFO - [2024-09-30T14:25:30.419+0000] {dagbag.py:541} INFO - Filling up the DagBag from /opt/airflow/dags/qwe.py
[2024-09-30T14:25:30.634+0000] {processor.py:836} INFO - DAG(s) dict_keys(['my_first_dag']) retrieved from /opt/airflow/dags/qwe.py
[2024-09-30T14:25:30.918+0000] {logging_mixin.py:149} INFO - [2024-09-30T14:25:30.918+0000] {dag.py:2726} INFO - Sync 1 DAGs
[2024-09-30T14:25:30.959+0000] {logging_mixin.py:149} INFO - [2024-09-30T14:25:30.959+0000] {dag.py:3490} INFO - Setting next_dagrun for my_first_dag to 2024-09-30T11:15:00+00:00, run_after=2024-10-01T11:15:00+00:00
[2024-09-30T14:25:30.994+0000] {processor.py:179} INFO - Processing /opt/airflow/dags/qwe.py took 0.609 seconds
[2024-09-30T14:26:01.410+0000] {processor.py:157} INFO - Started process (PID=227) to work on /opt/airflow/dags/qwe.py
[2024-09-30T14:26:01.412+0000] {processor.py:826} INFO - Processing file /opt/airflow/dags/qwe.py for tasks to queue
[2024-09-30T14:26:01.414+0000] {logging_mixin.py:149} INFO - [2024-09-30T14:26:01.414+0000] {dagbag.py:541} INFO - Filling up the DagBag from /opt/airflow/dags/qwe.py
[2024-09-30T14:26:01.483+0000] {processor.py:836} INFO - DAG(s) dict_keys(['my_first_dag']) retrieved from /opt/airflow/dags/qwe.py
[2024-09-30T14:26:01.532+0000] {logging_mixin.py:149} INFO - [2024-09-30T14:26:01.532+0000] {dag.py:2726} INFO - Sync 1 DAGs
[2024-09-30T14:26:01.581+0000] {logging_mixin.py:149} INFO - [2024-09-30T14:26:01.581+0000] {dag.py:3490} INFO - Setting next_dagrun for my_first_dag to 2024-09-30T11:15:00+00:00, run_after=2024-10-01T11:15:00+00:00
[2024-09-30T14:26:01.628+0000] {processor.py:179} INFO - Processing /opt/airflow/dags/qwe.py took 0.223 seconds
[2024-09-30T14:26:34.037+0000] {processor.py:157} INFO - Started process (PID=254) to work on /opt/airflow/dags/qwe.py
[2024-09-30T14:26:34.193+0000] {processor.py:826} INFO - Processing file /opt/airflow/dags/qwe.py for tasks to queue
[2024-09-30T14:26:34.195+0000] {logging_mixin.py:149} INFO - [2024-09-30T14:26:34.195+0000] {dagbag.py:541} INFO - Filling up the DagBag from /opt/airflow/dags/qwe.py
[2024-09-30T14:26:34.499+0000] {processor.py:836} INFO - DAG(s) dict_keys(['my_first_dag']) retrieved from /opt/airflow/dags/qwe.py
[2024-09-30T14:26:34.541+0000] {logging_mixin.py:149} INFO - [2024-09-30T14:26:34.540+0000] {dag.py:2726} INFO - Sync 1 DAGs
[2024-09-30T14:26:34.582+0000] {logging_mixin.py:149} INFO - [2024-09-30T14:26:34.581+0000] {dag.py:3490} INFO - Setting next_dagrun for my_first_dag to 2024-09-30T11:15:00+00:00, run_after=2024-10-01T11:15:00+00:00
[2024-09-30T14:26:35.129+0000] {processor.py:179} INFO - Processing /opt/airflow/dags/qwe.py took 1.096 seconds
[2024-09-30T14:27:06.173+0000] {processor.py:157} INFO - Started process (PID=281) to work on /opt/airflow/dags/qwe.py
[2024-09-30T14:27:06.175+0000] {processor.py:826} INFO - Processing file /opt/airflow/dags/qwe.py for tasks to queue
[2024-09-30T14:27:06.176+0000] {logging_mixin.py:149} INFO - [2024-09-30T14:27:06.176+0000] {dagbag.py:541} INFO - Filling up the DagBag from /opt/airflow/dags/qwe.py
[2024-09-30T14:27:06.247+0000] {processor.py:836} INFO - DAG(s) dict_keys(['my_first_dag']) retrieved from /opt/airflow/dags/qwe.py
[2024-09-30T14:27:06.296+0000] {logging_mixin.py:149} INFO - [2024-09-30T14:27:06.296+0000] {dag.py:2726} INFO - Sync 1 DAGs
[2024-09-30T14:27:06.341+0000] {logging_mixin.py:149} INFO - [2024-09-30T14:27:06.341+0000] {dag.py:3490} INFO - Setting next_dagrun for my_first_dag to 2024-09-30T11:15:00+00:00, run_after=2024-10-01T11:15:00+00:00
[2024-09-30T14:27:06.383+0000] {processor.py:179} INFO - Processing /opt/airflow/dags/qwe.py took 0.213 seconds
[2024-09-30T14:27:36.767+0000] {processor.py:157} INFO - Started process (PID=308) to work on /opt/airflow/dags/qwe.py
[2024-09-30T14:27:36.768+0000] {processor.py:826} INFO - Processing file /opt/airflow/dags/qwe.py for tasks to queue
[2024-09-30T14:27:36.770+0000] {logging_mixin.py:149} INFO - [2024-09-30T14:27:36.770+0000] {dagbag.py:541} INFO - Filling up the DagBag from /opt/airflow/dags/qwe.py
[2024-09-30T14:27:36.841+0000] {processor.py:836} INFO - DAG(s) dict_keys(['my_first_dag']) retrieved from /opt/airflow/dags/qwe.py
[2024-09-30T14:27:36.881+0000] {logging_mixin.py:149} INFO - [2024-09-30T14:27:36.881+0000] {dag.py:2726} INFO - Sync 1 DAGs
[2024-09-30T14:27:36.918+0000] {logging_mixin.py:149} INFO - [2024-09-30T14:27:36.918+0000] {dag.py:3490} INFO - Setting next_dagrun for my_first_dag to 2024-09-30T11:15:00+00:00, run_after=2024-10-01T11:15:00+00:00
[2024-09-30T14:27:36.949+0000] {processor.py:179} INFO - Processing /opt/airflow/dags/qwe.py took 0.185 seconds
[2024-09-30T14:28:07.326+0000] {processor.py:157} INFO - Started process (PID=335) to work on /opt/airflow/dags/qwe.py
[2024-09-30T14:28:07.328+0000] {processor.py:826} INFO - Processing file /opt/airflow/dags/qwe.py for tasks to queue
[2024-09-30T14:28:07.331+0000] {logging_mixin.py:149} INFO - [2024-09-30T14:28:07.330+0000] {dagbag.py:541} INFO - Filling up the DagBag from /opt/airflow/dags/qwe.py
[2024-09-30T14:28:07.423+0000] {processor.py:836} INFO - DAG(s) dict_keys(['my_first_dag']) retrieved from /opt/airflow/dags/qwe.py
[2024-09-30T14:28:07.477+0000] {logging_mixin.py:149} INFO - [2024-09-30T14:28:07.477+0000] {dag.py:2726} INFO - Sync 1 DAGs
[2024-09-30T14:28:07.535+0000] {logging_mixin.py:149} INFO - [2024-09-30T14:28:07.534+0000] {dag.py:3490} INFO - Setting next_dagrun for my_first_dag to 2024-09-30T11:15:00+00:00, run_after=2024-10-01T11:15:00+00:00
[2024-09-30T14:28:07.571+0000] {processor.py:179} INFO - Processing /opt/airflow/dags/qwe.py took 0.249 seconds
[2024-09-30T14:28:37.632+0000] {processor.py:157} INFO - Started process (PID=349) to work on /opt/airflow/dags/qwe.py
[2024-09-30T14:28:37.634+0000] {processor.py:826} INFO - Processing file /opt/airflow/dags/qwe.py for tasks to queue
[2024-09-30T14:28:37.636+0000] {logging_mixin.py:149} INFO - [2024-09-30T14:28:37.635+0000] {dagbag.py:541} INFO - Filling up the DagBag from /opt/airflow/dags/qwe.py
[2024-09-30T14:28:37.712+0000] {processor.py:836} INFO - DAG(s) dict_keys(['my_first_dag']) retrieved from /opt/airflow/dags/qwe.py
[2024-09-30T14:28:37.769+0000] {logging_mixin.py:149} INFO - [2024-09-30T14:28:37.769+0000] {dag.py:2726} INFO - Sync 1 DAGs
[2024-09-30T14:28:37.845+0000] {logging_mixin.py:149} INFO - [2024-09-30T14:28:37.845+0000] {dag.py:3490} INFO - Setting next_dagrun for my_first_dag to 2024-09-30T11:15:00+00:00, run_after=2024-10-01T11:15:00+00:00
[2024-09-30T14:28:37.897+0000] {processor.py:179} INFO - Processing /opt/airflow/dags/qwe.py took 0.269 seconds
[2024-09-30T14:29:08.070+0000] {processor.py:157} INFO - Started process (PID=364) to work on /opt/airflow/dags/qwe.py
[2024-09-30T14:29:08.074+0000] {processor.py:826} INFO - Processing file /opt/airflow/dags/qwe.py for tasks to queue
[2024-09-30T14:29:08.076+0000] {logging_mixin.py:149} INFO - [2024-09-30T14:29:08.075+0000] {dagbag.py:541} INFO - Filling up the DagBag from /opt/airflow/dags/qwe.py
[2024-09-30T14:29:08.216+0000] {processor.py:836} INFO - DAG(s) dict_keys(['my_first_dag']) retrieved from /opt/airflow/dags/qwe.py
[2024-09-30T14:29:08.270+0000] {logging_mixin.py:149} INFO - [2024-09-30T14:29:08.270+0000] {dag.py:2726} INFO - Sync 1 DAGs
[2024-09-30T14:29:08.355+0000] {logging_mixin.py:149} INFO - [2024-09-30T14:29:08.354+0000] {dag.py:3490} INFO - Setting next_dagrun for my_first_dag to 2024-09-30T11:15:00+00:00, run_after=2024-10-01T11:15:00+00:00
[2024-09-30T14:29:08.434+0000] {processor.py:179} INFO - Processing /opt/airflow/dags/qwe.py took 0.372 seconds
[2024-09-30T14:29:38.857+0000] {processor.py:157} INFO - Started process (PID=390) to work on /opt/airflow/dags/qwe.py
[2024-09-30T14:29:38.859+0000] {processor.py:826} INFO - Processing file /opt/airflow/dags/qwe.py for tasks to queue
[2024-09-30T14:29:38.861+0000] {logging_mixin.py:149} INFO - [2024-09-30T14:29:38.860+0000] {dagbag.py:541} INFO - Filling up the DagBag from /opt/airflow/dags/qwe.py
[2024-09-30T14:29:38.954+0000] {processor.py:836} INFO - DAG(s) dict_keys(['my_first_dag']) retrieved from /opt/airflow/dags/qwe.py
[2024-09-30T14:29:38.998+0000] {logging_mixin.py:149} INFO - [2024-09-30T14:29:38.998+0000] {dag.py:2726} INFO - Sync 1 DAGs
[2024-09-30T14:29:39.042+0000] {logging_mixin.py:149} INFO - [2024-09-30T14:29:39.042+0000] {dag.py:3490} INFO - Setting next_dagrun for my_first_dag to 2024-09-30T11:15:00+00:00, run_after=2024-10-01T11:15:00+00:00
[2024-09-30T14:29:39.085+0000] {processor.py:179} INFO - Processing /opt/airflow/dags/qwe.py took 0.233 seconds
[2024-09-30T14:30:09.484+0000] {processor.py:157} INFO - Started process (PID=417) to work on /opt/airflow/dags/qwe.py
[2024-09-30T14:30:09.485+0000] {processor.py:826} INFO - Processing file /opt/airflow/dags/qwe.py for tasks to queue
[2024-09-30T14:30:09.487+0000] {logging_mixin.py:149} INFO - [2024-09-30T14:30:09.487+0000] {dagbag.py:541} INFO - Filling up the DagBag from /opt/airflow/dags/qwe.py
[2024-09-30T14:30:09.560+0000] {processor.py:836} INFO - DAG(s) dict_keys(['my_first_dag']) retrieved from /opt/airflow/dags/qwe.py
[2024-09-30T14:30:09.626+0000] {logging_mixin.py:149} INFO - [2024-09-30T14:30:09.625+0000] {dag.py:2726} INFO - Sync 1 DAGs
[2024-09-30T14:30:09.677+0000] {logging_mixin.py:149} INFO - [2024-09-30T14:30:09.677+0000] {dag.py:3490} INFO - Setting next_dagrun for my_first_dag to 2024-09-30T11:15:00+00:00, run_after=2024-10-01T11:15:00+00:00
[2024-09-30T14:30:09.723+0000] {processor.py:179} INFO - Processing /opt/airflow/dags/qwe.py took 0.244 seconds
[2024-09-30T14:30:40.132+0000] {processor.py:157} INFO - Started process (PID=444) to work on /opt/airflow/dags/qwe.py
[2024-09-30T14:30:40.134+0000] {processor.py:826} INFO - Processing file /opt/airflow/dags/qwe.py for tasks to queue
[2024-09-30T14:30:40.136+0000] {logging_mixin.py:149} INFO - [2024-09-30T14:30:40.135+0000] {dagbag.py:541} INFO - Filling up the DagBag from /opt/airflow/dags/qwe.py
[2024-09-30T14:30:40.208+0000] {processor.py:836} INFO - DAG(s) dict_keys(['my_first_dag']) retrieved from /opt/airflow/dags/qwe.py
[2024-09-30T14:30:40.259+0000] {logging_mixin.py:149} INFO - [2024-09-30T14:30:40.259+0000] {dag.py:2726} INFO - Sync 1 DAGs
[2024-09-30T14:30:40.308+0000] {logging_mixin.py:149} INFO - [2024-09-30T14:30:40.307+0000] {dag.py:3490} INFO - Setting next_dagrun for my_first_dag to 2024-09-30T11:15:00+00:00, run_after=2024-10-01T11:15:00+00:00
[2024-09-30T14:30:40.341+0000] {processor.py:179} INFO - Processing /opt/airflow/dags/qwe.py took 0.213 seconds
[2024-09-30T14:31:10.680+0000] {processor.py:157} INFO - Started process (PID=471) to work on /opt/airflow/dags/qwe.py
[2024-09-30T14:31:10.681+0000] {processor.py:826} INFO - Processing file /opt/airflow/dags/qwe.py for tasks to queue
[2024-09-30T14:31:10.683+0000] {logging_mixin.py:149} INFO - [2024-09-30T14:31:10.683+0000] {dagbag.py:541} INFO - Filling up the DagBag from /opt/airflow/dags/qwe.py
[2024-09-30T14:31:10.763+0000] {processor.py:836} INFO - DAG(s) dict_keys(['my_first_dag']) retrieved from /opt/airflow/dags/qwe.py
[2024-09-30T14:31:10.818+0000] {logging_mixin.py:149} INFO - [2024-09-30T14:31:10.818+0000] {dag.py:2726} INFO - Sync 1 DAGs
[2024-09-30T14:31:10.859+0000] {logging_mixin.py:149} INFO - [2024-09-30T14:31:10.859+0000] {dag.py:3490} INFO - Setting next_dagrun for my_first_dag to 2024-09-30T11:15:00+00:00, run_after=2024-10-01T11:15:00+00:00
[2024-09-30T14:31:10.893+0000] {processor.py:179} INFO - Processing /opt/airflow/dags/qwe.py took 0.218 seconds
[2024-09-30T14:31:41.265+0000] {processor.py:157} INFO - Started process (PID=498) to work on /opt/airflow/dags/qwe.py
[2024-09-30T14:31:41.267+0000] {processor.py:826} INFO - Processing file /opt/airflow/dags/qwe.py for tasks to queue
[2024-09-30T14:31:41.268+0000] {logging_mixin.py:149} INFO - [2024-09-30T14:31:41.268+0000] {dagbag.py:541} INFO - Filling up the DagBag from /opt/airflow/dags/qwe.py
[2024-09-30T14:31:41.335+0000] {processor.py:836} INFO - DAG(s) dict_keys(['my_first_dag']) retrieved from /opt/airflow/dags/qwe.py
[2024-09-30T14:31:41.376+0000] {logging_mixin.py:149} INFO - [2024-09-30T14:31:41.376+0000] {dag.py:2726} INFO - Sync 1 DAGs
[2024-09-30T14:31:41.416+0000] {logging_mixin.py:149} INFO - [2024-09-30T14:31:41.415+0000] {dag.py:3490} INFO - Setting next_dagrun for my_first_dag to 2024-09-30T11:15:00+00:00, run_after=2024-10-01T11:15:00+00:00
[2024-09-30T14:31:41.465+0000] {processor.py:179} INFO - Processing /opt/airflow/dags/qwe.py took 0.204 seconds
[2024-09-30T14:32:11.629+0000] {processor.py:157} INFO - Started process (PID=525) to work on /opt/airflow/dags/qwe.py
[2024-09-30T14:32:11.630+0000] {processor.py:826} INFO - Processing file /opt/airflow/dags/qwe.py for tasks to queue
[2024-09-30T14:32:11.632+0000] {logging_mixin.py:149} INFO - [2024-09-30T14:32:11.632+0000] {dagbag.py:541} INFO - Filling up the DagBag from /opt/airflow/dags/qwe.py
[2024-09-30T14:32:11.700+0000] {processor.py:836} INFO - DAG(s) dict_keys(['my_first_dag']) retrieved from /opt/airflow/dags/qwe.py
[2024-09-30T14:32:11.740+0000] {logging_mixin.py:149} INFO - [2024-09-30T14:32:11.740+0000] {dag.py:2726} INFO - Sync 1 DAGs
[2024-09-30T14:32:11.783+0000] {logging_mixin.py:149} INFO - [2024-09-30T14:32:11.782+0000] {dag.py:3490} INFO - Setting next_dagrun for my_first_dag to 2024-09-30T11:15:00+00:00, run_after=2024-10-01T11:15:00+00:00
[2024-09-30T14:32:11.817+0000] {processor.py:179} INFO - Processing /opt/airflow/dags/qwe.py took 0.192 seconds
[2024-09-30T14:32:42.706+0000] {processor.py:157} INFO - Started process (PID=552) to work on /opt/airflow/dags/qwe.py
[2024-09-30T14:32:42.708+0000] {processor.py:826} INFO - Processing file /opt/airflow/dags/qwe.py for tasks to queue
[2024-09-30T14:32:42.710+0000] {logging_mixin.py:149} INFO - [2024-09-30T14:32:42.710+0000] {dagbag.py:541} INFO - Filling up the DagBag from /opt/airflow/dags/qwe.py
[2024-09-30T14:32:42.786+0000] {processor.py:836} INFO - DAG(s) dict_keys(['my_first_dag']) retrieved from /opt/airflow/dags/qwe.py
[2024-09-30T14:32:42.841+0000] {logging_mixin.py:149} INFO - [2024-09-30T14:32:42.840+0000] {dag.py:2726} INFO - Sync 1 DAGs
[2024-09-30T14:32:42.888+0000] {logging_mixin.py:149} INFO - [2024-09-30T14:32:42.888+0000] {dag.py:3490} INFO - Setting next_dagrun for my_first_dag to 2024-09-30T11:15:00+00:00, run_after=2024-10-01T11:15:00+00:00
[2024-09-30T14:32:42.948+0000] {processor.py:179} INFO - Processing /opt/airflow/dags/qwe.py took 0.248 seconds
[2024-09-30T14:33:13.500+0000] {processor.py:157} INFO - Started process (PID=579) to work on /opt/airflow/dags/qwe.py
[2024-09-30T14:33:13.501+0000] {processor.py:826} INFO - Processing file /opt/airflow/dags/qwe.py for tasks to queue
[2024-09-30T14:33:13.503+0000] {logging_mixin.py:149} INFO - [2024-09-30T14:33:13.502+0000] {dagbag.py:541} INFO - Filling up the DagBag from /opt/airflow/dags/qwe.py
[2024-09-30T14:33:13.576+0000] {processor.py:836} INFO - DAG(s) dict_keys(['my_first_dag']) retrieved from /opt/airflow/dags/qwe.py
[2024-09-30T14:33:13.625+0000] {logging_mixin.py:149} INFO - [2024-09-30T14:33:13.625+0000] {dag.py:2726} INFO - Sync 1 DAGs
[2024-09-30T14:33:13.667+0000] {logging_mixin.py:149} INFO - [2024-09-30T14:33:13.666+0000] {dag.py:3490} INFO - Setting next_dagrun for my_first_dag to 2024-09-30T11:15:00+00:00, run_after=2024-10-01T11:15:00+00:00
[2024-09-30T14:33:13.707+0000] {processor.py:179} INFO - Processing /opt/airflow/dags/qwe.py took 0.213 seconds
[2024-09-30T14:33:43.830+0000] {processor.py:157} INFO - Started process (PID=606) to work on /opt/airflow/dags/qwe.py
[2024-09-30T14:33:43.832+0000] {processor.py:826} INFO - Processing file /opt/airflow/dags/qwe.py for tasks to queue
[2024-09-30T14:33:43.834+0000] {logging_mixin.py:149} INFO - [2024-09-30T14:33:43.833+0000] {dagbag.py:541} INFO - Filling up the DagBag from /opt/airflow/dags/qwe.py
[2024-09-30T14:33:43.906+0000] {processor.py:836} INFO - DAG(s) dict_keys(['my_first_dag']) retrieved from /opt/airflow/dags/qwe.py
[2024-09-30T14:33:43.953+0000] {logging_mixin.py:149} INFO - [2024-09-30T14:33:43.953+0000] {dag.py:2726} INFO - Sync 1 DAGs
[2024-09-30T14:33:44.003+0000] {logging_mixin.py:149} INFO - [2024-09-30T14:33:44.003+0000] {dag.py:3490} INFO - Setting next_dagrun for my_first_dag to 2024-09-30T11:15:00+00:00, run_after=2024-10-01T11:15:00+00:00
[2024-09-30T14:33:44.046+0000] {processor.py:179} INFO - Processing /opt/airflow/dags/qwe.py took 0.220 seconds
[2024-09-30T14:34:14.409+0000] {processor.py:157} INFO - Started process (PID=633) to work on /opt/airflow/dags/qwe.py
[2024-09-30T14:34:14.411+0000] {processor.py:826} INFO - Processing file /opt/airflow/dags/qwe.py for tasks to queue
[2024-09-30T14:34:14.412+0000] {logging_mixin.py:149} INFO - [2024-09-30T14:34:14.412+0000] {dagbag.py:541} INFO - Filling up the DagBag from /opt/airflow/dags/qwe.py
[2024-09-30T14:34:14.492+0000] {processor.py:836} INFO - DAG(s) dict_keys(['my_first_dag']) retrieved from /opt/airflow/dags/qwe.py
[2024-09-30T14:34:14.539+0000] {logging_mixin.py:149} INFO - [2024-09-30T14:34:14.539+0000] {dag.py:2726} INFO - Sync 1 DAGs
[2024-09-30T14:34:14.588+0000] {logging_mixin.py:149} INFO - [2024-09-30T14:34:14.588+0000] {dag.py:3490} INFO - Setting next_dagrun for my_first_dag to 2024-09-30T11:15:00+00:00, run_after=2024-10-01T11:15:00+00:00
[2024-09-30T14:34:14.634+0000] {processor.py:179} INFO - Processing /opt/airflow/dags/qwe.py took 0.229 seconds
[2024-09-30T14:34:45.467+0000] {processor.py:157} INFO - Started process (PID=660) to work on /opt/airflow/dags/qwe.py
[2024-09-30T14:34:45.469+0000] {processor.py:826} INFO - Processing file /opt/airflow/dags/qwe.py for tasks to queue
[2024-09-30T14:34:45.470+0000] {logging_mixin.py:149} INFO - [2024-09-30T14:34:45.470+0000] {dagbag.py:541} INFO - Filling up the DagBag from /opt/airflow/dags/qwe.py
[2024-09-30T14:34:45.550+0000] {processor.py:836} INFO - DAG(s) dict_keys(['my_first_dag']) retrieved from /opt/airflow/dags/qwe.py
[2024-09-30T14:34:45.594+0000] {logging_mixin.py:149} INFO - [2024-09-30T14:34:45.594+0000] {dag.py:2726} INFO - Sync 1 DAGs
[2024-09-30T14:34:45.633+0000] {logging_mixin.py:149} INFO - [2024-09-30T14:34:45.633+0000] {dag.py:3490} INFO - Setting next_dagrun for my_first_dag to 2024-09-30T11:15:00+00:00, run_after=2024-10-01T11:15:00+00:00
[2024-09-30T14:34:45.668+0000] {processor.py:179} INFO - Processing /opt/airflow/dags/qwe.py took 0.205 seconds
[2024-09-30T14:35:16.595+0000] {processor.py:157} INFO - Started process (PID=687) to work on /opt/airflow/dags/qwe.py
[2024-09-30T14:35:16.597+0000] {processor.py:826} INFO - Processing file /opt/airflow/dags/qwe.py for tasks to queue
[2024-09-30T14:35:16.599+0000] {logging_mixin.py:149} INFO - [2024-09-30T14:35:16.599+0000] {dagbag.py:541} INFO - Filling up the DagBag from /opt/airflow/dags/qwe.py
[2024-09-30T14:35:16.668+0000] {processor.py:836} INFO - DAG(s) dict_keys(['my_first_dag']) retrieved from /opt/airflow/dags/qwe.py
[2024-09-30T14:35:16.708+0000] {logging_mixin.py:149} INFO - [2024-09-30T14:35:16.708+0000] {dag.py:2726} INFO - Sync 1 DAGs
[2024-09-30T14:35:16.747+0000] {logging_mixin.py:149} INFO - [2024-09-30T14:35:16.747+0000] {dag.py:3490} INFO - Setting next_dagrun for my_first_dag to 2024-09-30T11:15:00+00:00, run_after=2024-10-01T11:15:00+00:00
[2024-09-30T14:35:16.782+0000] {processor.py:179} INFO - Processing /opt/airflow/dags/qwe.py took 0.190 seconds
[2024-09-30T14:35:47.160+0000] {processor.py:157} INFO - Started process (PID=714) to work on /opt/airflow/dags/qwe.py
[2024-09-30T14:35:47.161+0000] {processor.py:826} INFO - Processing file /opt/airflow/dags/qwe.py for tasks to queue
[2024-09-30T14:35:47.163+0000] {logging_mixin.py:149} INFO - [2024-09-30T14:35:47.163+0000] {dagbag.py:541} INFO - Filling up the DagBag from /opt/airflow/dags/qwe.py
[2024-09-30T14:35:47.231+0000] {processor.py:836} INFO - DAG(s) dict_keys(['my_first_dag']) retrieved from /opt/airflow/dags/qwe.py
[2024-09-30T14:35:47.273+0000] {logging_mixin.py:149} INFO - [2024-09-30T14:35:47.273+0000] {dag.py:2726} INFO - Sync 1 DAGs
[2024-09-30T14:35:47.316+0000] {logging_mixin.py:149} INFO - [2024-09-30T14:35:47.316+0000] {dag.py:3490} INFO - Setting next_dagrun for my_first_dag to 2024-09-30T11:15:00+00:00, run_after=2024-10-01T11:15:00+00:00
[2024-09-30T14:35:47.354+0000] {processor.py:179} INFO - Processing /opt/airflow/dags/qwe.py took 0.199 seconds
[2024-09-30T14:36:17.677+0000] {processor.py:157} INFO - Started process (PID=741) to work on /opt/airflow/dags/qwe.py
[2024-09-30T14:36:17.679+0000] {processor.py:826} INFO - Processing file /opt/airflow/dags/qwe.py for tasks to queue
[2024-09-30T14:36:17.680+0000] {logging_mixin.py:149} INFO - [2024-09-30T14:36:17.680+0000] {dagbag.py:541} INFO - Filling up the DagBag from /opt/airflow/dags/qwe.py
[2024-09-30T14:36:17.747+0000] {processor.py:836} INFO - DAG(s) dict_keys(['my_first_dag']) retrieved from /opt/airflow/dags/qwe.py
[2024-09-30T14:36:17.791+0000] {logging_mixin.py:149} INFO - [2024-09-30T14:36:17.790+0000] {dag.py:2726} INFO - Sync 1 DAGs
[2024-09-30T14:36:17.831+0000] {logging_mixin.py:149} INFO - [2024-09-30T14:36:17.831+0000] {dag.py:3490} INFO - Setting next_dagrun for my_first_dag to 2024-09-30T11:15:00+00:00, run_after=2024-10-01T11:15:00+00:00
[2024-09-30T14:36:17.871+0000] {processor.py:179} INFO - Processing /opt/airflow/dags/qwe.py took 0.198 seconds
[2024-09-30T14:36:48.287+0000] {processor.py:157} INFO - Started process (PID=768) to work on /opt/airflow/dags/qwe.py
[2024-09-30T14:36:48.289+0000] {processor.py:826} INFO - Processing file /opt/airflow/dags/qwe.py for tasks to queue
[2024-09-30T14:36:48.291+0000] {logging_mixin.py:149} INFO - [2024-09-30T14:36:48.290+0000] {dagbag.py:541} INFO - Filling up the DagBag from /opt/airflow/dags/qwe.py
[2024-09-30T14:36:48.357+0000] {processor.py:836} INFO - DAG(s) dict_keys(['my_first_dag']) retrieved from /opt/airflow/dags/qwe.py
[2024-09-30T14:36:48.414+0000] {logging_mixin.py:149} INFO - [2024-09-30T14:36:48.413+0000] {dag.py:2726} INFO - Sync 1 DAGs
[2024-09-30T14:36:48.457+0000] {logging_mixin.py:149} INFO - [2024-09-30T14:36:48.457+0000] {dag.py:3490} INFO - Setting next_dagrun for my_first_dag to 2024-09-30T11:15:00+00:00, run_after=2024-10-01T11:15:00+00:00
[2024-09-30T14:36:48.500+0000] {processor.py:179} INFO - Processing /opt/airflow/dags/qwe.py took 0.216 seconds
[2024-09-30T14:37:18.862+0000] {processor.py:157} INFO - Started process (PID=795) to work on /opt/airflow/dags/qwe.py
[2024-09-30T14:37:18.865+0000] {processor.py:826} INFO - Processing file /opt/airflow/dags/qwe.py for tasks to queue
[2024-09-30T14:37:18.868+0000] {logging_mixin.py:149} INFO - [2024-09-30T14:37:18.867+0000] {dagbag.py:541} INFO - Filling up the DagBag from /opt/airflow/dags/qwe.py
[2024-09-30T14:37:18.968+0000] {processor.py:836} INFO - DAG(s) dict_keys(['my_first_dag']) retrieved from /opt/airflow/dags/qwe.py
[2024-09-30T14:37:19.023+0000] {logging_mixin.py:149} INFO - [2024-09-30T14:37:19.022+0000] {dag.py:2726} INFO - Sync 1 DAGs
[2024-09-30T14:37:19.071+0000] {logging_mixin.py:149} INFO - [2024-09-30T14:37:19.070+0000] {dag.py:3490} INFO - Setting next_dagrun for my_first_dag to 2024-09-30T11:15:00+00:00, run_after=2024-10-01T11:15:00+00:00
[2024-09-30T14:37:19.118+0000] {processor.py:179} INFO - Processing /opt/airflow/dags/qwe.py took 0.262 seconds
[2024-09-30T14:37:49.341+0000] {processor.py:157} INFO - Started process (PID=822) to work on /opt/airflow/dags/qwe.py
[2024-09-30T14:37:49.343+0000] {processor.py:826} INFO - Processing file /opt/airflow/dags/qwe.py for tasks to queue
[2024-09-30T14:37:49.344+0000] {logging_mixin.py:149} INFO - [2024-09-30T14:37:49.344+0000] {dagbag.py:541} INFO - Filling up the DagBag from /opt/airflow/dags/qwe.py
[2024-09-30T14:37:49.425+0000] {processor.py:836} INFO - DAG(s) dict_keys(['my_first_dag']) retrieved from /opt/airflow/dags/qwe.py
[2024-09-30T14:37:49.470+0000] {logging_mixin.py:149} INFO - [2024-09-30T14:37:49.470+0000] {dag.py:2726} INFO - Sync 1 DAGs
[2024-09-30T14:37:49.513+0000] {logging_mixin.py:149} INFO - [2024-09-30T14:37:49.513+0000] {dag.py:3490} INFO - Setting next_dagrun for my_first_dag to 2024-09-30T11:15:00+00:00, run_after=2024-10-01T11:15:00+00:00
[2024-09-30T14:37:49.555+0000] {processor.py:179} INFO - Processing /opt/airflow/dags/qwe.py took 0.218 seconds
[2024-09-30T14:38:20.472+0000] {processor.py:157} INFO - Started process (PID=849) to work on /opt/airflow/dags/qwe.py
[2024-09-30T14:38:20.474+0000] {processor.py:826} INFO - Processing file /opt/airflow/dags/qwe.py for tasks to queue
[2024-09-30T14:38:20.476+0000] {logging_mixin.py:149} INFO - [2024-09-30T14:38:20.476+0000] {dagbag.py:541} INFO - Filling up the DagBag from /opt/airflow/dags/qwe.py
[2024-09-30T14:38:20.546+0000] {processor.py:836} INFO - DAG(s) dict_keys(['my_first_dag']) retrieved from /opt/airflow/dags/qwe.py
[2024-09-30T14:38:20.591+0000] {logging_mixin.py:149} INFO - [2024-09-30T14:38:20.591+0000] {dag.py:2726} INFO - Sync 1 DAGs
[2024-09-30T14:38:20.632+0000] {logging_mixin.py:149} INFO - [2024-09-30T14:38:20.632+0000] {dag.py:3490} INFO - Setting next_dagrun for my_first_dag to 2024-09-30T11:15:00+00:00, run_after=2024-10-01T11:15:00+00:00
[2024-09-30T14:38:20.665+0000] {processor.py:179} INFO - Processing /opt/airflow/dags/qwe.py took 0.196 seconds
[2024-09-30T14:38:51.023+0000] {processor.py:157} INFO - Started process (PID=876) to work on /opt/airflow/dags/qwe.py
[2024-09-30T14:38:51.026+0000] {processor.py:826} INFO - Processing file /opt/airflow/dags/qwe.py for tasks to queue
[2024-09-30T14:38:51.027+0000] {logging_mixin.py:149} INFO - [2024-09-30T14:38:51.027+0000] {dagbag.py:541} INFO - Filling up the DagBag from /opt/airflow/dags/qwe.py
[2024-09-30T14:38:51.098+0000] {processor.py:836} INFO - DAG(s) dict_keys(['my_first_dag']) retrieved from /opt/airflow/dags/qwe.py
[2024-09-30T14:38:51.142+0000] {logging_mixin.py:149} INFO - [2024-09-30T14:38:51.142+0000] {dag.py:2726} INFO - Sync 1 DAGs
[2024-09-30T14:38:51.186+0000] {logging_mixin.py:149} INFO - [2024-09-30T14:38:51.185+0000] {dag.py:3490} INFO - Setting next_dagrun for my_first_dag to 2024-09-30T11:15:00+00:00, run_after=2024-10-01T11:15:00+00:00
[2024-09-30T14:38:51.226+0000] {processor.py:179} INFO - Processing /opt/airflow/dags/qwe.py took 0.207 seconds
[2024-09-30T14:39:21.331+0000] {processor.py:157} INFO - Started process (PID=903) to work on /opt/airflow/dags/qwe.py
[2024-09-30T14:39:21.333+0000] {processor.py:826} INFO - Processing file /opt/airflow/dags/qwe.py for tasks to queue
[2024-09-30T14:39:21.334+0000] {logging_mixin.py:149} INFO - [2024-09-30T14:39:21.334+0000] {dagbag.py:541} INFO - Filling up the DagBag from /opt/airflow/dags/qwe.py
[2024-09-30T14:39:21.403+0000] {processor.py:836} INFO - DAG(s) dict_keys(['my_first_dag']) retrieved from /opt/airflow/dags/qwe.py
[2024-09-30T14:39:21.443+0000] {logging_mixin.py:149} INFO - [2024-09-30T14:39:21.443+0000] {dag.py:2726} INFO - Sync 1 DAGs
[2024-09-30T14:39:21.485+0000] {logging_mixin.py:149} INFO - [2024-09-30T14:39:21.485+0000] {dag.py:3490} INFO - Setting next_dagrun for my_first_dag to 2024-09-30T11:15:00+00:00, run_after=2024-10-01T11:15:00+00:00
[2024-09-30T14:39:21.525+0000] {processor.py:179} INFO - Processing /opt/airflow/dags/qwe.py took 0.198 seconds
[2024-09-30T14:39:51.896+0000] {processor.py:157} INFO - Started process (PID=930) to work on /opt/airflow/dags/qwe.py
[2024-09-30T14:39:51.898+0000] {processor.py:826} INFO - Processing file /opt/airflow/dags/qwe.py for tasks to queue
[2024-09-30T14:39:51.899+0000] {logging_mixin.py:149} INFO - [2024-09-30T14:39:51.899+0000] {dagbag.py:541} INFO - Filling up the DagBag from /opt/airflow/dags/qwe.py
[2024-09-30T14:39:51.964+0000] {processor.py:836} INFO - DAG(s) dict_keys(['my_first_dag']) retrieved from /opt/airflow/dags/qwe.py
[2024-09-30T14:39:52.007+0000] {logging_mixin.py:149} INFO - [2024-09-30T14:39:52.007+0000] {dag.py:2726} INFO - Sync 1 DAGs
[2024-09-30T14:39:52.048+0000] {logging_mixin.py:149} INFO - [2024-09-30T14:39:52.047+0000] {dag.py:3490} INFO - Setting next_dagrun for my_first_dag to 2024-09-30T11:15:00+00:00, run_after=2024-10-01T11:15:00+00:00
[2024-09-30T14:39:52.084+0000] {processor.py:179} INFO - Processing /opt/airflow/dags/qwe.py took 0.192 seconds
[2024-09-30T14:40:22.199+0000] {processor.py:157} INFO - Started process (PID=957) to work on /opt/airflow/dags/qwe.py
[2024-09-30T14:40:22.201+0000] {processor.py:826} INFO - Processing file /opt/airflow/dags/qwe.py for tasks to queue
[2024-09-30T14:40:22.202+0000] {logging_mixin.py:149} INFO - [2024-09-30T14:40:22.202+0000] {dagbag.py:541} INFO - Filling up the DagBag from /opt/airflow/dags/qwe.py
[2024-09-30T14:40:22.270+0000] {processor.py:836} INFO - DAG(s) dict_keys(['my_first_dag']) retrieved from /opt/airflow/dags/qwe.py
[2024-09-30T14:40:22.312+0000] {logging_mixin.py:149} INFO - [2024-09-30T14:40:22.312+0000] {dag.py:2726} INFO - Sync 1 DAGs
[2024-09-30T14:40:22.352+0000] {logging_mixin.py:149} INFO - [2024-09-30T14:40:22.352+0000] {dag.py:3490} INFO - Setting next_dagrun for my_first_dag to 2024-09-30T11:15:00+00:00, run_after=2024-10-01T11:15:00+00:00
[2024-09-30T14:40:22.390+0000] {processor.py:179} INFO - Processing /opt/airflow/dags/qwe.py took 0.195 seconds
[2024-09-30T14:40:53.296+0000] {processor.py:157} INFO - Started process (PID=984) to work on /opt/airflow/dags/qwe.py
[2024-09-30T14:40:53.298+0000] {processor.py:826} INFO - Processing file /opt/airflow/dags/qwe.py for tasks to queue
[2024-09-30T14:40:53.301+0000] {logging_mixin.py:149} INFO - [2024-09-30T14:40:53.300+0000] {dagbag.py:541} INFO - Filling up the DagBag from /opt/airflow/dags/qwe.py
[2024-09-30T14:40:53.381+0000] {processor.py:836} INFO - DAG(s) dict_keys(['my_first_dag']) retrieved from /opt/airflow/dags/qwe.py
[2024-09-30T14:40:53.429+0000] {logging_mixin.py:149} INFO - [2024-09-30T14:40:53.428+0000] {dag.py:2726} INFO - Sync 1 DAGs
[2024-09-30T14:40:53.474+0000] {logging_mixin.py:149} INFO - [2024-09-30T14:40:53.474+0000] {dag.py:3490} INFO - Setting next_dagrun for my_first_dag to 2024-09-30T11:15:00+00:00, run_after=2024-10-01T11:15:00+00:00
[2024-09-30T14:40:53.520+0000] {processor.py:179} INFO - Processing /opt/airflow/dags/qwe.py took 0.230 seconds
[2024-09-30T14:41:24.367+0000] {processor.py:157} INFO - Started process (PID=1011) to work on /opt/airflow/dags/qwe.py
[2024-09-30T14:41:24.369+0000] {processor.py:826} INFO - Processing file /opt/airflow/dags/qwe.py for tasks to queue
[2024-09-30T14:41:24.371+0000] {logging_mixin.py:149} INFO - [2024-09-30T14:41:24.370+0000] {dagbag.py:541} INFO - Filling up the DagBag from /opt/airflow/dags/qwe.py
[2024-09-30T14:41:24.436+0000] {processor.py:836} INFO - DAG(s) dict_keys(['my_first_dag']) retrieved from /opt/airflow/dags/qwe.py
[2024-09-30T14:41:24.478+0000] {logging_mixin.py:149} INFO - [2024-09-30T14:41:24.478+0000] {dag.py:2726} INFO - Sync 1 DAGs
[2024-09-30T14:41:24.521+0000] {logging_mixin.py:149} INFO - [2024-09-30T14:41:24.521+0000] {dag.py:3490} INFO - Setting next_dagrun for my_first_dag to 2024-09-30T11:15:00+00:00, run_after=2024-10-01T11:15:00+00:00
[2024-09-30T14:41:24.663+0000] {processor.py:179} INFO - Processing /opt/airflow/dags/qwe.py took 0.297 seconds
[2024-09-30T14:41:55.421+0000] {processor.py:157} INFO - Started process (PID=1038) to work on /opt/airflow/dags/qwe.py
[2024-09-30T14:41:55.424+0000] {processor.py:826} INFO - Processing file /opt/airflow/dags/qwe.py for tasks to queue
[2024-09-30T14:41:55.426+0000] {logging_mixin.py:149} INFO - [2024-09-30T14:41:55.425+0000] {dagbag.py:541} INFO - Filling up the DagBag from /opt/airflow/dags/qwe.py
[2024-09-30T14:41:55.495+0000] {processor.py:836} INFO - DAG(s) dict_keys(['my_first_dag']) retrieved from /opt/airflow/dags/qwe.py
[2024-09-30T14:41:55.536+0000] {logging_mixin.py:149} INFO - [2024-09-30T14:41:55.536+0000] {dag.py:2726} INFO - Sync 1 DAGs
[2024-09-30T14:41:55.578+0000] {logging_mixin.py:149} INFO - [2024-09-30T14:41:55.578+0000] {dag.py:3490} INFO - Setting next_dagrun for my_first_dag to 2024-09-30T11:15:00+00:00, run_after=2024-10-01T11:15:00+00:00
[2024-09-30T14:41:55.616+0000] {processor.py:179} INFO - Processing /opt/airflow/dags/qwe.py took 0.198 seconds
[2024-09-30T14:42:26.614+0000] {processor.py:157} INFO - Started process (PID=1065) to work on /opt/airflow/dags/qwe.py
[2024-09-30T14:42:26.615+0000] {processor.py:826} INFO - Processing file /opt/airflow/dags/qwe.py for tasks to queue
[2024-09-30T14:42:26.617+0000] {logging_mixin.py:149} INFO - [2024-09-30T14:42:26.617+0000] {dagbag.py:541} INFO - Filling up the DagBag from /opt/airflow/dags/qwe.py
[2024-09-30T14:42:26.687+0000] {processor.py:836} INFO - DAG(s) dict_keys(['my_first_dag']) retrieved from /opt/airflow/dags/qwe.py
[2024-09-30T14:42:26.741+0000] {logging_mixin.py:149} INFO - [2024-09-30T14:42:26.740+0000] {dag.py:2726} INFO - Sync 1 DAGs
[2024-09-30T14:42:26.782+0000] {logging_mixin.py:149} INFO - [2024-09-30T14:42:26.782+0000] {dag.py:3490} INFO - Setting next_dagrun for my_first_dag to 2024-09-30T11:15:00+00:00, run_after=2024-10-01T11:15:00+00:00
[2024-09-30T14:42:26.828+0000] {processor.py:179} INFO - Processing /opt/airflow/dags/qwe.py took 0.218 seconds
[2024-09-30T14:42:57.196+0000] {processor.py:157} INFO - Started process (PID=1092) to work on /opt/airflow/dags/qwe.py
[2024-09-30T14:42:57.198+0000] {processor.py:826} INFO - Processing file /opt/airflow/dags/qwe.py for tasks to queue
[2024-09-30T14:42:57.199+0000] {logging_mixin.py:149} INFO - [2024-09-30T14:42:57.199+0000] {dagbag.py:541} INFO - Filling up the DagBag from /opt/airflow/dags/qwe.py
[2024-09-30T14:42:57.263+0000] {processor.py:836} INFO - DAG(s) dict_keys(['my_first_dag']) retrieved from /opt/airflow/dags/qwe.py
[2024-09-30T14:42:57.302+0000] {logging_mixin.py:149} INFO - [2024-09-30T14:42:57.302+0000] {dag.py:2726} INFO - Sync 1 DAGs
[2024-09-30T14:42:57.342+0000] {logging_mixin.py:149} INFO - [2024-09-30T14:42:57.341+0000] {dag.py:3490} INFO - Setting next_dagrun for my_first_dag to 2024-09-30T11:15:00+00:00, run_after=2024-10-01T11:15:00+00:00
[2024-09-30T14:42:57.376+0000] {processor.py:179} INFO - Processing /opt/airflow/dags/qwe.py took 0.187 seconds
[2024-09-30T14:43:27.474+0000] {processor.py:157} INFO - Started process (PID=1119) to work on /opt/airflow/dags/qwe.py
[2024-09-30T14:43:27.477+0000] {processor.py:826} INFO - Processing file /opt/airflow/dags/qwe.py for tasks to queue
[2024-09-30T14:43:27.478+0000] {logging_mixin.py:149} INFO - [2024-09-30T14:43:27.478+0000] {dagbag.py:541} INFO - Filling up the DagBag from /opt/airflow/dags/qwe.py
[2024-09-30T14:43:27.550+0000] {processor.py:836} INFO - DAG(s) dict_keys(['my_first_dag']) retrieved from /opt/airflow/dags/qwe.py
[2024-09-30T14:43:27.591+0000] {logging_mixin.py:149} INFO - [2024-09-30T14:43:27.590+0000] {dag.py:2726} INFO - Sync 1 DAGs
[2024-09-30T14:43:27.630+0000] {logging_mixin.py:149} INFO - [2024-09-30T14:43:27.629+0000] {dag.py:3490} INFO - Setting next_dagrun for my_first_dag to 2024-09-30T11:15:00+00:00, run_after=2024-10-01T11:15:00+00:00
[2024-09-30T14:43:27.674+0000] {processor.py:179} INFO - Processing /opt/airflow/dags/qwe.py took 0.203 seconds
[2024-09-30T14:43:58.053+0000] {processor.py:157} INFO - Started process (PID=1146) to work on /opt/airflow/dags/qwe.py
[2024-09-30T14:43:58.055+0000] {processor.py:826} INFO - Processing file /opt/airflow/dags/qwe.py for tasks to queue
[2024-09-30T14:43:58.057+0000] {logging_mixin.py:149} INFO - [2024-09-30T14:43:58.056+0000] {dagbag.py:541} INFO - Filling up the DagBag from /opt/airflow/dags/qwe.py
[2024-09-30T14:43:58.125+0000] {processor.py:836} INFO - DAG(s) dict_keys(['my_first_dag']) retrieved from /opt/airflow/dags/qwe.py
[2024-09-30T14:43:58.168+0000] {logging_mixin.py:149} INFO - [2024-09-30T14:43:58.168+0000] {dag.py:2726} INFO - Sync 1 DAGs
[2024-09-30T14:43:58.210+0000] {logging_mixin.py:149} INFO - [2024-09-30T14:43:58.210+0000] {dag.py:3490} INFO - Setting next_dagrun for my_first_dag to 2024-09-30T11:15:00+00:00, run_after=2024-10-01T11:15:00+00:00
[2024-09-30T14:43:58.247+0000] {processor.py:179} INFO - Processing /opt/airflow/dags/qwe.py took 0.198 seconds
[2024-09-30T14:44:28.340+0000] {processor.py:157} INFO - Started process (PID=1173) to work on /opt/airflow/dags/qwe.py
[2024-09-30T14:44:28.343+0000] {processor.py:826} INFO - Processing file /opt/airflow/dags/qwe.py for tasks to queue
[2024-09-30T14:44:28.345+0000] {logging_mixin.py:149} INFO - [2024-09-30T14:44:28.344+0000] {dagbag.py:541} INFO - Filling up the DagBag from /opt/airflow/dags/qwe.py
[2024-09-30T14:44:28.429+0000] {processor.py:836} INFO - DAG(s) dict_keys(['my_first_dag']) retrieved from /opt/airflow/dags/qwe.py
[2024-09-30T14:44:28.468+0000] {logging_mixin.py:149} INFO - [2024-09-30T14:44:28.468+0000] {dag.py:2726} INFO - Sync 1 DAGs
[2024-09-30T14:44:28.513+0000] {logging_mixin.py:149} INFO - [2024-09-30T14:44:28.512+0000] {dag.py:3490} INFO - Setting next_dagrun for my_first_dag to 2024-09-30T11:15:00+00:00, run_after=2024-10-01T11:15:00+00:00
[2024-09-30T14:44:28.551+0000] {processor.py:179} INFO - Processing /opt/airflow/dags/qwe.py took 0.214 seconds
[2024-09-30T20:06:42.331+0000] {processor.py:157} INFO - Started process (PID=64) to work on /opt/airflow/dags/qwe.py
[2024-09-30T20:06:42.333+0000] {processor.py:826} INFO - Processing file /opt/airflow/dags/qwe.py for tasks to queue
[2024-09-30T20:06:42.334+0000] {logging_mixin.py:149} INFO - [2024-09-30T20:06:42.334+0000] {dagbag.py:541} INFO - Filling up the DagBag from /opt/airflow/dags/qwe.py
[2024-09-30T20:06:42.392+0000] {processor.py:836} INFO - DAG(s) dict_keys(['my_first_dag']) retrieved from /opt/airflow/dags/qwe.py
[2024-09-30T20:06:42.406+0000] {logging_mixin.py:149} INFO - [2024-09-30T20:06:42.406+0000] {dag.py:2726} INFO - Sync 1 DAGs
[2024-09-30T20:06:42.621+0000] {logging_mixin.py:149} INFO - [2024-09-30T20:06:42.620+0000] {dag.py:3490} INFO - Setting next_dagrun for my_first_dag to 2024-09-30T11:15:00+00:00, run_after=2024-10-01T11:15:00+00:00
[2024-09-30T20:06:42.645+0000] {processor.py:179} INFO - Processing /opt/airflow/dags/qwe.py took 0.317 seconds
[2024-09-30T20:07:13.318+0000] {processor.py:157} INFO - Started process (PID=91) to work on /opt/airflow/dags/qwe.py
[2024-09-30T20:07:13.320+0000] {processor.py:826} INFO - Processing file /opt/airflow/dags/qwe.py for tasks to queue
[2024-09-30T20:07:13.321+0000] {logging_mixin.py:149} INFO - [2024-09-30T20:07:13.321+0000] {dagbag.py:541} INFO - Filling up the DagBag from /opt/airflow/dags/qwe.py
[2024-09-30T20:07:13.476+0000] {processor.py:836} INFO - DAG(s) dict_keys(['my_first_dag']) retrieved from /opt/airflow/dags/qwe.py
[2024-09-30T20:07:13.502+0000] {logging_mixin.py:149} INFO - [2024-09-30T20:07:13.502+0000] {dag.py:2726} INFO - Sync 1 DAGs
[2024-09-30T20:07:13.532+0000] {logging_mixin.py:149} INFO - [2024-09-30T20:07:13.532+0000] {dag.py:3490} INFO - Setting next_dagrun for my_first_dag to 2024-09-30T11:15:00+00:00, run_after=2024-10-01T11:15:00+00:00
[2024-09-30T20:07:13.559+0000] {processor.py:179} INFO - Processing /opt/airflow/dags/qwe.py took 0.245 seconds
[2024-09-30T20:07:44.275+0000] {processor.py:157} INFO - Started process (PID=118) to work on /opt/airflow/dags/qwe.py
[2024-09-30T20:07:44.276+0000] {processor.py:826} INFO - Processing file /opt/airflow/dags/qwe.py for tasks to queue
[2024-09-30T20:07:44.278+0000] {logging_mixin.py:149} INFO - [2024-09-30T20:07:44.277+0000] {dagbag.py:541} INFO - Filling up the DagBag from /opt/airflow/dags/qwe.py
[2024-09-30T20:07:44.431+0000] {processor.py:836} INFO - DAG(s) dict_keys(['my_first_dag']) retrieved from /opt/airflow/dags/qwe.py
[2024-09-30T20:07:44.456+0000] {logging_mixin.py:149} INFO - [2024-09-30T20:07:44.456+0000] {dag.py:2726} INFO - Sync 1 DAGs
[2024-09-30T20:07:44.487+0000] {logging_mixin.py:149} INFO - [2024-09-30T20:07:44.487+0000] {dag.py:3490} INFO - Setting next_dagrun for my_first_dag to 2024-09-30T11:15:00+00:00, run_after=2024-10-01T11:15:00+00:00
[2024-09-30T20:07:44.510+0000] {processor.py:179} INFO - Processing /opt/airflow/dags/qwe.py took 0.238 seconds
[2024-09-30T20:08:15.283+0000] {processor.py:157} INFO - Started process (PID=145) to work on /opt/airflow/dags/qwe.py
[2024-09-30T20:08:15.285+0000] {processor.py:826} INFO - Processing file /opt/airflow/dags/qwe.py for tasks to queue
[2024-09-30T20:08:15.286+0000] {logging_mixin.py:149} INFO - [2024-09-30T20:08:15.286+0000] {dagbag.py:541} INFO - Filling up the DagBag from /opt/airflow/dags/qwe.py
[2024-09-30T20:08:15.474+0000] {processor.py:836} INFO - DAG(s) dict_keys(['my_first_dag']) retrieved from /opt/airflow/dags/qwe.py
[2024-09-30T20:08:15.518+0000] {logging_mixin.py:149} INFO - [2024-09-30T20:08:15.518+0000] {dag.py:2726} INFO - Sync 1 DAGs
[2024-09-30T20:08:15.548+0000] {logging_mixin.py:149} INFO - [2024-09-30T20:08:15.548+0000] {dag.py:3490} INFO - Setting next_dagrun for my_first_dag to 2024-09-30T11:15:00+00:00, run_after=2024-10-01T11:15:00+00:00
[2024-09-30T20:08:15.570+0000] {processor.py:179} INFO - Processing /opt/airflow/dags/qwe.py took 0.293 seconds
[2024-09-30T20:08:46.221+0000] {processor.py:157} INFO - Started process (PID=172) to work on /opt/airflow/dags/qwe.py
[2024-09-30T20:08:46.222+0000] {processor.py:826} INFO - Processing file /opt/airflow/dags/qwe.py for tasks to queue
[2024-09-30T20:08:46.223+0000] {logging_mixin.py:149} INFO - [2024-09-30T20:08:46.223+0000] {dagbag.py:541} INFO - Filling up the DagBag from /opt/airflow/dags/qwe.py
[2024-09-30T20:08:46.402+0000] {processor.py:836} INFO - DAG(s) dict_keys(['my_first_dag']) retrieved from /opt/airflow/dags/qwe.py
[2024-09-30T20:08:46.428+0000] {logging_mixin.py:149} INFO - [2024-09-30T20:08:46.428+0000] {dag.py:2726} INFO - Sync 1 DAGs
[2024-09-30T20:08:46.455+0000] {logging_mixin.py:149} INFO - [2024-09-30T20:08:46.455+0000] {dag.py:3490} INFO - Setting next_dagrun for my_first_dag to 2024-09-30T11:15:00+00:00, run_after=2024-10-01T11:15:00+00:00
[2024-09-30T20:08:46.483+0000] {processor.py:179} INFO - Processing /opt/airflow/dags/qwe.py took 0.265 seconds
[2024-09-30T20:09:17.141+0000] {processor.py:157} INFO - Started process (PID=199) to work on /opt/airflow/dags/qwe.py
[2024-09-30T20:09:17.142+0000] {processor.py:826} INFO - Processing file /opt/airflow/dags/qwe.py for tasks to queue
[2024-09-30T20:09:17.143+0000] {logging_mixin.py:149} INFO - [2024-09-30T20:09:17.143+0000] {dagbag.py:541} INFO - Filling up the DagBag from /opt/airflow/dags/qwe.py
[2024-09-30T20:09:17.288+0000] {processor.py:836} INFO - DAG(s) dict_keys(['my_first_dag']) retrieved from /opt/airflow/dags/qwe.py
[2024-09-30T20:09:17.316+0000] {logging_mixin.py:149} INFO - [2024-09-30T20:09:17.316+0000] {dag.py:2726} INFO - Sync 1 DAGs
[2024-09-30T20:09:17.358+0000] {logging_mixin.py:149} INFO - [2024-09-30T20:09:17.358+0000] {dag.py:3490} INFO - Setting next_dagrun for my_first_dag to 2024-09-30T11:15:00+00:00, run_after=2024-10-01T11:15:00+00:00
[2024-09-30T20:09:17.388+0000] {processor.py:179} INFO - Processing /opt/airflow/dags/qwe.py took 0.250 seconds
[2024-09-30T20:09:48.133+0000] {processor.py:157} INFO - Started process (PID=226) to work on /opt/airflow/dags/qwe.py
[2024-09-30T20:09:48.134+0000] {processor.py:826} INFO - Processing file /opt/airflow/dags/qwe.py for tasks to queue
[2024-09-30T20:09:48.136+0000] {logging_mixin.py:149} INFO - [2024-09-30T20:09:48.135+0000] {dagbag.py:541} INFO - Filling up the DagBag from /opt/airflow/dags/qwe.py
[2024-09-30T20:09:48.300+0000] {processor.py:836} INFO - DAG(s) dict_keys(['my_first_dag']) retrieved from /opt/airflow/dags/qwe.py
[2024-09-30T20:09:48.330+0000] {logging_mixin.py:149} INFO - [2024-09-30T20:09:48.330+0000] {dag.py:2726} INFO - Sync 1 DAGs
[2024-09-30T20:09:48.363+0000] {logging_mixin.py:149} INFO - [2024-09-30T20:09:48.363+0000] {dag.py:3490} INFO - Setting next_dagrun for my_first_dag to 2024-09-30T11:15:00+00:00, run_after=2024-10-01T11:15:00+00:00
[2024-09-30T20:09:48.395+0000] {processor.py:179} INFO - Processing /opt/airflow/dags/qwe.py took 0.265 seconds
[2024-09-30T20:10:18.994+0000] {processor.py:157} INFO - Started process (PID=253) to work on /opt/airflow/dags/qwe.py
[2024-09-30T20:10:18.995+0000] {processor.py:826} INFO - Processing file /opt/airflow/dags/qwe.py for tasks to queue
[2024-09-30T20:10:18.996+0000] {logging_mixin.py:149} INFO - [2024-09-30T20:10:18.995+0000] {dagbag.py:541} INFO - Filling up the DagBag from /opt/airflow/dags/qwe.py
[2024-09-30T20:10:19.043+0000] {processor.py:836} INFO - DAG(s) dict_keys(['my_first_dag']) retrieved from /opt/airflow/dags/qwe.py
[2024-09-30T20:10:19.072+0000] {logging_mixin.py:149} INFO - [2024-09-30T20:10:19.072+0000] {dag.py:2726} INFO - Sync 1 DAGs
[2024-09-30T20:10:19.100+0000] {logging_mixin.py:149} INFO - [2024-09-30T20:10:19.100+0000] {dag.py:3490} INFO - Setting next_dagrun for my_first_dag to 2024-09-30T11:15:00+00:00, run_after=2024-10-01T11:15:00+00:00
[2024-09-30T20:10:19.123+0000] {processor.py:179} INFO - Processing /opt/airflow/dags/qwe.py took 0.132 seconds
[2024-09-30T20:10:49.848+0000] {processor.py:157} INFO - Started process (PID=280) to work on /opt/airflow/dags/qwe.py
[2024-09-30T20:10:49.849+0000] {processor.py:826} INFO - Processing file /opt/airflow/dags/qwe.py for tasks to queue
[2024-09-30T20:10:49.850+0000] {logging_mixin.py:149} INFO - [2024-09-30T20:10:49.849+0000] {dagbag.py:541} INFO - Filling up the DagBag from /opt/airflow/dags/qwe.py
[2024-09-30T20:10:49.898+0000] {processor.py:836} INFO - DAG(s) dict_keys(['my_first_dag']) retrieved from /opt/airflow/dags/qwe.py
[2024-09-30T20:10:49.931+0000] {logging_mixin.py:149} INFO - [2024-09-30T20:10:49.930+0000] {dag.py:2726} INFO - Sync 1 DAGs
[2024-09-30T20:10:49.960+0000] {logging_mixin.py:149} INFO - [2024-09-30T20:10:49.960+0000] {dag.py:3490} INFO - Setting next_dagrun for my_first_dag to 2024-09-30T11:15:00+00:00, run_after=2024-10-01T11:15:00+00:00
[2024-09-30T20:10:49.984+0000] {processor.py:179} INFO - Processing /opt/airflow/dags/qwe.py took 0.140 seconds
[2024-09-30T20:11:20.667+0000] {processor.py:157} INFO - Started process (PID=307) to work on /opt/airflow/dags/qwe.py
[2024-09-30T20:11:20.668+0000] {processor.py:826} INFO - Processing file /opt/airflow/dags/qwe.py for tasks to queue
[2024-09-30T20:11:20.669+0000] {logging_mixin.py:149} INFO - [2024-09-30T20:11:20.669+0000] {dagbag.py:541} INFO - Filling up the DagBag from /opt/airflow/dags/qwe.py
[2024-09-30T20:11:20.719+0000] {processor.py:836} INFO - DAG(s) dict_keys(['my_first_dag']) retrieved from /opt/airflow/dags/qwe.py
[2024-09-30T20:11:20.749+0000] {logging_mixin.py:149} INFO - [2024-09-30T20:11:20.748+0000] {dag.py:2726} INFO - Sync 1 DAGs
[2024-09-30T20:11:20.780+0000] {logging_mixin.py:149} INFO - [2024-09-30T20:11:20.780+0000] {dag.py:3490} INFO - Setting next_dagrun for my_first_dag to 2024-09-30T11:15:00+00:00, run_after=2024-10-01T11:15:00+00:00
[2024-09-30T20:11:20.802+0000] {processor.py:179} INFO - Processing /opt/airflow/dags/qwe.py took 0.138 seconds
[2024-09-30T20:11:51.636+0000] {processor.py:157} INFO - Started process (PID=334) to work on /opt/airflow/dags/qwe.py
[2024-09-30T20:11:51.637+0000] {processor.py:826} INFO - Processing file /opt/airflow/dags/qwe.py for tasks to queue
[2024-09-30T20:11:51.638+0000] {logging_mixin.py:149} INFO - [2024-09-30T20:11:51.638+0000] {dagbag.py:541} INFO - Filling up the DagBag from /opt/airflow/dags/qwe.py
[2024-09-30T20:11:51.694+0000] {processor.py:836} INFO - DAG(s) dict_keys(['my_first_dag']) retrieved from /opt/airflow/dags/qwe.py
[2024-09-30T20:11:51.726+0000] {logging_mixin.py:149} INFO - [2024-09-30T20:11:51.726+0000] {dag.py:2726} INFO - Sync 1 DAGs
[2024-09-30T20:11:51.759+0000] {logging_mixin.py:149} INFO - [2024-09-30T20:11:51.759+0000] {dag.py:3490} INFO - Setting next_dagrun for my_first_dag to 2024-09-30T11:15:00+00:00, run_after=2024-10-01T11:15:00+00:00
[2024-09-30T20:11:51.788+0000] {processor.py:179} INFO - Processing /opt/airflow/dags/qwe.py took 0.156 seconds
[2024-09-30T20:12:22.438+0000] {processor.py:157} INFO - Started process (PID=361) to work on /opt/airflow/dags/qwe.py
[2024-09-30T20:12:22.439+0000] {processor.py:826} INFO - Processing file /opt/airflow/dags/qwe.py for tasks to queue
[2024-09-30T20:12:22.440+0000] {logging_mixin.py:149} INFO - [2024-09-30T20:12:22.440+0000] {dagbag.py:541} INFO - Filling up the DagBag from /opt/airflow/dags/qwe.py
[2024-09-30T20:12:22.490+0000] {processor.py:836} INFO - DAG(s) dict_keys(['my_first_dag']) retrieved from /opt/airflow/dags/qwe.py
[2024-09-30T20:12:22.520+0000] {logging_mixin.py:149} INFO - [2024-09-30T20:12:22.520+0000] {dag.py:2726} INFO - Sync 1 DAGs
[2024-09-30T20:12:22.549+0000] {logging_mixin.py:149} INFO - [2024-09-30T20:12:22.549+0000] {dag.py:3490} INFO - Setting next_dagrun for my_first_dag to 2024-09-30T11:15:00+00:00, run_after=2024-10-01T11:15:00+00:00
[2024-09-30T20:12:22.574+0000] {processor.py:179} INFO - Processing /opt/airflow/dags/qwe.py took 0.139 seconds
[2024-09-30T20:12:53.249+0000] {processor.py:157} INFO - Started process (PID=388) to work on /opt/airflow/dags/qwe.py
[2024-09-30T20:12:53.250+0000] {processor.py:826} INFO - Processing file /opt/airflow/dags/qwe.py for tasks to queue
[2024-09-30T20:12:53.251+0000] {logging_mixin.py:149} INFO - [2024-09-30T20:12:53.251+0000] {dagbag.py:541} INFO - Filling up the DagBag from /opt/airflow/dags/qwe.py
[2024-09-30T20:12:53.297+0000] {processor.py:836} INFO - DAG(s) dict_keys(['my_first_dag']) retrieved from /opt/airflow/dags/qwe.py
[2024-09-30T20:12:53.326+0000] {logging_mixin.py:149} INFO - [2024-09-30T20:12:53.326+0000] {dag.py:2726} INFO - Sync 1 DAGs
[2024-09-30T20:12:53.354+0000] {logging_mixin.py:149} INFO - [2024-09-30T20:12:53.354+0000] {dag.py:3490} INFO - Setting next_dagrun for my_first_dag to 2024-09-30T11:15:00+00:00, run_after=2024-10-01T11:15:00+00:00
[2024-09-30T20:12:53.379+0000] {processor.py:179} INFO - Processing /opt/airflow/dags/qwe.py took 0.134 seconds
[2024-09-30T20:13:24.012+0000] {processor.py:157} INFO - Started process (PID=415) to work on /opt/airflow/dags/qwe.py
[2024-09-30T20:13:24.014+0000] {processor.py:826} INFO - Processing file /opt/airflow/dags/qwe.py for tasks to queue
[2024-09-30T20:13:24.015+0000] {logging_mixin.py:149} INFO - [2024-09-30T20:13:24.015+0000] {dagbag.py:541} INFO - Filling up the DagBag from /opt/airflow/dags/qwe.py
[2024-09-30T20:13:24.062+0000] {processor.py:836} INFO - DAG(s) dict_keys(['my_first_dag']) retrieved from /opt/airflow/dags/qwe.py
[2024-09-30T20:13:24.090+0000] {logging_mixin.py:149} INFO - [2024-09-30T20:13:24.090+0000] {dag.py:2726} INFO - Sync 1 DAGs
[2024-09-30T20:13:24.120+0000] {logging_mixin.py:149} INFO - [2024-09-30T20:13:24.120+0000] {dag.py:3490} INFO - Setting next_dagrun for my_first_dag to 2024-09-30T11:15:00+00:00, run_after=2024-10-01T11:15:00+00:00
[2024-09-30T20:13:24.144+0000] {processor.py:179} INFO - Processing /opt/airflow/dags/qwe.py took 0.134 seconds
[2024-09-30T20:13:54.823+0000] {processor.py:157} INFO - Started process (PID=442) to work on /opt/airflow/dags/qwe.py
[2024-09-30T20:13:54.825+0000] {processor.py:826} INFO - Processing file /opt/airflow/dags/qwe.py for tasks to queue
[2024-09-30T20:13:54.826+0000] {logging_mixin.py:149} INFO - [2024-09-30T20:13:54.826+0000] {dagbag.py:541} INFO - Filling up the DagBag from /opt/airflow/dags/qwe.py
[2024-09-30T20:13:54.875+0000] {processor.py:836} INFO - DAG(s) dict_keys(['my_first_dag']) retrieved from /opt/airflow/dags/qwe.py
[2024-09-30T20:13:54.903+0000] {logging_mixin.py:149} INFO - [2024-09-30T20:13:54.903+0000] {dag.py:2726} INFO - Sync 1 DAGs
[2024-09-30T20:13:54.935+0000] {logging_mixin.py:149} INFO - [2024-09-30T20:13:54.935+0000] {dag.py:3490} INFO - Setting next_dagrun for my_first_dag to 2024-09-30T11:15:00+00:00, run_after=2024-10-01T11:15:00+00:00
[2024-09-30T20:13:54.960+0000] {processor.py:179} INFO - Processing /opt/airflow/dags/qwe.py took 0.139 seconds
[2024-09-30T20:14:25.646+0000] {processor.py:157} INFO - Started process (PID=469) to work on /opt/airflow/dags/qwe.py
[2024-09-30T20:14:25.647+0000] {processor.py:826} INFO - Processing file /opt/airflow/dags/qwe.py for tasks to queue
[2024-09-30T20:14:25.648+0000] {logging_mixin.py:149} INFO - [2024-09-30T20:14:25.648+0000] {dagbag.py:541} INFO - Filling up the DagBag from /opt/airflow/dags/qwe.py
[2024-09-30T20:14:25.698+0000] {processor.py:836} INFO - DAG(s) dict_keys(['my_first_dag']) retrieved from /opt/airflow/dags/qwe.py
[2024-09-30T20:14:25.732+0000] {logging_mixin.py:149} INFO - [2024-09-30T20:14:25.732+0000] {dag.py:2726} INFO - Sync 1 DAGs
[2024-09-30T20:14:25.765+0000] {logging_mixin.py:149} INFO - [2024-09-30T20:14:25.765+0000] {dag.py:3490} INFO - Setting next_dagrun for my_first_dag to 2024-09-30T11:15:00+00:00, run_after=2024-10-01T11:15:00+00:00
[2024-09-30T20:14:25.792+0000] {processor.py:179} INFO - Processing /opt/airflow/dags/qwe.py took 0.149 seconds
[2024-09-30T20:14:56.437+0000] {processor.py:157} INFO - Started process (PID=496) to work on /opt/airflow/dags/qwe.py
[2024-09-30T20:14:56.439+0000] {processor.py:826} INFO - Processing file /opt/airflow/dags/qwe.py for tasks to queue
[2024-09-30T20:14:56.440+0000] {logging_mixin.py:149} INFO - [2024-09-30T20:14:56.440+0000] {dagbag.py:541} INFO - Filling up the DagBag from /opt/airflow/dags/qwe.py
[2024-09-30T20:14:56.490+0000] {processor.py:836} INFO - DAG(s) dict_keys(['my_first_dag']) retrieved from /opt/airflow/dags/qwe.py
[2024-09-30T20:14:56.520+0000] {logging_mixin.py:149} INFO - [2024-09-30T20:14:56.520+0000] {dag.py:2726} INFO - Sync 1 DAGs
[2024-09-30T20:14:56.550+0000] {logging_mixin.py:149} INFO - [2024-09-30T20:14:56.549+0000] {dag.py:3490} INFO - Setting next_dagrun for my_first_dag to 2024-09-30T11:15:00+00:00, run_after=2024-10-01T11:15:00+00:00
[2024-09-30T20:14:56.574+0000] {processor.py:179} INFO - Processing /opt/airflow/dags/qwe.py took 0.139 seconds
[2024-09-30T20:15:27.354+0000] {processor.py:157} INFO - Started process (PID=523) to work on /opt/airflow/dags/qwe.py
[2024-09-30T20:15:27.355+0000] {processor.py:826} INFO - Processing file /opt/airflow/dags/qwe.py for tasks to queue
[2024-09-30T20:15:27.356+0000] {logging_mixin.py:149} INFO - [2024-09-30T20:15:27.356+0000] {dagbag.py:541} INFO - Filling up the DagBag from /opt/airflow/dags/qwe.py
[2024-09-30T20:15:27.407+0000] {processor.py:836} INFO - DAG(s) dict_keys(['my_first_dag']) retrieved from /opt/airflow/dags/qwe.py
[2024-09-30T20:15:27.440+0000] {logging_mixin.py:149} INFO - [2024-09-30T20:15:27.440+0000] {dag.py:2726} INFO - Sync 1 DAGs
[2024-09-30T20:15:27.476+0000] {logging_mixin.py:149} INFO - [2024-09-30T20:15:27.475+0000] {dag.py:3490} INFO - Setting next_dagrun for my_first_dag to 2024-09-30T11:15:00+00:00, run_after=2024-10-01T11:15:00+00:00
[2024-09-30T20:15:27.504+0000] {processor.py:179} INFO - Processing /opt/airflow/dags/qwe.py took 0.154 seconds
[2024-09-30T20:15:58.174+0000] {processor.py:157} INFO - Started process (PID=550) to work on /opt/airflow/dags/qwe.py
[2024-09-30T20:15:58.176+0000] {processor.py:826} INFO - Processing file /opt/airflow/dags/qwe.py for tasks to queue
[2024-09-30T20:15:58.177+0000] {logging_mixin.py:149} INFO - [2024-09-30T20:15:58.177+0000] {dagbag.py:541} INFO - Filling up the DagBag from /opt/airflow/dags/qwe.py
[2024-09-30T20:15:58.232+0000] {processor.py:836} INFO - DAG(s) dict_keys(['my_first_dag']) retrieved from /opt/airflow/dags/qwe.py
[2024-09-30T20:15:58.264+0000] {logging_mixin.py:149} INFO - [2024-09-30T20:15:58.264+0000] {dag.py:2726} INFO - Sync 1 DAGs
[2024-09-30T20:15:58.297+0000] {logging_mixin.py:149} INFO - [2024-09-30T20:15:58.297+0000] {dag.py:3490} INFO - Setting next_dagrun for my_first_dag to 2024-09-30T11:15:00+00:00, run_after=2024-10-01T11:15:00+00:00
[2024-09-30T20:15:58.323+0000] {processor.py:179} INFO - Processing /opt/airflow/dags/qwe.py took 0.152 seconds
[2024-09-30T20:16:28.978+0000] {processor.py:157} INFO - Started process (PID=577) to work on /opt/airflow/dags/qwe.py
[2024-09-30T20:16:28.979+0000] {processor.py:826} INFO - Processing file /opt/airflow/dags/qwe.py for tasks to queue
[2024-09-30T20:16:28.980+0000] {logging_mixin.py:149} INFO - [2024-09-30T20:16:28.980+0000] {dagbag.py:541} INFO - Filling up the DagBag from /opt/airflow/dags/qwe.py
[2024-09-30T20:16:29.030+0000] {processor.py:836} INFO - DAG(s) dict_keys(['my_first_dag']) retrieved from /opt/airflow/dags/qwe.py
[2024-09-30T20:16:29.059+0000] {logging_mixin.py:149} INFO - [2024-09-30T20:16:29.059+0000] {dag.py:2726} INFO - Sync 1 DAGs
[2024-09-30T20:16:29.090+0000] {logging_mixin.py:149} INFO - [2024-09-30T20:16:29.090+0000] {dag.py:3490} INFO - Setting next_dagrun for my_first_dag to 2024-09-30T11:15:00+00:00, run_after=2024-10-01T11:15:00+00:00
[2024-09-30T20:16:29.116+0000] {processor.py:179} INFO - Processing /opt/airflow/dags/qwe.py took 0.140 seconds
[2024-09-30T20:16:59.817+0000] {processor.py:157} INFO - Started process (PID=604) to work on /opt/airflow/dags/qwe.py
[2024-09-30T20:16:59.819+0000] {processor.py:826} INFO - Processing file /opt/airflow/dags/qwe.py for tasks to queue
[2024-09-30T20:16:59.821+0000] {logging_mixin.py:149} INFO - [2024-09-30T20:16:59.821+0000] {dagbag.py:541} INFO - Filling up the DagBag from /opt/airflow/dags/qwe.py
[2024-09-30T20:16:59.869+0000] {processor.py:836} INFO - DAG(s) dict_keys(['my_first_dag']) retrieved from /opt/airflow/dags/qwe.py
[2024-09-30T20:16:59.906+0000] {logging_mixin.py:149} INFO - [2024-09-30T20:16:59.906+0000] {dag.py:2726} INFO - Sync 1 DAGs
[2024-09-30T20:16:59.939+0000] {logging_mixin.py:149} INFO - [2024-09-30T20:16:59.939+0000] {dag.py:3490} INFO - Setting next_dagrun for my_first_dag to 2024-09-30T11:15:00+00:00, run_after=2024-10-01T11:15:00+00:00
[2024-09-30T20:16:59.963+0000] {processor.py:179} INFO - Processing /opt/airflow/dags/qwe.py took 0.149 seconds
[2024-09-30T20:17:30.700+0000] {processor.py:157} INFO - Started process (PID=631) to work on /opt/airflow/dags/qwe.py
[2024-09-30T20:17:30.701+0000] {processor.py:826} INFO - Processing file /opt/airflow/dags/qwe.py for tasks to queue
[2024-09-30T20:17:30.703+0000] {logging_mixin.py:149} INFO - [2024-09-30T20:17:30.702+0000] {dagbag.py:541} INFO - Filling up the DagBag from /opt/airflow/dags/qwe.py
[2024-09-30T20:17:30.774+0000] {processor.py:836} INFO - DAG(s) dict_keys(['my_first_dag']) retrieved from /opt/airflow/dags/qwe.py
[2024-09-30T20:17:30.808+0000] {logging_mixin.py:149} INFO - [2024-09-30T20:17:30.807+0000] {dag.py:2726} INFO - Sync 1 DAGs
[2024-09-30T20:17:30.837+0000] {logging_mixin.py:149} INFO - [2024-09-30T20:17:30.837+0000] {dag.py:3490} INFO - Setting next_dagrun for my_first_dag to 2024-09-30T11:15:00+00:00, run_after=2024-10-01T11:15:00+00:00
[2024-09-30T20:17:30.864+0000] {processor.py:179} INFO - Processing /opt/airflow/dags/qwe.py took 0.169 seconds
[2024-09-30T20:18:01.544+0000] {processor.py:157} INFO - Started process (PID=658) to work on /opt/airflow/dags/qwe.py
[2024-09-30T20:18:01.545+0000] {processor.py:826} INFO - Processing file /opt/airflow/dags/qwe.py for tasks to queue
[2024-09-30T20:18:01.547+0000] {logging_mixin.py:149} INFO - [2024-09-30T20:18:01.546+0000] {dagbag.py:541} INFO - Filling up the DagBag from /opt/airflow/dags/qwe.py
[2024-09-30T20:18:01.610+0000] {processor.py:836} INFO - DAG(s) dict_keys(['my_first_dag']) retrieved from /opt/airflow/dags/qwe.py
[2024-09-30T20:18:01.647+0000] {logging_mixin.py:149} INFO - [2024-09-30T20:18:01.647+0000] {dag.py:2726} INFO - Sync 1 DAGs
[2024-09-30T20:18:01.680+0000] {logging_mixin.py:149} INFO - [2024-09-30T20:18:01.680+0000] {dag.py:3490} INFO - Setting next_dagrun for my_first_dag to 2024-09-30T11:15:00+00:00, run_after=2024-10-01T11:15:00+00:00
[2024-09-30T20:18:01.703+0000] {processor.py:179} INFO - Processing /opt/airflow/dags/qwe.py took 0.162 seconds
[2024-09-30T20:18:32.334+0000] {processor.py:157} INFO - Started process (PID=685) to work on /opt/airflow/dags/qwe.py
[2024-09-30T20:18:32.335+0000] {processor.py:826} INFO - Processing file /opt/airflow/dags/qwe.py for tasks to queue
[2024-09-30T20:18:32.336+0000] {logging_mixin.py:149} INFO - [2024-09-30T20:18:32.336+0000] {dagbag.py:541} INFO - Filling up the DagBag from /opt/airflow/dags/qwe.py
[2024-09-30T20:18:32.384+0000] {processor.py:836} INFO - DAG(s) dict_keys(['my_first_dag']) retrieved from /opt/airflow/dags/qwe.py
[2024-09-30T20:18:32.413+0000] {logging_mixin.py:149} INFO - [2024-09-30T20:18:32.413+0000] {dag.py:2726} INFO - Sync 1 DAGs
[2024-09-30T20:18:32.444+0000] {logging_mixin.py:149} INFO - [2024-09-30T20:18:32.443+0000] {dag.py:3490} INFO - Setting next_dagrun for my_first_dag to 2024-09-30T11:15:00+00:00, run_after=2024-10-01T11:15:00+00:00
[2024-09-30T20:18:32.466+0000] {processor.py:179} INFO - Processing /opt/airflow/dags/qwe.py took 0.135 seconds
[2024-09-30T20:19:03.172+0000] {processor.py:157} INFO - Started process (PID=712) to work on /opt/airflow/dags/qwe.py
[2024-09-30T20:19:03.173+0000] {processor.py:826} INFO - Processing file /opt/airflow/dags/qwe.py for tasks to queue
[2024-09-30T20:19:03.175+0000] {logging_mixin.py:149} INFO - [2024-09-30T20:19:03.174+0000] {dagbag.py:541} INFO - Filling up the DagBag from /opt/airflow/dags/qwe.py
[2024-09-30T20:19:03.226+0000] {processor.py:836} INFO - DAG(s) dict_keys(['my_first_dag']) retrieved from /opt/airflow/dags/qwe.py
[2024-09-30T20:19:03.259+0000] {logging_mixin.py:149} INFO - [2024-09-30T20:19:03.259+0000] {dag.py:2726} INFO - Sync 1 DAGs
[2024-09-30T20:19:03.293+0000] {logging_mixin.py:149} INFO - [2024-09-30T20:19:03.293+0000] {dag.py:3490} INFO - Setting next_dagrun for my_first_dag to 2024-09-30T11:15:00+00:00, run_after=2024-10-01T11:15:00+00:00
[2024-09-30T20:19:03.319+0000] {processor.py:179} INFO - Processing /opt/airflow/dags/qwe.py took 0.151 seconds
[2024-09-30T20:19:33.954+0000] {processor.py:157} INFO - Started process (PID=739) to work on /opt/airflow/dags/qwe.py
[2024-09-30T20:19:33.955+0000] {processor.py:826} INFO - Processing file /opt/airflow/dags/qwe.py for tasks to queue
[2024-09-30T20:19:33.956+0000] {logging_mixin.py:149} INFO - [2024-09-30T20:19:33.956+0000] {dagbag.py:541} INFO - Filling up the DagBag from /opt/airflow/dags/qwe.py
[2024-09-30T20:19:34.004+0000] {processor.py:836} INFO - DAG(s) dict_keys(['my_first_dag']) retrieved from /opt/airflow/dags/qwe.py
[2024-09-30T20:19:34.032+0000] {logging_mixin.py:149} INFO - [2024-09-30T20:19:34.032+0000] {dag.py:2726} INFO - Sync 1 DAGs
[2024-09-30T20:19:34.063+0000] {logging_mixin.py:149} INFO - [2024-09-30T20:19:34.063+0000] {dag.py:3490} INFO - Setting next_dagrun for my_first_dag to 2024-09-30T11:15:00+00:00, run_after=2024-10-01T11:15:00+00:00
[2024-09-30T20:19:34.086+0000] {processor.py:179} INFO - Processing /opt/airflow/dags/qwe.py took 0.135 seconds
[2024-09-30T20:20:04.770+0000] {processor.py:157} INFO - Started process (PID=766) to work on /opt/airflow/dags/qwe.py
[2024-09-30T20:20:04.772+0000] {processor.py:826} INFO - Processing file /opt/airflow/dags/qwe.py for tasks to queue
[2024-09-30T20:20:04.773+0000] {logging_mixin.py:149} INFO - [2024-09-30T20:20:04.773+0000] {dagbag.py:541} INFO - Filling up the DagBag from /opt/airflow/dags/qwe.py
[2024-09-30T20:20:04.823+0000] {processor.py:836} INFO - DAG(s) dict_keys(['my_first_dag']) retrieved from /opt/airflow/dags/qwe.py
[2024-09-30T20:20:04.852+0000] {logging_mixin.py:149} INFO - [2024-09-30T20:20:04.852+0000] {dag.py:2726} INFO - Sync 1 DAGs
[2024-09-30T20:20:04.883+0000] {logging_mixin.py:149} INFO - [2024-09-30T20:20:04.883+0000] {dag.py:3490} INFO - Setting next_dagrun for my_first_dag to 2024-09-30T11:15:00+00:00, run_after=2024-10-01T11:15:00+00:00
[2024-09-30T20:20:04.908+0000] {processor.py:179} INFO - Processing /opt/airflow/dags/qwe.py took 0.140 seconds
[2024-09-30T20:20:35.588+0000] {processor.py:157} INFO - Started process (PID=793) to work on /opt/airflow/dags/qwe.py
[2024-09-30T20:20:35.590+0000] {processor.py:826} INFO - Processing file /opt/airflow/dags/qwe.py for tasks to queue
[2024-09-30T20:20:35.591+0000] {logging_mixin.py:149} INFO - [2024-09-30T20:20:35.591+0000] {dagbag.py:541} INFO - Filling up the DagBag from /opt/airflow/dags/qwe.py
[2024-09-30T20:20:35.641+0000] {processor.py:836} INFO - DAG(s) dict_keys(['my_first_dag']) retrieved from /opt/airflow/dags/qwe.py
[2024-09-30T20:20:35.672+0000] {logging_mixin.py:149} INFO - [2024-09-30T20:20:35.672+0000] {dag.py:2726} INFO - Sync 1 DAGs
[2024-09-30T20:20:35.702+0000] {logging_mixin.py:149} INFO - [2024-09-30T20:20:35.702+0000] {dag.py:3490} INFO - Setting next_dagrun for my_first_dag to 2024-09-30T11:15:00+00:00, run_after=2024-10-01T11:15:00+00:00
[2024-09-30T20:20:35.726+0000] {processor.py:179} INFO - Processing /opt/airflow/dags/qwe.py took 0.141 seconds
[2024-09-30T20:21:06.444+0000] {processor.py:157} INFO - Started process (PID=820) to work on /opt/airflow/dags/qwe.py
[2024-09-30T20:21:06.445+0000] {processor.py:826} INFO - Processing file /opt/airflow/dags/qwe.py for tasks to queue
[2024-09-30T20:21:06.446+0000] {logging_mixin.py:149} INFO - [2024-09-30T20:21:06.446+0000] {dagbag.py:541} INFO - Filling up the DagBag from /opt/airflow/dags/qwe.py
[2024-09-30T20:21:06.496+0000] {processor.py:836} INFO - DAG(s) dict_keys(['my_first_dag']) retrieved from /opt/airflow/dags/qwe.py
[2024-09-30T20:21:06.529+0000] {logging_mixin.py:149} INFO - [2024-09-30T20:21:06.528+0000] {dag.py:2726} INFO - Sync 1 DAGs
[2024-09-30T20:21:06.559+0000] {logging_mixin.py:149} INFO - [2024-09-30T20:21:06.559+0000] {dag.py:3490} INFO - Setting next_dagrun for my_first_dag to 2024-09-30T11:15:00+00:00, run_after=2024-10-01T11:15:00+00:00
[2024-09-30T20:21:06.585+0000] {processor.py:179} INFO - Processing /opt/airflow/dags/qwe.py took 0.145 seconds
[2024-09-30T20:21:37.248+0000] {processor.py:157} INFO - Started process (PID=847) to work on /opt/airflow/dags/qwe.py
[2024-09-30T20:21:37.249+0000] {processor.py:826} INFO - Processing file /opt/airflow/dags/qwe.py for tasks to queue
[2024-09-30T20:21:37.250+0000] {logging_mixin.py:149} INFO - [2024-09-30T20:21:37.250+0000] {dagbag.py:541} INFO - Filling up the DagBag from /opt/airflow/dags/qwe.py
[2024-09-30T20:21:37.301+0000] {processor.py:836} INFO - DAG(s) dict_keys(['my_first_dag']) retrieved from /opt/airflow/dags/qwe.py
[2024-09-30T20:21:37.334+0000] {logging_mixin.py:149} INFO - [2024-09-30T20:21:37.334+0000] {dag.py:2726} INFO - Sync 1 DAGs
[2024-09-30T20:21:37.370+0000] {logging_mixin.py:149} INFO - [2024-09-30T20:21:37.370+0000] {dag.py:3490} INFO - Setting next_dagrun for my_first_dag to 2024-09-30T11:15:00+00:00, run_after=2024-10-01T11:15:00+00:00
[2024-09-30T20:21:37.397+0000] {processor.py:179} INFO - Processing /opt/airflow/dags/qwe.py took 0.152 seconds
[2024-09-30T20:22:08.121+0000] {processor.py:157} INFO - Started process (PID=874) to work on /opt/airflow/dags/qwe.py
[2024-09-30T20:22:08.122+0000] {processor.py:826} INFO - Processing file /opt/airflow/dags/qwe.py for tasks to queue
[2024-09-30T20:22:08.123+0000] {logging_mixin.py:149} INFO - [2024-09-30T20:22:08.123+0000] {dagbag.py:541} INFO - Filling up the DagBag from /opt/airflow/dags/qwe.py
[2024-09-30T20:22:08.176+0000] {processor.py:836} INFO - DAG(s) dict_keys(['my_first_dag']) retrieved from /opt/airflow/dags/qwe.py
[2024-09-30T20:22:08.213+0000] {logging_mixin.py:149} INFO - [2024-09-30T20:22:08.213+0000] {dag.py:2726} INFO - Sync 1 DAGs
[2024-09-30T20:22:08.244+0000] {logging_mixin.py:149} INFO - [2024-09-30T20:22:08.244+0000] {dag.py:3490} INFO - Setting next_dagrun for my_first_dag to 2024-09-30T11:15:00+00:00, run_after=2024-10-01T11:15:00+00:00
[2024-09-30T20:22:08.271+0000] {processor.py:179} INFO - Processing /opt/airflow/dags/qwe.py took 0.153 seconds
[2024-09-30T20:22:38.958+0000] {processor.py:157} INFO - Started process (PID=901) to work on /opt/airflow/dags/qwe.py
[2024-09-30T20:22:38.959+0000] {processor.py:826} INFO - Processing file /opt/airflow/dags/qwe.py for tasks to queue
[2024-09-30T20:22:38.960+0000] {logging_mixin.py:149} INFO - [2024-09-30T20:22:38.960+0000] {dagbag.py:541} INFO - Filling up the DagBag from /opt/airflow/dags/qwe.py
[2024-09-30T20:22:39.008+0000] {processor.py:836} INFO - DAG(s) dict_keys(['my_first_dag']) retrieved from /opt/airflow/dags/qwe.py
[2024-09-30T20:22:39.040+0000] {logging_mixin.py:149} INFO - [2024-09-30T20:22:39.039+0000] {dag.py:2726} INFO - Sync 1 DAGs
[2024-09-30T20:22:39.071+0000] {logging_mixin.py:149} INFO - [2024-09-30T20:22:39.070+0000] {dag.py:3490} INFO - Setting next_dagrun for my_first_dag to 2024-09-30T11:15:00+00:00, run_after=2024-10-01T11:15:00+00:00
[2024-09-30T20:22:39.095+0000] {processor.py:179} INFO - Processing /opt/airflow/dags/qwe.py took 0.140 seconds
[2024-09-30T20:23:09.863+0000] {processor.py:157} INFO - Started process (PID=928) to work on /opt/airflow/dags/qwe.py
[2024-09-30T20:23:09.864+0000] {processor.py:826} INFO - Processing file /opt/airflow/dags/qwe.py for tasks to queue
[2024-09-30T20:23:09.866+0000] {logging_mixin.py:149} INFO - [2024-09-30T20:23:09.865+0000] {dagbag.py:541} INFO - Filling up the DagBag from /opt/airflow/dags/qwe.py
[2024-09-30T20:23:09.921+0000] {processor.py:836} INFO - DAG(s) dict_keys(['my_first_dag']) retrieved from /opt/airflow/dags/qwe.py
[2024-09-30T20:23:09.957+0000] {logging_mixin.py:149} INFO - [2024-09-30T20:23:09.956+0000] {dag.py:2726} INFO - Sync 1 DAGs
[2024-09-30T20:23:09.992+0000] {logging_mixin.py:149} INFO - [2024-09-30T20:23:09.992+0000] {dag.py:3490} INFO - Setting next_dagrun for my_first_dag to 2024-09-30T11:15:00+00:00, run_after=2024-10-01T11:15:00+00:00
[2024-09-30T20:23:10.021+0000] {processor.py:179} INFO - Processing /opt/airflow/dags/qwe.py took 0.161 seconds
[2024-09-30T20:23:40.614+0000] {processor.py:157} INFO - Started process (PID=955) to work on /opt/airflow/dags/qwe.py
[2024-09-30T20:23:40.615+0000] {processor.py:826} INFO - Processing file /opt/airflow/dags/qwe.py for tasks to queue
[2024-09-30T20:23:40.616+0000] {logging_mixin.py:149} INFO - [2024-09-30T20:23:40.616+0000] {dagbag.py:541} INFO - Filling up the DagBag from /opt/airflow/dags/qwe.py
[2024-09-30T20:23:40.665+0000] {processor.py:836} INFO - DAG(s) dict_keys(['my_first_dag']) retrieved from /opt/airflow/dags/qwe.py
[2024-09-30T20:23:40.696+0000] {logging_mixin.py:149} INFO - [2024-09-30T20:23:40.695+0000] {dag.py:2726} INFO - Sync 1 DAGs
[2024-09-30T20:23:40.727+0000] {logging_mixin.py:149} INFO - [2024-09-30T20:23:40.727+0000] {dag.py:3490} INFO - Setting next_dagrun for my_first_dag to 2024-09-30T11:15:00+00:00, run_after=2024-10-01T11:15:00+00:00
[2024-09-30T20:23:40.751+0000] {processor.py:179} INFO - Processing /opt/airflow/dags/qwe.py took 0.141 seconds
[2024-09-30T20:24:11.518+0000] {processor.py:157} INFO - Started process (PID=982) to work on /opt/airflow/dags/qwe.py
[2024-09-30T20:24:11.519+0000] {processor.py:826} INFO - Processing file /opt/airflow/dags/qwe.py for tasks to queue
[2024-09-30T20:24:11.520+0000] {logging_mixin.py:149} INFO - [2024-09-30T20:24:11.520+0000] {dagbag.py:541} INFO - Filling up the DagBag from /opt/airflow/dags/qwe.py
[2024-09-30T20:24:11.574+0000] {processor.py:836} INFO - DAG(s) dict_keys(['my_first_dag']) retrieved from /opt/airflow/dags/qwe.py
[2024-09-30T20:24:11.607+0000] {logging_mixin.py:149} INFO - [2024-09-30T20:24:11.606+0000] {dag.py:2726} INFO - Sync 1 DAGs
[2024-09-30T20:24:11.640+0000] {logging_mixin.py:149} INFO - [2024-09-30T20:24:11.640+0000] {dag.py:3490} INFO - Setting next_dagrun for my_first_dag to 2024-09-30T11:15:00+00:00, run_after=2024-10-01T11:15:00+00:00
[2024-09-30T20:24:11.668+0000] {processor.py:179} INFO - Processing /opt/airflow/dags/qwe.py took 0.153 seconds
[2024-09-30T20:24:42.368+0000] {processor.py:157} INFO - Started process (PID=1009) to work on /opt/airflow/dags/qwe.py
[2024-09-30T20:24:42.369+0000] {processor.py:826} INFO - Processing file /opt/airflow/dags/qwe.py for tasks to queue
[2024-09-30T20:24:42.371+0000] {logging_mixin.py:149} INFO - [2024-09-30T20:24:42.371+0000] {dagbag.py:541} INFO - Filling up the DagBag from /opt/airflow/dags/qwe.py
[2024-09-30T20:24:42.438+0000] {processor.py:836} INFO - DAG(s) dict_keys(['my_first_dag']) retrieved from /opt/airflow/dags/qwe.py
[2024-09-30T20:24:42.479+0000] {logging_mixin.py:149} INFO - [2024-09-30T20:24:42.479+0000] {dag.py:2726} INFO - Sync 1 DAGs
[2024-09-30T20:24:42.521+0000] {logging_mixin.py:149} INFO - [2024-09-30T20:24:42.521+0000] {dag.py:3490} INFO - Setting next_dagrun for my_first_dag to 2024-09-30T11:15:00+00:00, run_after=2024-10-01T11:15:00+00:00
[2024-09-30T20:24:42.553+0000] {processor.py:179} INFO - Processing /opt/airflow/dags/qwe.py took 0.189 seconds
[2024-09-30T20:25:13.270+0000] {processor.py:157} INFO - Started process (PID=1036) to work on /opt/airflow/dags/qwe.py
[2024-09-30T20:25:13.271+0000] {processor.py:826} INFO - Processing file /opt/airflow/dags/qwe.py for tasks to queue
[2024-09-30T20:25:13.272+0000] {logging_mixin.py:149} INFO - [2024-09-30T20:25:13.272+0000] {dagbag.py:541} INFO - Filling up the DagBag from /opt/airflow/dags/qwe.py
[2024-09-30T20:25:13.321+0000] {processor.py:836} INFO - DAG(s) dict_keys(['my_first_dag']) retrieved from /opt/airflow/dags/qwe.py
[2024-09-30T20:25:13.358+0000] {logging_mixin.py:149} INFO - [2024-09-30T20:25:13.358+0000] {dag.py:2726} INFO - Sync 1 DAGs
[2024-09-30T20:25:13.407+0000] {logging_mixin.py:149} INFO - [2024-09-30T20:25:13.407+0000] {dag.py:3490} INFO - Setting next_dagrun for my_first_dag to 2024-09-30T11:15:00+00:00, run_after=2024-10-01T11:15:00+00:00
[2024-09-30T20:25:13.443+0000] {processor.py:179} INFO - Processing /opt/airflow/dags/qwe.py took 0.176 seconds
[2024-09-30T20:25:44.111+0000] {processor.py:157} INFO - Started process (PID=1063) to work on /opt/airflow/dags/qwe.py
[2024-09-30T20:25:44.112+0000] {processor.py:826} INFO - Processing file /opt/airflow/dags/qwe.py for tasks to queue
[2024-09-30T20:25:44.113+0000] {logging_mixin.py:149} INFO - [2024-09-30T20:25:44.113+0000] {dagbag.py:541} INFO - Filling up the DagBag from /opt/airflow/dags/qwe.py
[2024-09-30T20:25:44.170+0000] {processor.py:836} INFO - DAG(s) dict_keys(['my_first_dag']) retrieved from /opt/airflow/dags/qwe.py
[2024-09-30T20:25:44.203+0000] {logging_mixin.py:149} INFO - [2024-09-30T20:25:44.203+0000] {dag.py:2726} INFO - Sync 1 DAGs
[2024-09-30T20:25:44.236+0000] {logging_mixin.py:149} INFO - [2024-09-30T20:25:44.235+0000] {dag.py:3490} INFO - Setting next_dagrun for my_first_dag to 2024-09-30T11:15:00+00:00, run_after=2024-10-01T11:15:00+00:00
[2024-09-30T20:25:44.261+0000] {processor.py:179} INFO - Processing /opt/airflow/dags/qwe.py took 0.154 seconds
[2024-09-30T20:26:14.900+0000] {processor.py:157} INFO - Started process (PID=1090) to work on /opt/airflow/dags/qwe.py
[2024-09-30T20:26:14.901+0000] {processor.py:826} INFO - Processing file /opt/airflow/dags/qwe.py for tasks to queue
[2024-09-30T20:26:14.902+0000] {logging_mixin.py:149} INFO - [2024-09-30T20:26:14.902+0000] {dagbag.py:541} INFO - Filling up the DagBag from /opt/airflow/dags/qwe.py
[2024-09-30T20:26:14.949+0000] {processor.py:836} INFO - DAG(s) dict_keys(['my_first_dag']) retrieved from /opt/airflow/dags/qwe.py
[2024-09-30T20:26:14.980+0000] {logging_mixin.py:149} INFO - [2024-09-30T20:26:14.979+0000] {dag.py:2726} INFO - Sync 1 DAGs
[2024-09-30T20:26:15.011+0000] {logging_mixin.py:149} INFO - [2024-09-30T20:26:15.010+0000] {dag.py:3490} INFO - Setting next_dagrun for my_first_dag to 2024-09-30T11:15:00+00:00, run_after=2024-10-01T11:15:00+00:00
[2024-09-30T20:26:15.036+0000] {processor.py:179} INFO - Processing /opt/airflow/dags/qwe.py took 0.139 seconds
[2024-09-30T20:26:45.737+0000] {processor.py:157} INFO - Started process (PID=1117) to work on /opt/airflow/dags/qwe.py
[2024-09-30T20:26:45.738+0000] {processor.py:826} INFO - Processing file /opt/airflow/dags/qwe.py for tasks to queue
[2024-09-30T20:26:45.739+0000] {logging_mixin.py:149} INFO - [2024-09-30T20:26:45.739+0000] {dagbag.py:541} INFO - Filling up the DagBag from /opt/airflow/dags/qwe.py
[2024-09-30T20:26:45.787+0000] {processor.py:836} INFO - DAG(s) dict_keys(['my_first_dag']) retrieved from /opt/airflow/dags/qwe.py
[2024-09-30T20:26:45.817+0000] {logging_mixin.py:149} INFO - [2024-09-30T20:26:45.817+0000] {dag.py:2726} INFO - Sync 1 DAGs
[2024-09-30T20:26:45.846+0000] {logging_mixin.py:149} INFO - [2024-09-30T20:26:45.846+0000] {dag.py:3490} INFO - Setting next_dagrun for my_first_dag to 2024-09-30T11:15:00+00:00, run_after=2024-10-01T11:15:00+00:00
[2024-09-30T20:26:45.869+0000] {processor.py:179} INFO - Processing /opt/airflow/dags/qwe.py took 0.136 seconds
[2024-09-30T20:27:16.538+0000] {processor.py:157} INFO - Started process (PID=1144) to work on /opt/airflow/dags/qwe.py
[2024-09-30T20:27:16.540+0000] {processor.py:826} INFO - Processing file /opt/airflow/dags/qwe.py for tasks to queue
[2024-09-30T20:27:16.541+0000] {logging_mixin.py:149} INFO - [2024-09-30T20:27:16.541+0000] {dagbag.py:541} INFO - Filling up the DagBag from /opt/airflow/dags/qwe.py
[2024-09-30T20:27:16.590+0000] {processor.py:836} INFO - DAG(s) dict_keys(['my_first_dag']) retrieved from /opt/airflow/dags/qwe.py
[2024-09-30T20:27:16.620+0000] {logging_mixin.py:149} INFO - [2024-09-30T20:27:16.619+0000] {dag.py:2726} INFO - Sync 1 DAGs
[2024-09-30T20:27:16.647+0000] {logging_mixin.py:149} INFO - [2024-09-30T20:27:16.647+0000] {dag.py:3490} INFO - Setting next_dagrun for my_first_dag to 2024-09-30T11:15:00+00:00, run_after=2024-10-01T11:15:00+00:00
[2024-09-30T20:27:16.670+0000] {processor.py:179} INFO - Processing /opt/airflow/dags/qwe.py took 0.134 seconds
[2024-09-30T20:27:47.455+0000] {processor.py:157} INFO - Started process (PID=1171) to work on /opt/airflow/dags/qwe.py
[2024-09-30T20:27:47.456+0000] {processor.py:826} INFO - Processing file /opt/airflow/dags/qwe.py for tasks to queue
[2024-09-30T20:27:47.458+0000] {logging_mixin.py:149} INFO - [2024-09-30T20:27:47.457+0000] {dagbag.py:541} INFO - Filling up the DagBag from /opt/airflow/dags/qwe.py
[2024-09-30T20:27:47.522+0000] {processor.py:836} INFO - DAG(s) dict_keys(['my_first_dag']) retrieved from /opt/airflow/dags/qwe.py
[2024-09-30T20:27:47.551+0000] {logging_mixin.py:149} INFO - [2024-09-30T20:27:47.551+0000] {dag.py:2726} INFO - Sync 1 DAGs
[2024-09-30T20:27:47.582+0000] {logging_mixin.py:149} INFO - [2024-09-30T20:27:47.581+0000] {dag.py:3490} INFO - Setting next_dagrun for my_first_dag to 2024-09-30T11:15:00+00:00, run_after=2024-10-01T11:15:00+00:00
[2024-09-30T20:27:47.607+0000] {processor.py:179} INFO - Processing /opt/airflow/dags/qwe.py took 0.156 seconds
[2024-09-30T20:28:18.233+0000] {processor.py:157} INFO - Started process (PID=1198) to work on /opt/airflow/dags/qwe.py
[2024-09-30T20:28:18.234+0000] {processor.py:826} INFO - Processing file /opt/airflow/dags/qwe.py for tasks to queue
[2024-09-30T20:28:18.235+0000] {logging_mixin.py:149} INFO - [2024-09-30T20:28:18.235+0000] {dagbag.py:541} INFO - Filling up the DagBag from /opt/airflow/dags/qwe.py
[2024-09-30T20:28:18.292+0000] {processor.py:836} INFO - DAG(s) dict_keys(['my_first_dag']) retrieved from /opt/airflow/dags/qwe.py
[2024-09-30T20:28:18.321+0000] {logging_mixin.py:149} INFO - [2024-09-30T20:28:18.321+0000] {dag.py:2726} INFO - Sync 1 DAGs
[2024-09-30T20:28:18.352+0000] {logging_mixin.py:149} INFO - [2024-09-30T20:28:18.351+0000] {dag.py:3490} INFO - Setting next_dagrun for my_first_dag to 2024-09-30T11:15:00+00:00, run_after=2024-10-01T11:15:00+00:00
[2024-09-30T20:28:18.376+0000] {processor.py:179} INFO - Processing /opt/airflow/dags/qwe.py took 0.145 seconds
[2024-09-30T20:28:49.071+0000] {processor.py:157} INFO - Started process (PID=1225) to work on /opt/airflow/dags/qwe.py
[2024-09-30T20:28:49.072+0000] {processor.py:826} INFO - Processing file /opt/airflow/dags/qwe.py for tasks to queue
[2024-09-30T20:28:49.073+0000] {logging_mixin.py:149} INFO - [2024-09-30T20:28:49.073+0000] {dagbag.py:541} INFO - Filling up the DagBag from /opt/airflow/dags/qwe.py
[2024-09-30T20:28:49.128+0000] {processor.py:836} INFO - DAG(s) dict_keys(['my_first_dag']) retrieved from /opt/airflow/dags/qwe.py
[2024-09-30T20:28:49.157+0000] {logging_mixin.py:149} INFO - [2024-09-30T20:28:49.157+0000] {dag.py:2726} INFO - Sync 1 DAGs
[2024-09-30T20:28:49.189+0000] {logging_mixin.py:149} INFO - [2024-09-30T20:28:49.189+0000] {dag.py:3490} INFO - Setting next_dagrun for my_first_dag to 2024-09-30T11:15:00+00:00, run_after=2024-10-01T11:15:00+00:00
[2024-09-30T20:28:49.214+0000] {processor.py:179} INFO - Processing /opt/airflow/dags/qwe.py took 0.146 seconds
[2024-09-30T20:29:19.947+0000] {processor.py:157} INFO - Started process (PID=1252) to work on /opt/airflow/dags/qwe.py
[2024-09-30T20:29:19.948+0000] {processor.py:826} INFO - Processing file /opt/airflow/dags/qwe.py for tasks to queue
[2024-09-30T20:29:19.949+0000] {logging_mixin.py:149} INFO - [2024-09-30T20:29:19.949+0000] {dagbag.py:541} INFO - Filling up the DagBag from /opt/airflow/dags/qwe.py
[2024-09-30T20:29:20.006+0000] {processor.py:836} INFO - DAG(s) dict_keys(['my_first_dag']) retrieved from /opt/airflow/dags/qwe.py
[2024-09-30T20:29:20.040+0000] {logging_mixin.py:149} INFO - [2024-09-30T20:29:20.040+0000] {dag.py:2726} INFO - Sync 1 DAGs
[2024-09-30T20:29:20.072+0000] {logging_mixin.py:149} INFO - [2024-09-30T20:29:20.071+0000] {dag.py:3490} INFO - Setting next_dagrun for my_first_dag to 2024-09-30T11:15:00+00:00, run_after=2024-10-01T11:15:00+00:00
[2024-09-30T20:29:20.098+0000] {processor.py:179} INFO - Processing /opt/airflow/dags/qwe.py took 0.155 seconds
[2024-09-30T20:29:50.764+0000] {processor.py:157} INFO - Started process (PID=1279) to work on /opt/airflow/dags/qwe.py
[2024-09-30T20:29:50.766+0000] {processor.py:826} INFO - Processing file /opt/airflow/dags/qwe.py for tasks to queue
[2024-09-30T20:29:50.767+0000] {logging_mixin.py:149} INFO - [2024-09-30T20:29:50.767+0000] {dagbag.py:541} INFO - Filling up the DagBag from /opt/airflow/dags/qwe.py
[2024-09-30T20:29:50.817+0000] {processor.py:836} INFO - DAG(s) dict_keys(['my_first_dag']) retrieved from /opt/airflow/dags/qwe.py
[2024-09-30T20:29:50.848+0000] {logging_mixin.py:149} INFO - [2024-09-30T20:29:50.847+0000] {dag.py:2726} INFO - Sync 1 DAGs
[2024-09-30T20:29:50.878+0000] {logging_mixin.py:149} INFO - [2024-09-30T20:29:50.878+0000] {dag.py:3490} INFO - Setting next_dagrun for my_first_dag to 2024-09-30T11:15:00+00:00, run_after=2024-10-01T11:15:00+00:00
[2024-09-30T20:29:50.902+0000] {processor.py:179} INFO - Processing /opt/airflow/dags/qwe.py took 0.140 seconds
[2024-09-30T20:30:21.615+0000] {processor.py:157} INFO - Started process (PID=1306) to work on /opt/airflow/dags/qwe.py
[2024-09-30T20:30:21.616+0000] {processor.py:826} INFO - Processing file /opt/airflow/dags/qwe.py for tasks to queue
[2024-09-30T20:30:21.618+0000] {logging_mixin.py:149} INFO - [2024-09-30T20:30:21.618+0000] {dagbag.py:541} INFO - Filling up the DagBag from /opt/airflow/dags/qwe.py
[2024-09-30T20:30:21.669+0000] {processor.py:836} INFO - DAG(s) dict_keys(['my_first_dag']) retrieved from /opt/airflow/dags/qwe.py
[2024-09-30T20:30:21.701+0000] {logging_mixin.py:149} INFO - [2024-09-30T20:30:21.701+0000] {dag.py:2726} INFO - Sync 1 DAGs
[2024-09-30T20:30:21.733+0000] {logging_mixin.py:149} INFO - [2024-09-30T20:30:21.733+0000] {dag.py:3490} INFO - Setting next_dagrun for my_first_dag to 2024-09-30T11:15:00+00:00, run_after=2024-10-01T11:15:00+00:00
[2024-09-30T20:30:21.761+0000] {processor.py:179} INFO - Processing /opt/airflow/dags/qwe.py took 0.149 seconds
[2024-09-30T20:30:52.625+0000] {processor.py:157} INFO - Started process (PID=1333) to work on /opt/airflow/dags/qwe.py
[2024-09-30T20:30:52.626+0000] {processor.py:826} INFO - Processing file /opt/airflow/dags/qwe.py for tasks to queue
[2024-09-30T20:30:52.628+0000] {logging_mixin.py:149} INFO - [2024-09-30T20:30:52.628+0000] {dagbag.py:541} INFO - Filling up the DagBag from /opt/airflow/dags/qwe.py
[2024-09-30T20:30:52.688+0000] {processor.py:836} INFO - DAG(s) dict_keys(['my_first_dag']) retrieved from /opt/airflow/dags/qwe.py
[2024-09-30T20:30:52.725+0000] {logging_mixin.py:149} INFO - [2024-09-30T20:30:52.725+0000] {dag.py:2726} INFO - Sync 1 DAGs
[2024-09-30T20:30:52.761+0000] {logging_mixin.py:149} INFO - [2024-09-30T20:30:52.761+0000] {dag.py:3490} INFO - Setting next_dagrun for my_first_dag to 2024-09-30T11:15:00+00:00, run_after=2024-10-01T11:15:00+00:00
[2024-09-30T20:30:52.797+0000] {processor.py:179} INFO - Processing /opt/airflow/dags/qwe.py took 0.176 seconds
