[2024-10-23T20:35:37.112+0000] {taskinstance.py:1103} INFO - Dependencies all met for dep_context=non-requeueable deps ti=<TaskInstance: api_binance_dag1.union_data_to_df manual__2024-10-23T20:29:24.335519+00:00 [queued]>
[2024-10-23T20:35:37.129+0000] {taskinstance.py:1103} INFO - Dependencies all met for dep_context=requeueable deps ti=<TaskInstance: api_binance_dag1.union_data_to_df manual__2024-10-23T20:29:24.335519+00:00 [queued]>
[2024-10-23T20:35:37.130+0000] {taskinstance.py:1308} INFO - Starting attempt 1 of 3
[2024-10-23T20:35:37.163+0000] {taskinstance.py:1327} INFO - Executing <Task(PythonOperator): union_data_to_df> on 2024-10-23 20:29:24.335519+00:00
[2024-10-23T20:35:37.172+0000] {standard_task_runner.py:57} INFO - Started process 149 to run task
[2024-10-23T20:35:37.177+0000] {standard_task_runner.py:84} INFO - Running: ['***', 'tasks', 'run', 'api_binance_dag1', 'union_data_to_df', 'manual__2024-10-23T20:29:24.335519+00:00', '--job-id', '505', '--raw', '--subdir', 'DAGS_FOLDER/binance.Dag1.py', '--cfg-path', '/tmp/tmpmdv26yyl']
[2024-10-23T20:35:37.180+0000] {standard_task_runner.py:85} INFO - Job 505: Subtask union_data_to_df
[2024-10-23T20:35:37.204+0000] {warnings.py:110} WARNING - /home/***/.local/lib/python3.7/site-packages/***/settings.py:195: DeprecationWarning: The sql_alchemy_conn option in [core] has been moved to the sql_alchemy_conn option in [database] - the old setting has been used, but please update your config.
  SQL_ALCHEMY_CONN = conf.get("database", "SQL_ALCHEMY_CONN")

[2024-10-23T20:35:37.253+0000] {task_command.py:410} INFO - Running <TaskInstance: api_binance_dag1.union_data_to_df manual__2024-10-23T20:29:24.335519+00:00 [running]> on host 3e776c2a96a1
[2024-10-23T20:35:37.383+0000] {taskinstance.py:1547} INFO - Exporting env vars: AIRFLOW_CTX_DAG_OWNER='Danil' AIRFLOW_CTX_DAG_ID='api_binance_dag1' AIRFLOW_CTX_TASK_ID='union_data_to_df' AIRFLOW_CTX_EXECUTION_DATE='2024-10-23T20:29:24.335519+00:00' AIRFLOW_CTX_TRY_NUMBER='1' AIRFLOW_CTX_DAG_RUN_ID='manual__2024-10-23T20:29:24.335519+00:00'
[2024-10-23T20:35:37.544+0000] {logging_mixin.py:149} INFO -    Имя монеты Дата открытия  ...           Low         Close
0         SOL    2024-10-14  ...  146.80000000  157.59000000
1         SOL    2024-10-15  ...  150.30000000  154.76000000
2         SOL    2024-10-16  ...  153.00000000  154.28000000
3         SOL    2024-10-17  ...  147.66000000  150.50000000
4         SOL    2024-10-18  ...  149.56000000  154.94000000
5         SOL    2024-10-19  ...  153.45000000  159.79000000
6         SOL    2024-10-20  ...  157.58000000  167.40000000
7       1INCH    2024-10-14  ...    0.25390000    0.27170000
8       1INCH    2024-10-15  ...    0.25790000    0.27730000
9       1INCH    2024-10-16  ...    0.26510000    0.27040000
10      1INCH    2024-10-17  ...    0.25700000    0.26200000
11      1INCH    2024-10-18  ...    0.25960000    0.27060000
12      1INCH    2024-10-19  ...    0.26820000    0.27240000
13      1INCH    2024-10-20  ...    0.26850000    0.29120000
14        SUI    2024-10-14  ...    2.20890000    2.25010000
15        SUI    2024-10-15  ...    1.97250000    2.05970000
16        SUI    2024-10-16  ...    1.97580000    2.08280000
17        SUI    2024-10-17  ...    1.99730000    2.02490000
18        SUI    2024-10-18  ...    2.00880000    2.12560000
19        SUI    2024-10-19  ...    2.04010000    2.06280000
20        SUI    2024-10-20  ...    2.04330000    2.12820000
21        TON    2024-10-14  ...    5.15900000    5.32300000
22        TON    2024-10-15  ...    5.12300000    5.22400000
23        TON    2024-10-16  ...    5.17000000    5.22700000
24        TON    2024-10-17  ...    5.10500000    5.18300000
25        TON    2024-10-18  ...    5.17300000    5.25000000
26        TON    2024-10-19  ...    5.22300000    5.26700000
27        TON    2024-10-20  ...    5.24400000    5.35800000
28       STRK    2024-10-14  ...    0.41440000    0.44090000
29       STRK    2024-10-15  ...    0.41210000    0.42550000
30       STRK    2024-10-16  ...    0.40850000    0.41330000
31       STRK    2024-10-17  ...    0.38710000    0.39270000
32       STRK    2024-10-18  ...    0.38660000    0.40460000
33       STRK    2024-10-19  ...    0.39450000    0.40810000
34       STRK    2024-10-20  ...    0.39970000    0.43380000

[35 rows x 6 columns]
[2024-10-23T20:35:37.545+0000] {python.py:183} INFO - Done. Returned value was: None
[2024-10-23T20:35:37.558+0000] {taskinstance.py:1350} INFO - Marking task as SUCCESS. dag_id=api_binance_dag1, task_id=union_data_to_df, execution_date=20241023T202924, start_date=20241023T203537, end_date=20241023T203537
[2024-10-23T20:35:37.630+0000] {local_task_job_runner.py:225} INFO - Task exited with return code 0
[2024-10-23T20:35:37.664+0000] {taskinstance.py:2653} INFO - 1 downstream tasks scheduled from follow-on schedule check
