[2024-10-15T22:01:24.994+0000] {processor.py:157} INFO - Started process (PID=38) to work on /opt/airflow/dags/qwe.py
[2024-10-15T22:01:24.997+0000] {processor.py:826} INFO - Processing file /opt/airflow/dags/qwe.py for tasks to queue
[2024-10-15T22:01:24.999+0000] {logging_mixin.py:149} INFO - [2024-10-15T22:01:24.998+0000] {dagbag.py:541} INFO - Filling up the DagBag from /opt/airflow/dags/qwe.py
[2024-10-15T22:01:25.175+0000] {processor.py:836} INFO - DAG(s) dict_keys(['my_first_dag']) retrieved from /opt/airflow/dags/qwe.py
[2024-10-15T22:01:25.513+0000] {logging_mixin.py:149} INFO - [2024-10-15T22:01:25.513+0000] {dag.py:2726} INFO - Sync 1 DAGs
[2024-10-15T22:01:25.555+0000] {logging_mixin.py:149} INFO - [2024-10-15T22:01:25.555+0000] {dag.py:3490} INFO - Setting next_dagrun for my_first_dag to 2024-10-14T11:15:00+00:00, run_after=2024-10-15T11:15:00+00:00
[2024-10-15T22:01:25.884+0000] {processor.py:179} INFO - Processing /opt/airflow/dags/qwe.py took 0.899 seconds
[2024-10-15T22:01:56.232+0000] {processor.py:157} INFO - Started process (PID=75) to work on /opt/airflow/dags/qwe.py
[2024-10-15T22:01:56.234+0000] {processor.py:826} INFO - Processing file /opt/airflow/dags/qwe.py for tasks to queue
[2024-10-15T22:01:56.236+0000] {logging_mixin.py:149} INFO - [2024-10-15T22:01:56.235+0000] {dagbag.py:541} INFO - Filling up the DagBag from /opt/airflow/dags/qwe.py
[2024-10-15T22:01:56.470+0000] {processor.py:836} INFO - DAG(s) dict_keys(['my_first_dag']) retrieved from /opt/airflow/dags/qwe.py
[2024-10-15T22:01:56.501+0000] {logging_mixin.py:149} INFO - [2024-10-15T22:01:56.501+0000] {dag.py:2726} INFO - Sync 1 DAGs
[2024-10-15T22:01:56.531+0000] {logging_mixin.py:149} INFO - [2024-10-15T22:01:56.531+0000] {dag.py:3490} INFO - Setting next_dagrun for my_first_dag to 2024-10-15T11:15:00+00:00, run_after=2024-10-16T11:15:00+00:00
[2024-10-15T22:01:56.580+0000] {processor.py:179} INFO - Processing /opt/airflow/dags/qwe.py took 0.353 seconds
[2024-10-15T22:02:26.880+0000] {processor.py:157} INFO - Started process (PID=88) to work on /opt/airflow/dags/qwe.py
[2024-10-15T22:02:26.882+0000] {processor.py:826} INFO - Processing file /opt/airflow/dags/qwe.py for tasks to queue
[2024-10-15T22:02:26.884+0000] {logging_mixin.py:149} INFO - [2024-10-15T22:02:26.883+0000] {dagbag.py:541} INFO - Filling up the DagBag from /opt/airflow/dags/qwe.py
[2024-10-15T22:02:27.114+0000] {processor.py:836} INFO - DAG(s) dict_keys(['my_first_dag']) retrieved from /opt/airflow/dags/qwe.py
[2024-10-15T22:02:27.147+0000] {logging_mixin.py:149} INFO - [2024-10-15T22:02:27.146+0000] {dag.py:2726} INFO - Sync 1 DAGs
[2024-10-15T22:02:27.181+0000] {logging_mixin.py:149} INFO - [2024-10-15T22:02:27.181+0000] {dag.py:3490} INFO - Setting next_dagrun for my_first_dag to 2024-10-15T11:15:00+00:00, run_after=2024-10-16T11:15:00+00:00
[2024-10-15T22:02:27.215+0000] {processor.py:179} INFO - Processing /opt/airflow/dags/qwe.py took 0.340 seconds
[2024-10-15T22:02:57.515+0000] {processor.py:157} INFO - Started process (PID=101) to work on /opt/airflow/dags/qwe.py
[2024-10-15T22:02:57.517+0000] {processor.py:826} INFO - Processing file /opt/airflow/dags/qwe.py for tasks to queue
[2024-10-15T22:02:57.519+0000] {logging_mixin.py:149} INFO - [2024-10-15T22:02:57.518+0000] {dagbag.py:541} INFO - Filling up the DagBag from /opt/airflow/dags/qwe.py
[2024-10-15T22:02:57.767+0000] {processor.py:836} INFO - DAG(s) dict_keys(['my_first_dag']) retrieved from /opt/airflow/dags/qwe.py
[2024-10-15T22:02:57.804+0000] {logging_mixin.py:149} INFO - [2024-10-15T22:02:57.804+0000] {dag.py:2726} INFO - Sync 1 DAGs
[2024-10-15T22:02:57.837+0000] {logging_mixin.py:149} INFO - [2024-10-15T22:02:57.836+0000] {dag.py:3490} INFO - Setting next_dagrun for my_first_dag to 2024-10-15T11:15:00+00:00, run_after=2024-10-16T11:15:00+00:00
[2024-10-15T22:02:57.864+0000] {processor.py:179} INFO - Processing /opt/airflow/dags/qwe.py took 0.353 seconds
[2024-10-15T22:03:28.163+0000] {processor.py:157} INFO - Started process (PID=114) to work on /opt/airflow/dags/qwe.py
[2024-10-15T22:03:28.165+0000] {processor.py:826} INFO - Processing file /opt/airflow/dags/qwe.py for tasks to queue
[2024-10-15T22:03:28.166+0000] {logging_mixin.py:149} INFO - [2024-10-15T22:03:28.166+0000] {dagbag.py:541} INFO - Filling up the DagBag from /opt/airflow/dags/qwe.py
[2024-10-15T22:03:28.224+0000] {processor.py:836} INFO - DAG(s) dict_keys(['my_first_dag']) retrieved from /opt/airflow/dags/qwe.py
[2024-10-15T22:03:28.263+0000] {logging_mixin.py:149} INFO - [2024-10-15T22:03:28.262+0000] {dag.py:2726} INFO - Sync 1 DAGs
[2024-10-15T22:03:28.299+0000] {logging_mixin.py:149} INFO - [2024-10-15T22:03:28.298+0000] {dag.py:3490} INFO - Setting next_dagrun for my_first_dag to 2024-10-15T11:15:00+00:00, run_after=2024-10-16T11:15:00+00:00
[2024-10-15T22:03:28.341+0000] {processor.py:179} INFO - Processing /opt/airflow/dags/qwe.py took 0.182 seconds
[2024-10-15T22:03:58.663+0000] {processor.py:157} INFO - Started process (PID=127) to work on /opt/airflow/dags/qwe.py
[2024-10-15T22:03:58.666+0000] {processor.py:826} INFO - Processing file /opt/airflow/dags/qwe.py for tasks to queue
[2024-10-15T22:03:58.670+0000] {logging_mixin.py:149} INFO - [2024-10-15T22:03:58.669+0000] {dagbag.py:541} INFO - Filling up the DagBag from /opt/airflow/dags/qwe.py
[2024-10-15T22:03:58.773+0000] {processor.py:836} INFO - DAG(s) dict_keys(['my_first_dag']) retrieved from /opt/airflow/dags/qwe.py
[2024-10-15T22:03:58.861+0000] {logging_mixin.py:149} INFO - [2024-10-15T22:03:58.860+0000] {dag.py:2726} INFO - Sync 1 DAGs
[2024-10-15T22:03:58.943+0000] {logging_mixin.py:149} INFO - [2024-10-15T22:03:58.942+0000] {dag.py:3490} INFO - Setting next_dagrun for my_first_dag to 2024-10-15T11:15:00+00:00, run_after=2024-10-16T11:15:00+00:00
[2024-10-15T22:03:58.998+0000] {processor.py:179} INFO - Processing /opt/airflow/dags/qwe.py took 0.344 seconds
[2024-10-15T22:04:29.334+0000] {processor.py:157} INFO - Started process (PID=140) to work on /opt/airflow/dags/qwe.py
[2024-10-15T22:04:29.336+0000] {processor.py:826} INFO - Processing file /opt/airflow/dags/qwe.py for tasks to queue
[2024-10-15T22:04:29.338+0000] {logging_mixin.py:149} INFO - [2024-10-15T22:04:29.338+0000] {dagbag.py:541} INFO - Filling up the DagBag from /opt/airflow/dags/qwe.py
[2024-10-15T22:04:29.444+0000] {processor.py:836} INFO - DAG(s) dict_keys(['my_first_dag']) retrieved from /opt/airflow/dags/qwe.py
[2024-10-15T22:04:29.488+0000] {logging_mixin.py:149} INFO - [2024-10-15T22:04:29.487+0000] {dag.py:2726} INFO - Sync 1 DAGs
[2024-10-15T22:04:29.558+0000] {logging_mixin.py:149} INFO - [2024-10-15T22:04:29.558+0000] {dag.py:3490} INFO - Setting next_dagrun for my_first_dag to 2024-10-15T11:15:00+00:00, run_after=2024-10-16T11:15:00+00:00
[2024-10-15T22:04:29.606+0000] {processor.py:179} INFO - Processing /opt/airflow/dags/qwe.py took 0.276 seconds
[2024-10-15T22:04:59.942+0000] {processor.py:157} INFO - Started process (PID=153) to work on /opt/airflow/dags/qwe.py
[2024-10-15T22:04:59.944+0000] {processor.py:826} INFO - Processing file /opt/airflow/dags/qwe.py for tasks to queue
[2024-10-15T22:04:59.945+0000] {logging_mixin.py:149} INFO - [2024-10-15T22:04:59.945+0000] {dagbag.py:541} INFO - Filling up the DagBag from /opt/airflow/dags/qwe.py
[2024-10-15T22:05:00.026+0000] {processor.py:836} INFO - DAG(s) dict_keys(['my_first_dag']) retrieved from /opt/airflow/dags/qwe.py
[2024-10-15T22:05:00.072+0000] {logging_mixin.py:149} INFO - [2024-10-15T22:05:00.072+0000] {dag.py:2726} INFO - Sync 1 DAGs
[2024-10-15T22:05:00.121+0000] {logging_mixin.py:149} INFO - [2024-10-15T22:05:00.120+0000] {dag.py:3490} INFO - Setting next_dagrun for my_first_dag to 2024-10-15T11:15:00+00:00, run_after=2024-10-16T11:15:00+00:00
[2024-10-15T22:05:00.160+0000] {processor.py:179} INFO - Processing /opt/airflow/dags/qwe.py took 0.223 seconds
[2024-10-15T22:05:30.483+0000] {processor.py:157} INFO - Started process (PID=166) to work on /opt/airflow/dags/qwe.py
[2024-10-15T22:05:30.485+0000] {processor.py:826} INFO - Processing file /opt/airflow/dags/qwe.py for tasks to queue
[2024-10-15T22:05:30.486+0000] {logging_mixin.py:149} INFO - [2024-10-15T22:05:30.486+0000] {dagbag.py:541} INFO - Filling up the DagBag from /opt/airflow/dags/qwe.py
[2024-10-15T22:05:30.549+0000] {processor.py:836} INFO - DAG(s) dict_keys(['my_first_dag']) retrieved from /opt/airflow/dags/qwe.py
[2024-10-15T22:05:30.587+0000] {logging_mixin.py:149} INFO - [2024-10-15T22:05:30.587+0000] {dag.py:2726} INFO - Sync 1 DAGs
[2024-10-15T22:05:30.628+0000] {logging_mixin.py:149} INFO - [2024-10-15T22:05:30.627+0000] {dag.py:3490} INFO - Setting next_dagrun for my_first_dag to 2024-10-15T11:15:00+00:00, run_after=2024-10-16T11:15:00+00:00
[2024-10-15T22:05:30.663+0000] {processor.py:179} INFO - Processing /opt/airflow/dags/qwe.py took 0.185 seconds
[2024-10-15T22:06:00.943+0000] {processor.py:157} INFO - Started process (PID=179) to work on /opt/airflow/dags/qwe.py
[2024-10-15T22:06:00.944+0000] {processor.py:826} INFO - Processing file /opt/airflow/dags/qwe.py for tasks to queue
[2024-10-15T22:06:00.946+0000] {logging_mixin.py:149} INFO - [2024-10-15T22:06:00.946+0000] {dagbag.py:541} INFO - Filling up the DagBag from /opt/airflow/dags/qwe.py
[2024-10-15T22:06:01.041+0000] {processor.py:836} INFO - DAG(s) dict_keys(['my_first_dag']) retrieved from /opt/airflow/dags/qwe.py
[2024-10-15T22:06:01.094+0000] {logging_mixin.py:149} INFO - [2024-10-15T22:06:01.093+0000] {dag.py:2726} INFO - Sync 1 DAGs
[2024-10-15T22:06:01.137+0000] {logging_mixin.py:149} INFO - [2024-10-15T22:06:01.137+0000] {dag.py:3490} INFO - Setting next_dagrun for my_first_dag to 2024-10-15T11:15:00+00:00, run_after=2024-10-16T11:15:00+00:00
[2024-10-15T22:06:01.184+0000] {processor.py:179} INFO - Processing /opt/airflow/dags/qwe.py took 0.246 seconds
[2024-10-15T22:06:31.514+0000] {processor.py:157} INFO - Started process (PID=192) to work on /opt/airflow/dags/qwe.py
[2024-10-15T22:06:31.516+0000] {processor.py:826} INFO - Processing file /opt/airflow/dags/qwe.py for tasks to queue
[2024-10-15T22:06:31.517+0000] {logging_mixin.py:149} INFO - [2024-10-15T22:06:31.517+0000] {dagbag.py:541} INFO - Filling up the DagBag from /opt/airflow/dags/qwe.py
[2024-10-15T22:06:31.586+0000] {processor.py:836} INFO - DAG(s) dict_keys(['my_first_dag']) retrieved from /opt/airflow/dags/qwe.py
[2024-10-15T22:06:31.646+0000] {logging_mixin.py:149} INFO - [2024-10-15T22:06:31.645+0000] {dag.py:2726} INFO - Sync 1 DAGs
[2024-10-15T22:06:31.692+0000] {logging_mixin.py:149} INFO - [2024-10-15T22:06:31.691+0000] {dag.py:3490} INFO - Setting next_dagrun for my_first_dag to 2024-10-15T11:15:00+00:00, run_after=2024-10-16T11:15:00+00:00
[2024-10-15T22:06:31.729+0000] {processor.py:179} INFO - Processing /opt/airflow/dags/qwe.py took 0.218 seconds
[2024-10-15T22:07:01.997+0000] {processor.py:157} INFO - Started process (PID=205) to work on /opt/airflow/dags/qwe.py
[2024-10-15T22:07:01.998+0000] {processor.py:826} INFO - Processing file /opt/airflow/dags/qwe.py for tasks to queue
[2024-10-15T22:07:01.999+0000] {logging_mixin.py:149} INFO - [2024-10-15T22:07:01.999+0000] {dagbag.py:541} INFO - Filling up the DagBag from /opt/airflow/dags/qwe.py
[2024-10-15T22:07:02.053+0000] {processor.py:836} INFO - DAG(s) dict_keys(['my_first_dag']) retrieved from /opt/airflow/dags/qwe.py
[2024-10-15T22:07:02.087+0000] {logging_mixin.py:149} INFO - [2024-10-15T22:07:02.086+0000] {dag.py:2726} INFO - Sync 1 DAGs
[2024-10-15T22:07:02.120+0000] {logging_mixin.py:149} INFO - [2024-10-15T22:07:02.120+0000] {dag.py:3490} INFO - Setting next_dagrun for my_first_dag to 2024-10-15T11:15:00+00:00, run_after=2024-10-16T11:15:00+00:00
[2024-10-15T22:07:02.154+0000] {processor.py:179} INFO - Processing /opt/airflow/dags/qwe.py took 0.161 seconds
[2024-10-15T22:07:32.422+0000] {processor.py:157} INFO - Started process (PID=218) to work on /opt/airflow/dags/qwe.py
[2024-10-15T22:07:32.423+0000] {processor.py:826} INFO - Processing file /opt/airflow/dags/qwe.py for tasks to queue
[2024-10-15T22:07:32.424+0000] {logging_mixin.py:149} INFO - [2024-10-15T22:07:32.424+0000] {dagbag.py:541} INFO - Filling up the DagBag from /opt/airflow/dags/qwe.py
[2024-10-15T22:07:32.492+0000] {processor.py:836} INFO - DAG(s) dict_keys(['my_first_dag']) retrieved from /opt/airflow/dags/qwe.py
[2024-10-15T22:07:32.529+0000] {logging_mixin.py:149} INFO - [2024-10-15T22:07:32.528+0000] {dag.py:2726} INFO - Sync 1 DAGs
[2024-10-15T22:07:32.570+0000] {logging_mixin.py:149} INFO - [2024-10-15T22:07:32.570+0000] {dag.py:3490} INFO - Setting next_dagrun for my_first_dag to 2024-10-15T11:15:00+00:00, run_after=2024-10-16T11:15:00+00:00
[2024-10-15T22:07:32.604+0000] {processor.py:179} INFO - Processing /opt/airflow/dags/qwe.py took 0.187 seconds
[2024-10-15T22:08:02.876+0000] {processor.py:157} INFO - Started process (PID=231) to work on /opt/airflow/dags/qwe.py
[2024-10-15T22:08:02.877+0000] {processor.py:826} INFO - Processing file /opt/airflow/dags/qwe.py for tasks to queue
[2024-10-15T22:08:02.878+0000] {logging_mixin.py:149} INFO - [2024-10-15T22:08:02.878+0000] {dagbag.py:541} INFO - Filling up the DagBag from /opt/airflow/dags/qwe.py
[2024-10-15T22:08:02.938+0000] {processor.py:836} INFO - DAG(s) dict_keys(['my_first_dag']) retrieved from /opt/airflow/dags/qwe.py
[2024-10-15T22:08:02.983+0000] {logging_mixin.py:149} INFO - [2024-10-15T22:08:02.983+0000] {dag.py:2726} INFO - Sync 1 DAGs
[2024-10-15T22:08:03.025+0000] {logging_mixin.py:149} INFO - [2024-10-15T22:08:03.025+0000] {dag.py:3490} INFO - Setting next_dagrun for my_first_dag to 2024-10-15T11:15:00+00:00, run_after=2024-10-16T11:15:00+00:00
[2024-10-15T22:08:03.061+0000] {processor.py:179} INFO - Processing /opt/airflow/dags/qwe.py took 0.189 seconds
[2024-10-15T22:08:33.368+0000] {processor.py:157} INFO - Started process (PID=244) to work on /opt/airflow/dags/qwe.py
[2024-10-15T22:08:33.369+0000] {processor.py:826} INFO - Processing file /opt/airflow/dags/qwe.py for tasks to queue
[2024-10-15T22:08:33.371+0000] {logging_mixin.py:149} INFO - [2024-10-15T22:08:33.371+0000] {dagbag.py:541} INFO - Filling up the DagBag from /opt/airflow/dags/qwe.py
[2024-10-15T22:08:33.466+0000] {processor.py:836} INFO - DAG(s) dict_keys(['my_first_dag']) retrieved from /opt/airflow/dags/qwe.py
[2024-10-15T22:08:33.524+0000] {logging_mixin.py:149} INFO - [2024-10-15T22:08:33.524+0000] {dag.py:2726} INFO - Sync 1 DAGs
[2024-10-15T22:08:33.578+0000] {logging_mixin.py:149} INFO - [2024-10-15T22:08:33.577+0000] {dag.py:3490} INFO - Setting next_dagrun for my_first_dag to 2024-10-15T11:15:00+00:00, run_after=2024-10-16T11:15:00+00:00
[2024-10-15T22:08:33.627+0000] {processor.py:179} INFO - Processing /opt/airflow/dags/qwe.py took 0.265 seconds
[2024-10-15T22:09:03.905+0000] {processor.py:157} INFO - Started process (PID=257) to work on /opt/airflow/dags/qwe.py
[2024-10-15T22:09:03.907+0000] {processor.py:826} INFO - Processing file /opt/airflow/dags/qwe.py for tasks to queue
[2024-10-15T22:09:03.909+0000] {logging_mixin.py:149} INFO - [2024-10-15T22:09:03.908+0000] {dagbag.py:541} INFO - Filling up the DagBag from /opt/airflow/dags/qwe.py
[2024-10-15T22:09:03.979+0000] {processor.py:836} INFO - DAG(s) dict_keys(['my_first_dag']) retrieved from /opt/airflow/dags/qwe.py
[2024-10-15T22:09:04.021+0000] {logging_mixin.py:149} INFO - [2024-10-15T22:09:04.020+0000] {dag.py:2726} INFO - Sync 1 DAGs
[2024-10-15T22:09:04.063+0000] {logging_mixin.py:149} INFO - [2024-10-15T22:09:04.062+0000] {dag.py:3490} INFO - Setting next_dagrun for my_first_dag to 2024-10-15T11:15:00+00:00, run_after=2024-10-16T11:15:00+00:00
[2024-10-15T22:09:04.094+0000] {processor.py:179} INFO - Processing /opt/airflow/dags/qwe.py took 0.193 seconds
[2024-10-15T22:09:34.374+0000] {processor.py:157} INFO - Started process (PID=270) to work on /opt/airflow/dags/qwe.py
[2024-10-15T22:09:34.376+0000] {processor.py:826} INFO - Processing file /opt/airflow/dags/qwe.py for tasks to queue
[2024-10-15T22:09:34.377+0000] {logging_mixin.py:149} INFO - [2024-10-15T22:09:34.377+0000] {dagbag.py:541} INFO - Filling up the DagBag from /opt/airflow/dags/qwe.py
[2024-10-15T22:09:34.460+0000] {processor.py:836} INFO - DAG(s) dict_keys(['my_first_dag']) retrieved from /opt/airflow/dags/qwe.py
[2024-10-15T22:09:34.528+0000] {logging_mixin.py:149} INFO - [2024-10-15T22:09:34.528+0000] {dag.py:2726} INFO - Sync 1 DAGs
[2024-10-15T22:09:34.586+0000] {logging_mixin.py:149} INFO - [2024-10-15T22:09:34.585+0000] {dag.py:3490} INFO - Setting next_dagrun for my_first_dag to 2024-10-15T11:15:00+00:00, run_after=2024-10-16T11:15:00+00:00
[2024-10-15T22:09:34.619+0000] {processor.py:179} INFO - Processing /opt/airflow/dags/qwe.py took 0.250 seconds
[2024-10-15T22:10:04.764+0000] {processor.py:157} INFO - Started process (PID=283) to work on /opt/airflow/dags/qwe.py
[2024-10-15T22:10:04.766+0000] {processor.py:826} INFO - Processing file /opt/airflow/dags/qwe.py for tasks to queue
[2024-10-15T22:10:04.767+0000] {logging_mixin.py:149} INFO - [2024-10-15T22:10:04.767+0000] {dagbag.py:541} INFO - Filling up the DagBag from /opt/airflow/dags/qwe.py
[2024-10-15T22:10:04.841+0000] {processor.py:836} INFO - DAG(s) dict_keys(['my_first_dag']) retrieved from /opt/airflow/dags/qwe.py
[2024-10-15T22:10:04.880+0000] {logging_mixin.py:149} INFO - [2024-10-15T22:10:04.880+0000] {dag.py:2726} INFO - Sync 1 DAGs
[2024-10-15T22:10:04.920+0000] {logging_mixin.py:149} INFO - [2024-10-15T22:10:04.920+0000] {dag.py:3490} INFO - Setting next_dagrun for my_first_dag to 2024-10-15T11:15:00+00:00, run_after=2024-10-16T11:15:00+00:00
[2024-10-15T22:10:04.947+0000] {processor.py:179} INFO - Processing /opt/airflow/dags/qwe.py took 0.188 seconds
[2024-10-15T22:10:35.235+0000] {processor.py:157} INFO - Started process (PID=296) to work on /opt/airflow/dags/qwe.py
[2024-10-15T22:10:35.237+0000] {processor.py:826} INFO - Processing file /opt/airflow/dags/qwe.py for tasks to queue
[2024-10-15T22:10:35.238+0000] {logging_mixin.py:149} INFO - [2024-10-15T22:10:35.238+0000] {dagbag.py:541} INFO - Filling up the DagBag from /opt/airflow/dags/qwe.py
[2024-10-15T22:10:35.330+0000] {processor.py:836} INFO - DAG(s) dict_keys(['my_first_dag']) retrieved from /opt/airflow/dags/qwe.py
[2024-10-15T22:10:35.381+0000] {logging_mixin.py:149} INFO - [2024-10-15T22:10:35.380+0000] {dag.py:2726} INFO - Sync 1 DAGs
[2024-10-15T22:10:35.419+0000] {logging_mixin.py:149} INFO - [2024-10-15T22:10:35.419+0000] {dag.py:3490} INFO - Setting next_dagrun for my_first_dag to 2024-10-15T11:15:00+00:00, run_after=2024-10-16T11:15:00+00:00
[2024-10-15T22:10:35.474+0000] {processor.py:179} INFO - Processing /opt/airflow/dags/qwe.py took 0.247 seconds
[2024-10-15T22:11:05.738+0000] {processor.py:157} INFO - Started process (PID=309) to work on /opt/airflow/dags/qwe.py
[2024-10-15T22:11:05.740+0000] {processor.py:826} INFO - Processing file /opt/airflow/dags/qwe.py for tasks to queue
[2024-10-15T22:11:05.743+0000] {logging_mixin.py:149} INFO - [2024-10-15T22:11:05.743+0000] {dagbag.py:541} INFO - Filling up the DagBag from /opt/airflow/dags/qwe.py
[2024-10-15T22:11:05.830+0000] {processor.py:836} INFO - DAG(s) dict_keys(['my_first_dag']) retrieved from /opt/airflow/dags/qwe.py
[2024-10-15T22:11:05.878+0000] {logging_mixin.py:149} INFO - [2024-10-15T22:11:05.878+0000] {dag.py:2726} INFO - Sync 1 DAGs
[2024-10-15T22:11:05.923+0000] {logging_mixin.py:149} INFO - [2024-10-15T22:11:05.923+0000] {dag.py:3490} INFO - Setting next_dagrun for my_first_dag to 2024-10-15T11:15:00+00:00, run_after=2024-10-16T11:15:00+00:00
[2024-10-15T22:11:05.962+0000] {processor.py:179} INFO - Processing /opt/airflow/dags/qwe.py took 0.230 seconds
[2024-10-15T22:11:36.274+0000] {processor.py:157} INFO - Started process (PID=335) to work on /opt/airflow/dags/qwe.py
[2024-10-15T22:11:36.275+0000] {processor.py:826} INFO - Processing file /opt/airflow/dags/qwe.py for tasks to queue
[2024-10-15T22:11:36.277+0000] {logging_mixin.py:149} INFO - [2024-10-15T22:11:36.276+0000] {dagbag.py:541} INFO - Filling up the DagBag from /opt/airflow/dags/qwe.py
[2024-10-15T22:11:36.349+0000] {processor.py:836} INFO - DAG(s) dict_keys(['my_first_dag']) retrieved from /opt/airflow/dags/qwe.py
[2024-10-15T22:11:36.386+0000] {logging_mixin.py:149} INFO - [2024-10-15T22:11:36.386+0000] {dag.py:2726} INFO - Sync 1 DAGs
[2024-10-15T22:11:36.424+0000] {logging_mixin.py:149} INFO - [2024-10-15T22:11:36.424+0000] {dag.py:3490} INFO - Setting next_dagrun for my_first_dag to 2024-10-15T11:15:00+00:00, run_after=2024-10-16T11:15:00+00:00
[2024-10-15T22:11:36.462+0000] {processor.py:179} INFO - Processing /opt/airflow/dags/qwe.py took 0.192 seconds
[2024-10-15T22:12:06.743+0000] {processor.py:157} INFO - Started process (PID=348) to work on /opt/airflow/dags/qwe.py
[2024-10-15T22:12:06.745+0000] {processor.py:826} INFO - Processing file /opt/airflow/dags/qwe.py for tasks to queue
[2024-10-15T22:12:06.746+0000] {logging_mixin.py:149} INFO - [2024-10-15T22:12:06.746+0000] {dagbag.py:541} INFO - Filling up the DagBag from /opt/airflow/dags/qwe.py
[2024-10-15T22:12:06.837+0000] {processor.py:836} INFO - DAG(s) dict_keys(['my_first_dag']) retrieved from /opt/airflow/dags/qwe.py
[2024-10-15T22:12:06.884+0000] {logging_mixin.py:149} INFO - [2024-10-15T22:12:06.883+0000] {dag.py:2726} INFO - Sync 1 DAGs
[2024-10-15T22:12:06.947+0000] {logging_mixin.py:149} INFO - [2024-10-15T22:12:06.947+0000] {dag.py:3490} INFO - Setting next_dagrun for my_first_dag to 2024-10-15T11:15:00+00:00, run_after=2024-10-16T11:15:00+00:00
[2024-10-15T22:12:06.983+0000] {processor.py:179} INFO - Processing /opt/airflow/dags/qwe.py took 0.243 seconds
[2024-10-15T22:12:37.198+0000] {processor.py:157} INFO - Started process (PID=361) to work on /opt/airflow/dags/qwe.py
[2024-10-15T22:12:37.199+0000] {processor.py:826} INFO - Processing file /opt/airflow/dags/qwe.py for tasks to queue
[2024-10-15T22:12:37.200+0000] {logging_mixin.py:149} INFO - [2024-10-15T22:12:37.200+0000] {dagbag.py:541} INFO - Filling up the DagBag from /opt/airflow/dags/qwe.py
[2024-10-15T22:12:37.262+0000] {processor.py:836} INFO - DAG(s) dict_keys(['my_first_dag']) retrieved from /opt/airflow/dags/qwe.py
[2024-10-15T22:12:37.319+0000] {logging_mixin.py:149} INFO - [2024-10-15T22:12:37.319+0000] {dag.py:2726} INFO - Sync 1 DAGs
[2024-10-15T22:12:37.409+0000] {logging_mixin.py:149} INFO - [2024-10-15T22:12:37.408+0000] {dag.py:3490} INFO - Setting next_dagrun for my_first_dag to 2024-10-15T11:15:00+00:00, run_after=2024-10-16T11:15:00+00:00
[2024-10-15T22:12:37.459+0000] {processor.py:179} INFO - Processing /opt/airflow/dags/qwe.py took 0.265 seconds
[2024-10-15T22:13:07.674+0000] {processor.py:157} INFO - Started process (PID=374) to work on /opt/airflow/dags/qwe.py
[2024-10-15T22:13:07.675+0000] {processor.py:826} INFO - Processing file /opt/airflow/dags/qwe.py for tasks to queue
[2024-10-15T22:13:07.677+0000] {logging_mixin.py:149} INFO - [2024-10-15T22:13:07.677+0000] {dagbag.py:541} INFO - Filling up the DagBag from /opt/airflow/dags/qwe.py
[2024-10-15T22:13:07.727+0000] {processor.py:836} INFO - DAG(s) dict_keys(['my_first_dag']) retrieved from /opt/airflow/dags/qwe.py
[2024-10-15T22:13:07.759+0000] {logging_mixin.py:149} INFO - [2024-10-15T22:13:07.758+0000] {dag.py:2726} INFO - Sync 1 DAGs
[2024-10-15T22:13:07.791+0000] {logging_mixin.py:149} INFO - [2024-10-15T22:13:07.791+0000] {dag.py:3490} INFO - Setting next_dagrun for my_first_dag to 2024-10-15T11:15:00+00:00, run_after=2024-10-16T11:15:00+00:00
[2024-10-15T22:13:07.818+0000] {processor.py:179} INFO - Processing /opt/airflow/dags/qwe.py took 0.147 seconds
[2024-10-15T22:13:37.923+0000] {processor.py:157} INFO - Started process (PID=387) to work on /opt/airflow/dags/qwe.py
[2024-10-15T22:13:37.924+0000] {processor.py:826} INFO - Processing file /opt/airflow/dags/qwe.py for tasks to queue
[2024-10-15T22:13:37.926+0000] {logging_mixin.py:149} INFO - [2024-10-15T22:13:37.925+0000] {dagbag.py:541} INFO - Filling up the DagBag from /opt/airflow/dags/qwe.py
[2024-10-15T22:13:37.987+0000] {processor.py:836} INFO - DAG(s) dict_keys(['my_first_dag']) retrieved from /opt/airflow/dags/qwe.py
[2024-10-15T22:13:38.024+0000] {logging_mixin.py:149} INFO - [2024-10-15T22:13:38.024+0000] {dag.py:2726} INFO - Sync 1 DAGs
[2024-10-15T22:13:38.061+0000] {logging_mixin.py:149} INFO - [2024-10-15T22:13:38.061+0000] {dag.py:3490} INFO - Setting next_dagrun for my_first_dag to 2024-10-15T11:15:00+00:00, run_after=2024-10-16T11:15:00+00:00
[2024-10-15T22:13:38.090+0000] {processor.py:179} INFO - Processing /opt/airflow/dags/qwe.py took 0.170 seconds
[2024-10-15T22:14:08.343+0000] {processor.py:157} INFO - Started process (PID=400) to work on /opt/airflow/dags/qwe.py
[2024-10-15T22:14:08.345+0000] {processor.py:826} INFO - Processing file /opt/airflow/dags/qwe.py for tasks to queue
[2024-10-15T22:14:08.347+0000] {logging_mixin.py:149} INFO - [2024-10-15T22:14:08.347+0000] {dagbag.py:541} INFO - Filling up the DagBag from /opt/airflow/dags/qwe.py
[2024-10-15T22:14:08.415+0000] {processor.py:836} INFO - DAG(s) dict_keys(['my_first_dag']) retrieved from /opt/airflow/dags/qwe.py
[2024-10-15T22:14:08.461+0000] {logging_mixin.py:149} INFO - [2024-10-15T22:14:08.461+0000] {dag.py:2726} INFO - Sync 1 DAGs
[2024-10-15T22:14:08.505+0000] {logging_mixin.py:149} INFO - [2024-10-15T22:14:08.505+0000] {dag.py:3490} INFO - Setting next_dagrun for my_first_dag to 2024-10-15T11:15:00+00:00, run_after=2024-10-16T11:15:00+00:00
[2024-10-15T22:14:08.542+0000] {processor.py:179} INFO - Processing /opt/airflow/dags/qwe.py took 0.202 seconds
[2024-10-15T22:14:38.804+0000] {processor.py:157} INFO - Started process (PID=413) to work on /opt/airflow/dags/qwe.py
[2024-10-15T22:14:38.805+0000] {processor.py:826} INFO - Processing file /opt/airflow/dags/qwe.py for tasks to queue
[2024-10-15T22:14:38.806+0000] {logging_mixin.py:149} INFO - [2024-10-15T22:14:38.806+0000] {dagbag.py:541} INFO - Filling up the DagBag from /opt/airflow/dags/qwe.py
[2024-10-15T22:14:38.877+0000] {processor.py:836} INFO - DAG(s) dict_keys(['my_first_dag']) retrieved from /opt/airflow/dags/qwe.py
[2024-10-15T22:14:38.920+0000] {logging_mixin.py:149} INFO - [2024-10-15T22:14:38.919+0000] {dag.py:2726} INFO - Sync 1 DAGs
[2024-10-15T22:14:38.960+0000] {logging_mixin.py:149} INFO - [2024-10-15T22:14:38.960+0000] {dag.py:3490} INFO - Setting next_dagrun for my_first_dag to 2024-10-15T11:15:00+00:00, run_after=2024-10-16T11:15:00+00:00
[2024-10-15T22:14:38.999+0000] {processor.py:179} INFO - Processing /opt/airflow/dags/qwe.py took 0.199 seconds
[2024-10-15T22:15:09.261+0000] {processor.py:157} INFO - Started process (PID=426) to work on /opt/airflow/dags/qwe.py
[2024-10-15T22:15:09.263+0000] {processor.py:826} INFO - Processing file /opt/airflow/dags/qwe.py for tasks to queue
[2024-10-15T22:15:09.265+0000] {logging_mixin.py:149} INFO - [2024-10-15T22:15:09.265+0000] {dagbag.py:541} INFO - Filling up the DagBag from /opt/airflow/dags/qwe.py
[2024-10-15T22:15:09.342+0000] {processor.py:836} INFO - DAG(s) dict_keys(['my_first_dag']) retrieved from /opt/airflow/dags/qwe.py
[2024-10-15T22:15:09.384+0000] {logging_mixin.py:149} INFO - [2024-10-15T22:15:09.384+0000] {dag.py:2726} INFO - Sync 1 DAGs
[2024-10-15T22:15:09.423+0000] {logging_mixin.py:149} INFO - [2024-10-15T22:15:09.423+0000] {dag.py:3490} INFO - Setting next_dagrun for my_first_dag to 2024-10-15T11:15:00+00:00, run_after=2024-10-16T11:15:00+00:00
[2024-10-15T22:15:09.454+0000] {processor.py:179} INFO - Processing /opt/airflow/dags/qwe.py took 0.196 seconds
[2024-10-15T22:15:39.751+0000] {processor.py:157} INFO - Started process (PID=439) to work on /opt/airflow/dags/qwe.py
[2024-10-15T22:15:39.754+0000] {processor.py:826} INFO - Processing file /opt/airflow/dags/qwe.py for tasks to queue
[2024-10-15T22:15:39.756+0000] {logging_mixin.py:149} INFO - [2024-10-15T22:15:39.756+0000] {dagbag.py:541} INFO - Filling up the DagBag from /opt/airflow/dags/qwe.py
[2024-10-15T22:15:39.880+0000] {processor.py:836} INFO - DAG(s) dict_keys(['my_first_dag']) retrieved from /opt/airflow/dags/qwe.py
[2024-10-15T22:15:39.948+0000] {logging_mixin.py:149} INFO - [2024-10-15T22:15:39.947+0000] {dag.py:2726} INFO - Sync 1 DAGs
[2024-10-15T22:15:40.032+0000] {logging_mixin.py:149} INFO - [2024-10-15T22:15:40.031+0000] {dag.py:3490} INFO - Setting next_dagrun for my_first_dag to 2024-10-15T11:15:00+00:00, run_after=2024-10-16T11:15:00+00:00
[2024-10-15T22:15:40.101+0000] {processor.py:179} INFO - Processing /opt/airflow/dags/qwe.py took 0.363 seconds
[2024-10-15T22:16:10.362+0000] {processor.py:157} INFO - Started process (PID=452) to work on /opt/airflow/dags/qwe.py
[2024-10-15T22:16:10.365+0000] {processor.py:826} INFO - Processing file /opt/airflow/dags/qwe.py for tasks to queue
[2024-10-15T22:16:10.367+0000] {logging_mixin.py:149} INFO - [2024-10-15T22:16:10.366+0000] {dagbag.py:541} INFO - Filling up the DagBag from /opt/airflow/dags/qwe.py
[2024-10-15T22:16:10.456+0000] {processor.py:836} INFO - DAG(s) dict_keys(['my_first_dag']) retrieved from /opt/airflow/dags/qwe.py
[2024-10-15T22:16:10.501+0000] {logging_mixin.py:149} INFO - [2024-10-15T22:16:10.501+0000] {dag.py:2726} INFO - Sync 1 DAGs
[2024-10-15T22:16:10.548+0000] {logging_mixin.py:149} INFO - [2024-10-15T22:16:10.547+0000] {dag.py:3490} INFO - Setting next_dagrun for my_first_dag to 2024-10-15T11:15:00+00:00, run_after=2024-10-16T11:15:00+00:00
[2024-10-15T22:16:10.590+0000] {processor.py:179} INFO - Processing /opt/airflow/dags/qwe.py took 0.234 seconds
[2024-10-15T22:16:40.901+0000] {processor.py:157} INFO - Started process (PID=453) to work on /opt/airflow/dags/qwe.py
[2024-10-15T22:16:40.903+0000] {processor.py:826} INFO - Processing file /opt/airflow/dags/qwe.py for tasks to queue
[2024-10-15T22:16:40.905+0000] {logging_mixin.py:149} INFO - [2024-10-15T22:16:40.905+0000] {dagbag.py:541} INFO - Filling up the DagBag from /opt/airflow/dags/qwe.py
[2024-10-15T22:16:40.993+0000] {processor.py:836} INFO - DAG(s) dict_keys(['my_first_dag']) retrieved from /opt/airflow/dags/qwe.py
[2024-10-15T22:16:41.052+0000] {logging_mixin.py:149} INFO - [2024-10-15T22:16:41.051+0000] {dag.py:2726} INFO - Sync 1 DAGs
[2024-10-15T22:16:41.112+0000] {logging_mixin.py:149} INFO - [2024-10-15T22:16:41.112+0000] {dag.py:3490} INFO - Setting next_dagrun for my_first_dag to 2024-10-15T11:15:00+00:00, run_after=2024-10-16T11:15:00+00:00
[2024-10-15T22:16:41.163+0000] {processor.py:179} INFO - Processing /opt/airflow/dags/qwe.py took 0.271 seconds
[2024-10-15T22:17:11.463+0000] {processor.py:157} INFO - Started process (PID=466) to work on /opt/airflow/dags/qwe.py
[2024-10-15T22:17:11.464+0000] {processor.py:826} INFO - Processing file /opt/airflow/dags/qwe.py for tasks to queue
[2024-10-15T22:17:11.466+0000] {logging_mixin.py:149} INFO - [2024-10-15T22:17:11.466+0000] {dagbag.py:541} INFO - Filling up the DagBag from /opt/airflow/dags/qwe.py
[2024-10-15T22:17:11.556+0000] {processor.py:836} INFO - DAG(s) dict_keys(['my_first_dag']) retrieved from /opt/airflow/dags/qwe.py
[2024-10-15T22:17:11.666+0000] {logging_mixin.py:149} INFO - [2024-10-15T22:17:11.666+0000] {dag.py:2726} INFO - Sync 1 DAGs
[2024-10-15T22:17:11.770+0000] {logging_mixin.py:149} INFO - [2024-10-15T22:17:11.770+0000] {dag.py:3490} INFO - Setting next_dagrun for my_first_dag to 2024-10-15T11:15:00+00:00, run_after=2024-10-16T11:15:00+00:00
[2024-10-15T22:17:11.801+0000] {processor.py:179} INFO - Processing /opt/airflow/dags/qwe.py took 0.342 seconds
[2024-10-15T22:17:42.017+0000] {processor.py:157} INFO - Started process (PID=479) to work on /opt/airflow/dags/qwe.py
[2024-10-15T22:17:42.018+0000] {processor.py:826} INFO - Processing file /opt/airflow/dags/qwe.py for tasks to queue
[2024-10-15T22:17:42.019+0000] {logging_mixin.py:149} INFO - [2024-10-15T22:17:42.019+0000] {dagbag.py:541} INFO - Filling up the DagBag from /opt/airflow/dags/qwe.py
[2024-10-15T22:17:42.090+0000] {processor.py:836} INFO - DAG(s) dict_keys(['my_first_dag']) retrieved from /opt/airflow/dags/qwe.py
[2024-10-15T22:17:42.131+0000] {logging_mixin.py:149} INFO - [2024-10-15T22:17:42.131+0000] {dag.py:2726} INFO - Sync 1 DAGs
[2024-10-15T22:17:42.168+0000] {logging_mixin.py:149} INFO - [2024-10-15T22:17:42.168+0000] {dag.py:3490} INFO - Setting next_dagrun for my_first_dag to 2024-10-15T11:15:00+00:00, run_after=2024-10-16T11:15:00+00:00
[2024-10-15T22:17:42.199+0000] {processor.py:179} INFO - Processing /opt/airflow/dags/qwe.py took 0.186 seconds
[2024-10-15T22:18:12.467+0000] {processor.py:157} INFO - Started process (PID=492) to work on /opt/airflow/dags/qwe.py
[2024-10-15T22:18:12.469+0000] {processor.py:826} INFO - Processing file /opt/airflow/dags/qwe.py for tasks to queue
[2024-10-15T22:18:12.470+0000] {logging_mixin.py:149} INFO - [2024-10-15T22:18:12.470+0000] {dagbag.py:541} INFO - Filling up the DagBag from /opt/airflow/dags/qwe.py
[2024-10-15T22:18:12.529+0000] {processor.py:836} INFO - DAG(s) dict_keys(['my_first_dag']) retrieved from /opt/airflow/dags/qwe.py
[2024-10-15T22:18:12.577+0000] {logging_mixin.py:149} INFO - [2024-10-15T22:18:12.576+0000] {dag.py:2726} INFO - Sync 1 DAGs
[2024-10-15T22:18:12.651+0000] {logging_mixin.py:149} INFO - [2024-10-15T22:18:12.650+0000] {dag.py:3490} INFO - Setting next_dagrun for my_first_dag to 2024-10-15T11:15:00+00:00, run_after=2024-10-16T11:15:00+00:00
[2024-10-15T22:18:12.702+0000] {processor.py:179} INFO - Processing /opt/airflow/dags/qwe.py took 0.238 seconds
[2024-10-15T22:18:42.977+0000] {processor.py:157} INFO - Started process (PID=509) to work on /opt/airflow/dags/qwe.py
[2024-10-15T22:18:42.978+0000] {processor.py:826} INFO - Processing file /opt/airflow/dags/qwe.py for tasks to queue
[2024-10-15T22:18:42.980+0000] {logging_mixin.py:149} INFO - [2024-10-15T22:18:42.979+0000] {dagbag.py:541} INFO - Filling up the DagBag from /opt/airflow/dags/qwe.py
[2024-10-15T22:18:43.037+0000] {processor.py:836} INFO - DAG(s) dict_keys(['my_first_dag']) retrieved from /opt/airflow/dags/qwe.py
[2024-10-15T22:18:43.073+0000] {logging_mixin.py:149} INFO - [2024-10-15T22:18:43.072+0000] {dag.py:2726} INFO - Sync 1 DAGs
[2024-10-15T22:18:43.109+0000] {logging_mixin.py:149} INFO - [2024-10-15T22:18:43.109+0000] {dag.py:3490} INFO - Setting next_dagrun for my_first_dag to 2024-10-15T11:15:00+00:00, run_after=2024-10-16T11:15:00+00:00
[2024-10-15T22:18:43.137+0000] {processor.py:179} INFO - Processing /opt/airflow/dags/qwe.py took 0.164 seconds
[2024-10-15T22:19:13.433+0000] {processor.py:157} INFO - Started process (PID=522) to work on /opt/airflow/dags/qwe.py
[2024-10-15T22:19:13.435+0000] {processor.py:826} INFO - Processing file /opt/airflow/dags/qwe.py for tasks to queue
[2024-10-15T22:19:13.436+0000] {logging_mixin.py:149} INFO - [2024-10-15T22:19:13.436+0000] {dagbag.py:541} INFO - Filling up the DagBag from /opt/airflow/dags/qwe.py
[2024-10-15T22:19:13.515+0000] {processor.py:836} INFO - DAG(s) dict_keys(['my_first_dag']) retrieved from /opt/airflow/dags/qwe.py
[2024-10-15T22:19:13.556+0000] {logging_mixin.py:149} INFO - [2024-10-15T22:19:13.556+0000] {dag.py:2726} INFO - Sync 1 DAGs
[2024-10-15T22:19:13.598+0000] {logging_mixin.py:149} INFO - [2024-10-15T22:19:13.598+0000] {dag.py:3490} INFO - Setting next_dagrun for my_first_dag to 2024-10-15T11:15:00+00:00, run_after=2024-10-16T11:15:00+00:00
[2024-10-15T22:19:13.630+0000] {processor.py:179} INFO - Processing /opt/airflow/dags/qwe.py took 0.201 seconds
[2024-10-15T22:19:43.899+0000] {processor.py:157} INFO - Started process (PID=535) to work on /opt/airflow/dags/qwe.py
[2024-10-15T22:19:43.900+0000] {processor.py:826} INFO - Processing file /opt/airflow/dags/qwe.py for tasks to queue
[2024-10-15T22:19:43.902+0000] {logging_mixin.py:149} INFO - [2024-10-15T22:19:43.901+0000] {dagbag.py:541} INFO - Filling up the DagBag from /opt/airflow/dags/qwe.py
[2024-10-15T22:19:43.956+0000] {processor.py:836} INFO - DAG(s) dict_keys(['my_first_dag']) retrieved from /opt/airflow/dags/qwe.py
[2024-10-15T22:19:43.992+0000] {logging_mixin.py:149} INFO - [2024-10-15T22:19:43.992+0000] {dag.py:2726} INFO - Sync 1 DAGs
[2024-10-15T22:19:44.030+0000] {logging_mixin.py:149} INFO - [2024-10-15T22:19:44.030+0000] {dag.py:3490} INFO - Setting next_dagrun for my_first_dag to 2024-10-15T11:15:00+00:00, run_after=2024-10-16T11:15:00+00:00
[2024-10-15T22:19:44.061+0000] {processor.py:179} INFO - Processing /opt/airflow/dags/qwe.py took 0.166 seconds
[2024-10-15T22:20:14.322+0000] {processor.py:157} INFO - Started process (PID=548) to work on /opt/airflow/dags/qwe.py
[2024-10-15T22:20:14.324+0000] {processor.py:826} INFO - Processing file /opt/airflow/dags/qwe.py for tasks to queue
[2024-10-15T22:20:14.325+0000] {logging_mixin.py:149} INFO - [2024-10-15T22:20:14.325+0000] {dagbag.py:541} INFO - Filling up the DagBag from /opt/airflow/dags/qwe.py
[2024-10-15T22:20:14.383+0000] {processor.py:836} INFO - DAG(s) dict_keys(['my_first_dag']) retrieved from /opt/airflow/dags/qwe.py
[2024-10-15T22:20:14.417+0000] {logging_mixin.py:149} INFO - [2024-10-15T22:20:14.417+0000] {dag.py:2726} INFO - Sync 1 DAGs
[2024-10-15T22:20:14.452+0000] {logging_mixin.py:149} INFO - [2024-10-15T22:20:14.452+0000] {dag.py:3490} INFO - Setting next_dagrun for my_first_dag to 2024-10-15T11:15:00+00:00, run_after=2024-10-16T11:15:00+00:00
[2024-10-15T22:20:14.486+0000] {processor.py:179} INFO - Processing /opt/airflow/dags/qwe.py took 0.168 seconds
[2024-10-15T22:20:44.766+0000] {processor.py:157} INFO - Started process (PID=561) to work on /opt/airflow/dags/qwe.py
[2024-10-15T22:20:44.768+0000] {processor.py:826} INFO - Processing file /opt/airflow/dags/qwe.py for tasks to queue
[2024-10-15T22:20:44.769+0000] {logging_mixin.py:149} INFO - [2024-10-15T22:20:44.769+0000] {dagbag.py:541} INFO - Filling up the DagBag from /opt/airflow/dags/qwe.py
[2024-10-15T22:20:44.837+0000] {processor.py:836} INFO - DAG(s) dict_keys(['my_first_dag']) retrieved from /opt/airflow/dags/qwe.py
[2024-10-15T22:20:44.876+0000] {logging_mixin.py:149} INFO - [2024-10-15T22:20:44.876+0000] {dag.py:2726} INFO - Sync 1 DAGs
[2024-10-15T22:20:44.918+0000] {logging_mixin.py:149} INFO - [2024-10-15T22:20:44.917+0000] {dag.py:3490} INFO - Setting next_dagrun for my_first_dag to 2024-10-15T11:15:00+00:00, run_after=2024-10-16T11:15:00+00:00
[2024-10-15T22:20:44.950+0000] {processor.py:179} INFO - Processing /opt/airflow/dags/qwe.py took 0.188 seconds
[2024-10-15T22:21:15.226+0000] {processor.py:157} INFO - Started process (PID=574) to work on /opt/airflow/dags/qwe.py
[2024-10-15T22:21:15.227+0000] {processor.py:826} INFO - Processing file /opt/airflow/dags/qwe.py for tasks to queue
[2024-10-15T22:21:15.229+0000] {logging_mixin.py:149} INFO - [2024-10-15T22:21:15.228+0000] {dagbag.py:541} INFO - Filling up the DagBag from /opt/airflow/dags/qwe.py
[2024-10-15T22:21:15.302+0000] {processor.py:836} INFO - DAG(s) dict_keys(['my_first_dag']) retrieved from /opt/airflow/dags/qwe.py
[2024-10-15T22:21:15.340+0000] {logging_mixin.py:149} INFO - [2024-10-15T22:21:15.340+0000] {dag.py:2726} INFO - Sync 1 DAGs
[2024-10-15T22:21:15.380+0000] {logging_mixin.py:149} INFO - [2024-10-15T22:21:15.380+0000] {dag.py:3490} INFO - Setting next_dagrun for my_first_dag to 2024-10-15T11:15:00+00:00, run_after=2024-10-16T11:15:00+00:00
[2024-10-15T22:21:15.413+0000] {processor.py:179} INFO - Processing /opt/airflow/dags/qwe.py took 0.192 seconds
[2024-10-15T22:21:45.710+0000] {processor.py:157} INFO - Started process (PID=587) to work on /opt/airflow/dags/qwe.py
[2024-10-15T22:21:45.713+0000] {processor.py:826} INFO - Processing file /opt/airflow/dags/qwe.py for tasks to queue
[2024-10-15T22:21:45.716+0000] {logging_mixin.py:149} INFO - [2024-10-15T22:21:45.715+0000] {dagbag.py:541} INFO - Filling up the DagBag from /opt/airflow/dags/qwe.py
[2024-10-15T22:21:45.802+0000] {processor.py:836} INFO - DAG(s) dict_keys(['my_first_dag']) retrieved from /opt/airflow/dags/qwe.py
[2024-10-15T22:21:45.844+0000] {logging_mixin.py:149} INFO - [2024-10-15T22:21:45.844+0000] {dag.py:2726} INFO - Sync 1 DAGs
[2024-10-15T22:21:45.885+0000] {logging_mixin.py:149} INFO - [2024-10-15T22:21:45.885+0000] {dag.py:3490} INFO - Setting next_dagrun for my_first_dag to 2024-10-15T11:15:00+00:00, run_after=2024-10-16T11:15:00+00:00
[2024-10-15T22:21:45.918+0000] {processor.py:179} INFO - Processing /opt/airflow/dags/qwe.py took 0.217 seconds
[2024-10-15T22:22:16.183+0000] {processor.py:157} INFO - Started process (PID=600) to work on /opt/airflow/dags/qwe.py
[2024-10-15T22:22:16.185+0000] {processor.py:826} INFO - Processing file /opt/airflow/dags/qwe.py for tasks to queue
[2024-10-15T22:22:16.186+0000] {logging_mixin.py:149} INFO - [2024-10-15T22:22:16.186+0000] {dagbag.py:541} INFO - Filling up the DagBag from /opt/airflow/dags/qwe.py
[2024-10-15T22:22:16.246+0000] {processor.py:836} INFO - DAG(s) dict_keys(['my_first_dag']) retrieved from /opt/airflow/dags/qwe.py
[2024-10-15T22:22:16.280+0000] {logging_mixin.py:149} INFO - [2024-10-15T22:22:16.280+0000] {dag.py:2726} INFO - Sync 1 DAGs
[2024-10-15T22:22:16.313+0000] {logging_mixin.py:149} INFO - [2024-10-15T22:22:16.313+0000] {dag.py:3490} INFO - Setting next_dagrun for my_first_dag to 2024-10-15T11:15:00+00:00, run_after=2024-10-16T11:15:00+00:00
[2024-10-15T22:22:16.347+0000] {processor.py:179} INFO - Processing /opt/airflow/dags/qwe.py took 0.167 seconds
[2024-10-15T22:22:46.665+0000] {processor.py:157} INFO - Started process (PID=613) to work on /opt/airflow/dags/qwe.py
[2024-10-15T22:22:46.667+0000] {processor.py:826} INFO - Processing file /opt/airflow/dags/qwe.py for tasks to queue
[2024-10-15T22:22:46.669+0000] {logging_mixin.py:149} INFO - [2024-10-15T22:22:46.668+0000] {dagbag.py:541} INFO - Filling up the DagBag from /opt/airflow/dags/qwe.py
[2024-10-15T22:22:46.749+0000] {processor.py:836} INFO - DAG(s) dict_keys(['my_first_dag']) retrieved from /opt/airflow/dags/qwe.py
[2024-10-15T22:22:46.823+0000] {logging_mixin.py:149} INFO - [2024-10-15T22:22:46.823+0000] {dag.py:2726} INFO - Sync 1 DAGs
[2024-10-15T22:22:46.872+0000] {logging_mixin.py:149} INFO - [2024-10-15T22:22:46.871+0000] {dag.py:3490} INFO - Setting next_dagrun for my_first_dag to 2024-10-15T11:15:00+00:00, run_after=2024-10-16T11:15:00+00:00
[2024-10-15T22:22:46.909+0000] {processor.py:179} INFO - Processing /opt/airflow/dags/qwe.py took 0.248 seconds
