[2024-10-13T20:13:03.000+0000] {processor.py:157} INFO - Started process (PID=73) to work on /opt/airflow/dags/qwe.py
[2024-10-13T20:13:03.007+0000] {processor.py:826} INFO - Processing file /opt/airflow/dags/qwe.py for tasks to queue
[2024-10-13T20:13:03.015+0000] {logging_mixin.py:149} INFO - [2024-10-13T20:13:03.013+0000] {dagbag.py:541} INFO - Filling up the DagBag from /opt/airflow/dags/qwe.py
[2024-10-13T20:13:06.826+0000] {processor.py:836} INFO - DAG(s) dict_keys(['my_first_dag']) retrieved from /opt/airflow/dags/qwe.py
[2024-10-13T20:13:06.889+0000] {logging_mixin.py:149} INFO - [2024-10-13T20:13:06.889+0000] {dag.py:2726} INFO - Sync 1 DAGs
[2024-10-13T20:13:06.947+0000] {logging_mixin.py:149} INFO - [2024-10-13T20:13:06.947+0000] {dag.py:3490} INFO - Setting next_dagrun for my_first_dag to 2024-10-13T11:15:00+00:00, run_after=2024-10-14T11:15:00+00:00
[2024-10-13T20:13:07.004+0000] {processor.py:179} INFO - Processing /opt/airflow/dags/qwe.py took 4.031 seconds
[2024-10-13T20:13:37.251+0000] {processor.py:157} INFO - Started process (PID=99) to work on /opt/airflow/dags/qwe.py
[2024-10-13T20:13:37.253+0000] {processor.py:826} INFO - Processing file /opt/airflow/dags/qwe.py for tasks to queue
[2024-10-13T20:13:37.259+0000] {logging_mixin.py:149} INFO - [2024-10-13T20:13:37.259+0000] {dagbag.py:541} INFO - Filling up the DagBag from /opt/airflow/dags/qwe.py
[2024-10-13T20:13:37.731+0000] {processor.py:836} INFO - DAG(s) dict_keys(['my_first_dag']) retrieved from /opt/airflow/dags/qwe.py
[2024-10-13T20:13:37.776+0000] {logging_mixin.py:149} INFO - [2024-10-13T20:13:37.776+0000] {dag.py:2726} INFO - Sync 1 DAGs
[2024-10-13T20:13:37.805+0000] {logging_mixin.py:149} INFO - [2024-10-13T20:13:37.805+0000] {dag.py:3490} INFO - Setting next_dagrun for my_first_dag to 2024-10-13T11:15:00+00:00, run_after=2024-10-14T11:15:00+00:00
[2024-10-13T20:13:37.829+0000] {processor.py:179} INFO - Processing /opt/airflow/dags/qwe.py took 0.583 seconds
[2024-10-13T20:14:09.994+0000] {processor.py:157} INFO - Started process (PID=112) to work on /opt/airflow/dags/qwe.py
[2024-10-13T20:14:10.005+0000] {processor.py:826} INFO - Processing file /opt/airflow/dags/qwe.py for tasks to queue
[2024-10-13T20:14:10.009+0000] {logging_mixin.py:149} INFO - [2024-10-13T20:14:10.009+0000] {dagbag.py:541} INFO - Filling up the DagBag from /opt/airflow/dags/qwe.py
[2024-10-13T20:14:11.876+0000] {processor.py:836} INFO - DAG(s) dict_keys(['my_first_dag']) retrieved from /opt/airflow/dags/qwe.py
[2024-10-13T20:14:12.773+0000] {logging_mixin.py:149} INFO - [2024-10-13T20:14:12.773+0000] {dag.py:2726} INFO - Sync 1 DAGs
[2024-10-13T20:14:13.810+0000] {logging_mixin.py:149} INFO - [2024-10-13T20:14:13.810+0000] {dag.py:3490} INFO - Setting next_dagrun for my_first_dag to 2024-10-13T11:15:00+00:00, run_after=2024-10-14T11:15:00+00:00
[2024-10-13T20:14:13.842+0000] {processor.py:179} INFO - Processing /opt/airflow/dags/qwe.py took 3.909 seconds
[2024-10-13T20:14:47.860+0000] {processor.py:157} INFO - Started process (PID=125) to work on /opt/airflow/dags/qwe.py
[2024-10-13T20:14:47.866+0000] {processor.py:826} INFO - Processing file /opt/airflow/dags/qwe.py for tasks to queue
[2024-10-13T20:14:47.869+0000] {logging_mixin.py:149} INFO - [2024-10-13T20:14:47.869+0000] {dagbag.py:541} INFO - Filling up the DagBag from /opt/airflow/dags/qwe.py
[2024-10-13T20:14:48.933+0000] {processor.py:836} INFO - DAG(s) dict_keys(['my_first_dag']) retrieved from /opt/airflow/dags/qwe.py
[2024-10-13T20:14:49.309+0000] {logging_mixin.py:149} INFO - [2024-10-13T20:14:49.308+0000] {dag.py:2726} INFO - Sync 1 DAGs
[2024-10-13T20:14:49.353+0000] {logging_mixin.py:149} INFO - [2024-10-13T20:14:49.353+0000] {dag.py:3490} INFO - Setting next_dagrun for my_first_dag to 2024-10-13T11:15:00+00:00, run_after=2024-10-14T11:15:00+00:00
[2024-10-13T20:14:49.388+0000] {processor.py:179} INFO - Processing /opt/airflow/dags/qwe.py took 1.945 seconds
[2024-10-13T20:15:19.778+0000] {processor.py:157} INFO - Started process (PID=127) to work on /opt/airflow/dags/qwe.py
[2024-10-13T20:15:19.779+0000] {processor.py:826} INFO - Processing file /opt/airflow/dags/qwe.py for tasks to queue
[2024-10-13T20:15:19.781+0000] {logging_mixin.py:149} INFO - [2024-10-13T20:15:19.781+0000] {dagbag.py:541} INFO - Filling up the DagBag from /opt/airflow/dags/qwe.py
[2024-10-13T20:15:19.887+0000] {processor.py:836} INFO - DAG(s) dict_keys(['my_first_dag']) retrieved from /opt/airflow/dags/qwe.py
[2024-10-13T20:15:19.957+0000] {logging_mixin.py:149} INFO - [2024-10-13T20:15:19.956+0000] {dag.py:2726} INFO - Sync 1 DAGs
[2024-10-13T20:15:20.002+0000] {logging_mixin.py:149} INFO - [2024-10-13T20:15:20.002+0000] {dag.py:3490} INFO - Setting next_dagrun for my_first_dag to 2024-10-13T11:15:00+00:00, run_after=2024-10-14T11:15:00+00:00
[2024-10-13T20:15:20.037+0000] {processor.py:179} INFO - Processing /opt/airflow/dags/qwe.py took 0.266 seconds
[2024-10-13T20:15:53.932+0000] {processor.py:157} INFO - Started process (PID=139) to work on /opt/airflow/dags/qwe.py
[2024-10-13T20:15:53.934+0000] {processor.py:826} INFO - Processing file /opt/airflow/dags/qwe.py for tasks to queue
[2024-10-13T20:15:53.936+0000] {logging_mixin.py:149} INFO - [2024-10-13T20:15:53.936+0000] {dagbag.py:541} INFO - Filling up the DagBag from /opt/airflow/dags/qwe.py
[2024-10-13T20:15:54.016+0000] {processor.py:836} INFO - DAG(s) dict_keys(['my_first_dag']) retrieved from /opt/airflow/dags/qwe.py
[2024-10-13T20:15:54.074+0000] {logging_mixin.py:149} INFO - [2024-10-13T20:15:54.072+0000] {dag.py:2726} INFO - Sync 1 DAGs
[2024-10-13T20:15:54.146+0000] {logging_mixin.py:149} INFO - [2024-10-13T20:15:54.145+0000] {dag.py:3490} INFO - Setting next_dagrun for my_first_dag to 2024-10-13T11:15:00+00:00, run_after=2024-10-14T11:15:00+00:00
[2024-10-13T20:15:54.184+0000] {processor.py:179} INFO - Processing /opt/airflow/dags/qwe.py took 0.259 seconds
[2024-10-13T20:16:24.342+0000] {processor.py:157} INFO - Started process (PID=152) to work on /opt/airflow/dags/qwe.py
[2024-10-13T20:16:24.344+0000] {processor.py:826} INFO - Processing file /opt/airflow/dags/qwe.py for tasks to queue
[2024-10-13T20:16:24.345+0000] {logging_mixin.py:149} INFO - [2024-10-13T20:16:24.344+0000] {dagbag.py:541} INFO - Filling up the DagBag from /opt/airflow/dags/qwe.py
[2024-10-13T20:16:24.407+0000] {processor.py:836} INFO - DAG(s) dict_keys(['my_first_dag']) retrieved from /opt/airflow/dags/qwe.py
[2024-10-13T20:16:24.450+0000] {logging_mixin.py:149} INFO - [2024-10-13T20:16:24.450+0000] {dag.py:2726} INFO - Sync 1 DAGs
[2024-10-13T20:16:24.480+0000] {logging_mixin.py:149} INFO - [2024-10-13T20:16:24.479+0000] {dag.py:3490} INFO - Setting next_dagrun for my_first_dag to 2024-10-13T11:15:00+00:00, run_after=2024-10-14T11:15:00+00:00
[2024-10-13T20:16:24.515+0000] {processor.py:179} INFO - Processing /opt/airflow/dags/qwe.py took 0.175 seconds
[2024-10-13T20:17:37.469+0000] {processor.py:157} INFO - Started process (PID=38) to work on /opt/airflow/dags/qwe.py
[2024-10-13T20:17:37.480+0000] {processor.py:826} INFO - Processing file /opt/airflow/dags/qwe.py for tasks to queue
[2024-10-13T20:17:37.485+0000] {logging_mixin.py:149} INFO - [2024-10-13T20:17:37.485+0000] {dagbag.py:541} INFO - Filling up the DagBag from /opt/airflow/dags/qwe.py
[2024-10-13T20:17:37.798+0000] {processor.py:836} INFO - DAG(s) dict_keys(['my_first_dag']) retrieved from /opt/airflow/dags/qwe.py
[2024-10-13T20:17:39.359+0000] {logging_mixin.py:149} INFO - [2024-10-13T20:17:39.358+0000] {dag.py:2726} INFO - Sync 1 DAGs
[2024-10-13T20:17:39.470+0000] {logging_mixin.py:149} INFO - [2024-10-13T20:17:39.470+0000] {dag.py:3490} INFO - Setting next_dagrun for my_first_dag to 2024-10-13T11:15:00+00:00, run_after=2024-10-14T11:15:00+00:00
[2024-10-13T20:17:39.519+0000] {processor.py:179} INFO - Processing /opt/airflow/dags/qwe.py took 2.089 seconds
[2024-10-13T20:18:09.822+0000] {processor.py:157} INFO - Started process (PID=50) to work on /opt/airflow/dags/qwe.py
[2024-10-13T20:18:09.824+0000] {processor.py:826} INFO - Processing file /opt/airflow/dags/qwe.py for tasks to queue
[2024-10-13T20:18:09.825+0000] {logging_mixin.py:149} INFO - [2024-10-13T20:18:09.825+0000] {dagbag.py:541} INFO - Filling up the DagBag from /opt/airflow/dags/qwe.py
[2024-10-13T20:18:10.072+0000] {processor.py:836} INFO - DAG(s) dict_keys(['my_first_dag']) retrieved from /opt/airflow/dags/qwe.py
[2024-10-13T20:18:10.105+0000] {logging_mixin.py:149} INFO - [2024-10-13T20:18:10.105+0000] {dag.py:2726} INFO - Sync 1 DAGs
[2024-10-13T20:18:10.140+0000] {logging_mixin.py:149} INFO - [2024-10-13T20:18:10.140+0000] {dag.py:3490} INFO - Setting next_dagrun for my_first_dag to 2024-10-13T11:15:00+00:00, run_after=2024-10-14T11:15:00+00:00
[2024-10-13T20:18:10.168+0000] {processor.py:179} INFO - Processing /opt/airflow/dags/qwe.py took 0.349 seconds
[2024-10-13T20:18:40.561+0000] {processor.py:157} INFO - Started process (PID=63) to work on /opt/airflow/dags/qwe.py
[2024-10-13T20:18:40.572+0000] {processor.py:826} INFO - Processing file /opt/airflow/dags/qwe.py for tasks to queue
[2024-10-13T20:18:40.573+0000] {logging_mixin.py:149} INFO - [2024-10-13T20:18:40.573+0000] {dagbag.py:541} INFO - Filling up the DagBag from /opt/airflow/dags/qwe.py
[2024-10-13T20:18:40.793+0000] {processor.py:836} INFO - DAG(s) dict_keys(['my_first_dag']) retrieved from /opt/airflow/dags/qwe.py
[2024-10-13T20:18:40.833+0000] {logging_mixin.py:149} INFO - [2024-10-13T20:18:40.833+0000] {dag.py:2726} INFO - Sync 1 DAGs
[2024-10-13T20:18:40.868+0000] {logging_mixin.py:149} INFO - [2024-10-13T20:18:40.868+0000] {dag.py:3490} INFO - Setting next_dagrun for my_first_dag to 2024-10-13T11:15:00+00:00, run_after=2024-10-14T11:15:00+00:00
[2024-10-13T20:18:40.895+0000] {processor.py:179} INFO - Processing /opt/airflow/dags/qwe.py took 0.339 seconds
[2024-10-13T20:19:11.241+0000] {processor.py:157} INFO - Started process (PID=76) to work on /opt/airflow/dags/qwe.py
[2024-10-13T20:19:11.243+0000] {processor.py:826} INFO - Processing file /opt/airflow/dags/qwe.py for tasks to queue
[2024-10-13T20:19:11.245+0000] {logging_mixin.py:149} INFO - [2024-10-13T20:19:11.244+0000] {dagbag.py:541} INFO - Filling up the DagBag from /opt/airflow/dags/qwe.py
[2024-10-13T20:19:11.684+0000] {processor.py:836} INFO - DAG(s) dict_keys(['my_first_dag']) retrieved from /opt/airflow/dags/qwe.py
[2024-10-13T20:19:11.774+0000] {logging_mixin.py:149} INFO - [2024-10-13T20:19:11.773+0000] {dag.py:2726} INFO - Sync 1 DAGs
[2024-10-13T20:19:11.860+0000] {logging_mixin.py:149} INFO - [2024-10-13T20:19:11.859+0000] {dag.py:3490} INFO - Setting next_dagrun for my_first_dag to 2024-10-13T11:15:00+00:00, run_after=2024-10-14T11:15:00+00:00
[2024-10-13T20:19:12.046+0000] {processor.py:179} INFO - Processing /opt/airflow/dags/qwe.py took 0.812 seconds
[2024-10-13T20:19:42.195+0000] {processor.py:157} INFO - Started process (PID=101) to work on /opt/airflow/dags/qwe.py
[2024-10-13T20:19:42.212+0000] {processor.py:826} INFO - Processing file /opt/airflow/dags/qwe.py for tasks to queue
[2024-10-13T20:19:42.213+0000] {logging_mixin.py:149} INFO - [2024-10-13T20:19:42.213+0000] {dagbag.py:541} INFO - Filling up the DagBag from /opt/airflow/dags/qwe.py
[2024-10-13T20:19:42.291+0000] {processor.py:836} INFO - DAG(s) dict_keys(['my_first_dag']) retrieved from /opt/airflow/dags/qwe.py
[2024-10-13T20:19:42.336+0000] {logging_mixin.py:149} INFO - [2024-10-13T20:19:42.336+0000] {dag.py:2726} INFO - Sync 1 DAGs
[2024-10-13T20:19:42.373+0000] {logging_mixin.py:149} INFO - [2024-10-13T20:19:42.373+0000] {dag.py:3490} INFO - Setting next_dagrun for my_first_dag to 2024-10-13T11:15:00+00:00, run_after=2024-10-14T11:15:00+00:00
[2024-10-13T20:19:42.412+0000] {processor.py:179} INFO - Processing /opt/airflow/dags/qwe.py took 0.220 seconds
[2024-10-13T20:20:12.748+0000] {processor.py:157} INFO - Started process (PID=114) to work on /opt/airflow/dags/qwe.py
[2024-10-13T20:20:12.749+0000] {processor.py:826} INFO - Processing file /opt/airflow/dags/qwe.py for tasks to queue
[2024-10-13T20:20:12.751+0000] {logging_mixin.py:149} INFO - [2024-10-13T20:20:12.751+0000] {dagbag.py:541} INFO - Filling up the DagBag from /opt/airflow/dags/qwe.py
[2024-10-13T20:20:12.817+0000] {processor.py:836} INFO - DAG(s) dict_keys(['my_first_dag']) retrieved from /opt/airflow/dags/qwe.py
[2024-10-13T20:20:12.851+0000] {logging_mixin.py:149} INFO - [2024-10-13T20:20:12.851+0000] {dag.py:2726} INFO - Sync 1 DAGs
[2024-10-13T20:20:12.891+0000] {logging_mixin.py:149} INFO - [2024-10-13T20:20:12.890+0000] {dag.py:3490} INFO - Setting next_dagrun for my_first_dag to 2024-10-13T11:15:00+00:00, run_after=2024-10-14T11:15:00+00:00
[2024-10-13T20:20:12.924+0000] {processor.py:179} INFO - Processing /opt/airflow/dags/qwe.py took 0.180 seconds
[2024-10-13T20:20:43.248+0000] {processor.py:157} INFO - Started process (PID=127) to work on /opt/airflow/dags/qwe.py
[2024-10-13T20:20:43.258+0000] {processor.py:826} INFO - Processing file /opt/airflow/dags/qwe.py for tasks to queue
[2024-10-13T20:20:43.260+0000] {logging_mixin.py:149} INFO - [2024-10-13T20:20:43.259+0000] {dagbag.py:541} INFO - Filling up the DagBag from /opt/airflow/dags/qwe.py
[2024-10-13T20:20:43.317+0000] {processor.py:836} INFO - DAG(s) dict_keys(['my_first_dag']) retrieved from /opt/airflow/dags/qwe.py
[2024-10-13T20:20:43.351+0000] {logging_mixin.py:149} INFO - [2024-10-13T20:20:43.351+0000] {dag.py:2726} INFO - Sync 1 DAGs
[2024-10-13T20:20:43.390+0000] {logging_mixin.py:149} INFO - [2024-10-13T20:20:43.389+0000] {dag.py:3490} INFO - Setting next_dagrun for my_first_dag to 2024-10-13T11:15:00+00:00, run_after=2024-10-14T11:15:00+00:00
[2024-10-13T20:20:43.419+0000] {processor.py:179} INFO - Processing /opt/airflow/dags/qwe.py took 0.175 seconds
[2024-10-13T20:21:13.766+0000] {processor.py:157} INFO - Started process (PID=140) to work on /opt/airflow/dags/qwe.py
[2024-10-13T20:21:13.768+0000] {processor.py:826} INFO - Processing file /opt/airflow/dags/qwe.py for tasks to queue
[2024-10-13T20:21:13.769+0000] {logging_mixin.py:149} INFO - [2024-10-13T20:21:13.769+0000] {dagbag.py:541} INFO - Filling up the DagBag from /opt/airflow/dags/qwe.py
[2024-10-13T20:21:13.838+0000] {processor.py:836} INFO - DAG(s) dict_keys(['my_first_dag']) retrieved from /opt/airflow/dags/qwe.py
[2024-10-13T20:21:13.880+0000] {logging_mixin.py:149} INFO - [2024-10-13T20:21:13.880+0000] {dag.py:2726} INFO - Sync 1 DAGs
[2024-10-13T20:21:13.930+0000] {logging_mixin.py:149} INFO - [2024-10-13T20:21:13.930+0000] {dag.py:3490} INFO - Setting next_dagrun for my_first_dag to 2024-10-13T11:15:00+00:00, run_after=2024-10-14T11:15:00+00:00
[2024-10-13T20:21:13.981+0000] {processor.py:179} INFO - Processing /opt/airflow/dags/qwe.py took 0.218 seconds
[2024-10-13T20:21:44.269+0000] {processor.py:157} INFO - Started process (PID=153) to work on /opt/airflow/dags/qwe.py
[2024-10-13T20:21:44.271+0000] {processor.py:826} INFO - Processing file /opt/airflow/dags/qwe.py for tasks to queue
[2024-10-13T20:21:44.273+0000] {logging_mixin.py:149} INFO - [2024-10-13T20:21:44.273+0000] {dagbag.py:541} INFO - Filling up the DagBag from /opt/airflow/dags/qwe.py
[2024-10-13T20:21:44.340+0000] {processor.py:836} INFO - DAG(s) dict_keys(['my_first_dag']) retrieved from /opt/airflow/dags/qwe.py
[2024-10-13T20:21:44.376+0000] {logging_mixin.py:149} INFO - [2024-10-13T20:21:44.376+0000] {dag.py:2726} INFO - Sync 1 DAGs
[2024-10-13T20:21:44.411+0000] {logging_mixin.py:149} INFO - [2024-10-13T20:21:44.411+0000] {dag.py:3490} INFO - Setting next_dagrun for my_first_dag to 2024-10-13T11:15:00+00:00, run_after=2024-10-14T11:15:00+00:00
[2024-10-13T20:21:44.439+0000] {processor.py:179} INFO - Processing /opt/airflow/dags/qwe.py took 0.174 seconds
[2024-10-13T20:22:14.507+0000] {processor.py:157} INFO - Started process (PID=166) to work on /opt/airflow/dags/qwe.py
[2024-10-13T20:22:14.509+0000] {processor.py:826} INFO - Processing file /opt/airflow/dags/qwe.py for tasks to queue
[2024-10-13T20:22:14.511+0000] {logging_mixin.py:149} INFO - [2024-10-13T20:22:14.511+0000] {dagbag.py:541} INFO - Filling up the DagBag from /opt/airflow/dags/qwe.py
[2024-10-13T20:22:14.593+0000] {processor.py:836} INFO - DAG(s) dict_keys(['my_first_dag']) retrieved from /opt/airflow/dags/qwe.py
[2024-10-13T20:22:14.653+0000] {logging_mixin.py:149} INFO - [2024-10-13T20:22:14.653+0000] {dag.py:2726} INFO - Sync 1 DAGs
[2024-10-13T20:22:14.694+0000] {logging_mixin.py:149} INFO - [2024-10-13T20:22:14.694+0000] {dag.py:3490} INFO - Setting next_dagrun for my_first_dag to 2024-10-13T11:15:00+00:00, run_after=2024-10-14T11:15:00+00:00
[2024-10-13T20:22:14.733+0000] {processor.py:179} INFO - Processing /opt/airflow/dags/qwe.py took 0.232 seconds
[2024-10-13T20:22:45.096+0000] {processor.py:157} INFO - Started process (PID=179) to work on /opt/airflow/dags/qwe.py
[2024-10-13T20:22:45.097+0000] {processor.py:826} INFO - Processing file /opt/airflow/dags/qwe.py for tasks to queue
[2024-10-13T20:22:45.099+0000] {logging_mixin.py:149} INFO - [2024-10-13T20:22:45.099+0000] {dagbag.py:541} INFO - Filling up the DagBag from /opt/airflow/dags/qwe.py
[2024-10-13T20:22:45.156+0000] {processor.py:836} INFO - DAG(s) dict_keys(['my_first_dag']) retrieved from /opt/airflow/dags/qwe.py
[2024-10-13T20:22:45.190+0000] {logging_mixin.py:149} INFO - [2024-10-13T20:22:45.190+0000] {dag.py:2726} INFO - Sync 1 DAGs
[2024-10-13T20:22:45.230+0000] {logging_mixin.py:149} INFO - [2024-10-13T20:22:45.230+0000] {dag.py:3490} INFO - Setting next_dagrun for my_first_dag to 2024-10-13T11:15:00+00:00, run_after=2024-10-14T11:15:00+00:00
[2024-10-13T20:22:45.277+0000] {processor.py:179} INFO - Processing /opt/airflow/dags/qwe.py took 0.185 seconds
[2024-10-13T20:23:15.584+0000] {processor.py:157} INFO - Started process (PID=192) to work on /opt/airflow/dags/qwe.py
[2024-10-13T20:23:15.586+0000] {processor.py:826} INFO - Processing file /opt/airflow/dags/qwe.py for tasks to queue
[2024-10-13T20:23:15.588+0000] {logging_mixin.py:149} INFO - [2024-10-13T20:23:15.588+0000] {dagbag.py:541} INFO - Filling up the DagBag from /opt/airflow/dags/qwe.py
[2024-10-13T20:23:15.675+0000] {processor.py:836} INFO - DAG(s) dict_keys(['my_first_dag']) retrieved from /opt/airflow/dags/qwe.py
[2024-10-13T20:23:15.716+0000] {logging_mixin.py:149} INFO - [2024-10-13T20:23:15.716+0000] {dag.py:2726} INFO - Sync 1 DAGs
[2024-10-13T20:23:15.765+0000] {logging_mixin.py:149} INFO - [2024-10-13T20:23:15.765+0000] {dag.py:3490} INFO - Setting next_dagrun for my_first_dag to 2024-10-13T11:15:00+00:00, run_after=2024-10-14T11:15:00+00:00
[2024-10-13T20:23:15.816+0000] {processor.py:179} INFO - Processing /opt/airflow/dags/qwe.py took 0.238 seconds
[2024-10-13T20:23:46.198+0000] {processor.py:157} INFO - Started process (PID=217) to work on /opt/airflow/dags/qwe.py
[2024-10-13T20:23:46.200+0000] {processor.py:826} INFO - Processing file /opt/airflow/dags/qwe.py for tasks to queue
[2024-10-13T20:23:46.201+0000] {logging_mixin.py:149} INFO - [2024-10-13T20:23:46.201+0000] {dagbag.py:541} INFO - Filling up the DagBag from /opt/airflow/dags/qwe.py
[2024-10-13T20:23:46.301+0000] {processor.py:836} INFO - DAG(s) dict_keys(['my_first_dag']) retrieved from /opt/airflow/dags/qwe.py
[2024-10-13T20:23:46.343+0000] {logging_mixin.py:149} INFO - [2024-10-13T20:23:46.343+0000] {dag.py:2726} INFO - Sync 1 DAGs
[2024-10-13T20:23:46.380+0000] {logging_mixin.py:149} INFO - [2024-10-13T20:23:46.380+0000] {dag.py:3490} INFO - Setting next_dagrun for my_first_dag to 2024-10-13T11:15:00+00:00, run_after=2024-10-14T11:15:00+00:00
[2024-10-13T20:23:46.414+0000] {processor.py:179} INFO - Processing /opt/airflow/dags/qwe.py took 0.220 seconds
[2024-10-13T20:24:16.741+0000] {processor.py:157} INFO - Started process (PID=230) to work on /opt/airflow/dags/qwe.py
[2024-10-13T20:24:16.743+0000] {processor.py:826} INFO - Processing file /opt/airflow/dags/qwe.py for tasks to queue
[2024-10-13T20:24:16.745+0000] {logging_mixin.py:149} INFO - [2024-10-13T20:24:16.745+0000] {dagbag.py:541} INFO - Filling up the DagBag from /opt/airflow/dags/qwe.py
[2024-10-13T20:24:16.819+0000] {processor.py:836} INFO - DAG(s) dict_keys(['my_first_dag']) retrieved from /opt/airflow/dags/qwe.py
[2024-10-13T20:24:16.899+0000] {logging_mixin.py:149} INFO - [2024-10-13T20:24:16.898+0000] {dag.py:2726} INFO - Sync 1 DAGs
[2024-10-13T20:24:16.989+0000] {logging_mixin.py:149} INFO - [2024-10-13T20:24:16.988+0000] {dag.py:3490} INFO - Setting next_dagrun for my_first_dag to 2024-10-13T11:15:00+00:00, run_after=2024-10-14T11:15:00+00:00
[2024-10-13T20:24:17.054+0000] {processor.py:179} INFO - Processing /opt/airflow/dags/qwe.py took 0.317 seconds
[2024-10-13T20:24:47.507+0000] {processor.py:157} INFO - Started process (PID=267) to work on /opt/airflow/dags/qwe.py
[2024-10-13T20:24:47.509+0000] {processor.py:826} INFO - Processing file /opt/airflow/dags/qwe.py for tasks to queue
[2024-10-13T20:24:47.510+0000] {logging_mixin.py:149} INFO - [2024-10-13T20:24:47.510+0000] {dagbag.py:541} INFO - Filling up the DagBag from /opt/airflow/dags/qwe.py
[2024-10-13T20:24:47.600+0000] {processor.py:836} INFO - DAG(s) dict_keys(['my_first_dag']) retrieved from /opt/airflow/dags/qwe.py
[2024-10-13T20:24:47.656+0000] {logging_mixin.py:149} INFO - [2024-10-13T20:24:47.656+0000] {dag.py:2726} INFO - Sync 1 DAGs
[2024-10-13T20:24:47.710+0000] {logging_mixin.py:149} INFO - [2024-10-13T20:24:47.709+0000] {dag.py:3490} INFO - Setting next_dagrun for my_first_dag to 2024-10-13T11:15:00+00:00, run_after=2024-10-14T11:15:00+00:00
[2024-10-13T20:24:47.761+0000] {processor.py:179} INFO - Processing /opt/airflow/dags/qwe.py took 0.258 seconds
[2024-10-13T20:25:18.094+0000] {processor.py:157} INFO - Started process (PID=280) to work on /opt/airflow/dags/qwe.py
[2024-10-13T20:25:18.097+0000] {processor.py:826} INFO - Processing file /opt/airflow/dags/qwe.py for tasks to queue
[2024-10-13T20:25:18.098+0000] {logging_mixin.py:149} INFO - [2024-10-13T20:25:18.098+0000] {dagbag.py:541} INFO - Filling up the DagBag from /opt/airflow/dags/qwe.py
[2024-10-13T20:25:18.183+0000] {processor.py:836} INFO - DAG(s) dict_keys(['my_first_dag']) retrieved from /opt/airflow/dags/qwe.py
[2024-10-13T20:25:18.235+0000] {logging_mixin.py:149} INFO - [2024-10-13T20:25:18.235+0000] {dag.py:2726} INFO - Sync 1 DAGs
[2024-10-13T20:25:18.285+0000] {logging_mixin.py:149} INFO - [2024-10-13T20:25:18.285+0000] {dag.py:3490} INFO - Setting next_dagrun for my_first_dag to 2024-10-13T11:15:00+00:00, run_after=2024-10-14T11:15:00+00:00
[2024-10-13T20:25:18.320+0000] {processor.py:179} INFO - Processing /opt/airflow/dags/qwe.py took 0.233 seconds
[2024-10-13T20:25:48.400+0000] {processor.py:157} INFO - Started process (PID=281) to work on /opt/airflow/dags/qwe.py
[2024-10-13T20:25:48.402+0000] {processor.py:826} INFO - Processing file /opt/airflow/dags/qwe.py for tasks to queue
[2024-10-13T20:25:48.404+0000] {logging_mixin.py:149} INFO - [2024-10-13T20:25:48.403+0000] {dagbag.py:541} INFO - Filling up the DagBag from /opt/airflow/dags/qwe.py
[2024-10-13T20:25:48.500+0000] {processor.py:836} INFO - DAG(s) dict_keys(['my_first_dag']) retrieved from /opt/airflow/dags/qwe.py
[2024-10-13T20:25:48.586+0000] {logging_mixin.py:149} INFO - [2024-10-13T20:25:48.585+0000] {dag.py:2726} INFO - Sync 1 DAGs
[2024-10-13T20:25:48.648+0000] {logging_mixin.py:149} INFO - [2024-10-13T20:25:48.648+0000] {dag.py:3490} INFO - Setting next_dagrun for my_first_dag to 2024-10-13T11:15:00+00:00, run_after=2024-10-14T11:15:00+00:00
[2024-10-13T20:25:48.687+0000] {processor.py:179} INFO - Processing /opt/airflow/dags/qwe.py took 0.292 seconds
[2024-10-13T20:26:19.295+0000] {processor.py:157} INFO - Started process (PID=294) to work on /opt/airflow/dags/qwe.py
[2024-10-13T20:26:19.297+0000] {processor.py:826} INFO - Processing file /opt/airflow/dags/qwe.py for tasks to queue
[2024-10-13T20:26:19.299+0000] {logging_mixin.py:149} INFO - [2024-10-13T20:26:19.298+0000] {dagbag.py:541} INFO - Filling up the DagBag from /opt/airflow/dags/qwe.py
[2024-10-13T20:26:19.362+0000] {processor.py:836} INFO - DAG(s) dict_keys(['my_first_dag']) retrieved from /opt/airflow/dags/qwe.py
[2024-10-13T20:26:19.406+0000] {logging_mixin.py:149} INFO - [2024-10-13T20:26:19.406+0000] {dag.py:2726} INFO - Sync 1 DAGs
[2024-10-13T20:26:19.461+0000] {logging_mixin.py:149} INFO - [2024-10-13T20:26:19.461+0000] {dag.py:3490} INFO - Setting next_dagrun for my_first_dag to 2024-10-13T11:15:00+00:00, run_after=2024-10-14T11:15:00+00:00
[2024-10-13T20:26:19.497+0000] {processor.py:179} INFO - Processing /opt/airflow/dags/qwe.py took 0.205 seconds
[2024-10-13T20:26:49.931+0000] {processor.py:157} INFO - Started process (PID=319) to work on /opt/airflow/dags/qwe.py
[2024-10-13T20:26:49.934+0000] {processor.py:826} INFO - Processing file /opt/airflow/dags/qwe.py for tasks to queue
[2024-10-13T20:26:49.936+0000] {logging_mixin.py:149} INFO - [2024-10-13T20:26:49.935+0000] {dagbag.py:541} INFO - Filling up the DagBag from /opt/airflow/dags/qwe.py
[2024-10-13T20:26:50.053+0000] {processor.py:836} INFO - DAG(s) dict_keys(['my_first_dag']) retrieved from /opt/airflow/dags/qwe.py
[2024-10-13T20:26:50.126+0000] {logging_mixin.py:149} INFO - [2024-10-13T20:26:50.126+0000] {dag.py:2726} INFO - Sync 1 DAGs
[2024-10-13T20:26:50.192+0000] {logging_mixin.py:149} INFO - [2024-10-13T20:26:50.192+0000] {dag.py:3490} INFO - Setting next_dagrun for my_first_dag to 2024-10-13T11:15:00+00:00, run_after=2024-10-14T11:15:00+00:00
[2024-10-13T20:26:50.237+0000] {processor.py:179} INFO - Processing /opt/airflow/dags/qwe.py took 0.314 seconds
[2024-10-13T20:27:20.622+0000] {processor.py:157} INFO - Started process (PID=332) to work on /opt/airflow/dags/qwe.py
[2024-10-13T20:27:20.624+0000] {processor.py:826} INFO - Processing file /opt/airflow/dags/qwe.py for tasks to queue
[2024-10-13T20:27:20.625+0000] {logging_mixin.py:149} INFO - [2024-10-13T20:27:20.625+0000] {dagbag.py:541} INFO - Filling up the DagBag from /opt/airflow/dags/qwe.py
[2024-10-13T20:27:20.712+0000] {processor.py:836} INFO - DAG(s) dict_keys(['my_first_dag']) retrieved from /opt/airflow/dags/qwe.py
[2024-10-13T20:27:20.760+0000] {logging_mixin.py:149} INFO - [2024-10-13T20:27:20.760+0000] {dag.py:2726} INFO - Sync 1 DAGs
[2024-10-13T20:27:20.808+0000] {logging_mixin.py:149} INFO - [2024-10-13T20:27:20.808+0000] {dag.py:3490} INFO - Setting next_dagrun for my_first_dag to 2024-10-13T11:15:00+00:00, run_after=2024-10-14T11:15:00+00:00
[2024-10-13T20:27:20.853+0000] {processor.py:179} INFO - Processing /opt/airflow/dags/qwe.py took 0.236 seconds
[2024-10-13T20:27:51.258+0000] {processor.py:157} INFO - Started process (PID=345) to work on /opt/airflow/dags/qwe.py
[2024-10-13T20:27:51.259+0000] {processor.py:826} INFO - Processing file /opt/airflow/dags/qwe.py for tasks to queue
[2024-10-13T20:27:51.261+0000] {logging_mixin.py:149} INFO - [2024-10-13T20:27:51.260+0000] {dagbag.py:541} INFO - Filling up the DagBag from /opt/airflow/dags/qwe.py
[2024-10-13T20:27:51.332+0000] {processor.py:836} INFO - DAG(s) dict_keys(['my_first_dag']) retrieved from /opt/airflow/dags/qwe.py
[2024-10-13T20:27:51.376+0000] {logging_mixin.py:149} INFO - [2024-10-13T20:27:51.375+0000] {dag.py:2726} INFO - Sync 1 DAGs
[2024-10-13T20:27:51.424+0000] {logging_mixin.py:149} INFO - [2024-10-13T20:27:51.424+0000] {dag.py:3490} INFO - Setting next_dagrun for my_first_dag to 2024-10-13T11:15:00+00:00, run_after=2024-10-14T11:15:00+00:00
[2024-10-13T20:27:51.459+0000] {processor.py:179} INFO - Processing /opt/airflow/dags/qwe.py took 0.206 seconds
[2024-10-13T20:28:21.524+0000] {processor.py:157} INFO - Started process (PID=358) to work on /opt/airflow/dags/qwe.py
[2024-10-13T20:28:21.526+0000] {processor.py:826} INFO - Processing file /opt/airflow/dags/qwe.py for tasks to queue
[2024-10-13T20:28:21.527+0000] {logging_mixin.py:149} INFO - [2024-10-13T20:28:21.527+0000] {dagbag.py:541} INFO - Filling up the DagBag from /opt/airflow/dags/qwe.py
[2024-10-13T20:28:21.599+0000] {processor.py:836} INFO - DAG(s) dict_keys(['my_first_dag']) retrieved from /opt/airflow/dags/qwe.py
[2024-10-13T20:28:21.649+0000] {logging_mixin.py:149} INFO - [2024-10-13T20:28:21.648+0000] {dag.py:2726} INFO - Sync 1 DAGs
[2024-10-13T20:28:21.694+0000] {logging_mixin.py:149} INFO - [2024-10-13T20:28:21.694+0000] {dag.py:3490} INFO - Setting next_dagrun for my_first_dag to 2024-10-13T11:15:00+00:00, run_after=2024-10-14T11:15:00+00:00
[2024-10-13T20:28:21.740+0000] {processor.py:179} INFO - Processing /opt/airflow/dags/qwe.py took 0.220 seconds
[2024-10-13T20:28:52.065+0000] {processor.py:157} INFO - Started process (PID=371) to work on /opt/airflow/dags/qwe.py
[2024-10-13T20:28:52.067+0000] {processor.py:826} INFO - Processing file /opt/airflow/dags/qwe.py for tasks to queue
[2024-10-13T20:28:52.068+0000] {logging_mixin.py:149} INFO - [2024-10-13T20:28:52.068+0000] {dagbag.py:541} INFO - Filling up the DagBag from /opt/airflow/dags/qwe.py
[2024-10-13T20:28:52.137+0000] {processor.py:836} INFO - DAG(s) dict_keys(['my_first_dag']) retrieved from /opt/airflow/dags/qwe.py
[2024-10-13T20:28:52.181+0000] {logging_mixin.py:149} INFO - [2024-10-13T20:28:52.181+0000] {dag.py:2726} INFO - Sync 1 DAGs
[2024-10-13T20:28:52.223+0000] {logging_mixin.py:149} INFO - [2024-10-13T20:28:52.223+0000] {dag.py:3490} INFO - Setting next_dagrun for my_first_dag to 2024-10-13T11:15:00+00:00, run_after=2024-10-14T11:15:00+00:00
[2024-10-13T20:28:52.256+0000] {processor.py:179} INFO - Processing /opt/airflow/dags/qwe.py took 0.195 seconds
[2024-10-13T20:29:22.537+0000] {processor.py:157} INFO - Started process (PID=384) to work on /opt/airflow/dags/qwe.py
[2024-10-13T20:29:22.539+0000] {processor.py:826} INFO - Processing file /opt/airflow/dags/qwe.py for tasks to queue
[2024-10-13T20:29:22.540+0000] {logging_mixin.py:149} INFO - [2024-10-13T20:29:22.540+0000] {dagbag.py:541} INFO - Filling up the DagBag from /opt/airflow/dags/qwe.py
[2024-10-13T20:29:22.605+0000] {processor.py:836} INFO - DAG(s) dict_keys(['my_first_dag']) retrieved from /opt/airflow/dags/qwe.py
[2024-10-13T20:29:22.643+0000] {logging_mixin.py:149} INFO - [2024-10-13T20:29:22.643+0000] {dag.py:2726} INFO - Sync 1 DAGs
[2024-10-13T20:29:22.688+0000] {logging_mixin.py:149} INFO - [2024-10-13T20:29:22.687+0000] {dag.py:3490} INFO - Setting next_dagrun for my_first_dag to 2024-10-13T11:15:00+00:00, run_after=2024-10-14T11:15:00+00:00
[2024-10-13T20:29:22.730+0000] {processor.py:179} INFO - Processing /opt/airflow/dags/qwe.py took 0.199 seconds
[2024-10-13T20:29:53.054+0000] {processor.py:157} INFO - Started process (PID=397) to work on /opt/airflow/dags/qwe.py
[2024-10-13T20:29:53.056+0000] {processor.py:826} INFO - Processing file /opt/airflow/dags/qwe.py for tasks to queue
[2024-10-13T20:29:53.057+0000] {logging_mixin.py:149} INFO - [2024-10-13T20:29:53.057+0000] {dagbag.py:541} INFO - Filling up the DagBag from /opt/airflow/dags/qwe.py
[2024-10-13T20:29:53.131+0000] {processor.py:836} INFO - DAG(s) dict_keys(['my_first_dag']) retrieved from /opt/airflow/dags/qwe.py
[2024-10-13T20:29:53.165+0000] {logging_mixin.py:149} INFO - [2024-10-13T20:29:53.165+0000] {dag.py:2726} INFO - Sync 1 DAGs
[2024-10-13T20:29:53.202+0000] {logging_mixin.py:149} INFO - [2024-10-13T20:29:53.202+0000] {dag.py:3490} INFO - Setting next_dagrun for my_first_dag to 2024-10-13T11:15:00+00:00, run_after=2024-10-14T11:15:00+00:00
[2024-10-13T20:29:53.240+0000] {processor.py:179} INFO - Processing /opt/airflow/dags/qwe.py took 0.190 seconds
[2024-10-13T20:30:23.541+0000] {processor.py:157} INFO - Started process (PID=410) to work on /opt/airflow/dags/qwe.py
[2024-10-13T20:30:23.542+0000] {processor.py:826} INFO - Processing file /opt/airflow/dags/qwe.py for tasks to queue
[2024-10-13T20:30:23.544+0000] {logging_mixin.py:149} INFO - [2024-10-13T20:30:23.544+0000] {dagbag.py:541} INFO - Filling up the DagBag from /opt/airflow/dags/qwe.py
[2024-10-13T20:30:23.629+0000] {processor.py:836} INFO - DAG(s) dict_keys(['my_first_dag']) retrieved from /opt/airflow/dags/qwe.py
[2024-10-13T20:30:23.679+0000] {logging_mixin.py:149} INFO - [2024-10-13T20:30:23.679+0000] {dag.py:2726} INFO - Sync 1 DAGs
[2024-10-13T20:30:23.717+0000] {logging_mixin.py:149} INFO - [2024-10-13T20:30:23.717+0000] {dag.py:3490} INFO - Setting next_dagrun for my_first_dag to 2024-10-13T11:15:00+00:00, run_after=2024-10-14T11:15:00+00:00
[2024-10-13T20:30:23.752+0000] {processor.py:179} INFO - Processing /opt/airflow/dags/qwe.py took 0.215 seconds
[2024-10-13T20:30:53.910+0000] {processor.py:157} INFO - Started process (PID=423) to work on /opt/airflow/dags/qwe.py
[2024-10-13T20:30:53.912+0000] {processor.py:826} INFO - Processing file /opt/airflow/dags/qwe.py for tasks to queue
[2024-10-13T20:30:53.914+0000] {logging_mixin.py:149} INFO - [2024-10-13T20:30:53.914+0000] {dagbag.py:541} INFO - Filling up the DagBag from /opt/airflow/dags/qwe.py
[2024-10-13T20:30:54.043+0000] {processor.py:836} INFO - DAG(s) dict_keys(['my_first_dag']) retrieved from /opt/airflow/dags/qwe.py
[2024-10-13T20:30:54.089+0000] {logging_mixin.py:149} INFO - [2024-10-13T20:30:54.089+0000] {dag.py:2726} INFO - Sync 1 DAGs
[2024-10-13T20:30:54.132+0000] {logging_mixin.py:149} INFO - [2024-10-13T20:30:54.132+0000] {dag.py:3490} INFO - Setting next_dagrun for my_first_dag to 2024-10-13T11:15:00+00:00, run_after=2024-10-14T11:15:00+00:00
[2024-10-13T20:30:54.171+0000] {processor.py:179} INFO - Processing /opt/airflow/dags/qwe.py took 0.265 seconds
[2024-10-13T20:31:24.532+0000] {processor.py:157} INFO - Started process (PID=436) to work on /opt/airflow/dags/qwe.py
[2024-10-13T20:31:24.534+0000] {processor.py:826} INFO - Processing file /opt/airflow/dags/qwe.py for tasks to queue
[2024-10-13T20:31:24.536+0000] {logging_mixin.py:149} INFO - [2024-10-13T20:31:24.536+0000] {dagbag.py:541} INFO - Filling up the DagBag from /opt/airflow/dags/qwe.py
[2024-10-13T20:31:24.638+0000] {processor.py:836} INFO - DAG(s) dict_keys(['my_first_dag']) retrieved from /opt/airflow/dags/qwe.py
[2024-10-13T20:31:24.692+0000] {logging_mixin.py:149} INFO - [2024-10-13T20:31:24.692+0000] {dag.py:2726} INFO - Sync 1 DAGs
[2024-10-13T20:31:24.741+0000] {logging_mixin.py:149} INFO - [2024-10-13T20:31:24.741+0000] {dag.py:3490} INFO - Setting next_dagrun for my_first_dag to 2024-10-13T11:15:00+00:00, run_after=2024-10-14T11:15:00+00:00
[2024-10-13T20:31:24.776+0000] {processor.py:179} INFO - Processing /opt/airflow/dags/qwe.py took 0.249 seconds
[2024-10-13T20:31:55.084+0000] {processor.py:157} INFO - Started process (PID=449) to work on /opt/airflow/dags/qwe.py
[2024-10-13T20:31:55.086+0000] {processor.py:826} INFO - Processing file /opt/airflow/dags/qwe.py for tasks to queue
[2024-10-13T20:31:55.087+0000] {logging_mixin.py:149} INFO - [2024-10-13T20:31:55.087+0000] {dagbag.py:541} INFO - Filling up the DagBag from /opt/airflow/dags/qwe.py
[2024-10-13T20:31:55.178+0000] {processor.py:836} INFO - DAG(s) dict_keys(['my_first_dag']) retrieved from /opt/airflow/dags/qwe.py
[2024-10-13T20:31:55.223+0000] {logging_mixin.py:149} INFO - [2024-10-13T20:31:55.223+0000] {dag.py:2726} INFO - Sync 1 DAGs
[2024-10-13T20:31:55.268+0000] {logging_mixin.py:149} INFO - [2024-10-13T20:31:55.268+0000] {dag.py:3490} INFO - Setting next_dagrun for my_first_dag to 2024-10-13T11:15:00+00:00, run_after=2024-10-14T11:15:00+00:00
[2024-10-13T20:31:55.304+0000] {processor.py:179} INFO - Processing /opt/airflow/dags/qwe.py took 0.227 seconds
[2024-10-13T20:32:25.456+0000] {processor.py:157} INFO - Started process (PID=462) to work on /opt/airflow/dags/qwe.py
[2024-10-13T20:32:25.458+0000] {processor.py:826} INFO - Processing file /opt/airflow/dags/qwe.py for tasks to queue
[2024-10-13T20:32:25.460+0000] {logging_mixin.py:149} INFO - [2024-10-13T20:32:25.459+0000] {dagbag.py:541} INFO - Filling up the DagBag from /opt/airflow/dags/qwe.py
[2024-10-13T20:32:25.559+0000] {processor.py:836} INFO - DAG(s) dict_keys(['my_first_dag']) retrieved from /opt/airflow/dags/qwe.py
[2024-10-13T20:32:25.616+0000] {logging_mixin.py:149} INFO - [2024-10-13T20:32:25.616+0000] {dag.py:2726} INFO - Sync 1 DAGs
[2024-10-13T20:32:25.673+0000] {logging_mixin.py:149} INFO - [2024-10-13T20:32:25.672+0000] {dag.py:3490} INFO - Setting next_dagrun for my_first_dag to 2024-10-13T11:15:00+00:00, run_after=2024-10-14T11:15:00+00:00
[2024-10-13T20:32:25.716+0000] {processor.py:179} INFO - Processing /opt/airflow/dags/qwe.py took 0.269 seconds
[2024-10-13T20:32:56.129+0000] {processor.py:157} INFO - Started process (PID=475) to work on /opt/airflow/dags/qwe.py
[2024-10-13T20:32:56.130+0000] {processor.py:826} INFO - Processing file /opt/airflow/dags/qwe.py for tasks to queue
[2024-10-13T20:32:56.132+0000] {logging_mixin.py:149} INFO - [2024-10-13T20:32:56.131+0000] {dagbag.py:541} INFO - Filling up the DagBag from /opt/airflow/dags/qwe.py
[2024-10-13T20:32:56.204+0000] {processor.py:836} INFO - DAG(s) dict_keys(['my_first_dag']) retrieved from /opt/airflow/dags/qwe.py
[2024-10-13T20:32:56.258+0000] {logging_mixin.py:149} INFO - [2024-10-13T20:32:56.257+0000] {dag.py:2726} INFO - Sync 1 DAGs
[2024-10-13T20:32:56.303+0000] {logging_mixin.py:149} INFO - [2024-10-13T20:32:56.302+0000] {dag.py:3490} INFO - Setting next_dagrun for my_first_dag to 2024-10-13T11:15:00+00:00, run_after=2024-10-14T11:15:00+00:00
[2024-10-13T20:32:56.354+0000] {processor.py:179} INFO - Processing /opt/airflow/dags/qwe.py took 0.228 seconds
[2024-10-13T20:33:27.105+0000] {processor.py:157} INFO - Started process (PID=489) to work on /opt/airflow/dags/qwe.py
[2024-10-13T20:33:27.106+0000] {processor.py:826} INFO - Processing file /opt/airflow/dags/qwe.py for tasks to queue
[2024-10-13T20:33:27.108+0000] {logging_mixin.py:149} INFO - [2024-10-13T20:33:27.107+0000] {dagbag.py:541} INFO - Filling up the DagBag from /opt/airflow/dags/qwe.py
[2024-10-13T20:33:27.184+0000] {processor.py:836} INFO - DAG(s) dict_keys(['my_first_dag']) retrieved from /opt/airflow/dags/qwe.py
[2024-10-13T20:33:27.252+0000] {logging_mixin.py:149} INFO - [2024-10-13T20:33:27.252+0000] {dag.py:2726} INFO - Sync 1 DAGs
[2024-10-13T20:33:27.310+0000] {logging_mixin.py:149} INFO - [2024-10-13T20:33:27.310+0000] {dag.py:3490} INFO - Setting next_dagrun for my_first_dag to 2024-10-13T11:15:00+00:00, run_after=2024-10-14T11:15:00+00:00
[2024-10-13T20:33:27.357+0000] {processor.py:179} INFO - Processing /opt/airflow/dags/qwe.py took 0.256 seconds
[2024-10-13T20:33:57.529+0000] {processor.py:157} INFO - Started process (PID=491) to work on /opt/airflow/dags/qwe.py
[2024-10-13T20:33:57.531+0000] {processor.py:826} INFO - Processing file /opt/airflow/dags/qwe.py for tasks to queue
[2024-10-13T20:33:57.532+0000] {logging_mixin.py:149} INFO - [2024-10-13T20:33:57.532+0000] {dagbag.py:541} INFO - Filling up the DagBag from /opt/airflow/dags/qwe.py
[2024-10-13T20:33:57.645+0000] {processor.py:836} INFO - DAG(s) dict_keys(['my_first_dag']) retrieved from /opt/airflow/dags/qwe.py
[2024-10-13T20:33:57.711+0000] {logging_mixin.py:149} INFO - [2024-10-13T20:33:57.710+0000] {dag.py:2726} INFO - Sync 1 DAGs
[2024-10-13T20:33:57.777+0000] {logging_mixin.py:149} INFO - [2024-10-13T20:33:57.777+0000] {dag.py:3490} INFO - Setting next_dagrun for my_first_dag to 2024-10-13T11:15:00+00:00, run_after=2024-10-14T11:15:00+00:00
[2024-10-13T20:33:57.817+0000] {processor.py:179} INFO - Processing /opt/airflow/dags/qwe.py took 0.294 seconds
[2024-10-13T20:34:28.162+0000] {processor.py:157} INFO - Started process (PID=504) to work on /opt/airflow/dags/qwe.py
[2024-10-13T20:34:28.164+0000] {processor.py:826} INFO - Processing file /opt/airflow/dags/qwe.py for tasks to queue
[2024-10-13T20:34:28.166+0000] {logging_mixin.py:149} INFO - [2024-10-13T20:34:28.165+0000] {dagbag.py:541} INFO - Filling up the DagBag from /opt/airflow/dags/qwe.py
[2024-10-13T20:34:28.262+0000] {processor.py:836} INFO - DAG(s) dict_keys(['my_first_dag']) retrieved from /opt/airflow/dags/qwe.py
[2024-10-13T20:34:28.303+0000] {logging_mixin.py:149} INFO - [2024-10-13T20:34:28.303+0000] {dag.py:2726} INFO - Sync 1 DAGs
[2024-10-13T20:34:28.354+0000] {logging_mixin.py:149} INFO - [2024-10-13T20:34:28.354+0000] {dag.py:3490} INFO - Setting next_dagrun for my_first_dag to 2024-10-13T11:15:00+00:00, run_after=2024-10-14T11:15:00+00:00
[2024-10-13T20:34:28.399+0000] {processor.py:179} INFO - Processing /opt/airflow/dags/qwe.py took 0.243 seconds
[2024-10-13T20:34:58.779+0000] {processor.py:157} INFO - Started process (PID=529) to work on /opt/airflow/dags/qwe.py
[2024-10-13T20:34:58.781+0000] {processor.py:826} INFO - Processing file /opt/airflow/dags/qwe.py for tasks to queue
[2024-10-13T20:34:58.783+0000] {logging_mixin.py:149} INFO - [2024-10-13T20:34:58.782+0000] {dagbag.py:541} INFO - Filling up the DagBag from /opt/airflow/dags/qwe.py
[2024-10-13T20:34:58.851+0000] {processor.py:836} INFO - DAG(s) dict_keys(['my_first_dag']) retrieved from /opt/airflow/dags/qwe.py
[2024-10-13T20:34:58.900+0000] {logging_mixin.py:149} INFO - [2024-10-13T20:34:58.899+0000] {dag.py:2726} INFO - Sync 1 DAGs
[2024-10-13T20:34:58.956+0000] {logging_mixin.py:149} INFO - [2024-10-13T20:34:58.955+0000] {dag.py:3490} INFO - Setting next_dagrun for my_first_dag to 2024-10-13T11:15:00+00:00, run_after=2024-10-14T11:15:00+00:00
[2024-10-13T20:34:58.995+0000] {processor.py:179} INFO - Processing /opt/airflow/dags/qwe.py took 0.220 seconds
[2024-10-13T20:35:29.399+0000] {processor.py:157} INFO - Started process (PID=554) to work on /opt/airflow/dags/qwe.py
[2024-10-13T20:35:29.402+0000] {processor.py:826} INFO - Processing file /opt/airflow/dags/qwe.py for tasks to queue
[2024-10-13T20:35:29.405+0000] {logging_mixin.py:149} INFO - [2024-10-13T20:35:29.404+0000] {dagbag.py:541} INFO - Filling up the DagBag from /opt/airflow/dags/qwe.py
[2024-10-13T20:35:29.526+0000] {processor.py:836} INFO - DAG(s) dict_keys(['my_first_dag']) retrieved from /opt/airflow/dags/qwe.py
[2024-10-13T20:35:29.604+0000] {logging_mixin.py:149} INFO - [2024-10-13T20:35:29.603+0000] {dag.py:2726} INFO - Sync 1 DAGs
[2024-10-13T20:35:29.717+0000] {logging_mixin.py:149} INFO - [2024-10-13T20:35:29.717+0000] {dag.py:3490} INFO - Setting next_dagrun for my_first_dag to 2024-10-13T11:15:00+00:00, run_after=2024-10-14T11:15:00+00:00
[2024-10-13T20:35:29.783+0000] {processor.py:179} INFO - Processing /opt/airflow/dags/qwe.py took 0.396 seconds
[2024-10-13T20:36:00.120+0000] {processor.py:157} INFO - Started process (PID=580) to work on /opt/airflow/dags/qwe.py
[2024-10-13T20:36:00.121+0000] {processor.py:826} INFO - Processing file /opt/airflow/dags/qwe.py for tasks to queue
[2024-10-13T20:36:00.123+0000] {logging_mixin.py:149} INFO - [2024-10-13T20:36:00.123+0000] {dagbag.py:541} INFO - Filling up the DagBag from /opt/airflow/dags/qwe.py
[2024-10-13T20:36:00.246+0000] {processor.py:836} INFO - DAG(s) dict_keys(['my_first_dag']) retrieved from /opt/airflow/dags/qwe.py
[2024-10-13T20:36:00.330+0000] {logging_mixin.py:149} INFO - [2024-10-13T20:36:00.330+0000] {dag.py:2726} INFO - Sync 1 DAGs
[2024-10-13T20:36:00.388+0000] {logging_mixin.py:149} INFO - [2024-10-13T20:36:00.388+0000] {dag.py:3490} INFO - Setting next_dagrun for my_first_dag to 2024-10-13T11:15:00+00:00, run_after=2024-10-14T11:15:00+00:00
[2024-10-13T20:36:00.476+0000] {processor.py:179} INFO - Processing /opt/airflow/dags/qwe.py took 0.362 seconds
[2024-10-13T20:36:30.714+0000] {processor.py:157} INFO - Started process (PID=593) to work on /opt/airflow/dags/qwe.py
[2024-10-13T20:36:30.715+0000] {processor.py:826} INFO - Processing file /opt/airflow/dags/qwe.py for tasks to queue
[2024-10-13T20:36:30.717+0000] {logging_mixin.py:149} INFO - [2024-10-13T20:36:30.717+0000] {dagbag.py:541} INFO - Filling up the DagBag from /opt/airflow/dags/qwe.py
[2024-10-13T20:36:30.811+0000] {processor.py:836} INFO - DAG(s) dict_keys(['my_first_dag']) retrieved from /opt/airflow/dags/qwe.py
[2024-10-13T20:36:30.873+0000] {logging_mixin.py:149} INFO - [2024-10-13T20:36:30.872+0000] {dag.py:2726} INFO - Sync 1 DAGs
[2024-10-13T20:36:30.926+0000] {logging_mixin.py:149} INFO - [2024-10-13T20:36:30.925+0000] {dag.py:3490} INFO - Setting next_dagrun for my_first_dag to 2024-10-13T11:15:00+00:00, run_after=2024-10-14T11:15:00+00:00
[2024-10-13T20:36:30.961+0000] {processor.py:179} INFO - Processing /opt/airflow/dags/qwe.py took 0.251 seconds
[2024-10-13T20:37:01.051+0000] {processor.py:157} INFO - Started process (PID=606) to work on /opt/airflow/dags/qwe.py
[2024-10-13T20:37:01.052+0000] {processor.py:826} INFO - Processing file /opt/airflow/dags/qwe.py for tasks to queue
[2024-10-13T20:37:01.054+0000] {logging_mixin.py:149} INFO - [2024-10-13T20:37:01.054+0000] {dagbag.py:541} INFO - Filling up the DagBag from /opt/airflow/dags/qwe.py
[2024-10-13T20:37:01.121+0000] {processor.py:836} INFO - DAG(s) dict_keys(['my_first_dag']) retrieved from /opt/airflow/dags/qwe.py
[2024-10-13T20:37:01.173+0000] {logging_mixin.py:149} INFO - [2024-10-13T20:37:01.173+0000] {dag.py:2726} INFO - Sync 1 DAGs
[2024-10-13T20:37:01.222+0000] {logging_mixin.py:149} INFO - [2024-10-13T20:37:01.222+0000] {dag.py:3490} INFO - Setting next_dagrun for my_first_dag to 2024-10-13T11:15:00+00:00, run_after=2024-10-14T11:15:00+00:00
[2024-10-13T20:37:01.270+0000] {processor.py:179} INFO - Processing /opt/airflow/dags/qwe.py took 0.225 seconds
[2024-10-13T20:37:31.607+0000] {processor.py:157} INFO - Started process (PID=631) to work on /opt/airflow/dags/qwe.py
[2024-10-13T20:37:31.609+0000] {processor.py:826} INFO - Processing file /opt/airflow/dags/qwe.py for tasks to queue
[2024-10-13T20:37:31.611+0000] {logging_mixin.py:149} INFO - [2024-10-13T20:37:31.611+0000] {dagbag.py:541} INFO - Filling up the DagBag from /opt/airflow/dags/qwe.py
[2024-10-13T20:37:31.691+0000] {processor.py:836} INFO - DAG(s) dict_keys(['my_first_dag']) retrieved from /opt/airflow/dags/qwe.py
[2024-10-13T20:37:31.735+0000] {logging_mixin.py:149} INFO - [2024-10-13T20:37:31.735+0000] {dag.py:2726} INFO - Sync 1 DAGs
[2024-10-13T20:37:31.777+0000] {logging_mixin.py:149} INFO - [2024-10-13T20:37:31.777+0000] {dag.py:3490} INFO - Setting next_dagrun for my_first_dag to 2024-10-13T11:15:00+00:00, run_after=2024-10-14T11:15:00+00:00
[2024-10-13T20:37:31.811+0000] {processor.py:179} INFO - Processing /opt/airflow/dags/qwe.py took 0.210 seconds
[2024-10-13T20:38:01.884+0000] {processor.py:157} INFO - Started process (PID=632) to work on /opt/airflow/dags/qwe.py
[2024-10-13T20:38:01.887+0000] {processor.py:826} INFO - Processing file /opt/airflow/dags/qwe.py for tasks to queue
[2024-10-13T20:38:01.888+0000] {logging_mixin.py:149} INFO - [2024-10-13T20:38:01.888+0000] {dagbag.py:541} INFO - Filling up the DagBag from /opt/airflow/dags/qwe.py
[2024-10-13T20:38:01.973+0000] {processor.py:836} INFO - DAG(s) dict_keys(['my_first_dag']) retrieved from /opt/airflow/dags/qwe.py
[2024-10-13T20:38:02.029+0000] {logging_mixin.py:149} INFO - [2024-10-13T20:38:02.028+0000] {dag.py:2726} INFO - Sync 1 DAGs
[2024-10-13T20:38:02.089+0000] {logging_mixin.py:149} INFO - [2024-10-13T20:38:02.089+0000] {dag.py:3490} INFO - Setting next_dagrun for my_first_dag to 2024-10-13T11:15:00+00:00, run_after=2024-10-14T11:15:00+00:00
[2024-10-13T20:38:02.141+0000] {processor.py:179} INFO - Processing /opt/airflow/dags/qwe.py took 0.262 seconds
[2024-10-13T20:38:32.482+0000] {processor.py:157} INFO - Started process (PID=645) to work on /opt/airflow/dags/qwe.py
[2024-10-13T20:38:32.484+0000] {processor.py:826} INFO - Processing file /opt/airflow/dags/qwe.py for tasks to queue
[2024-10-13T20:38:32.485+0000] {logging_mixin.py:149} INFO - [2024-10-13T20:38:32.485+0000] {dagbag.py:541} INFO - Filling up the DagBag from /opt/airflow/dags/qwe.py
[2024-10-13T20:38:32.571+0000] {processor.py:836} INFO - DAG(s) dict_keys(['my_first_dag']) retrieved from /opt/airflow/dags/qwe.py
[2024-10-13T20:38:32.624+0000] {logging_mixin.py:149} INFO - [2024-10-13T20:38:32.624+0000] {dag.py:2726} INFO - Sync 1 DAGs
[2024-10-13T20:38:32.669+0000] {logging_mixin.py:149} INFO - [2024-10-13T20:38:32.669+0000] {dag.py:3490} INFO - Setting next_dagrun for my_first_dag to 2024-10-13T11:15:00+00:00, run_after=2024-10-14T11:15:00+00:00
[2024-10-13T20:38:32.711+0000] {processor.py:179} INFO - Processing /opt/airflow/dags/qwe.py took 0.234 seconds
[2024-10-13T20:39:03.016+0000] {processor.py:157} INFO - Started process (PID=658) to work on /opt/airflow/dags/qwe.py
[2024-10-13T20:39:03.018+0000] {processor.py:826} INFO - Processing file /opt/airflow/dags/qwe.py for tasks to queue
[2024-10-13T20:39:03.019+0000] {logging_mixin.py:149} INFO - [2024-10-13T20:39:03.019+0000] {dagbag.py:541} INFO - Filling up the DagBag from /opt/airflow/dags/qwe.py
[2024-10-13T20:39:03.128+0000] {processor.py:836} INFO - DAG(s) dict_keys(['my_first_dag']) retrieved from /opt/airflow/dags/qwe.py
[2024-10-13T20:39:03.212+0000] {logging_mixin.py:149} INFO - [2024-10-13T20:39:03.211+0000] {dag.py:2726} INFO - Sync 1 DAGs
[2024-10-13T20:39:03.271+0000] {logging_mixin.py:149} INFO - [2024-10-13T20:39:03.271+0000] {dag.py:3490} INFO - Setting next_dagrun for my_first_dag to 2024-10-13T11:15:00+00:00, run_after=2024-10-14T11:15:00+00:00
[2024-10-13T20:39:03.308+0000] {processor.py:179} INFO - Processing /opt/airflow/dags/qwe.py took 0.296 seconds
[2024-10-13T20:39:33.568+0000] {processor.py:157} INFO - Started process (PID=683) to work on /opt/airflow/dags/qwe.py
[2024-10-13T20:39:33.569+0000] {processor.py:826} INFO - Processing file /opt/airflow/dags/qwe.py for tasks to queue
[2024-10-13T20:39:33.571+0000] {logging_mixin.py:149} INFO - [2024-10-13T20:39:33.571+0000] {dagbag.py:541} INFO - Filling up the DagBag from /opt/airflow/dags/qwe.py
[2024-10-13T20:39:33.651+0000] {processor.py:836} INFO - DAG(s) dict_keys(['my_first_dag']) retrieved from /opt/airflow/dags/qwe.py
[2024-10-13T20:39:33.701+0000] {logging_mixin.py:149} INFO - [2024-10-13T20:39:33.701+0000] {dag.py:2726} INFO - Sync 1 DAGs
[2024-10-13T20:39:33.751+0000] {logging_mixin.py:149} INFO - [2024-10-13T20:39:33.751+0000] {dag.py:3490} INFO - Setting next_dagrun for my_first_dag to 2024-10-13T11:15:00+00:00, run_after=2024-10-14T11:15:00+00:00
[2024-10-13T20:39:33.782+0000] {processor.py:179} INFO - Processing /opt/airflow/dags/qwe.py took 0.219 seconds
[2024-10-13T20:40:03.961+0000] {processor.py:157} INFO - Started process (PID=696) to work on /opt/airflow/dags/qwe.py
[2024-10-13T20:40:03.964+0000] {processor.py:826} INFO - Processing file /opt/airflow/dags/qwe.py for tasks to queue
[2024-10-13T20:40:03.967+0000] {logging_mixin.py:149} INFO - [2024-10-13T20:40:03.967+0000] {dagbag.py:541} INFO - Filling up the DagBag from /opt/airflow/dags/qwe.py
[2024-10-13T20:40:04.094+0000] {processor.py:836} INFO - DAG(s) dict_keys(['my_first_dag']) retrieved from /opt/airflow/dags/qwe.py
[2024-10-13T20:40:04.191+0000] {logging_mixin.py:149} INFO - [2024-10-13T20:40:04.190+0000] {dag.py:2726} INFO - Sync 1 DAGs
[2024-10-13T20:40:04.293+0000] {logging_mixin.py:149} INFO - [2024-10-13T20:40:04.293+0000] {dag.py:3490} INFO - Setting next_dagrun for my_first_dag to 2024-10-13T11:15:00+00:00, run_after=2024-10-14T11:15:00+00:00
[2024-10-13T20:40:04.362+0000] {processor.py:179} INFO - Processing /opt/airflow/dags/qwe.py took 0.407 seconds
[2024-10-13T20:40:34.717+0000] {processor.py:157} INFO - Started process (PID=709) to work on /opt/airflow/dags/qwe.py
[2024-10-13T20:40:34.718+0000] {processor.py:826} INFO - Processing file /opt/airflow/dags/qwe.py for tasks to queue
[2024-10-13T20:40:34.720+0000] {logging_mixin.py:149} INFO - [2024-10-13T20:40:34.720+0000] {dagbag.py:541} INFO - Filling up the DagBag from /opt/airflow/dags/qwe.py
[2024-10-13T20:40:34.858+0000] {processor.py:836} INFO - DAG(s) dict_keys(['my_first_dag']) retrieved from /opt/airflow/dags/qwe.py
[2024-10-13T20:40:34.922+0000] {logging_mixin.py:149} INFO - [2024-10-13T20:40:34.921+0000] {dag.py:2726} INFO - Sync 1 DAGs
[2024-10-13T20:40:34.969+0000] {logging_mixin.py:149} INFO - [2024-10-13T20:40:34.969+0000] {dag.py:3490} INFO - Setting next_dagrun for my_first_dag to 2024-10-13T11:15:00+00:00, run_after=2024-10-14T11:15:00+00:00
[2024-10-13T20:40:35.012+0000] {processor.py:179} INFO - Processing /opt/airflow/dags/qwe.py took 0.299 seconds
[2024-10-13T20:41:05.390+0000] {processor.py:157} INFO - Started process (PID=722) to work on /opt/airflow/dags/qwe.py
[2024-10-13T20:41:05.393+0000] {processor.py:826} INFO - Processing file /opt/airflow/dags/qwe.py for tasks to queue
[2024-10-13T20:41:05.395+0000] {logging_mixin.py:149} INFO - [2024-10-13T20:41:05.394+0000] {dagbag.py:541} INFO - Filling up the DagBag from /opt/airflow/dags/qwe.py
[2024-10-13T20:41:05.510+0000] {processor.py:836} INFO - DAG(s) dict_keys(['my_first_dag']) retrieved from /opt/airflow/dags/qwe.py
[2024-10-13T20:41:05.573+0000] {logging_mixin.py:149} INFO - [2024-10-13T20:41:05.572+0000] {dag.py:2726} INFO - Sync 1 DAGs
[2024-10-13T20:41:05.630+0000] {logging_mixin.py:149} INFO - [2024-10-13T20:41:05.630+0000] {dag.py:3490} INFO - Setting next_dagrun for my_first_dag to 2024-10-13T11:15:00+00:00, run_after=2024-10-14T11:15:00+00:00
[2024-10-13T20:41:05.687+0000] {processor.py:179} INFO - Processing /opt/airflow/dags/qwe.py took 0.302 seconds
[2024-10-13T20:41:36.021+0000] {processor.py:157} INFO - Started process (PID=735) to work on /opt/airflow/dags/qwe.py
[2024-10-13T20:41:36.023+0000] {processor.py:826} INFO - Processing file /opt/airflow/dags/qwe.py for tasks to queue
[2024-10-13T20:41:36.024+0000] {logging_mixin.py:149} INFO - [2024-10-13T20:41:36.024+0000] {dagbag.py:541} INFO - Filling up the DagBag from /opt/airflow/dags/qwe.py
[2024-10-13T20:41:36.105+0000] {processor.py:836} INFO - DAG(s) dict_keys(['my_first_dag']) retrieved from /opt/airflow/dags/qwe.py
[2024-10-13T20:41:36.150+0000] {logging_mixin.py:149} INFO - [2024-10-13T20:41:36.150+0000] {dag.py:2726} INFO - Sync 1 DAGs
[2024-10-13T20:41:36.202+0000] {logging_mixin.py:149} INFO - [2024-10-13T20:41:36.202+0000] {dag.py:3490} INFO - Setting next_dagrun for my_first_dag to 2024-10-13T11:15:00+00:00, run_after=2024-10-14T11:15:00+00:00
[2024-10-13T20:41:36.264+0000] {processor.py:179} INFO - Processing /opt/airflow/dags/qwe.py took 0.246 seconds
[2024-10-13T20:42:06.340+0000] {processor.py:157} INFO - Started process (PID=760) to work on /opt/airflow/dags/qwe.py
[2024-10-13T20:42:06.342+0000] {processor.py:826} INFO - Processing file /opt/airflow/dags/qwe.py for tasks to queue
[2024-10-13T20:42:06.344+0000] {logging_mixin.py:149} INFO - [2024-10-13T20:42:06.344+0000] {dagbag.py:541} INFO - Filling up the DagBag from /opt/airflow/dags/qwe.py
[2024-10-13T20:42:06.435+0000] {processor.py:836} INFO - DAG(s) dict_keys(['my_first_dag']) retrieved from /opt/airflow/dags/qwe.py
[2024-10-13T20:42:06.503+0000] {logging_mixin.py:149} INFO - [2024-10-13T20:42:06.503+0000] {dag.py:2726} INFO - Sync 1 DAGs
[2024-10-13T20:42:06.555+0000] {logging_mixin.py:149} INFO - [2024-10-13T20:42:06.554+0000] {dag.py:3490} INFO - Setting next_dagrun for my_first_dag to 2024-10-13T11:15:00+00:00, run_after=2024-10-14T11:15:00+00:00
[2024-10-13T20:42:06.589+0000] {processor.py:179} INFO - Processing /opt/airflow/dags/qwe.py took 0.254 seconds
[2024-10-13T20:42:36.699+0000] {processor.py:157} INFO - Started process (PID=761) to work on /opt/airflow/dags/qwe.py
[2024-10-13T20:42:36.700+0000] {processor.py:826} INFO - Processing file /opt/airflow/dags/qwe.py for tasks to queue
[2024-10-13T20:42:36.702+0000] {logging_mixin.py:149} INFO - [2024-10-13T20:42:36.701+0000] {dagbag.py:541} INFO - Filling up the DagBag from /opt/airflow/dags/qwe.py
[2024-10-13T20:42:36.765+0000] {processor.py:836} INFO - DAG(s) dict_keys(['my_first_dag']) retrieved from /opt/airflow/dags/qwe.py
[2024-10-13T20:42:36.801+0000] {logging_mixin.py:149} INFO - [2024-10-13T20:42:36.800+0000] {dag.py:2726} INFO - Sync 1 DAGs
[2024-10-13T20:42:36.835+0000] {logging_mixin.py:149} INFO - [2024-10-13T20:42:36.834+0000] {dag.py:3490} INFO - Setting next_dagrun for my_first_dag to 2024-10-13T11:15:00+00:00, run_after=2024-10-14T11:15:00+00:00
[2024-10-13T20:42:36.864+0000] {processor.py:179} INFO - Processing /opt/airflow/dags/qwe.py took 0.170 seconds
[2024-10-13T20:43:07.277+0000] {processor.py:157} INFO - Started process (PID=774) to work on /opt/airflow/dags/qwe.py
[2024-10-13T20:43:07.278+0000] {processor.py:826} INFO - Processing file /opt/airflow/dags/qwe.py for tasks to queue
[2024-10-13T20:43:07.279+0000] {logging_mixin.py:149} INFO - [2024-10-13T20:43:07.279+0000] {dagbag.py:541} INFO - Filling up the DagBag from /opt/airflow/dags/qwe.py
[2024-10-13T20:43:07.351+0000] {processor.py:836} INFO - DAG(s) dict_keys(['my_first_dag']) retrieved from /opt/airflow/dags/qwe.py
[2024-10-13T20:43:07.394+0000] {logging_mixin.py:149} INFO - [2024-10-13T20:43:07.394+0000] {dag.py:2726} INFO - Sync 1 DAGs
[2024-10-13T20:43:07.440+0000] {logging_mixin.py:149} INFO - [2024-10-13T20:43:07.440+0000] {dag.py:3490} INFO - Setting next_dagrun for my_first_dag to 2024-10-13T11:15:00+00:00, run_after=2024-10-14T11:15:00+00:00
[2024-10-13T20:43:07.475+0000] {processor.py:179} INFO - Processing /opt/airflow/dags/qwe.py took 0.202 seconds
[2024-10-13T20:43:37.788+0000] {processor.py:157} INFO - Started process (PID=787) to work on /opt/airflow/dags/qwe.py
[2024-10-13T20:43:37.789+0000] {processor.py:826} INFO - Processing file /opt/airflow/dags/qwe.py for tasks to queue
[2024-10-13T20:43:37.791+0000] {logging_mixin.py:149} INFO - [2024-10-13T20:43:37.791+0000] {dagbag.py:541} INFO - Filling up the DagBag from /opt/airflow/dags/qwe.py
[2024-10-13T20:43:37.864+0000] {processor.py:836} INFO - DAG(s) dict_keys(['my_first_dag']) retrieved from /opt/airflow/dags/qwe.py
[2024-10-13T20:43:37.909+0000] {logging_mixin.py:149} INFO - [2024-10-13T20:43:37.909+0000] {dag.py:2726} INFO - Sync 1 DAGs
[2024-10-13T20:43:37.957+0000] {logging_mixin.py:149} INFO - [2024-10-13T20:43:37.956+0000] {dag.py:3490} INFO - Setting next_dagrun for my_first_dag to 2024-10-13T11:15:00+00:00, run_after=2024-10-14T11:15:00+00:00
[2024-10-13T20:43:38.004+0000] {processor.py:179} INFO - Processing /opt/airflow/dags/qwe.py took 0.220 seconds
[2024-10-13T20:44:08.351+0000] {processor.py:157} INFO - Started process (PID=800) to work on /opt/airflow/dags/qwe.py
[2024-10-13T20:44:08.352+0000] {processor.py:826} INFO - Processing file /opt/airflow/dags/qwe.py for tasks to queue
[2024-10-13T20:44:08.353+0000] {logging_mixin.py:149} INFO - [2024-10-13T20:44:08.353+0000] {dagbag.py:541} INFO - Filling up the DagBag from /opt/airflow/dags/qwe.py
[2024-10-13T20:44:08.422+0000] {processor.py:836} INFO - DAG(s) dict_keys(['my_first_dag']) retrieved from /opt/airflow/dags/qwe.py
[2024-10-13T20:44:08.464+0000] {logging_mixin.py:149} INFO - [2024-10-13T20:44:08.464+0000] {dag.py:2726} INFO - Sync 1 DAGs
[2024-10-13T20:44:08.506+0000] {logging_mixin.py:149} INFO - [2024-10-13T20:44:08.505+0000] {dag.py:3490} INFO - Setting next_dagrun for my_first_dag to 2024-10-13T11:15:00+00:00, run_after=2024-10-14T11:15:00+00:00
[2024-10-13T20:44:08.535+0000] {processor.py:179} INFO - Processing /opt/airflow/dags/qwe.py took 0.189 seconds
[2024-10-13T20:44:38.622+0000] {processor.py:157} INFO - Started process (PID=813) to work on /opt/airflow/dags/qwe.py
[2024-10-13T20:44:38.624+0000] {processor.py:826} INFO - Processing file /opt/airflow/dags/qwe.py for tasks to queue
[2024-10-13T20:44:38.625+0000] {logging_mixin.py:149} INFO - [2024-10-13T20:44:38.625+0000] {dagbag.py:541} INFO - Filling up the DagBag from /opt/airflow/dags/qwe.py
[2024-10-13T20:44:38.688+0000] {processor.py:836} INFO - DAG(s) dict_keys(['my_first_dag']) retrieved from /opt/airflow/dags/qwe.py
[2024-10-13T20:44:38.728+0000] {logging_mixin.py:149} INFO - [2024-10-13T20:44:38.728+0000] {dag.py:2726} INFO - Sync 1 DAGs
[2024-10-13T20:44:38.766+0000] {logging_mixin.py:149} INFO - [2024-10-13T20:44:38.766+0000] {dag.py:3490} INFO - Setting next_dagrun for my_first_dag to 2024-10-13T11:15:00+00:00, run_after=2024-10-14T11:15:00+00:00
[2024-10-13T20:44:38.798+0000] {processor.py:179} INFO - Processing /opt/airflow/dags/qwe.py took 0.182 seconds
[2024-10-13T20:45:09.132+0000] {processor.py:157} INFO - Started process (PID=826) to work on /opt/airflow/dags/qwe.py
[2024-10-13T20:45:09.134+0000] {processor.py:826} INFO - Processing file /opt/airflow/dags/qwe.py for tasks to queue
[2024-10-13T20:45:09.135+0000] {logging_mixin.py:149} INFO - [2024-10-13T20:45:09.135+0000] {dagbag.py:541} INFO - Filling up the DagBag from /opt/airflow/dags/qwe.py
[2024-10-13T20:45:09.211+0000] {processor.py:836} INFO - DAG(s) dict_keys(['my_first_dag']) retrieved from /opt/airflow/dags/qwe.py
[2024-10-13T20:45:09.265+0000] {logging_mixin.py:149} INFO - [2024-10-13T20:45:09.264+0000] {dag.py:2726} INFO - Sync 1 DAGs
[2024-10-13T20:45:09.310+0000] {logging_mixin.py:149} INFO - [2024-10-13T20:45:09.309+0000] {dag.py:3490} INFO - Setting next_dagrun for my_first_dag to 2024-10-13T11:15:00+00:00, run_after=2024-10-14T11:15:00+00:00
[2024-10-13T20:45:09.342+0000] {processor.py:179} INFO - Processing /opt/airflow/dags/qwe.py took 0.215 seconds
[2024-10-13T20:45:39.529+0000] {processor.py:157} INFO - Started process (PID=869) to work on /opt/airflow/dags/qwe.py
[2024-10-13T20:45:39.531+0000] {processor.py:826} INFO - Processing file /opt/airflow/dags/qwe.py for tasks to queue
[2024-10-13T20:45:39.532+0000] {logging_mixin.py:149} INFO - [2024-10-13T20:45:39.532+0000] {dagbag.py:541} INFO - Filling up the DagBag from /opt/airflow/dags/qwe.py
[2024-10-13T20:45:39.587+0000] {processor.py:836} INFO - DAG(s) dict_keys(['my_first_dag']) retrieved from /opt/airflow/dags/qwe.py
[2024-10-13T20:45:39.620+0000] {logging_mixin.py:149} INFO - [2024-10-13T20:45:39.619+0000] {dag.py:2726} INFO - Sync 1 DAGs
[2024-10-13T20:45:39.656+0000] {logging_mixin.py:149} INFO - [2024-10-13T20:45:39.656+0000] {dag.py:3490} INFO - Setting next_dagrun for my_first_dag to 2024-10-13T11:15:00+00:00, run_after=2024-10-14T11:15:00+00:00
[2024-10-13T20:45:39.691+0000] {processor.py:179} INFO - Processing /opt/airflow/dags/qwe.py took 0.166 seconds
[2024-10-13T20:46:10.043+0000] {processor.py:157} INFO - Started process (PID=882) to work on /opt/airflow/dags/qwe.py
[2024-10-13T20:46:10.045+0000] {processor.py:826} INFO - Processing file /opt/airflow/dags/qwe.py for tasks to queue
[2024-10-13T20:46:10.046+0000] {logging_mixin.py:149} INFO - [2024-10-13T20:46:10.046+0000] {dagbag.py:541} INFO - Filling up the DagBag from /opt/airflow/dags/qwe.py
[2024-10-13T20:46:10.117+0000] {processor.py:836} INFO - DAG(s) dict_keys(['my_first_dag']) retrieved from /opt/airflow/dags/qwe.py
[2024-10-13T20:46:10.187+0000] {logging_mixin.py:149} INFO - [2024-10-13T20:46:10.186+0000] {dag.py:2726} INFO - Sync 1 DAGs
[2024-10-13T20:46:10.268+0000] {logging_mixin.py:149} INFO - [2024-10-13T20:46:10.267+0000] {dag.py:3490} INFO - Setting next_dagrun for my_first_dag to 2024-10-13T11:15:00+00:00, run_after=2024-10-14T11:15:00+00:00
[2024-10-13T20:46:10.312+0000] {processor.py:179} INFO - Processing /opt/airflow/dags/qwe.py took 0.273 seconds
[2024-10-13T20:46:40.638+0000] {processor.py:157} INFO - Started process (PID=895) to work on /opt/airflow/dags/qwe.py
[2024-10-13T20:46:40.640+0000] {processor.py:826} INFO - Processing file /opt/airflow/dags/qwe.py for tasks to queue
[2024-10-13T20:46:40.643+0000] {logging_mixin.py:149} INFO - [2024-10-13T20:46:40.642+0000] {dagbag.py:541} INFO - Filling up the DagBag from /opt/airflow/dags/qwe.py
[2024-10-13T20:46:40.735+0000] {processor.py:836} INFO - DAG(s) dict_keys(['my_first_dag']) retrieved from /opt/airflow/dags/qwe.py
[2024-10-13T20:46:40.777+0000] {logging_mixin.py:149} INFO - [2024-10-13T20:46:40.777+0000] {dag.py:2726} INFO - Sync 1 DAGs
[2024-10-13T20:46:40.824+0000] {logging_mixin.py:149} INFO - [2024-10-13T20:46:40.823+0000] {dag.py:3490} INFO - Setting next_dagrun for my_first_dag to 2024-10-13T11:15:00+00:00, run_after=2024-10-14T11:15:00+00:00
[2024-10-13T20:46:40.856+0000] {processor.py:179} INFO - Processing /opt/airflow/dags/qwe.py took 0.225 seconds
[2024-10-13T20:47:11.171+0000] {processor.py:157} INFO - Started process (PID=908) to work on /opt/airflow/dags/qwe.py
[2024-10-13T20:47:11.173+0000] {processor.py:826} INFO - Processing file /opt/airflow/dags/qwe.py for tasks to queue
[2024-10-13T20:47:11.174+0000] {logging_mixin.py:149} INFO - [2024-10-13T20:47:11.173+0000] {dagbag.py:541} INFO - Filling up the DagBag from /opt/airflow/dags/qwe.py
[2024-10-13T20:47:11.235+0000] {processor.py:836} INFO - DAG(s) dict_keys(['my_first_dag']) retrieved from /opt/airflow/dags/qwe.py
[2024-10-13T20:47:11.272+0000] {logging_mixin.py:149} INFO - [2024-10-13T20:47:11.272+0000] {dag.py:2726} INFO - Sync 1 DAGs
[2024-10-13T20:47:11.307+0000] {logging_mixin.py:149} INFO - [2024-10-13T20:47:11.307+0000] {dag.py:3490} INFO - Setting next_dagrun for my_first_dag to 2024-10-13T11:15:00+00:00, run_after=2024-10-14T11:15:00+00:00
[2024-10-13T20:47:11.335+0000] {processor.py:179} INFO - Processing /opt/airflow/dags/qwe.py took 0.168 seconds
[2024-10-13T20:47:41.797+0000] {processor.py:157} INFO - Started process (PID=921) to work on /opt/airflow/dags/qwe.py
[2024-10-13T20:47:41.800+0000] {processor.py:826} INFO - Processing file /opt/airflow/dags/qwe.py for tasks to queue
[2024-10-13T20:47:41.801+0000] {logging_mixin.py:149} INFO - [2024-10-13T20:47:41.801+0000] {dagbag.py:541} INFO - Filling up the DagBag from /opt/airflow/dags/qwe.py
[2024-10-13T20:47:41.901+0000] {processor.py:836} INFO - DAG(s) dict_keys(['my_first_dag']) retrieved from /opt/airflow/dags/qwe.py
[2024-10-13T20:47:42.002+0000] {logging_mixin.py:149} INFO - [2024-10-13T20:47:42.001+0000] {dag.py:2726} INFO - Sync 1 DAGs
[2024-10-13T20:47:42.122+0000] {logging_mixin.py:149} INFO - [2024-10-13T20:47:42.122+0000] {dag.py:3490} INFO - Setting next_dagrun for my_first_dag to 2024-10-13T11:15:00+00:00, run_after=2024-10-14T11:15:00+00:00
[2024-10-13T20:47:42.178+0000] {processor.py:179} INFO - Processing /opt/airflow/dags/qwe.py took 0.421 seconds
[2024-10-13T20:48:12.492+0000] {processor.py:157} INFO - Started process (PID=934) to work on /opt/airflow/dags/qwe.py
[2024-10-13T20:48:12.493+0000] {processor.py:826} INFO - Processing file /opt/airflow/dags/qwe.py for tasks to queue
[2024-10-13T20:48:12.494+0000] {logging_mixin.py:149} INFO - [2024-10-13T20:48:12.494+0000] {dagbag.py:541} INFO - Filling up the DagBag from /opt/airflow/dags/qwe.py
[2024-10-13T20:48:12.550+0000] {processor.py:836} INFO - DAG(s) dict_keys(['my_first_dag']) retrieved from /opt/airflow/dags/qwe.py
[2024-10-13T20:48:12.584+0000] {logging_mixin.py:149} INFO - [2024-10-13T20:48:12.584+0000] {dag.py:2726} INFO - Sync 1 DAGs
[2024-10-13T20:48:12.632+0000] {logging_mixin.py:149} INFO - [2024-10-13T20:48:12.631+0000] {dag.py:3490} INFO - Setting next_dagrun for my_first_dag to 2024-10-13T11:15:00+00:00, run_after=2024-10-14T11:15:00+00:00
[2024-10-13T20:48:12.672+0000] {processor.py:179} INFO - Processing /opt/airflow/dags/qwe.py took 0.185 seconds
[2024-10-13T20:48:42.756+0000] {processor.py:157} INFO - Started process (PID=947) to work on /opt/airflow/dags/qwe.py
[2024-10-13T20:48:42.757+0000] {processor.py:826} INFO - Processing file /opt/airflow/dags/qwe.py for tasks to queue
[2024-10-13T20:48:42.759+0000] {logging_mixin.py:149} INFO - [2024-10-13T20:48:42.759+0000] {dagbag.py:541} INFO - Filling up the DagBag from /opt/airflow/dags/qwe.py
[2024-10-13T20:48:42.815+0000] {processor.py:836} INFO - DAG(s) dict_keys(['my_first_dag']) retrieved from /opt/airflow/dags/qwe.py
[2024-10-13T20:48:42.848+0000] {logging_mixin.py:149} INFO - [2024-10-13T20:48:42.848+0000] {dag.py:2726} INFO - Sync 1 DAGs
[2024-10-13T20:48:42.881+0000] {logging_mixin.py:149} INFO - [2024-10-13T20:48:42.880+0000] {dag.py:3490} INFO - Setting next_dagrun for my_first_dag to 2024-10-13T11:15:00+00:00, run_after=2024-10-14T11:15:00+00:00
[2024-10-13T20:48:42.907+0000] {processor.py:179} INFO - Processing /opt/airflow/dags/qwe.py took 0.154 seconds
[2024-10-13T20:49:13.184+0000] {processor.py:157} INFO - Started process (PID=960) to work on /opt/airflow/dags/qwe.py
[2024-10-13T20:49:13.186+0000] {processor.py:826} INFO - Processing file /opt/airflow/dags/qwe.py for tasks to queue
[2024-10-13T20:49:13.187+0000] {logging_mixin.py:149} INFO - [2024-10-13T20:49:13.186+0000] {dagbag.py:541} INFO - Filling up the DagBag from /opt/airflow/dags/qwe.py
[2024-10-13T20:49:13.241+0000] {processor.py:836} INFO - DAG(s) dict_keys(['my_first_dag']) retrieved from /opt/airflow/dags/qwe.py
[2024-10-13T20:49:13.274+0000] {logging_mixin.py:149} INFO - [2024-10-13T20:49:13.274+0000] {dag.py:2726} INFO - Sync 1 DAGs
[2024-10-13T20:49:13.309+0000] {logging_mixin.py:149} INFO - [2024-10-13T20:49:13.309+0000] {dag.py:3490} INFO - Setting next_dagrun for my_first_dag to 2024-10-13T11:15:00+00:00, run_after=2024-10-14T11:15:00+00:00
[2024-10-13T20:49:13.342+0000] {processor.py:179} INFO - Processing /opt/airflow/dags/qwe.py took 0.161 seconds
[2024-10-13T20:49:43.460+0000] {processor.py:157} INFO - Started process (PID=973) to work on /opt/airflow/dags/qwe.py
[2024-10-13T20:49:43.461+0000] {processor.py:826} INFO - Processing file /opt/airflow/dags/qwe.py for tasks to queue
[2024-10-13T20:49:43.462+0000] {logging_mixin.py:149} INFO - [2024-10-13T20:49:43.462+0000] {dagbag.py:541} INFO - Filling up the DagBag from /opt/airflow/dags/qwe.py
[2024-10-13T20:49:43.522+0000] {processor.py:836} INFO - DAG(s) dict_keys(['my_first_dag']) retrieved from /opt/airflow/dags/qwe.py
[2024-10-13T20:49:43.557+0000] {logging_mixin.py:149} INFO - [2024-10-13T20:49:43.557+0000] {dag.py:2726} INFO - Sync 1 DAGs
[2024-10-13T20:49:43.597+0000] {logging_mixin.py:149} INFO - [2024-10-13T20:49:43.597+0000] {dag.py:3490} INFO - Setting next_dagrun for my_first_dag to 2024-10-13T11:15:00+00:00, run_after=2024-10-14T11:15:00+00:00
[2024-10-13T20:49:43.624+0000] {processor.py:179} INFO - Processing /opt/airflow/dags/qwe.py took 0.169 seconds
[2024-10-13T20:50:14.025+0000] {processor.py:157} INFO - Started process (PID=986) to work on /opt/airflow/dags/qwe.py
[2024-10-13T20:50:14.026+0000] {processor.py:826} INFO - Processing file /opt/airflow/dags/qwe.py for tasks to queue
[2024-10-13T20:50:14.028+0000] {logging_mixin.py:149} INFO - [2024-10-13T20:50:14.028+0000] {dagbag.py:541} INFO - Filling up the DagBag from /opt/airflow/dags/qwe.py
[2024-10-13T20:50:14.103+0000] {processor.py:836} INFO - DAG(s) dict_keys(['my_first_dag']) retrieved from /opt/airflow/dags/qwe.py
[2024-10-13T20:50:14.148+0000] {logging_mixin.py:149} INFO - [2024-10-13T20:50:14.148+0000] {dag.py:2726} INFO - Sync 1 DAGs
[2024-10-13T20:50:14.190+0000] {logging_mixin.py:149} INFO - [2024-10-13T20:50:14.189+0000] {dag.py:3490} INFO - Setting next_dagrun for my_first_dag to 2024-10-13T11:15:00+00:00, run_after=2024-10-14T11:15:00+00:00
[2024-10-13T20:50:14.220+0000] {processor.py:179} INFO - Processing /opt/airflow/dags/qwe.py took 0.200 seconds
[2024-10-13T20:50:44.481+0000] {processor.py:157} INFO - Started process (PID=999) to work on /opt/airflow/dags/qwe.py
[2024-10-13T20:50:44.483+0000] {processor.py:826} INFO - Processing file /opt/airflow/dags/qwe.py for tasks to queue
[2024-10-13T20:50:44.484+0000] {logging_mixin.py:149} INFO - [2024-10-13T20:50:44.484+0000] {dagbag.py:541} INFO - Filling up the DagBag from /opt/airflow/dags/qwe.py
[2024-10-13T20:50:44.562+0000] {processor.py:836} INFO - DAG(s) dict_keys(['my_first_dag']) retrieved from /opt/airflow/dags/qwe.py
[2024-10-13T20:50:44.605+0000] {logging_mixin.py:149} INFO - [2024-10-13T20:50:44.605+0000] {dag.py:2726} INFO - Sync 1 DAGs
[2024-10-13T20:50:44.656+0000] {logging_mixin.py:149} INFO - [2024-10-13T20:50:44.655+0000] {dag.py:3490} INFO - Setting next_dagrun for my_first_dag to 2024-10-13T11:15:00+00:00, run_after=2024-10-14T11:15:00+00:00
[2024-10-13T20:50:44.690+0000] {processor.py:179} INFO - Processing /opt/airflow/dags/qwe.py took 0.213 seconds
[2024-10-13T20:51:14.950+0000] {processor.py:157} INFO - Started process (PID=1012) to work on /opt/airflow/dags/qwe.py
[2024-10-13T20:51:14.952+0000] {processor.py:826} INFO - Processing file /opt/airflow/dags/qwe.py for tasks to queue
[2024-10-13T20:51:14.954+0000] {logging_mixin.py:149} INFO - [2024-10-13T20:51:14.954+0000] {dagbag.py:541} INFO - Filling up the DagBag from /opt/airflow/dags/qwe.py
[2024-10-13T20:51:15.008+0000] {processor.py:836} INFO - DAG(s) dict_keys(['my_first_dag']) retrieved from /opt/airflow/dags/qwe.py
[2024-10-13T20:51:15.043+0000] {logging_mixin.py:149} INFO - [2024-10-13T20:51:15.042+0000] {dag.py:2726} INFO - Sync 1 DAGs
[2024-10-13T20:51:15.076+0000] {logging_mixin.py:149} INFO - [2024-10-13T20:51:15.076+0000] {dag.py:3490} INFO - Setting next_dagrun for my_first_dag to 2024-10-13T11:15:00+00:00, run_after=2024-10-14T11:15:00+00:00
[2024-10-13T20:51:15.106+0000] {processor.py:179} INFO - Processing /opt/airflow/dags/qwe.py took 0.160 seconds
[2024-10-13T20:51:45.352+0000] {processor.py:157} INFO - Started process (PID=1025) to work on /opt/airflow/dags/qwe.py
[2024-10-13T20:51:45.354+0000] {processor.py:826} INFO - Processing file /opt/airflow/dags/qwe.py for tasks to queue
[2024-10-13T20:51:45.355+0000] {logging_mixin.py:149} INFO - [2024-10-13T20:51:45.355+0000] {dagbag.py:541} INFO - Filling up the DagBag from /opt/airflow/dags/qwe.py
[2024-10-13T20:51:45.421+0000] {processor.py:836} INFO - DAG(s) dict_keys(['my_first_dag']) retrieved from /opt/airflow/dags/qwe.py
[2024-10-13T20:51:45.462+0000] {logging_mixin.py:149} INFO - [2024-10-13T20:51:45.462+0000] {dag.py:2726} INFO - Sync 1 DAGs
[2024-10-13T20:51:45.510+0000] {logging_mixin.py:149} INFO - [2024-10-13T20:51:45.510+0000] {dag.py:3490} INFO - Setting next_dagrun for my_first_dag to 2024-10-13T11:15:00+00:00, run_after=2024-10-14T11:15:00+00:00
[2024-10-13T20:51:45.541+0000] {processor.py:179} INFO - Processing /opt/airflow/dags/qwe.py took 0.191 seconds
[2024-10-13T20:52:15.781+0000] {processor.py:157} INFO - Started process (PID=1038) to work on /opt/airflow/dags/qwe.py
[2024-10-13T20:52:15.782+0000] {processor.py:826} INFO - Processing file /opt/airflow/dags/qwe.py for tasks to queue
[2024-10-13T20:52:15.783+0000] {logging_mixin.py:149} INFO - [2024-10-13T20:52:15.783+0000] {dagbag.py:541} INFO - Filling up the DagBag from /opt/airflow/dags/qwe.py
[2024-10-13T20:52:15.851+0000] {processor.py:836} INFO - DAG(s) dict_keys(['my_first_dag']) retrieved from /opt/airflow/dags/qwe.py
[2024-10-13T20:52:15.884+0000] {logging_mixin.py:149} INFO - [2024-10-13T20:52:15.884+0000] {dag.py:2726} INFO - Sync 1 DAGs
[2024-10-13T20:52:15.926+0000] {logging_mixin.py:149} INFO - [2024-10-13T20:52:15.926+0000] {dag.py:3490} INFO - Setting next_dagrun for my_first_dag to 2024-10-13T11:15:00+00:00, run_after=2024-10-14T11:15:00+00:00
[2024-10-13T20:52:15.959+0000] {processor.py:179} INFO - Processing /opt/airflow/dags/qwe.py took 0.181 seconds
[2024-10-13T20:52:46.097+0000] {processor.py:157} INFO - Started process (PID=1051) to work on /opt/airflow/dags/qwe.py
[2024-10-13T20:52:46.098+0000] {processor.py:826} INFO - Processing file /opt/airflow/dags/qwe.py for tasks to queue
[2024-10-13T20:52:46.100+0000] {logging_mixin.py:149} INFO - [2024-10-13T20:52:46.099+0000] {dagbag.py:541} INFO - Filling up the DagBag from /opt/airflow/dags/qwe.py
[2024-10-13T20:52:46.183+0000] {processor.py:836} INFO - DAG(s) dict_keys(['my_first_dag']) retrieved from /opt/airflow/dags/qwe.py
[2024-10-13T20:52:46.239+0000] {logging_mixin.py:149} INFO - [2024-10-13T20:52:46.239+0000] {dag.py:2726} INFO - Sync 1 DAGs
[2024-10-13T20:52:46.298+0000] {logging_mixin.py:149} INFO - [2024-10-13T20:52:46.298+0000] {dag.py:3490} INFO - Setting next_dagrun for my_first_dag to 2024-10-13T11:15:00+00:00, run_after=2024-10-14T11:15:00+00:00
[2024-10-13T20:52:46.331+0000] {processor.py:179} INFO - Processing /opt/airflow/dags/qwe.py took 0.238 seconds
[2024-10-13T20:53:16.387+0000] {processor.py:157} INFO - Started process (PID=1064) to work on /opt/airflow/dags/qwe.py
[2024-10-13T20:53:16.389+0000] {processor.py:826} INFO - Processing file /opt/airflow/dags/qwe.py for tasks to queue
[2024-10-13T20:53:16.390+0000] {logging_mixin.py:149} INFO - [2024-10-13T20:53:16.389+0000] {dagbag.py:541} INFO - Filling up the DagBag from /opt/airflow/dags/qwe.py
[2024-10-13T20:53:16.450+0000] {processor.py:836} INFO - DAG(s) dict_keys(['my_first_dag']) retrieved from /opt/airflow/dags/qwe.py
[2024-10-13T20:53:16.486+0000] {logging_mixin.py:149} INFO - [2024-10-13T20:53:16.485+0000] {dag.py:2726} INFO - Sync 1 DAGs
[2024-10-13T20:53:16.521+0000] {logging_mixin.py:149} INFO - [2024-10-13T20:53:16.521+0000] {dag.py:3490} INFO - Setting next_dagrun for my_first_dag to 2024-10-13T11:15:00+00:00, run_after=2024-10-14T11:15:00+00:00
[2024-10-13T20:53:16.547+0000] {processor.py:179} INFO - Processing /opt/airflow/dags/qwe.py took 0.163 seconds
[2024-10-13T20:53:46.816+0000] {processor.py:157} INFO - Started process (PID=1077) to work on /opt/airflow/dags/qwe.py
[2024-10-13T20:53:46.818+0000] {processor.py:826} INFO - Processing file /opt/airflow/dags/qwe.py for tasks to queue
[2024-10-13T20:53:46.819+0000] {logging_mixin.py:149} INFO - [2024-10-13T20:53:46.819+0000] {dagbag.py:541} INFO - Filling up the DagBag from /opt/airflow/dags/qwe.py
[2024-10-13T20:53:46.895+0000] {processor.py:836} INFO - DAG(s) dict_keys(['my_first_dag']) retrieved from /opt/airflow/dags/qwe.py
[2024-10-13T20:53:46.939+0000] {logging_mixin.py:149} INFO - [2024-10-13T20:53:46.939+0000] {dag.py:2726} INFO - Sync 1 DAGs
[2024-10-13T20:53:46.991+0000] {logging_mixin.py:149} INFO - [2024-10-13T20:53:46.991+0000] {dag.py:3490} INFO - Setting next_dagrun for my_first_dag to 2024-10-13T11:15:00+00:00, run_after=2024-10-14T11:15:00+00:00
[2024-10-13T20:53:47.026+0000] {processor.py:179} INFO - Processing /opt/airflow/dags/qwe.py took 0.215 seconds
[2024-10-13T20:54:17.190+0000] {processor.py:157} INFO - Started process (PID=1090) to work on /opt/airflow/dags/qwe.py
[2024-10-13T20:54:17.192+0000] {processor.py:826} INFO - Processing file /opt/airflow/dags/qwe.py for tasks to queue
[2024-10-13T20:54:17.194+0000] {logging_mixin.py:149} INFO - [2024-10-13T20:54:17.193+0000] {dagbag.py:541} INFO - Filling up the DagBag from /opt/airflow/dags/qwe.py
[2024-10-13T20:54:17.276+0000] {processor.py:836} INFO - DAG(s) dict_keys(['my_first_dag']) retrieved from /opt/airflow/dags/qwe.py
[2024-10-13T20:54:17.320+0000] {logging_mixin.py:149} INFO - [2024-10-13T20:54:17.320+0000] {dag.py:2726} INFO - Sync 1 DAGs
[2024-10-13T20:54:17.366+0000] {logging_mixin.py:149} INFO - [2024-10-13T20:54:17.366+0000] {dag.py:3490} INFO - Setting next_dagrun for my_first_dag to 2024-10-13T11:15:00+00:00, run_after=2024-10-14T11:15:00+00:00
[2024-10-13T20:54:17.400+0000] {processor.py:179} INFO - Processing /opt/airflow/dags/qwe.py took 0.214 seconds
[2024-10-13T20:54:47.650+0000] {processor.py:157} INFO - Started process (PID=1103) to work on /opt/airflow/dags/qwe.py
[2024-10-13T20:54:47.651+0000] {processor.py:826} INFO - Processing file /opt/airflow/dags/qwe.py for tasks to queue
[2024-10-13T20:54:47.653+0000] {logging_mixin.py:149} INFO - [2024-10-13T20:54:47.652+0000] {dagbag.py:541} INFO - Filling up the DagBag from /opt/airflow/dags/qwe.py
[2024-10-13T20:54:47.715+0000] {processor.py:836} INFO - DAG(s) dict_keys(['my_first_dag']) retrieved from /opt/airflow/dags/qwe.py
[2024-10-13T20:54:47.751+0000] {logging_mixin.py:149} INFO - [2024-10-13T20:54:47.751+0000] {dag.py:2726} INFO - Sync 1 DAGs
[2024-10-13T20:54:47.788+0000] {logging_mixin.py:149} INFO - [2024-10-13T20:54:47.788+0000] {dag.py:3490} INFO - Setting next_dagrun for my_first_dag to 2024-10-13T11:15:00+00:00, run_after=2024-10-14T11:15:00+00:00
[2024-10-13T20:54:47.817+0000] {processor.py:179} INFO - Processing /opt/airflow/dags/qwe.py took 0.170 seconds
[2024-10-13T20:55:17.937+0000] {processor.py:157} INFO - Started process (PID=1116) to work on /opt/airflow/dags/qwe.py
[2024-10-13T20:55:17.938+0000] {processor.py:826} INFO - Processing file /opt/airflow/dags/qwe.py for tasks to queue
[2024-10-13T20:55:17.940+0000] {logging_mixin.py:149} INFO - [2024-10-13T20:55:17.939+0000] {dagbag.py:541} INFO - Filling up the DagBag from /opt/airflow/dags/qwe.py
[2024-10-13T20:55:18.007+0000] {processor.py:836} INFO - DAG(s) dict_keys(['my_first_dag']) retrieved from /opt/airflow/dags/qwe.py
[2024-10-13T20:55:18.048+0000] {logging_mixin.py:149} INFO - [2024-10-13T20:55:18.047+0000] {dag.py:2726} INFO - Sync 1 DAGs
[2024-10-13T20:55:18.084+0000] {logging_mixin.py:149} INFO - [2024-10-13T20:55:18.083+0000] {dag.py:3490} INFO - Setting next_dagrun for my_first_dag to 2024-10-13T11:15:00+00:00, run_after=2024-10-14T11:15:00+00:00
[2024-10-13T20:55:18.113+0000] {processor.py:179} INFO - Processing /opt/airflow/dags/qwe.py took 0.179 seconds
[2024-10-13T20:55:48.302+0000] {processor.py:157} INFO - Started process (PID=1118) to work on /opt/airflow/dags/qwe.py
[2024-10-13T20:55:48.304+0000] {processor.py:826} INFO - Processing file /opt/airflow/dags/qwe.py for tasks to queue
[2024-10-13T20:55:48.305+0000] {logging_mixin.py:149} INFO - [2024-10-13T20:55:48.304+0000] {dagbag.py:541} INFO - Filling up the DagBag from /opt/airflow/dags/qwe.py
[2024-10-13T20:55:48.406+0000] {processor.py:836} INFO - DAG(s) dict_keys(['my_first_dag']) retrieved from /opt/airflow/dags/qwe.py
[2024-10-13T20:55:48.478+0000] {logging_mixin.py:149} INFO - [2024-10-13T20:55:48.478+0000] {dag.py:2726} INFO - Sync 1 DAGs
[2024-10-13T20:55:48.523+0000] {logging_mixin.py:149} INFO - [2024-10-13T20:55:48.523+0000] {dag.py:3490} INFO - Setting next_dagrun for my_first_dag to 2024-10-13T11:15:00+00:00, run_after=2024-10-14T11:15:00+00:00
[2024-10-13T20:55:48.555+0000] {processor.py:179} INFO - Processing /opt/airflow/dags/qwe.py took 0.257 seconds
[2024-10-13T20:56:18.835+0000] {processor.py:157} INFO - Started process (PID=1130) to work on /opt/airflow/dags/qwe.py
[2024-10-13T20:56:18.838+0000] {processor.py:826} INFO - Processing file /opt/airflow/dags/qwe.py for tasks to queue
[2024-10-13T20:56:18.840+0000] {logging_mixin.py:149} INFO - [2024-10-13T20:56:18.840+0000] {dagbag.py:541} INFO - Filling up the DagBag from /opt/airflow/dags/qwe.py
[2024-10-13T20:56:18.913+0000] {processor.py:836} INFO - DAG(s) dict_keys(['my_first_dag']) retrieved from /opt/airflow/dags/qwe.py
[2024-10-13T20:56:18.955+0000] {logging_mixin.py:149} INFO - [2024-10-13T20:56:18.955+0000] {dag.py:2726} INFO - Sync 1 DAGs
[2024-10-13T20:56:18.996+0000] {logging_mixin.py:149} INFO - [2024-10-13T20:56:18.996+0000] {dag.py:3490} INFO - Setting next_dagrun for my_first_dag to 2024-10-13T11:15:00+00:00, run_after=2024-10-14T11:15:00+00:00
[2024-10-13T20:56:19.027+0000] {processor.py:179} INFO - Processing /opt/airflow/dags/qwe.py took 0.197 seconds
[2024-10-13T20:56:49.292+0000] {processor.py:157} INFO - Started process (PID=1143) to work on /opt/airflow/dags/qwe.py
[2024-10-13T20:56:49.294+0000] {processor.py:826} INFO - Processing file /opt/airflow/dags/qwe.py for tasks to queue
[2024-10-13T20:56:49.295+0000] {logging_mixin.py:149} INFO - [2024-10-13T20:56:49.295+0000] {dagbag.py:541} INFO - Filling up the DagBag from /opt/airflow/dags/qwe.py
[2024-10-13T20:56:49.352+0000] {processor.py:836} INFO - DAG(s) dict_keys(['my_first_dag']) retrieved from /opt/airflow/dags/qwe.py
[2024-10-13T20:56:49.392+0000] {logging_mixin.py:149} INFO - [2024-10-13T20:56:49.392+0000] {dag.py:2726} INFO - Sync 1 DAGs
[2024-10-13T20:56:49.434+0000] {logging_mixin.py:149} INFO - [2024-10-13T20:56:49.433+0000] {dag.py:3490} INFO - Setting next_dagrun for my_first_dag to 2024-10-13T11:15:00+00:00, run_after=2024-10-14T11:15:00+00:00
[2024-10-13T20:56:49.471+0000] {processor.py:179} INFO - Processing /opt/airflow/dags/qwe.py took 0.182 seconds
[2024-10-13T20:57:19.546+0000] {processor.py:157} INFO - Started process (PID=1156) to work on /opt/airflow/dags/qwe.py
[2024-10-13T20:57:19.548+0000] {processor.py:826} INFO - Processing file /opt/airflow/dags/qwe.py for tasks to queue
[2024-10-13T20:57:19.549+0000] {logging_mixin.py:149} INFO - [2024-10-13T20:57:19.549+0000] {dagbag.py:541} INFO - Filling up the DagBag from /opt/airflow/dags/qwe.py
[2024-10-13T20:57:19.605+0000] {processor.py:836} INFO - DAG(s) dict_keys(['my_first_dag']) retrieved from /opt/airflow/dags/qwe.py
[2024-10-13T20:57:19.640+0000] {logging_mixin.py:149} INFO - [2024-10-13T20:57:19.640+0000] {dag.py:2726} INFO - Sync 1 DAGs
[2024-10-13T20:57:19.674+0000] {logging_mixin.py:149} INFO - [2024-10-13T20:57:19.674+0000] {dag.py:3490} INFO - Setting next_dagrun for my_first_dag to 2024-10-13T11:15:00+00:00, run_after=2024-10-14T11:15:00+00:00
[2024-10-13T20:57:19.701+0000] {processor.py:179} INFO - Processing /opt/airflow/dags/qwe.py took 0.158 seconds
[2024-10-13T20:57:50.170+0000] {processor.py:157} INFO - Started process (PID=1169) to work on /opt/airflow/dags/qwe.py
[2024-10-13T20:57:50.173+0000] {processor.py:826} INFO - Processing file /opt/airflow/dags/qwe.py for tasks to queue
[2024-10-13T20:57:50.174+0000] {logging_mixin.py:149} INFO - [2024-10-13T20:57:50.174+0000] {dagbag.py:541} INFO - Filling up the DagBag from /opt/airflow/dags/qwe.py
[2024-10-13T20:57:50.269+0000] {processor.py:836} INFO - DAG(s) dict_keys(['my_first_dag']) retrieved from /opt/airflow/dags/qwe.py
[2024-10-13T20:57:50.370+0000] {logging_mixin.py:149} INFO - [2024-10-13T20:57:50.369+0000] {dag.py:2726} INFO - Sync 1 DAGs
[2024-10-13T20:57:50.463+0000] {logging_mixin.py:149} INFO - [2024-10-13T20:57:50.463+0000] {dag.py:3490} INFO - Setting next_dagrun for my_first_dag to 2024-10-13T11:15:00+00:00, run_after=2024-10-14T11:15:00+00:00
[2024-10-13T20:57:50.504+0000] {processor.py:179} INFO - Processing /opt/airflow/dags/qwe.py took 0.386 seconds
[2024-10-13T20:58:20.823+0000] {processor.py:157} INFO - Started process (PID=1182) to work on /opt/airflow/dags/qwe.py
[2024-10-13T20:58:20.824+0000] {processor.py:826} INFO - Processing file /opt/airflow/dags/qwe.py for tasks to queue
[2024-10-13T20:58:20.825+0000] {logging_mixin.py:149} INFO - [2024-10-13T20:58:20.825+0000] {dagbag.py:541} INFO - Filling up the DagBag from /opt/airflow/dags/qwe.py
[2024-10-13T20:58:20.948+0000] {processor.py:836} INFO - DAG(s) dict_keys(['my_first_dag']) retrieved from /opt/airflow/dags/qwe.py
[2024-10-13T20:58:21.003+0000] {logging_mixin.py:149} INFO - [2024-10-13T20:58:21.003+0000] {dag.py:2726} INFO - Sync 1 DAGs
[2024-10-13T20:58:21.047+0000] {logging_mixin.py:149} INFO - [2024-10-13T20:58:21.047+0000] {dag.py:3490} INFO - Setting next_dagrun for my_first_dag to 2024-10-13T11:15:00+00:00, run_after=2024-10-14T11:15:00+00:00
[2024-10-13T20:58:21.082+0000] {processor.py:179} INFO - Processing /opt/airflow/dags/qwe.py took 0.266 seconds
[2024-10-13T20:58:51.368+0000] {processor.py:157} INFO - Started process (PID=1195) to work on /opt/airflow/dags/qwe.py
[2024-10-13T20:58:51.369+0000] {processor.py:826} INFO - Processing file /opt/airflow/dags/qwe.py for tasks to queue
[2024-10-13T20:58:51.371+0000] {logging_mixin.py:149} INFO - [2024-10-13T20:58:51.371+0000] {dagbag.py:541} INFO - Filling up the DagBag from /opt/airflow/dags/qwe.py
[2024-10-13T20:58:51.451+0000] {processor.py:836} INFO - DAG(s) dict_keys(['my_first_dag']) retrieved from /opt/airflow/dags/qwe.py
[2024-10-13T20:58:51.504+0000] {logging_mixin.py:149} INFO - [2024-10-13T20:58:51.504+0000] {dag.py:2726} INFO - Sync 1 DAGs
[2024-10-13T20:58:51.555+0000] {logging_mixin.py:149} INFO - [2024-10-13T20:58:51.554+0000] {dag.py:3490} INFO - Setting next_dagrun for my_first_dag to 2024-10-13T11:15:00+00:00, run_after=2024-10-14T11:15:00+00:00
[2024-10-13T20:58:51.591+0000] {processor.py:179} INFO - Processing /opt/airflow/dags/qwe.py took 0.228 seconds
