[2024-11-04T17:57:14.424+0000] {taskinstance.py:1103} INFO - Dependencies all met for dep_context=non-requeueable deps ti=<TaskInstance: api_binance_dag1.draw_smth_graphs manual__2024-11-04T17:53:51.201211+00:00 [queued]>
[2024-11-04T17:57:14.442+0000] {taskinstance.py:1103} INFO - Dependencies all met for dep_context=requeueable deps ti=<TaskInstance: api_binance_dag1.draw_smth_graphs manual__2024-11-04T17:53:51.201211+00:00 [queued]>
[2024-11-04T17:57:14.442+0000] {taskinstance.py:1308} INFO - Starting attempt 1 of 3
[2024-11-04T17:57:14.474+0000] {taskinstance.py:1327} INFO - Executing <Task(PythonOperator): draw_smth_graphs> on 2024-11-04 17:53:51.201211+00:00
[2024-11-04T17:57:14.485+0000] {standard_task_runner.py:57} INFO - Started process 69 to run task
[2024-11-04T17:57:14.492+0000] {standard_task_runner.py:84} INFO - Running: ['***', 'tasks', 'run', 'api_binance_dag1', 'draw_smth_graphs', 'manual__2024-11-04T17:53:51.201211+00:00', '--job-id', '1002', '--raw', '--subdir', 'DAGS_FOLDER/binance.Dag1.py', '--cfg-path', '/tmp/tmpeo1ufzve']
[2024-11-04T17:57:14.496+0000] {standard_task_runner.py:85} INFO - Job 1002: Subtask draw_smth_graphs
[2024-11-04T17:57:14.524+0000] {warnings.py:110} WARNING - /home/***/.local/lib/python3.7/site-packages/***/settings.py:195: DeprecationWarning: The sql_alchemy_conn option in [core] has been moved to the sql_alchemy_conn option in [database] - the old setting has been used, but please update your config.
  SQL_ALCHEMY_CONN = conf.get("database", "SQL_ALCHEMY_CONN")

[2024-11-04T17:57:14.572+0000] {task_command.py:410} INFO - Running <TaskInstance: api_binance_dag1.draw_smth_graphs manual__2024-11-04T17:53:51.201211+00:00 [running]> on host 3e776c2a96a1
[2024-11-04T17:57:14.720+0000] {taskinstance.py:1547} INFO - Exporting env vars: AIRFLOW_CTX_DAG_OWNER='Danil' AIRFLOW_CTX_DAG_ID='api_binance_dag1' AIRFLOW_CTX_TASK_ID='draw_smth_graphs' AIRFLOW_CTX_EXECUTION_DATE='2024-11-04T17:53:51.201211+00:00' AIRFLOW_CTX_TRY_NUMBER='1' AIRFLOW_CTX_DAG_RUN_ID='manual__2024-11-04T17:53:51.201211+00:00'
[2024-11-04T17:57:14.721+0000] {logging_mixin.py:149} INFO - Начинаем строить графики
[2024-11-04T17:57:14.787+0000] {logging_mixin.py:149} INFO - Данные успешно получены:    Имя монеты  Дата открытия  Цена открытия  Наивысшая цена  Наименьшая цена  Цена последней совершенной сделки
0         SOL  1729900800000       164.9100        173.2500         162.4300                           170.8800
1         SOL  1729987200000       170.8700        178.2700         170.2600                           176.6300
2         SOL  1730073600000       176.6300        179.8000         172.4500                           178.2900
3         SOL  1730160000000       178.2800        183.3800         176.4100                           179.4200
4         SOL  1730246400000       179.4300        181.3600         173.0100                           174.8700
5         SOL  1730332800000       174.8700        176.5600         167.5600                           168.6900
6         SOL  1730419200000       168.6900        174.0000         163.4300                           166.1000
7         SOL  1730505600000       166.1100        168.6100         162.1100                           166.1700
8         SOL  1730592000000       166.1600        166.6100         157.8200                           162.5300
9         SOL  1730678400000       162.5200        165.0400         159.1400                           159.2200
10      1INCH  1729900800000         0.2478          0.2522           0.2423                             0.2510
11      1INCH  1729987200000         0.2510          0.2606           0.2499                             0.2573
12      1INCH  1730073600000         0.2574          0.2613           0.2466                             0.2592
13      1INCH  1730160000000         0.2592          0.2684           0.2577                             0.2641
14      1INCH  1730246400000         0.2642          0.2643           0.2523                             0.2598
15      1INCH  1730332800000         0.2598          0.2603           0.2436                             0.2460
16      1INCH  1730419200000         0.2459          0.2506           0.2393                             0.2438
17      1INCH  1730505600000         0.2438          0.2478           0.2371                             0.2404
18      1INCH  1730592000000         0.2404          0.2409           0.2231                             0.2311
19      1INCH  1730678400000         0.2310          0.2342           0.2273                             0.2295
20        SUI  1729900800000         1.7520          1.8464           1.7004                             1.7950
21        SUI  1729987200000         1.7952          1.8270           1.7248                             1.7559
22        SUI  1730073600000         1.7559          1.7886           1.5983                             1.7729
23        SUI  1730160000000         1.7726          2.0999           1.7637                             2.0731
24        SUI  1730246400000         2.0718          2.1329           1.9783                             2.0828
25        SUI  1730332800000         2.0827          2.0987           1.9368                             1.9715
26        SUI  1730419200000         1.9715          2.1099           1.9160                             1.9900
27        SUI  1730505600000         1.9905          2.0258           1.8687                             1.9083
28        SUI  1730592000000         1.9083          1.9641           1.7715                             1.9466
29        SUI  1730678400000         1.9464          1.9677           1.8461                             1.8601
30        TON  1729900800000         4.7760          5.0000           4.7380                             4.9250
31        TON  1729987200000         4.9240          4.9980           4.9040                             4.9970
32        TON  1730073600000         4.9970          5.0540           4.9270                             5.0170
33        TON  1730160000000         5.0170          5.1470           4.9870                             5.0200
34        TON  1730246400000         5.0200          5.0810           4.9590                             4.9890
35        TON  1730332800000         4.9900          5.0080           4.7580                             4.8460
36        TON  1730419200000         4.8470          4.9510           4.7910                             4.8940
37        TON  1730505600000         4.8940          4.9620           4.8450                             4.8740
38        TON  1730592000000         4.8740          4.8840           4.6640                             4.8180
39        TON  1730678400000         4.8180          4.9090           4.7460                             4.7880
40       STRK  1729900800000         0.3597          0.3728           0.3521                             0.3703
41       STRK  1729987200000         0.3702          0.3864           0.3661                             0.3786
42       STRK  1730073600000         0.3787          0.3849           0.3616                             0.3767
43       STRK  1730160000000         0.3768          0.3997           0.3765                             0.3942
44       STRK  1730246400000         0.3942          0.4063           0.3862                             0.3923
45       STRK  1730332800000         0.3924          0.3944           0.3649                             0.3710
46       STRK  1730419200000         0.3709          0.3804           0.3595                             0.3669
47       STRK  1730505600000         0.3666          0.3709           0.3537                             0.3618
48       STRK  1730592000000         0.3619          0.3634           0.3302                             0.3460
49       STRK  1730678400000         0.3459          0.3510           0.3364                             0.3423
[2024-11-04T17:57:14.798+0000] {logging_mixin.py:149} INFO -    Имя монеты Дата открытия  Цена последней совершенной сделки
0         SOL    2024-10-26                           170.8800
1         SOL    2024-10-27                           176.6300
2         SOL    2024-10-28                           178.2900
3         SOL    2024-10-29                           179.4200
4         SOL    2024-10-30                           174.8700
5         SOL    2024-10-31                           168.6900
6         SOL    2024-11-01                           166.1000
7         SOL    2024-11-02                           166.1700
8         SOL    2024-11-03                           162.5300
9         SOL    2024-11-04                           159.2200
10      1INCH    2024-10-26                             0.2510
11      1INCH    2024-10-27                             0.2573
12      1INCH    2024-10-28                             0.2592
13      1INCH    2024-10-29                             0.2641
14      1INCH    2024-10-30                             0.2598
15      1INCH    2024-10-31                             0.2460
16      1INCH    2024-11-01                             0.2438
17      1INCH    2024-11-02                             0.2404
18      1INCH    2024-11-03                             0.2311
19      1INCH    2024-11-04                             0.2295
20        SUI    2024-10-26                             1.7950
21        SUI    2024-10-27                             1.7559
22        SUI    2024-10-28                             1.7729
23        SUI    2024-10-29                             2.0731
24        SUI    2024-10-30                             2.0828
25        SUI    2024-10-31                             1.9715
26        SUI    2024-11-01                             1.9900
27        SUI    2024-11-02                             1.9083
28        SUI    2024-11-03                             1.9466
29        SUI    2024-11-04                             1.8601
30        TON    2024-10-26                             4.9250
31        TON    2024-10-27                             4.9970
32        TON    2024-10-28                             5.0170
33        TON    2024-10-29                             5.0200
34        TON    2024-10-30                             4.9890
35        TON    2024-10-31                             4.8460
36        TON    2024-11-01                             4.8940
37        TON    2024-11-02                             4.8740
38        TON    2024-11-03                             4.8180
39        TON    2024-11-04                             4.7880
40       STRK    2024-10-26                             0.3703
41       STRK    2024-10-27                             0.3786
42       STRK    2024-10-28                             0.3767
43       STRK    2024-10-29                             0.3942
44       STRK    2024-10-30                             0.3923
45       STRK    2024-10-31                             0.3710
46       STRK    2024-11-01                             0.3669
47       STRK    2024-11-02                             0.3618
48       STRK    2024-11-03                             0.3460
49       STRK    2024-11-04                             0.3423
[2024-11-04T17:57:15.862+0000] {python.py:183} INFO - Done. Returned value was: None
[2024-11-04T17:57:15.879+0000] {taskinstance.py:1350} INFO - Marking task as SUCCESS. dag_id=api_binance_dag1, task_id=draw_smth_graphs, execution_date=20241104T175351, start_date=20241104T175714, end_date=20241104T175715
[2024-11-04T17:57:15.988+0000] {local_task_job_runner.py:225} INFO - Task exited with return code 0
[2024-11-04T17:57:16.023+0000] {taskinstance.py:2653} INFO - 0 downstream tasks scheduled from follow-on schedule check
