[2024-10-21T17:38:46.107+0000] {taskinstance.py:1103} INFO - Dependencies all met for dep_context=non-requeueable deps ti=<TaskInstance: api_binance_dag1.draw_smth_graphs manual__2024-10-21T17:01:43.335906+00:00 [queued]>
[2024-10-21T17:38:46.131+0000] {taskinstance.py:1103} INFO - Dependencies all met for dep_context=requeueable deps ti=<TaskInstance: api_binance_dag1.draw_smth_graphs manual__2024-10-21T17:01:43.335906+00:00 [queued]>
[2024-10-21T17:38:46.132+0000] {taskinstance.py:1308} INFO - Starting attempt 1 of 6
[2024-10-21T17:38:46.165+0000] {taskinstance.py:1327} INFO - Executing <Task(PythonOperator): draw_smth_graphs> on 2024-10-21 17:01:43.335906+00:00
[2024-10-21T17:38:46.178+0000] {standard_task_runner.py:57} INFO - Started process 663 to run task
[2024-10-21T17:38:46.184+0000] {standard_task_runner.py:84} INFO - Running: ['***', 'tasks', 'run', 'api_binance_dag1', 'draw_smth_graphs', 'manual__2024-10-21T17:01:43.335906+00:00', '--job-id', '460', '--raw', '--subdir', 'DAGS_FOLDER/binance.Dag1.py', '--cfg-path', '/tmp/tmpibkq5onh']
[2024-10-21T17:38:46.188+0000] {standard_task_runner.py:85} INFO - Job 460: Subtask draw_smth_graphs
[2024-10-21T17:38:46.701+0000] {warnings.py:110} WARNING - /home/***/.local/lib/python3.7/site-packages/***/settings.py:195: DeprecationWarning: The sql_alchemy_conn option in [core] has been moved to the sql_alchemy_conn option in [database] - the old setting has been used, but please update your config.
  SQL_ALCHEMY_CONN = conf.get("database", "SQL_ALCHEMY_CONN")

[2024-10-21T17:38:47.022+0000] {task_command.py:410} INFO - Running <TaskInstance: api_binance_dag1.draw_smth_graphs manual__2024-10-21T17:01:43.335906+00:00 [running]> on host 3e776c2a96a1
[2024-10-21T17:38:47.575+0000] {taskinstance.py:1547} INFO - Exporting env vars: AIRFLOW_CTX_DAG_OWNER='Danil' AIRFLOW_CTX_DAG_ID='api_binance_dag1' AIRFLOW_CTX_TASK_ID='draw_smth_graphs' AIRFLOW_CTX_EXECUTION_DATE='2024-10-21T17:01:43.335906+00:00' AIRFLOW_CTX_TRY_NUMBER='1' AIRFLOW_CTX_DAG_RUN_ID='manual__2024-10-21T17:01:43.335906+00:00'
[2024-10-21T17:38:47.577+0000] {taskinstance.py:1824} ERROR - Task failed with exception
Traceback (most recent call last):
  File "/home/airflow/.local/lib/python3.7/site-packages/airflow/operators/python.py", line 181, in execute
    return_value = self.execute_callable()
  File "/home/airflow/.local/lib/python3.7/site-packages/airflow/operators/python.py", line 198, in execute_callable
    return self.python_callable(*self.op_args, **self.op_kwargs)
  File "/opt/airflow/dags/binance.Dag1.py", line 66, in draw_graphs
    json_data = ti.xcom_pull(key='endful_df', task_ids=union_data_to_df)
NameError: name 'union_data_to_df' is not defined
[2024-10-21T17:38:47.815+0000] {taskinstance.py:1350} INFO - Marking task as UP_FOR_RETRY. dag_id=api_binance_dag1, task_id=draw_smth_graphs, execution_date=20241021T170143, start_date=20241021T173846, end_date=20241021T173847
[2024-10-21T17:38:48.000+0000] {standard_task_runner.py:109} ERROR - Failed to execute job 460 for task draw_smth_graphs (name 'union_data_to_df' is not defined; 663)
[2024-10-21T17:38:48.106+0000] {local_task_job_runner.py:225} INFO - Task exited with return code 1
[2024-10-21T17:38:48.232+0000] {taskinstance.py:2653} INFO - 0 downstream tasks scheduled from follow-on schedule check
