[2024-10-28T10:34:43.981+0000] {warnings.py:110} WARNING - /home/***/.local/lib/python3.7/site-packages/***/utils/sqlalchemy.py:124: DeprecationWarning: The sql_alchemy_conn option in [core] has been moved to the sql_alchemy_conn option in [database] - the old setting has been used, but please update your config.
  return not conf.get("database", "sql_alchemy_conn").startswith("mssql")

[2024-10-28T10:34:44.223+0000] {taskinstance.py:1103} INFO - Dependencies all met for dep_context=non-requeueable deps ti=<TaskInstance: api_binance_dag1.STRK scheduled__2024-10-23T09:00:00+00:00 [queued]>
[2024-10-28T10:34:44.269+0000] {taskinstance.py:1103} INFO - Dependencies all met for dep_context=requeueable deps ti=<TaskInstance: api_binance_dag1.STRK scheduled__2024-10-23T09:00:00+00:00 [queued]>
[2024-10-28T10:34:44.270+0000] {taskinstance.py:1308} INFO - Starting attempt 1 of 3
[2024-10-28T10:34:44.340+0000] {taskinstance.py:1327} INFO - Executing <Task(PythonOperator): STRK> on 2024-10-23 09:00:00+00:00
[2024-10-28T10:34:44.361+0000] {standard_task_runner.py:57} INFO - Started process 95 to run task
[2024-10-28T10:34:44.372+0000] {standard_task_runner.py:84} INFO - Running: ['***', 'tasks', 'run', 'api_binance_dag1', 'STRK', 'scheduled__2024-10-23T09:00:00+00:00', '--job-id', '548', '--raw', '--subdir', 'DAGS_FOLDER/binance.Dag1.py', '--cfg-path', '/tmp/tmps_4ustqi']
[2024-10-28T10:34:44.376+0000] {standard_task_runner.py:85} INFO - Job 548: Subtask STRK
[2024-10-28T10:34:44.500+0000] {warnings.py:110} WARNING - /home/***/.local/lib/python3.7/site-packages/***/settings.py:195: DeprecationWarning: The sql_alchemy_conn option in [core] has been moved to the sql_alchemy_conn option in [database] - the old setting has been used, but please update your config.
  SQL_ALCHEMY_CONN = conf.get("database", "SQL_ALCHEMY_CONN")

[2024-10-28T10:34:44.626+0000] {task_command.py:410} INFO - Running <TaskInstance: api_binance_dag1.STRK scheduled__2024-10-23T09:00:00+00:00 [running]> on host 3e776c2a96a1
[2024-10-28T10:34:44.655+0000] {warnings.py:110} WARNING - /home/***/.local/lib/python3.7/site-packages/***/utils/sqlalchemy.py:124: DeprecationWarning: The sql_alchemy_conn option in [core] has been moved to the sql_alchemy_conn option in [database] - the old setting has been used, but please update your config.
  return not conf.get("database", "sql_alchemy_conn").startswith("mssql")

[2024-10-28T10:34:47.447+0000] {taskinstance.py:1547} INFO - Exporting env vars: AIRFLOW_CTX_DAG_OWNER='Danil' AIRFLOW_CTX_DAG_ID='api_binance_dag1' AIRFLOW_CTX_TASK_ID='STRK' AIRFLOW_CTX_EXECUTION_DATE='2024-10-23T09:00:00+00:00' AIRFLOW_CTX_TRY_NUMBER='1' AIRFLOW_CTX_DAG_RUN_ID='scheduled__2024-10-23T09:00:00+00:00'
[2024-10-28T10:34:48.306+0000] {logging_mixin.py:149} INFO - Pushed to XCom: Key: STRK, Value: [[1729296000000, '0.40470000', '0.41490000', '0.39450000', '0.40810000', '19187123.72000000', 1729382399999, '7760997.42123500', 27942, '8668226.17000000', '3505243.29110500', '0'], [1729382400000, '0.40830000', '0.43800000', '0.39970000', '0.43380000', '37512625.92000000', 1729468799999, '15866723.02080800', 58823, '19438430.02000000', '8215487.21995900', '0'], [1729468800000, '0.43390000', '0.44160000', '0.41310000', '0.41580000', '37460095.85000000', 1729555199999, '15983296.79218100', 60529, '17255045.86000000', '7363577.39866700', '0'], [1729555200000, '0.41570000', '0.42720000', '0.40210000', '0.42270000', '31051244.68000000', 1729641599999, '12891255.24098400', 55095, '15187202.79000000', '6306911.49821200', '0'], [1729641600000, '0.42270000', '0.42570000', '0.38420000', '0.39970000', '37532161.00000000', 1729727999999, '15149839.06955100', 65835, '17318285.82000000', '6995512.18174600', '0'], [1729728000000, '0.39980000', '0.40980000', '0.39240000', '0.40140000', '27211990.18000000', 1729814399999, '10931170.62249900', 45529, '13307541.18000000', '5346924.82923200', '0'], [1729814400000, '0.40140000', '0.40520000', '0.34390000', '0.35990000', '40638236.54000000', 1729900799999, '15452328.66953500', 71367, '19428687.24000000', '7386391.58413300', '0']]
[2024-10-28T10:34:48.310+0000] {python.py:183} INFO - Done. Returned value was: None
[2024-10-28T10:34:48.349+0000] {taskinstance.py:1350} INFO - Marking task as SUCCESS. dag_id=api_binance_dag1, task_id=STRK, execution_date=20241023T090000, start_date=20241028T103444, end_date=20241028T103448
[2024-10-28T10:34:48.438+0000] {local_task_job_runner.py:225} INFO - Task exited with return code 0
[2024-10-28T10:34:48.511+0000] {taskinstance.py:2653} INFO - 0 downstream tasks scheduled from follow-on schedule check
