[2024-10-28T10:40:26.329+0000] {warnings.py:110} WARNING - /home/***/.local/lib/python3.7/site-packages/***/utils/sqlalchemy.py:124: DeprecationWarning: The sql_alchemy_conn option in [core] has been moved to the sql_alchemy_conn option in [database] - the old setting has been used, but please update your config.
  return not conf.get("database", "sql_alchemy_conn").startswith("mssql")

[2024-10-28T10:40:27.002+0000] {taskinstance.py:1103} INFO - Dependencies all met for dep_context=non-requeueable deps ti=<TaskInstance: api_binance_dag1.SOL scheduled__2024-10-24T09:00:00+00:00 [queued]>
[2024-10-28T10:40:27.045+0000] {taskinstance.py:1103} INFO - Dependencies all met for dep_context=requeueable deps ti=<TaskInstance: api_binance_dag1.SOL scheduled__2024-10-24T09:00:00+00:00 [queued]>
[2024-10-28T10:40:27.046+0000] {taskinstance.py:1308} INFO - Starting attempt 2 of 3
[2024-10-28T10:40:27.328+0000] {taskinstance.py:1327} INFO - Executing <Task(PythonOperator): SOL> on 2024-10-24 09:00:00+00:00
[2024-10-28T10:40:27.370+0000] {standard_task_runner.py:57} INFO - Started process 167 to run task
[2024-10-28T10:40:27.402+0000] {standard_task_runner.py:84} INFO - Running: ['***', 'tasks', 'run', 'api_binance_dag1', 'SOL', 'scheduled__2024-10-24T09:00:00+00:00', '--job-id', '572', '--raw', '--subdir', 'DAGS_FOLDER/binance.Dag1.py', '--cfg-path', '/tmp/tmpogn3scdu']
[2024-10-28T10:40:27.415+0000] {standard_task_runner.py:85} INFO - Job 572: Subtask SOL
[2024-10-28T10:40:58.469+0000] {cli_action_loggers.py:135} WARNING - Failed to log action (psycopg2.OperationalError) could not translate host name "postgres" to address: Temporary failure in name resolution

(Background on this error at: https://sqlalche.me/e/14/e3q8)
[2024-10-28T10:41:00.134+0000] {warnings.py:110} WARNING - /home/***/.local/lib/python3.7/site-packages/***/settings.py:195: DeprecationWarning: The sql_alchemy_conn option in [core] has been moved to the sql_alchemy_conn option in [database] - the old setting has been used, but please update your config.
  SQL_ALCHEMY_CONN = conf.get("database", "SQL_ALCHEMY_CONN")

[2024-10-28T10:41:01.866+0000] {task_command.py:410} INFO - Running <TaskInstance: api_binance_dag1.SOL scheduled__2024-10-24T09:00:00+00:00 [running]> on host 3e776c2a96a1
[2024-10-28T10:41:01.919+0000] {warnings.py:110} WARNING - /home/***/.local/lib/python3.7/site-packages/***/utils/sqlalchemy.py:124: DeprecationWarning: The sql_alchemy_conn option in [core] has been moved to the sql_alchemy_conn option in [database] - the old setting has been used, but please update your config.
  return not conf.get("database", "sql_alchemy_conn").startswith("mssql")

[2024-10-28T10:41:02.753+0000] {taskinstance.py:1547} INFO - Exporting env vars: AIRFLOW_CTX_DAG_OWNER='Danil' AIRFLOW_CTX_DAG_ID='api_binance_dag1' AIRFLOW_CTX_TASK_ID='SOL' AIRFLOW_CTX_EXECUTION_DATE='2024-10-24T09:00:00+00:00' AIRFLOW_CTX_TRY_NUMBER='2' AIRFLOW_CTX_DAG_RUN_ID='scheduled__2024-10-24T09:00:00+00:00'
[2024-10-28T10:41:03.740+0000] {logging_mixin.py:149} INFO - Pushed to XCom: Key: SOL, Value: [[1729296000000, '154.93000000', '159.85000000', '153.45000000', '159.79000000', '1724504.16600000', 1729382399999, '269205539.47737000', 678270, '886922.62400000', '138501608.52301000', '0'], [1729382400000, '159.79000000', '167.94000000', '157.58000000', '167.40000000', '3094698.82500000', 1729468799999, '499091756.88122000', 1326223, '1622031.67600000', '261873779.14963000', '0'], [1729468800000, '167.40000000', '171.76000000', '160.99000000', '166.17000000', '4807758.74200000', 1729555199999, '802248688.37832000', 2074468, '2411048.60400000', '402494472.33500000', '0'], [1729555200000, '166.16000000', '170.99000000', '162.99000000', '167.59000000', '4115685.50200000', 1729641599999, '688160680.55922000', 1526765, '2110350.66200000', '352957914.86517000', '0'], [1729641600000, '167.60000000', '174.30000000', '164.13000000', '170.85000000', '4509792.29200000', 1729727999999, '757152123.98221000', 2198916, '2295806.78900000', '385823153.59896000', '0'], [1729728000000, '170.86000000', '179.30000000', '170.50000000', '177.19000000', '3893052.12000000', 1729814399999, '680676981.90358000', 1905295, '2088151.85400000', '365234274.52438000', '0'], [1729814400000, '177.19000000', '177.60000000', '159.12000000', '164.90000000', '5718307.06600000', 1729900799999, '975203392.12616000', 2802265, '2655827.20900000', '453382227.37534000', '0'], [1729900800000, '164.91000000', '173.25000000', '162.43000000', '170.88000000', '3010702.79600000', 1729987199999, '505678400.81293000', 1497920, '1642701.61900000', '276044366.21096000', '0'], [1729987200000, '170.87000000', '178.27000000', '170.26000000', '176.63000000', '2606131.77100000', 1730073599999, '456430957.53051000', 1472999, '1361175.88800000', '238376056.55902000', '0'], [1730073600000, '176.63000000', '178.59000000', '173.14000000', '177.20000000', '1528857.61000000', 1730159999999, '268870056.26966000', 719021, '772773.69100000', '135972840.84233000', '0']]
[2024-10-28T10:41:03.745+0000] {python.py:183} INFO - Done. Returned value was: None
[2024-10-28T10:41:03.814+0000] {taskinstance.py:1350} INFO - Marking task as SUCCESS. dag_id=api_binance_dag1, task_id=SOL, execution_date=20241024T090000, start_date=20241028T104027, end_date=20241028T104103
[2024-10-28T10:41:03.923+0000] {local_task_job_runner.py:225} INFO - Task exited with return code 0
[2024-10-28T10:41:04.117+0000] {taskinstance.py:2653} INFO - 0 downstream tasks scheduled from follow-on schedule check
