[2024-10-28T10:35:29.895+0000] {warnings.py:110} WARNING - /home/***/.local/lib/python3.7/site-packages/***/utils/sqlalchemy.py:124: DeprecationWarning: The sql_alchemy_conn option in [core] has been moved to the sql_alchemy_conn option in [database] - the old setting has been used, but please update your config.
  return not conf.get("database", "sql_alchemy_conn").startswith("mssql")

[2024-10-28T10:35:30.409+0000] {taskinstance.py:1103} INFO - Dependencies all met for dep_context=non-requeueable deps ti=<TaskInstance: api_binance_dag1.1INCH scheduled__2024-10-27T09:00:00+00:00 [queued]>
[2024-10-28T10:35:30.464+0000] {taskinstance.py:1103} INFO - Dependencies all met for dep_context=requeueable deps ti=<TaskInstance: api_binance_dag1.1INCH scheduled__2024-10-27T09:00:00+00:00 [queued]>
[2024-10-28T10:35:30.468+0000] {taskinstance.py:1308} INFO - Starting attempt 1 of 3
[2024-10-28T10:35:30.603+0000] {taskinstance.py:1327} INFO - Executing <Task(PythonOperator): 1INCH> on 2024-10-27 09:00:00+00:00
[2024-10-28T10:35:30.622+0000] {standard_task_runner.py:57} INFO - Started process 119 to run task
[2024-10-28T10:35:30.634+0000] {standard_task_runner.py:84} INFO - Running: ['***', 'tasks', 'run', 'api_binance_dag1', '1INCH', 'scheduled__2024-10-27T09:00:00+00:00', '--job-id', '555', '--raw', '--subdir', 'DAGS_FOLDER/binance.Dag1.py', '--cfg-path', '/tmp/tmpyfmftjf9']
[2024-10-28T10:35:30.641+0000] {standard_task_runner.py:85} INFO - Job 555: Subtask 1INCH
[2024-10-28T10:35:30.684+0000] {warnings.py:110} WARNING - /home/***/.local/lib/python3.7/site-packages/***/settings.py:195: DeprecationWarning: The sql_alchemy_conn option in [core] has been moved to the sql_alchemy_conn option in [database] - the old setting has been used, but please update your config.
  SQL_ALCHEMY_CONN = conf.get("database", "SQL_ALCHEMY_CONN")

[2024-10-28T10:35:30.820+0000] {task_command.py:410} INFO - Running <TaskInstance: api_binance_dag1.1INCH scheduled__2024-10-27T09:00:00+00:00 [running]> on host 3e776c2a96a1
[2024-10-28T10:35:30.871+0000] {warnings.py:110} WARNING - /home/***/.local/lib/python3.7/site-packages/***/utils/sqlalchemy.py:124: DeprecationWarning: The sql_alchemy_conn option in [core] has been moved to the sql_alchemy_conn option in [database] - the old setting has been used, but please update your config.
  return not conf.get("database", "sql_alchemy_conn").startswith("mssql")

[2024-10-28T10:35:34.511+0000] {taskinstance.py:1547} INFO - Exporting env vars: AIRFLOW_CTX_DAG_OWNER='Danil' AIRFLOW_CTX_DAG_ID='api_binance_dag1' AIRFLOW_CTX_TASK_ID='1INCH' AIRFLOW_CTX_EXECUTION_DATE='2024-10-27T09:00:00+00:00' AIRFLOW_CTX_TRY_NUMBER='1' AIRFLOW_CTX_DAG_RUN_ID='scheduled__2024-10-27T09:00:00+00:00'
[2024-10-28T10:35:35.200+0000] {logging_mixin.py:149} INFO - Pushed to XCom: Key: 1INCH, Value: [[1729296000000, '0.27070000', '0.27620000', '0.26820000', '0.27240000', '4982126.00000000', 1729382399999, '1355752.21805000', 11226, '2280394.70000000', '620245.90861000', '0'], [1729382400000, '0.27250000', '0.29820000', '0.26850000', '0.29120000', '27493067.10000000', 1729468799999, '7860882.72846000', 46876, '14460424.90000000', '4133732.17721000', '0'], [1729468800000, '0.29130000', '0.29170000', '0.27410000', '0.27820000', '11558242.30000000', 1729555199999, '3267684.11604000', 22168, '5689133.90000000', '1607537.87041000', '0'], [1729555200000, '0.27820000', '0.28410000', '0.26960000', '0.27530000', '10542714.30000000', 1729641599999, '2908221.28556000', 20300, '4621780.90000000', '1276920.57075000', '0'], [1729641600000, '0.27540000', '0.28350000', '0.25570000', '0.26460000', '14550934.80000000', 1729727999999, '3939288.41476000', 27330, '7428521.70000000', '2019006.25959000', '0'], [1729728000000, '0.26460000', '0.27740000', '0.26270000', '0.27430000', '7029755.00000000', 1729814399999, '1899047.28324000', 14586, '3628778.30000000', '982385.23081000', '0'], [1729814400000, '0.27450000', '0.27610000', '0.23950000', '0.24790000', '13013789.00000000', 1729900799999, '3382206.79497000', 26608, '5699538.90000000', '1474188.27339000', '0']]
[2024-10-28T10:35:35.206+0000] {python.py:183} INFO - Done. Returned value was: None
[2024-10-28T10:35:35.240+0000] {taskinstance.py:1350} INFO - Marking task as SUCCESS. dag_id=api_binance_dag1, task_id=1INCH, execution_date=20241027T090000, start_date=20241028T103530, end_date=20241028T103535
[2024-10-28T10:35:35.364+0000] {local_task_job_runner.py:225} INFO - Task exited with return code 0
[2024-10-28T10:35:35.422+0000] {taskinstance.py:2653} INFO - 0 downstream tasks scheduled from follow-on schedule check
