[2024-10-21T17:53:25.454+0000] {taskinstance.py:1103} INFO - Dependencies all met for dep_context=non-requeueable deps ti=<TaskInstance: api_binance_dag1.union_data_to_df manual__2024-10-21T17:47:30.135627+00:00 [queued]>
[2024-10-21T17:53:25.470+0000] {taskinstance.py:1103} INFO - Dependencies all met for dep_context=requeueable deps ti=<TaskInstance: api_binance_dag1.union_data_to_df manual__2024-10-21T17:47:30.135627+00:00 [queued]>
[2024-10-21T17:53:25.471+0000] {taskinstance.py:1308} INFO - Starting attempt 1 of 3
[2024-10-21T17:53:25.491+0000] {taskinstance.py:1327} INFO - Executing <Task(PythonOperator): union_data_to_df> on 2024-10-21 17:47:30.135627+00:00
[2024-10-21T17:53:25.502+0000] {standard_task_runner.py:57} INFO - Started process 708 to run task
[2024-10-21T17:53:25.506+0000] {standard_task_runner.py:84} INFO - Running: ['***', 'tasks', 'run', 'api_binance_dag1', 'union_data_to_df', 'manual__2024-10-21T17:47:30.135627+00:00', '--job-id', '471', '--raw', '--subdir', 'DAGS_FOLDER/binance.Dag1.py', '--cfg-path', '/tmp/tmpsz5_er5j']
[2024-10-21T17:53:25.510+0000] {standard_task_runner.py:85} INFO - Job 471: Subtask union_data_to_df
[2024-10-21T17:53:25.528+0000] {warnings.py:110} WARNING - /home/***/.local/lib/python3.7/site-packages/***/settings.py:195: DeprecationWarning: The sql_alchemy_conn option in [core] has been moved to the sql_alchemy_conn option in [database] - the old setting has been used, but please update your config.
  SQL_ALCHEMY_CONN = conf.get("database", "SQL_ALCHEMY_CONN")

[2024-10-21T17:53:25.577+0000] {task_command.py:410} INFO - Running <TaskInstance: api_binance_dag1.union_data_to_df manual__2024-10-21T17:47:30.135627+00:00 [running]> on host 3e776c2a96a1
[2024-10-21T17:53:25.701+0000] {taskinstance.py:1547} INFO - Exporting env vars: AIRFLOW_CTX_DAG_OWNER='Danil' AIRFLOW_CTX_DAG_ID='api_binance_dag1' AIRFLOW_CTX_TASK_ID='union_data_to_df' AIRFLOW_CTX_EXECUTION_DATE='2024-10-21T17:47:30.135627+00:00' AIRFLOW_CTX_TRY_NUMBER='1' AIRFLOW_CTX_DAG_RUN_ID='manual__2024-10-21T17:47:30.135627+00:00'
[2024-10-21T17:53:25.949+0000] {logging_mixin.py:149} INFO -    Имя монеты Дата открытия  ...           Low         Close
0         SOL    2024-10-12  ...  144.71000000  146.40000000
1         SOL    2024-10-13  ...  144.45000000  147.74000000
2         SOL    2024-10-14  ...  146.80000000  157.59000000
3         SOL    2024-10-15  ...  150.30000000  154.76000000
4         SOL    2024-10-16  ...  153.00000000  154.28000000
5         SOL    2024-10-17  ...  147.66000000  150.50000000
6         SOL    2024-10-18  ...  149.56000000  154.94000000
7       1INCH    2024-10-12  ...    0.25640000    0.25990000
8       1INCH    2024-10-13  ...    0.25090000    0.25690000
9       1INCH    2024-10-14  ...    0.25390000    0.27170000
10      1INCH    2024-10-15  ...    0.25790000    0.27730000
11      1INCH    2024-10-16  ...    0.26510000    0.27040000
12      1INCH    2024-10-17  ...    0.25700000    0.26200000
13      1INCH    2024-10-18  ...    0.25960000    0.27060000
14        SUI    2024-10-12  ...    2.00320000    2.24150000
15        SUI    2024-10-13  ...    2.12350000    2.34380000
16        SUI    2024-10-14  ...    2.20890000    2.25010000
17        SUI    2024-10-15  ...    1.97250000    2.05970000
18        SUI    2024-10-16  ...    1.97580000    2.08280000
19        SUI    2024-10-17  ...    1.99730000    2.02490000
20        SUI    2024-10-18  ...    2.00880000    2.12560000
21        TON    2024-10-12  ...    5.15100000    5.24100000
22        TON    2024-10-13  ...    5.11300000    5.19200000
23        TON    2024-10-14  ...    5.15900000    5.32300000
24        TON    2024-10-15  ...    5.12300000    5.22400000
25        TON    2024-10-16  ...    5.17000000    5.22700000
26        TON    2024-10-17  ...    5.10500000    5.18300000
27        TON    2024-10-18  ...    5.17300000    5.25000000
28       STRK    2024-10-12  ...    0.40570000    0.42200000
29       STRK    2024-10-13  ...    0.40740000    0.42040000
30       STRK    2024-10-14  ...    0.41440000    0.44090000
31       STRK    2024-10-15  ...    0.41210000    0.42550000
32       STRK    2024-10-16  ...    0.40850000    0.41330000
33       STRK    2024-10-17  ...    0.38710000    0.39270000
34       STRK    2024-10-18  ...    0.38660000    0.40460000

[35 rows x 6 columns]
[2024-10-21T17:53:25.950+0000] {python.py:183} INFO - Done. Returned value was: None
[2024-10-21T17:53:25.968+0000] {taskinstance.py:1350} INFO - Marking task as SUCCESS. dag_id=api_binance_dag1, task_id=union_data_to_df, execution_date=20241021T174730, start_date=20241021T175325, end_date=20241021T175325
[2024-10-21T17:53:26.040+0000] {local_task_job_runner.py:225} INFO - Task exited with return code 0
[2024-10-21T17:53:26.081+0000] {taskinstance.py:2653} INFO - 1 downstream tasks scheduled from follow-on schedule check
