[2024-10-21T15:52:46.737+0000] {warnings.py:110} WARNING - /home/***/.local/lib/python3.7/site-packages/***/utils/sqlalchemy.py:124: DeprecationWarning: The sql_alchemy_conn option in [core] has been moved to the sql_alchemy_conn option in [database] - the old setting has been used, but please update your config.
  return not conf.get("database", "sql_alchemy_conn").startswith("mssql")

[2024-10-21T15:52:46.927+0000] {taskinstance.py:1103} INFO - Dependencies all met for dep_context=non-requeueable deps ti=<TaskInstance: api_binance_dag1.1INCH scheduled__2024-10-20T09:00:00+00:00 [queued]>
[2024-10-21T15:52:46.954+0000] {taskinstance.py:1103} INFO - Dependencies all met for dep_context=requeueable deps ti=<TaskInstance: api_binance_dag1.1INCH scheduled__2024-10-20T09:00:00+00:00 [queued]>
[2024-10-21T15:52:46.955+0000] {taskinstance.py:1308} INFO - Starting attempt 2 of 6
[2024-10-21T15:52:46.988+0000] {taskinstance.py:1327} INFO - Executing <Task(PythonOperator): 1INCH> on 2024-10-20 09:00:00+00:00
[2024-10-21T15:52:47.004+0000] {standard_task_runner.py:57} INFO - Started process 384 to run task
[2024-10-21T15:52:47.012+0000] {standard_task_runner.py:84} INFO - Running: ['***', 'tasks', 'run', 'api_binance_dag1', '1INCH', 'scheduled__2024-10-20T09:00:00+00:00', '--job-id', '370', '--raw', '--subdir', 'DAGS_FOLDER/binance.Dag1.py', '--cfg-path', '/tmp/tmpb4q86qqc']
[2024-10-21T15:52:47.018+0000] {standard_task_runner.py:85} INFO - Job 370: Subtask 1INCH
[2024-10-21T15:52:47.046+0000] {warnings.py:110} WARNING - /home/***/.local/lib/python3.7/site-packages/***/settings.py:195: DeprecationWarning: The sql_alchemy_conn option in [core] has been moved to the sql_alchemy_conn option in [database] - the old setting has been used, but please update your config.
  SQL_ALCHEMY_CONN = conf.get("database", "SQL_ALCHEMY_CONN")

[2024-10-21T15:52:47.121+0000] {task_command.py:410} INFO - Running <TaskInstance: api_binance_dag1.1INCH scheduled__2024-10-20T09:00:00+00:00 [running]> on host 3e776c2a96a1
[2024-10-21T15:52:47.145+0000] {warnings.py:110} WARNING - /home/***/.local/lib/python3.7/site-packages/***/utils/sqlalchemy.py:124: DeprecationWarning: The sql_alchemy_conn option in [core] has been moved to the sql_alchemy_conn option in [database] - the old setting has been used, but please update your config.
  return not conf.get("database", "sql_alchemy_conn").startswith("mssql")

[2024-10-21T15:52:47.653+0000] {taskinstance.py:1547} INFO - Exporting env vars: AIRFLOW_CTX_DAG_OWNER='Danil' AIRFLOW_CTX_DAG_ID='api_binance_dag1' AIRFLOW_CTX_TASK_ID='1INCH' AIRFLOW_CTX_EXECUTION_DATE='2024-10-20T09:00:00+00:00' AIRFLOW_CTX_TRY_NUMBER='2' AIRFLOW_CTX_DAG_RUN_ID='scheduled__2024-10-20T09:00:00+00:00'
[2024-10-21T15:52:48.324+0000] {logging_mixin.py:149} INFO - Pushed to XCom: Key: 1INCH, Value: [[1728691200000, '0.25880000', '0.26350000', '0.25640000', '0.25990000', '4642560.50000000', 1728777599999, '1208391.57978000', 7746, '2451937.80000000', '638687.44609000', '0'], [1728777600000, '0.25990000', '0.26300000', '0.25090000', '0.25690000', '6639731.20000000', 1728863999999, '1706181.69664000', 12617, '3191169.50000000', '819510.30255000', '0'], [1728864000000, '0.25700000', '0.27340000', '0.25390000', '0.27170000', '12551605.80000000', 1728950399999, '3347257.67876000', 18723, '6171187.80000000', '1643159.35280000', '0'], [1728950400000, '0.27180000', '0.27780000', '0.25790000', '0.27730000', '17887708.50000000', 1729036799999, '4818931.41919000', 29859, '9124940.30000000', '2460518.20772000', '0'], [1729036800000, '0.27720000', '0.28160000', '0.26510000', '0.27040000', '11470640.20000000', 1729123199999, '3111126.96610000', 19232, '5627860.70000000', '1526485.75058000', '0'], [1729123200000, '0.27030000', '0.27220000', '0.25700000', '0.26200000', '8000885.80000000', 1729209599999, '2113726.38449000', 13906, '3397330.40000000', '897514.16013000', '0'], [1729209600000, '0.26200000', '0.27140000', '0.25960000', '0.27060000', '6635556.00000000', 1729295999999, '1772216.10484000', 12076, '3472551.20000000', '927608.92577000', '0']]
[2024-10-21T15:52:48.326+0000] {python.py:183} INFO - Done. Returned value was: None
[2024-10-21T15:52:48.341+0000] {taskinstance.py:1350} INFO - Marking task as SUCCESS. dag_id=api_binance_dag1, task_id=1INCH, execution_date=20241020T090000, start_date=20241021T155246, end_date=20241021T155248
[2024-10-21T15:52:48.477+0000] {local_task_job_runner.py:225} INFO - Task exited with return code 0
[2024-10-21T15:52:48.508+0000] {taskinstance.py:2653} INFO - 0 downstream tasks scheduled from follow-on schedule check
