[2024-11-02T19:00:28.536+0000] {taskinstance.py:1103} INFO - Dependencies all met for dep_context=non-requeueable deps ti=<TaskInstance: api_binance_dag1.draw_smth_graphs manual__2024-11-02T18:52:53.536053+00:00 [queued]>
[2024-11-02T19:00:28.551+0000] {taskinstance.py:1103} INFO - Dependencies all met for dep_context=requeueable deps ti=<TaskInstance: api_binance_dag1.draw_smth_graphs manual__2024-11-02T18:52:53.536053+00:00 [queued]>
[2024-11-02T19:00:28.551+0000] {taskinstance.py:1308} INFO - Starting attempt 1 of 3
[2024-11-02T19:00:28.569+0000] {taskinstance.py:1327} INFO - Executing <Task(PythonOperator): draw_smth_graphs> on 2024-11-02 18:52:53.536053+00:00
[2024-11-02T19:00:28.579+0000] {standard_task_runner.py:57} INFO - Started process 172 to run task
[2024-11-02T19:00:28.582+0000] {standard_task_runner.py:84} INFO - Running: ['***', 'tasks', 'run', 'api_binance_dag1', 'draw_smth_graphs', 'manual__2024-11-02T18:52:53.536053+00:00', '--job-id', '975', '--raw', '--subdir', 'DAGS_FOLDER/binance.Dag1.py', '--cfg-path', '/tmp/tmpdajtr07z']
[2024-11-02T19:00:28.585+0000] {standard_task_runner.py:85} INFO - Job 975: Subtask draw_smth_graphs
[2024-11-02T19:00:28.600+0000] {warnings.py:110} WARNING - /home/***/.local/lib/python3.7/site-packages/***/settings.py:195: DeprecationWarning: The sql_alchemy_conn option in [core] has been moved to the sql_alchemy_conn option in [database] - the old setting has been used, but please update your config.
  SQL_ALCHEMY_CONN = conf.get("database", "SQL_ALCHEMY_CONN")

[2024-11-02T19:00:28.643+0000] {task_command.py:410} INFO - Running <TaskInstance: api_binance_dag1.draw_smth_graphs manual__2024-11-02T18:52:53.536053+00:00 [running]> on host 3e776c2a96a1
[2024-11-02T19:00:28.753+0000] {taskinstance.py:1547} INFO - Exporting env vars: AIRFLOW_CTX_DAG_OWNER='Danil' AIRFLOW_CTX_DAG_ID='api_binance_dag1' AIRFLOW_CTX_TASK_ID='draw_smth_graphs' AIRFLOW_CTX_EXECUTION_DATE='2024-11-02T18:52:53.536053+00:00' AIRFLOW_CTX_TRY_NUMBER='1' AIRFLOW_CTX_DAG_RUN_ID='manual__2024-11-02T18:52:53.536053+00:00'
[2024-11-02T19:00:28.754+0000] {logging_mixin.py:149} INFO - Начинаем строить графики
[2024-11-02T19:00:28.797+0000] {logging_mixin.py:149} INFO - Данные успешно получены:    Имя монеты  Дата открытия  Цена открытия  Наивысшая цена  Наименьшая цена  Цена последней совершенной сделки
0         SOL  1729728000000       170.8600        179.3000         170.5000                           177.1900
1         SOL  1729814400000       177.1900        177.6000         159.1200                           164.9000
2         SOL  1729900800000       164.9100        173.2500         162.4300                           170.8800
3         SOL  1729987200000       170.8700        178.2700         170.2600                           176.6300
4         SOL  1730073600000       176.6300        179.8000         172.4500                           178.2900
5         SOL  1730160000000       178.2800        183.3800         176.4100                           179.4200
6         SOL  1730246400000       179.4300        181.3600         173.0100                           174.8700
7         SOL  1730332800000       174.8700        176.5600         167.5600                           168.6900
8         SOL  1730419200000       168.6900        174.0000         163.4300                           166.1000
9         SOL  1730505600000       166.1100        168.6100         162.1100                           165.1500
10      1INCH  1729728000000         0.2646          0.2774           0.2627                             0.2743
11      1INCH  1729814400000         0.2745          0.2761           0.2395                             0.2479
12      1INCH  1729900800000         0.2478          0.2522           0.2423                             0.2510
13      1INCH  1729987200000         0.2510          0.2606           0.2499                             0.2573
14      1INCH  1730073600000         0.2574          0.2613           0.2466                             0.2592
15      1INCH  1730160000000         0.2592          0.2684           0.2577                             0.2641
16      1INCH  1730246400000         0.2642          0.2643           0.2523                             0.2598
17      1INCH  1730332800000         0.2598          0.2603           0.2436                             0.2460
18      1INCH  1730419200000         0.2459          0.2506           0.2393                             0.2438
19      1INCH  1730505600000         0.2438          0.2478           0.2371                             0.2399
20        SUI  1729728000000         1.9775          2.0518           1.9250                             1.9369
21        SUI  1729814400000         1.9370          1.9443           1.6400                             1.7520
22        SUI  1729900800000         1.7520          1.8464           1.7004                             1.7950
23        SUI  1729987200000         1.7952          1.8270           1.7248                             1.7559
24        SUI  1730073600000         1.7559          1.7886           1.5983                             1.7729
25        SUI  1730160000000         1.7726          2.0999           1.7637                             2.0731
26        SUI  1730246400000         2.0718          2.1329           1.9783                             2.0828
27        SUI  1730332800000         2.0827          2.0987           1.9368                             1.9715
28        SUI  1730419200000         1.9715          2.1099           1.9160                             1.9900
29        SUI  1730505600000         1.9905          2.0258           1.8687                             1.8903
30        TON  1729728000000         5.1400          5.1860           5.0940                             5.1280
31        TON  1729814400000         5.1290          5.1340           4.5600                             4.7760
32        TON  1729900800000         4.7760          5.0000           4.7380                             4.9250
33        TON  1729987200000         4.9240          4.9980           4.9040                             4.9970
34        TON  1730073600000         4.9970          5.0540           4.9270                             5.0170
35        TON  1730160000000         5.0170          5.1470           4.9870                             5.0200
36        TON  1730246400000         5.0200          5.0810           4.9590                             4.9890
37        TON  1730332800000         4.9900          5.0080           4.7580                             4.8460
38        TON  1730419200000         4.8470          4.9510           4.7910                             4.8940
39        TON  1730505600000         4.8940          4.9620           4.8450                             4.8750
40       STRK  1729728000000         0.3998          0.4098           0.3924                             0.4014
41       STRK  1729814400000         0.4014          0.4052           0.3439                             0.3599
42       STRK  1729900800000         0.3597          0.3728           0.3521                             0.3703
43       STRK  1729987200000         0.3702          0.3864           0.3661                             0.3786
44       STRK  1730073600000         0.3787          0.3849           0.3616                             0.3767
45       STRK  1730160000000         0.3768          0.3997           0.3765                             0.3942
46       STRK  1730246400000         0.3942          0.4063           0.3862                             0.3923
47       STRK  1730332800000         0.3924          0.3944           0.3649                             0.3710
48       STRK  1730419200000         0.3709          0.3804           0.3595                             0.3669
49       STRK  1730505600000         0.3666          0.3709           0.3537                             0.3605
[2024-11-02T19:00:28.804+0000] {logging_mixin.py:149} INFO -    Имя монеты Дата открытия  Цена последней совершенной сделки
0         SOL    2024-10-24                           177.1900
1         SOL    2024-10-25                           164.9000
2         SOL    2024-10-26                           170.8800
3         SOL    2024-10-27                           176.6300
4         SOL    2024-10-28                           178.2900
5         SOL    2024-10-29                           179.4200
6         SOL    2024-10-30                           174.8700
7         SOL    2024-10-31                           168.6900
8         SOL    2024-11-01                           166.1000
9         SOL    2024-11-02                           165.1500
10      1INCH    2024-10-24                             0.2743
11      1INCH    2024-10-25                             0.2479
12      1INCH    2024-10-26                             0.2510
13      1INCH    2024-10-27                             0.2573
14      1INCH    2024-10-28                             0.2592
15      1INCH    2024-10-29                             0.2641
16      1INCH    2024-10-30                             0.2598
17      1INCH    2024-10-31                             0.2460
18      1INCH    2024-11-01                             0.2438
19      1INCH    2024-11-02                             0.2399
20        SUI    2024-10-24                             1.9369
21        SUI    2024-10-25                             1.7520
22        SUI    2024-10-26                             1.7950
23        SUI    2024-10-27                             1.7559
24        SUI    2024-10-28                             1.7729
25        SUI    2024-10-29                             2.0731
26        SUI    2024-10-30                             2.0828
27        SUI    2024-10-31                             1.9715
28        SUI    2024-11-01                             1.9900
29        SUI    2024-11-02                             1.8903
30        TON    2024-10-24                             5.1280
31        TON    2024-10-25                             4.7760
32        TON    2024-10-26                             4.9250
33        TON    2024-10-27                             4.9970
34        TON    2024-10-28                             5.0170
35        TON    2024-10-29                             5.0200
36        TON    2024-10-30                             4.9890
37        TON    2024-10-31                             4.8460
38        TON    2024-11-01                             4.8940
39        TON    2024-11-02                             4.8750
40       STRK    2024-10-24                             0.4014
41       STRK    2024-10-25                             0.3599
42       STRK    2024-10-26                             0.3703
43       STRK    2024-10-27                             0.3786
44       STRK    2024-10-28                             0.3767
45       STRK    2024-10-29                             0.3942
46       STRK    2024-10-30                             0.3923
47       STRK    2024-10-31                             0.3710
48       STRK    2024-11-01                             0.3669
49       STRK    2024-11-02                             0.3605
[2024-11-02T19:00:28.926+0000] {logging_mixin.py:149} INFO - Нет данных для построения графиков
[2024-11-02T19:00:28.926+0000] {python.py:183} INFO - Done. Returned value was: None
[2024-11-02T19:00:28.940+0000] {taskinstance.py:1350} INFO - Marking task as SUCCESS. dag_id=api_binance_dag1, task_id=draw_smth_graphs, execution_date=20241102T185253, start_date=20241102T190028, end_date=20241102T190028
[2024-11-02T19:00:28.996+0000] {local_task_job_runner.py:225} INFO - Task exited with return code 0
[2024-11-02T19:00:29.022+0000] {taskinstance.py:2653} INFO - 0 downstream tasks scheduled from follow-on schedule check
