[2024-10-16T17:41:33.280+0000] {warnings.py:110} WARNING - /home/***/.local/lib/python3.7/site-packages/***/utils/sqlalchemy.py:124: DeprecationWarning: The sql_alchemy_conn option in [core] has been moved to the sql_alchemy_conn option in [database] - the old setting has been used, but please update your config.
  return not conf.get("database", "sql_alchemy_conn").startswith("mssql")

[2024-10-16T17:41:33.646+0000] {taskinstance.py:1103} INFO - Dependencies all met for dep_context=non-requeueable deps ti=<TaskInstance: api_binance_dag1.SUI scheduled__2024-10-10T09:00:00+00:00 [queued]>
[2024-10-16T17:41:33.704+0000] {taskinstance.py:1103} INFO - Dependencies all met for dep_context=requeueable deps ti=<TaskInstance: api_binance_dag1.SUI scheduled__2024-10-10T09:00:00+00:00 [queued]>
[2024-10-16T17:41:33.705+0000] {taskinstance.py:1308} INFO - Starting attempt 1 of 6
[2024-10-16T17:41:33.787+0000] {taskinstance.py:1327} INFO - Executing <Task(PythonOperator): SUI> on 2024-10-10 09:00:00+00:00
[2024-10-16T17:41:33.809+0000] {standard_task_runner.py:57} INFO - Started process 228 to run task
[2024-10-16T17:41:33.827+0000] {standard_task_runner.py:84} INFO - Running: ['***', 'tasks', 'run', 'api_binance_dag1', 'SUI', 'scheduled__2024-10-10T09:00:00+00:00', '--job-id', '96', '--raw', '--subdir', 'DAGS_FOLDER/binance.Dag1.py', '--cfg-path', '/tmp/tmpfbfe_b00']
[2024-10-16T17:41:33.832+0000] {standard_task_runner.py:85} INFO - Job 96: Subtask SUI
[2024-10-16T17:41:33.888+0000] {warnings.py:110} WARNING - /home/***/.local/lib/python3.7/site-packages/***/settings.py:195: DeprecationWarning: The sql_alchemy_conn option in [core] has been moved to the sql_alchemy_conn option in [database] - the old setting has been used, but please update your config.
  SQL_ALCHEMY_CONN = conf.get("database", "SQL_ALCHEMY_CONN")

[2024-10-16T17:41:34.057+0000] {task_command.py:410} INFO - Running <TaskInstance: api_binance_dag1.SUI scheduled__2024-10-10T09:00:00+00:00 [running]> on host 3e776c2a96a1
[2024-10-16T17:41:34.099+0000] {warnings.py:110} WARNING - /home/***/.local/lib/python3.7/site-packages/***/utils/sqlalchemy.py:124: DeprecationWarning: The sql_alchemy_conn option in [core] has been moved to the sql_alchemy_conn option in [database] - the old setting has been used, but please update your config.
  return not conf.get("database", "sql_alchemy_conn").startswith("mssql")

[2024-10-16T17:41:34.493+0000] {taskinstance.py:1547} INFO - Exporting env vars: AIRFLOW_CTX_DAG_OWNER='Danil' AIRFLOW_CTX_DAG_ID='api_binance_dag1' AIRFLOW_CTX_TASK_ID='SUI' AIRFLOW_CTX_EXECUTION_DATE='2024-10-10T09:00:00+00:00' AIRFLOW_CTX_TRY_NUMBER='1' AIRFLOW_CTX_DAG_RUN_ID='scheduled__2024-10-10T09:00:00+00:00'
[2024-10-16T17:41:45.940+0000] {logging_mixin.py:149} INFO - Pushed to XCom: Key: SUIU, Value: [[1728259200000, '1.84090000', '2.16800000', '1.83640000', '2.01730000', '191514458.70000000', 1728345599999, '385497166.31088000', 937214, '97872860.70000000', '197125781.07188000', '0'], [1728345600000, '2.01730000', '2.13470000', '1.92950000', '1.98680000', '147218821.70000000', 1728431999999, '297046894.50953000', 714963, '76994797.00000000', '155339375.20641000', '0'], [1728432000000, '1.98690000', '1.99740000', '1.84350000', '1.87550000', '118288209.70000000', 1728518399999, '227579008.21677000', 549488, '59190482.90000000', '113868134.87768000', '0'], [1728518400000, '1.87560000', '1.90490000', '1.74670000', '1.83450000', '109114892.50000000', 1728604799999, '198903082.98708000', 526100, '53858444.50000000', '98220848.23254000', '0'], [1728604800000, '1.83470000', '2.08760000', '1.79000000', '2.05400000', '132738620.20000000', 1728691199999, '260806572.95123000', 642281, '68410657.10000000', '134572128.93377000', '0'], [1728691200000, '2.05400000', '2.28820000', '2.00320000', '2.24150000', '130700373.50000000', 1728777599999, '282217223.15618000', 626545, '70457852.40000000', '152187562.12109000', '0'], [1728777600000, '2.24200000', '2.36800000', '2.12350000', '2.34380000', '115307630.40000000', 1728863999999, '257246254.55338000', 601981, '63935745.30000000', '142780521.81575000', '0']]
[2024-10-16T17:41:45.948+0000] {python.py:183} INFO - Done. Returned value was: None
[2024-10-16T17:41:45.977+0000] {taskinstance.py:1350} INFO - Marking task as SUCCESS. dag_id=api_binance_dag1, task_id=SUI, execution_date=20241010T090000, start_date=20241016T174133, end_date=20241016T174145
[2024-10-16T17:41:46.079+0000] {local_task_job_runner.py:225} INFO - Task exited with return code 0
[2024-10-16T17:41:46.292+0000] {taskinstance.py:2653} INFO - 0 downstream tasks scheduled from follow-on schedule check
