[2024-11-01T20:00:37.312+0000] {warnings.py:110} WARNING - /home/***/.local/lib/python3.7/site-packages/***/utils/sqlalchemy.py:124: DeprecationWarning: The sql_alchemy_conn option in [core] has been moved to the sql_alchemy_conn option in [database] - the old setting has been used, but please update your config.
  return not conf.get("database", "sql_alchemy_conn").startswith("mssql")

[2024-11-01T20:00:39.578+0000] {taskinstance.py:1103} INFO - Dependencies all met for dep_context=non-requeueable deps ti=<TaskInstance: api_binance_dag1.SUI scheduled__2024-10-29T09:00:00+00:00 [queued]>
[2024-11-01T20:00:39.606+0000] {taskinstance.py:1103} INFO - Dependencies all met for dep_context=requeueable deps ti=<TaskInstance: api_binance_dag1.SUI scheduled__2024-10-29T09:00:00+00:00 [queued]>
[2024-11-01T20:00:39.607+0000] {taskinstance.py:1308} INFO - Starting attempt 1 of 3
[2024-11-01T20:00:39.653+0000] {taskinstance.py:1327} INFO - Executing <Task(PythonOperator): SUI> on 2024-10-29 09:00:00+00:00
[2024-11-01T20:00:39.674+0000] {standard_task_runner.py:57} INFO - Started process 234 to run task
[2024-11-01T20:00:39.686+0000] {standard_task_runner.py:84} INFO - Running: ['***', 'tasks', 'run', 'api_binance_dag1', 'SUI', 'scheduled__2024-10-29T09:00:00+00:00', '--job-id', '800', '--raw', '--subdir', 'DAGS_FOLDER/binance.Dag1.py', '--cfg-path', '/tmp/tmp24g0duz5']
[2024-11-01T20:00:39.690+0000] {standard_task_runner.py:85} INFO - Job 800: Subtask SUI
[2024-11-01T20:00:49.752+0000] {cli_action_loggers.py:135} WARNING - Failed to log action (psycopg2.OperationalError) could not translate host name "postgres" to address: Temporary failure in name resolution

(Background on this error at: https://sqlalche.me/e/14/e3q8)
[2024-11-01T20:00:49.817+0000] {warnings.py:110} WARNING - /home/***/.local/lib/python3.7/site-packages/***/settings.py:195: DeprecationWarning: The sql_alchemy_conn option in [core] has been moved to the sql_alchemy_conn option in [database] - the old setting has been used, but please update your config.
  SQL_ALCHEMY_CONN = conf.get("database", "SQL_ALCHEMY_CONN")

[2024-11-01T20:00:50.598+0000] {task_command.py:410} INFO - Running <TaskInstance: api_binance_dag1.SUI scheduled__2024-10-29T09:00:00+00:00 [running]> on host 3e776c2a96a1
[2024-11-01T20:00:50.662+0000] {warnings.py:110} WARNING - /home/***/.local/lib/python3.7/site-packages/***/utils/sqlalchemy.py:124: DeprecationWarning: The sql_alchemy_conn option in [core] has been moved to the sql_alchemy_conn option in [database] - the old setting has been used, but please update your config.
  return not conf.get("database", "sql_alchemy_conn").startswith("mssql")

[2024-11-01T20:00:51.084+0000] {taskinstance.py:1547} INFO - Exporting env vars: AIRFLOW_CTX_DAG_OWNER='Danil' AIRFLOW_CTX_DAG_ID='api_binance_dag1' AIRFLOW_CTX_TASK_ID='SUI' AIRFLOW_CTX_EXECUTION_DATE='2024-10-29T09:00:00+00:00' AIRFLOW_CTX_TRY_NUMBER='1' AIRFLOW_CTX_DAG_RUN_ID='scheduled__2024-10-29T09:00:00+00:00'
[2024-11-01T20:00:52.122+0000] {logging_mixin.py:149} INFO - Pushed to XCom: Key: SUI, Value: [[1729641600000, '1.93940000', '1.99900000', '1.86570000', '1.97750000', '78991736.40000000', 1729727999999, '151871724.05779000', 378719, '40063511.80000000', '77102280.02783000', '0'], [1729728000000, '1.97750000', '2.05180000', '1.92500000', '1.93690000', '59493671.40000000', 1729814399999, '118241789.01801000', 318322, '28177209.50000000', '56029351.67442000', '0'], [1729814400000, '1.93700000', '1.94430000', '1.64000000', '1.75200000', '86182096.10000000', 1729900799999, '158309761.14473000', 408407, '39921865.20000000', '73448179.93040000', '0'], [1729900800000, '1.75200000', '1.84640000', '1.70040000', '1.79500000', '65712671.00000000', 1729987199999, '116305048.48325000', 319395, '33411314.60000000', '59148626.04672000', '0'], [1729987200000, '1.79520000', '1.82700000', '1.72480000', '1.75590000', '42099096.90000000', 1730073599999, '74837177.35224000', 250315, '20802732.00000000', '37010575.49128000', '0'], [1730073600000, '1.75590000', '1.78860000', '1.59830000', '1.77290000', '98007478.00000000', 1730159999999, '166170123.38293000', 469227, '46885868.50000000', '79506285.58482000', '0'], [1730160000000, '1.77260000', '2.09990000', '1.76370000', '2.07310000', '153598383.00000000', 1730246399999, '300658348.15859000', 773653, '75000769.30000000', '146835148.01169000', '0'], [1730246400000, '2.07180000', '2.13290000', '1.97830000', '2.08280000', '89395492.90000000', 1730332799999, '183636726.14419000', 491226, '43843880.40000000', '90113251.29294000', '0'], [1730332800000, '2.08270000', '2.09870000', '1.93680000', '1.97150000', '72447217.10000000', 1730419199999, '146053226.92914000', 410452, '35841121.70000000', '72272428.51520000', '0'], [1730419200000, '1.97150000', '2.10990000', '1.91600000', '1.98940000', '87606290.80000000', 1730505599999, '174619261.34707000', 465652, '44334441.40000000', '88384226.18979000', '0']]
[2024-11-01T20:00:52.128+0000] {python.py:183} INFO - Done. Returned value was: None
[2024-11-01T20:00:52.157+0000] {taskinstance.py:1350} INFO - Marking task as SUCCESS. dag_id=api_binance_dag1, task_id=SUI, execution_date=20241029T090000, start_date=20241101T200039, end_date=20241101T200052
[2024-11-01T20:00:52.231+0000] {local_task_job_runner.py:225} INFO - Task exited with return code 0
[2024-11-01T20:00:52.401+0000] {taskinstance.py:2653} INFO - 0 downstream tasks scheduled from follow-on schedule check
