[2024-10-28T10:35:24.559+0000] {warnings.py:110} WARNING - /home/***/.local/lib/python3.7/site-packages/***/utils/sqlalchemy.py:124: DeprecationWarning: The sql_alchemy_conn option in [core] has been moved to the sql_alchemy_conn option in [database] - the old setting has been used, but please update your config.
  return not conf.get("database", "sql_alchemy_conn").startswith("mssql")

[2024-10-28T10:35:25.397+0000] {taskinstance.py:1103} INFO - Dependencies all met for dep_context=non-requeueable deps ti=<TaskInstance: api_binance_dag1.TON scheduled__2024-10-26T09:00:00+00:00 [queued]>
[2024-10-28T10:35:25.454+0000] {taskinstance.py:1103} INFO - Dependencies all met for dep_context=requeueable deps ti=<TaskInstance: api_binance_dag1.TON scheduled__2024-10-26T09:00:00+00:00 [queued]>
[2024-10-28T10:35:25.455+0000] {taskinstance.py:1308} INFO - Starting attempt 1 of 3
[2024-10-28T10:35:25.511+0000] {taskinstance.py:1327} INFO - Executing <Task(PythonOperator): TON> on 2024-10-26 09:00:00+00:00
[2024-10-28T10:35:25.529+0000] {standard_task_runner.py:57} INFO - Started process 117 to run task
[2024-10-28T10:35:25.659+0000] {standard_task_runner.py:84} INFO - Running: ['***', 'tasks', 'run', 'api_binance_dag1', 'TON', 'scheduled__2024-10-26T09:00:00+00:00', '--job-id', '553', '--raw', '--subdir', 'DAGS_FOLDER/binance.Dag1.py', '--cfg-path', '/tmp/tmpu8u6noca']
[2024-10-28T10:35:25.770+0000] {standard_task_runner.py:85} INFO - Job 553: Subtask TON
[2024-10-28T10:35:26.097+0000] {warnings.py:110} WARNING - /home/***/.local/lib/python3.7/site-packages/***/settings.py:195: DeprecationWarning: The sql_alchemy_conn option in [core] has been moved to the sql_alchemy_conn option in [database] - the old setting has been used, but please update your config.
  SQL_ALCHEMY_CONN = conf.get("database", "SQL_ALCHEMY_CONN")

[2024-10-28T10:35:26.316+0000] {task_command.py:410} INFO - Running <TaskInstance: api_binance_dag1.TON scheduled__2024-10-26T09:00:00+00:00 [running]> on host 3e776c2a96a1
[2024-10-28T10:35:26.384+0000] {warnings.py:110} WARNING - /home/***/.local/lib/python3.7/site-packages/***/utils/sqlalchemy.py:124: DeprecationWarning: The sql_alchemy_conn option in [core] has been moved to the sql_alchemy_conn option in [database] - the old setting has been used, but please update your config.
  return not conf.get("database", "sql_alchemy_conn").startswith("mssql")

[2024-10-28T10:35:35.644+0000] {taskinstance.py:1547} INFO - Exporting env vars: AIRFLOW_CTX_DAG_OWNER='Danil' AIRFLOW_CTX_DAG_ID='api_binance_dag1' AIRFLOW_CTX_TASK_ID='TON' AIRFLOW_CTX_EXECUTION_DATE='2024-10-26T09:00:00+00:00' AIRFLOW_CTX_TRY_NUMBER='1' AIRFLOW_CTX_DAG_RUN_ID='scheduled__2024-10-26T09:00:00+00:00'
[2024-10-28T10:35:36.223+0000] {logging_mixin.py:149} INFO - Pushed to XCom: Key: TON, Value: [[1729296000000, '5.25000000', '5.28400000', '5.22300000', '5.26700000', '1696432.38000000', 1729382399999, '8917529.26594000', 107898, '832409.76000000', '4375010.28909000', '0'], [1729382400000, '5.26900000', '5.38000000', '5.24400000', '5.35800000', '2885094.13000000', 1729468799999, '15287408.52169000', 160042, '1457823.58000000', '7725680.60149000', '0'], [1729468800000, '5.35800000', '5.40800000', '5.16500000', '5.19400000', '5402687.27000000', 1729555199999, '28450190.43455000', 245972, '2976410.26000000', '15667797.80145000', '0'], [1729555200000, '5.19500000', '5.28700000', '5.14700000', '5.22300000', '5151847.05000000', 1729641599999, '26943244.60887000', 254477, '2840556.99000000', '14850059.59742000', '0'], [1729641600000, '5.22400000', '5.24700000', '5.01500000', '5.14000000', '4410407.64000000', 1729727999999, '22636716.31743000', 233675, '2195973.40000000', '11271930.25985000', '0'], [1729728000000, '5.14000000', '5.18600000', '5.09400000', '5.12800000', '3401184.54000000', 1729814399999, '17528874.81177000', 172620, '1682572.45000000', '8670009.16390000', '0'], [1729814400000, '5.12900000', '5.13400000', '4.56000000', '4.77600000', '9135716.70000000', 1729900799999, '45026898.29890000', 412965, '4496216.81000000', '22161609.52340000', '0']]
[2024-10-28T10:35:36.225+0000] {python.py:183} INFO - Done. Returned value was: None
[2024-10-28T10:35:36.242+0000] {taskinstance.py:1350} INFO - Marking task as SUCCESS. dag_id=api_binance_dag1, task_id=TON, execution_date=20241026T090000, start_date=20241028T103525, end_date=20241028T103536
[2024-10-28T10:35:36.314+0000] {local_task_job_runner.py:225} INFO - Task exited with return code 0
[2024-10-28T10:35:36.358+0000] {taskinstance.py:2653} INFO - 0 downstream tasks scheduled from follow-on schedule check
