[2024-10-28T21:50:32.106+0000] {taskinstance.py:1103} INFO - Dependencies all met for dep_context=non-requeueable deps ti=<TaskInstance: api_binance_dag1.SOL manual__2024-10-28T21:50:17.159772+00:00 [queued]>
[2024-10-28T21:50:32.129+0000] {taskinstance.py:1103} INFO - Dependencies all met for dep_context=requeueable deps ti=<TaskInstance: api_binance_dag1.SOL manual__2024-10-28T21:50:17.159772+00:00 [queued]>
[2024-10-28T21:50:32.130+0000] {taskinstance.py:1308} INFO - Starting attempt 1 of 3
[2024-10-28T21:50:32.157+0000] {taskinstance.py:1327} INFO - Executing <Task(PythonOperator): SOL> on 2024-10-28 21:50:17.159772+00:00
[2024-10-28T21:50:32.182+0000] {standard_task_runner.py:57} INFO - Started process 368 to run task
[2024-10-28T21:50:32.195+0000] {standard_task_runner.py:84} INFO - Running: ['***', 'tasks', 'run', 'api_binance_dag1', 'SOL', 'manual__2024-10-28T21:50:17.159772+00:00', '--job-id', '772', '--raw', '--subdir', 'DAGS_FOLDER/binance.Dag1.py', '--cfg-path', '/tmp/tmpd3qmsqew']
[2024-10-28T21:50:32.202+0000] {standard_task_runner.py:85} INFO - Job 772: Subtask SOL
[2024-10-28T21:50:42.377+0000] {cli_action_loggers.py:135} WARNING - Failed to log action (psycopg2.OperationalError) could not translate host name "postgres" to address: Temporary failure in name resolution

(Background on this error at: https://sqlalche.me/e/14/e3q8)
[2024-10-28T21:50:42.868+0000] {warnings.py:110} WARNING - /home/***/.local/lib/python3.7/site-packages/***/settings.py:195: DeprecationWarning: The sql_alchemy_conn option in [core] has been moved to the sql_alchemy_conn option in [database] - the old setting has been used, but please update your config.
  SQL_ALCHEMY_CONN = conf.get("database", "SQL_ALCHEMY_CONN")

[2024-10-28T21:50:58.646+0000] {job.py:216} ERROR - Job heartbeat got an exception
Traceback (most recent call last):
  File "/home/airflow/.local/lib/python3.7/site-packages/sqlalchemy/engine/base.py", line 3366, in _wrap_pool_connect
    return fn()
  File "/home/airflow/.local/lib/python3.7/site-packages/sqlalchemy/pool/base.py", line 327, in connect
    return _ConnectionFairy._checkout(self)
  File "/home/airflow/.local/lib/python3.7/site-packages/sqlalchemy/pool/base.py", line 894, in _checkout
    fairy = _ConnectionRecord.checkout(pool)
  File "/home/airflow/.local/lib/python3.7/site-packages/sqlalchemy/pool/base.py", line 493, in checkout
    rec = pool._do_get()
  File "/home/airflow/.local/lib/python3.7/site-packages/sqlalchemy/pool/impl.py", line 256, in _do_get
    return self._create_connection()
  File "/home/airflow/.local/lib/python3.7/site-packages/sqlalchemy/pool/base.py", line 273, in _create_connection
    return _ConnectionRecord(self)
  File "/home/airflow/.local/lib/python3.7/site-packages/sqlalchemy/pool/base.py", line 388, in __init__
    self.__connect()
  File "/home/airflow/.local/lib/python3.7/site-packages/sqlalchemy/pool/base.py", line 691, in __connect
    pool.logger.debug("Error on connect(): %s", e)
  File "/home/airflow/.local/lib/python3.7/site-packages/sqlalchemy/util/langhelpers.py", line 72, in __exit__
    with_traceback=exc_tb,
  File "/home/airflow/.local/lib/python3.7/site-packages/sqlalchemy/util/compat.py", line 211, in raise_
    raise exception
  File "/home/airflow/.local/lib/python3.7/site-packages/sqlalchemy/pool/base.py", line 686, in __connect
    self.dbapi_connection = connection = pool._invoke_creator(self)
  File "/home/airflow/.local/lib/python3.7/site-packages/sqlalchemy/engine/create.py", line 574, in connect
    return dialect.connect(*cargs, **cparams)
  File "/home/airflow/.local/lib/python3.7/site-packages/sqlalchemy/engine/default.py", line 598, in connect
    return self.dbapi.connect(*cargs, **cparams)
  File "/home/airflow/.local/lib/python3.7/site-packages/psycopg2/__init__.py", line 122, in connect
    conn = _connect(dsn, connection_factory=connection_factory, **kwasync)
psycopg2.OperationalError: could not translate host name "postgres" to address: Temporary failure in name resolution


The above exception was the direct cause of the following exception:

Traceback (most recent call last):
  File "/home/airflow/.local/lib/python3.7/site-packages/airflow/jobs/job.py", line 187, in heartbeat
    session.merge(self)
  File "/home/airflow/.local/lib/python3.7/site-packages/sqlalchemy/orm/session.py", line 3062, in merge
    _resolve_conflict_map=_resolve_conflict_map,
  File "/home/airflow/.local/lib/python3.7/site-packages/sqlalchemy/orm/session.py", line 3140, in _merge
    options=options,
  File "/home/airflow/.local/lib/python3.7/site-packages/sqlalchemy/orm/session.py", line 2861, in get
    execution_options=execution_options,
  File "/home/airflow/.local/lib/python3.7/site-packages/sqlalchemy/orm/session.py", line 2979, in _get_impl
    load_options=load_options,
  File "/home/airflow/.local/lib/python3.7/site-packages/sqlalchemy/orm/loading.py", line 534, in load_on_pk_identity
    bind_arguments=bind_arguments,
  File "/home/airflow/.local/lib/python3.7/site-packages/sqlalchemy/orm/session.py", line 1716, in execute
    conn = self._connection_for_bind(bind)
  File "/home/airflow/.local/lib/python3.7/site-packages/sqlalchemy/orm/session.py", line 1556, in _connection_for_bind
    engine, execution_options
  File "/home/airflow/.local/lib/python3.7/site-packages/sqlalchemy/orm/session.py", line 750, in _connection_for_bind
    conn = bind.connect()
  File "/home/airflow/.local/lib/python3.7/site-packages/sqlalchemy/engine/base.py", line 3320, in connect
    return self._connection_cls(self, close_with_result=close_with_result)
  File "/home/airflow/.local/lib/python3.7/site-packages/sqlalchemy/engine/base.py", line 96, in __init__
    else engine.raw_connection()
  File "/home/airflow/.local/lib/python3.7/site-packages/sqlalchemy/engine/base.py", line 3399, in raw_connection
    return self._wrap_pool_connect(self.pool.connect, _connection)
  File "/home/airflow/.local/lib/python3.7/site-packages/sqlalchemy/engine/base.py", line 3370, in _wrap_pool_connect
    e, dialect, self
  File "/home/airflow/.local/lib/python3.7/site-packages/sqlalchemy/engine/base.py", line 2204, in _handle_dbapi_exception_noconnection
    sqlalchemy_exception, with_traceback=exc_info[2], from_=e
  File "/home/airflow/.local/lib/python3.7/site-packages/sqlalchemy/util/compat.py", line 211, in raise_
    raise exception
  File "/home/airflow/.local/lib/python3.7/site-packages/sqlalchemy/engine/base.py", line 3366, in _wrap_pool_connect
    return fn()
  File "/home/airflow/.local/lib/python3.7/site-packages/sqlalchemy/pool/base.py", line 327, in connect
    return _ConnectionFairy._checkout(self)
  File "/home/airflow/.local/lib/python3.7/site-packages/sqlalchemy/pool/base.py", line 894, in _checkout
    fairy = _ConnectionRecord.checkout(pool)
  File "/home/airflow/.local/lib/python3.7/site-packages/sqlalchemy/pool/base.py", line 493, in checkout
    rec = pool._do_get()
  File "/home/airflow/.local/lib/python3.7/site-packages/sqlalchemy/pool/impl.py", line 256, in _do_get
    return self._create_connection()
  File "/home/airflow/.local/lib/python3.7/site-packages/sqlalchemy/pool/base.py", line 273, in _create_connection
    return _ConnectionRecord(self)
  File "/home/airflow/.local/lib/python3.7/site-packages/sqlalchemy/pool/base.py", line 388, in __init__
    self.__connect()
  File "/home/airflow/.local/lib/python3.7/site-packages/sqlalchemy/pool/base.py", line 691, in __connect
    pool.logger.debug("Error on connect(): %s", e)
  File "/home/airflow/.local/lib/python3.7/site-packages/sqlalchemy/util/langhelpers.py", line 72, in __exit__
    with_traceback=exc_tb,
  File "/home/airflow/.local/lib/python3.7/site-packages/sqlalchemy/util/compat.py", line 211, in raise_
    raise exception
  File "/home/airflow/.local/lib/python3.7/site-packages/sqlalchemy/pool/base.py", line 686, in __connect
    self.dbapi_connection = connection = pool._invoke_creator(self)
  File "/home/airflow/.local/lib/python3.7/site-packages/sqlalchemy/engine/create.py", line 574, in connect
    return dialect.connect(*cargs, **cparams)
  File "/home/airflow/.local/lib/python3.7/site-packages/sqlalchemy/engine/default.py", line 598, in connect
    return self.dbapi.connect(*cargs, **cparams)
  File "/home/airflow/.local/lib/python3.7/site-packages/psycopg2/__init__.py", line 122, in connect
    conn = _connect(dsn, connection_factory=connection_factory, **kwasync)
sqlalchemy.exc.OperationalError: (psycopg2.OperationalError) could not translate host name "postgres" to address: Temporary failure in name resolution

(Background on this error at: https://sqlalche.me/e/14/e3q8)
[2024-10-28T21:51:09.348+0000] {task_command.py:410} INFO - Running <TaskInstance: api_binance_dag1.SOL manual__2024-10-28T21:50:17.159772+00:00 [running]> on host 3e776c2a96a1
[2024-10-28T21:51:11.471+0000] {taskinstance.py:1547} INFO - Exporting env vars: AIRFLOW_CTX_DAG_OWNER='Danil' AIRFLOW_CTX_DAG_ID='api_binance_dag1' AIRFLOW_CTX_TASK_ID='SOL' AIRFLOW_CTX_EXECUTION_DATE='2024-10-28T21:50:17.159772+00:00' AIRFLOW_CTX_TRY_NUMBER='1' AIRFLOW_CTX_DAG_RUN_ID='manual__2024-10-28T21:50:17.159772+00:00'
[2024-10-28T21:51:13.560+0000] {logging_mixin.py:149} INFO - Pushed to XCom: Key: SOL, Value: [[1729296000000, '154.93000000', '159.85000000', '153.45000000', '159.79000000', '1724504.16600000', 1729382399999, '269205539.47737000', 678270, '886922.62400000', '138501608.52301000', '0'], [1729382400000, '159.79000000', '167.94000000', '157.58000000', '167.40000000', '3094698.82500000', 1729468799999, '499091756.88122000', 1326223, '1622031.67600000', '261873779.14963000', '0'], [1729468800000, '167.40000000', '171.76000000', '160.99000000', '166.17000000', '4807758.74200000', 1729555199999, '802248688.37832000', 2074468, '2411048.60400000', '402494472.33500000', '0'], [1729555200000, '166.16000000', '170.99000000', '162.99000000', '167.59000000', '4115685.50200000', 1729641599999, '688160680.55922000', 1526765, '2110350.66200000', '352957914.86517000', '0'], [1729641600000, '167.60000000', '174.30000000', '164.13000000', '170.85000000', '4509792.29200000', 1729727999999, '757152123.98221000', 2198916, '2295806.78900000', '385823153.59896000', '0'], [1729728000000, '170.86000000', '179.30000000', '170.50000000', '177.19000000', '3893052.12000000', 1729814399999, '680676981.90358000', 1905295, '2088151.85400000', '365234274.52438000', '0'], [1729814400000, '177.19000000', '177.60000000', '159.12000000', '164.90000000', '5718307.06600000', 1729900799999, '975203392.12616000', 2802265, '2655827.20900000', '453382227.37534000', '0'], [1729900800000, '164.91000000', '173.25000000', '162.43000000', '170.88000000', '3010702.79600000', 1729987199999, '505678400.81293000', 1497920, '1642701.61900000', '276044366.21096000', '0'], [1729987200000, '170.87000000', '178.27000000', '170.26000000', '176.63000000', '2606131.77100000', 1730073599999, '456430957.53051000', 1472999, '1361175.88800000', '238376056.55902000', '0'], [1730073600000, '176.63000000', '179.80000000', '172.45000000', '178.86000000', '3720429.71800000', 1730159999999, '654696458.78877000', 1908501, '1834781.71800000', '323021981.27254000', '0']]
[2024-10-28T21:51:13.565+0000] {python.py:183} INFO - Done. Returned value was: None
[2024-10-28T21:51:13.589+0000] {taskinstance.py:1350} INFO - Marking task as SUCCESS. dag_id=api_binance_dag1, task_id=SOL, execution_date=20241028T215017, start_date=20241028T215032, end_date=20241028T215113
[2024-10-28T21:51:13.750+0000] {local_task_job_runner.py:225} INFO - Task exited with return code 0
[2024-10-28T21:51:14.006+0000] {taskinstance.py:2653} INFO - 0 downstream tasks scheduled from follow-on schedule check
