[2024-10-21T15:45:44.613+0000] {warnings.py:110} WARNING - /home/***/.local/lib/python3.7/site-packages/***/utils/sqlalchemy.py:124: DeprecationWarning: The sql_alchemy_conn option in [core] has been moved to the sql_alchemy_conn option in [database] - the old setting has been used, but please update your config.
  return not conf.get("database", "sql_alchemy_conn").startswith("mssql")

[2024-10-21T15:45:44.771+0000] {taskinstance.py:1103} INFO - Dependencies all met for dep_context=non-requeueable deps ti=<TaskInstance: api_binance_dag1.TON scheduled__2024-10-17T09:00:00+00:00 [queued]>
[2024-10-21T15:45:44.813+0000] {taskinstance.py:1103} INFO - Dependencies all met for dep_context=requeueable deps ti=<TaskInstance: api_binance_dag1.TON scheduled__2024-10-17T09:00:00+00:00 [queued]>
[2024-10-21T15:45:44.814+0000] {taskinstance.py:1308} INFO - Starting attempt 1 of 6
[2024-10-21T15:45:44.880+0000] {taskinstance.py:1327} INFO - Executing <Task(PythonOperator): TON> on 2024-10-17 09:00:00+00:00
[2024-10-21T15:45:44.910+0000] {standard_task_runner.py:57} INFO - Started process 296 to run task
[2024-10-21T15:45:44.921+0000] {standard_task_runner.py:84} INFO - Running: ['***', 'tasks', 'run', 'api_binance_dag1', 'TON', 'scheduled__2024-10-17T09:00:00+00:00', '--job-id', '341', '--raw', '--subdir', 'DAGS_FOLDER/binance.Dag1.py', '--cfg-path', '/tmp/tmpry6fh8r_']
[2024-10-21T15:45:44.927+0000] {standard_task_runner.py:85} INFO - Job 341: Subtask TON
[2024-10-21T15:45:44.962+0000] {warnings.py:110} WARNING - /home/***/.local/lib/python3.7/site-packages/***/settings.py:195: DeprecationWarning: The sql_alchemy_conn option in [core] has been moved to the sql_alchemy_conn option in [database] - the old setting has been used, but please update your config.
  SQL_ALCHEMY_CONN = conf.get("database", "SQL_ALCHEMY_CONN")

[2024-10-21T15:45:45.075+0000] {task_command.py:410} INFO - Running <TaskInstance: api_binance_dag1.TON scheduled__2024-10-17T09:00:00+00:00 [running]> on host 3e776c2a96a1
[2024-10-21T15:45:45.111+0000] {warnings.py:110} WARNING - /home/***/.local/lib/python3.7/site-packages/***/utils/sqlalchemy.py:124: DeprecationWarning: The sql_alchemy_conn option in [core] has been moved to the sql_alchemy_conn option in [database] - the old setting has been used, but please update your config.
  return not conf.get("database", "sql_alchemy_conn").startswith("mssql")

[2024-10-21T15:45:46.246+0000] {taskinstance.py:1547} INFO - Exporting env vars: AIRFLOW_CTX_DAG_OWNER='Danil' AIRFLOW_CTX_DAG_ID='api_binance_dag1' AIRFLOW_CTX_TASK_ID='TON' AIRFLOW_CTX_EXECUTION_DATE='2024-10-17T09:00:00+00:00' AIRFLOW_CTX_TRY_NUMBER='1' AIRFLOW_CTX_DAG_RUN_ID='scheduled__2024-10-17T09:00:00+00:00'
[2024-10-21T15:45:46.994+0000] {logging_mixin.py:149} INFO - Pushed to XCom: Key: TON, Value: [[1728691200000, '5.21000000', '5.31300000', '5.15100000', '5.24100000', '3128623.26000000', 1728777599999, '16447694.06386000', 215404, '1396332.21000000', '7346174.06764000', '0'], [1728777600000, '5.24100000', '5.30800000', '5.11300000', '5.19200000', '3798305.82000000', 1728863999999, '19815737.47200000', 246829, '1796758.27000000', '9368615.61531000', '0'], [1728864000000, '5.19300000', '5.36000000', '5.15900000', '5.32300000', '5758841.14000000', 1728950399999, '30456328.81805000', 317881, '3073736.73000000', '16251707.67191000', '0'], [1728950400000, '5.32300000', '5.34300000', '5.12300000', '5.22400000', '8979951.86000000', 1729036799999, '46987111.49234000', 506231, '4494321.29000000', '23503393.11590000', '0'], [1729036800000, '5.22400000', '5.30000000', '5.17000000', '5.22700000', '4632076.06000000', 1729123199999, '24271300.23959000', 225894, '2241140.33000000', '11738647.30469000', '0'], [1729123200000, '5.22600000', '5.26000000', '5.10500000', '5.18300000', '5366258.69000000', 1729209599999, '27764753.27182000', 220975, '2971483.76000000', '15373788.46045000', '0'], [1729209600000, '5.18300000', '5.26500000', '5.17300000', '5.25000000', '2971242.31000000', 1729295999999, '15511618.76213000', 168910, '1575595.45000000', '8228295.90241000', '0']]
[2024-10-21T15:45:46.998+0000] {python.py:183} INFO - Done. Returned value was: None
[2024-10-21T15:45:47.034+0000] {taskinstance.py:1350} INFO - Marking task as SUCCESS. dag_id=api_binance_dag1, task_id=TON, execution_date=20241017T090000, start_date=20241021T154544, end_date=20241021T154547
[2024-10-21T15:45:47.132+0000] {local_task_job_runner.py:225} INFO - Task exited with return code 0
[2024-10-21T15:45:47.207+0000] {taskinstance.py:2653} INFO - 0 downstream tasks scheduled from follow-on schedule check
