[2024-11-01T20:13:28.085+0000] {warnings.py:110} WARNING - /home/***/.local/lib/python3.7/site-packages/***/utils/sqlalchemy.py:124: DeprecationWarning: The sql_alchemy_conn option in [core] has been moved to the sql_alchemy_conn option in [database] - the old setting has been used, but please update your config.
  return not conf.get("database", "sql_alchemy_conn").startswith("mssql")

[2024-11-01T20:13:28.270+0000] {taskinstance.py:1103} INFO - Dependencies all met for dep_context=non-requeueable deps ti=<TaskInstance: api_binance_dag1.SOL scheduled__2024-10-30T09:00:00+00:00 [queued]>
[2024-11-01T20:13:28.322+0000] {taskinstance.py:1103} INFO - Dependencies all met for dep_context=requeueable deps ti=<TaskInstance: api_binance_dag1.SOL scheduled__2024-10-30T09:00:00+00:00 [queued]>
[2024-11-01T20:13:28.323+0000] {taskinstance.py:1308} INFO - Starting attempt 3 of 3
[2024-11-01T20:13:28.381+0000] {taskinstance.py:1327} INFO - Executing <Task(PythonOperator): SOL> on 2024-10-30 09:00:00+00:00
[2024-11-01T20:13:28.420+0000] {standard_task_runner.py:57} INFO - Started process 276 to run task
[2024-11-01T20:13:28.425+0000] {standard_task_runner.py:84} INFO - Running: ['***', 'tasks', 'run', 'api_binance_dag1', 'SOL', 'scheduled__2024-10-30T09:00:00+00:00', '--job-id', '813', '--raw', '--subdir', 'DAGS_FOLDER/binance.Dag1.py', '--cfg-path', '/tmp/tmprpeqxidi']
[2024-11-01T20:13:28.428+0000] {standard_task_runner.py:85} INFO - Job 813: Subtask SOL
[2024-11-01T20:13:28.504+0000] {warnings.py:110} WARNING - /home/***/.local/lib/python3.7/site-packages/***/settings.py:195: DeprecationWarning: The sql_alchemy_conn option in [core] has been moved to the sql_alchemy_conn option in [database] - the old setting has been used, but please update your config.
  SQL_ALCHEMY_CONN = conf.get("database", "SQL_ALCHEMY_CONN")

[2024-11-01T20:13:28.586+0000] {task_command.py:410} INFO - Running <TaskInstance: api_binance_dag1.SOL scheduled__2024-10-30T09:00:00+00:00 [running]> on host 3e776c2a96a1
[2024-11-01T20:13:28.624+0000] {warnings.py:110} WARNING - /home/***/.local/lib/python3.7/site-packages/***/utils/sqlalchemy.py:124: DeprecationWarning: The sql_alchemy_conn option in [core] has been moved to the sql_alchemy_conn option in [database] - the old setting has been used, but please update your config.
  return not conf.get("database", "sql_alchemy_conn").startswith("mssql")

[2024-11-01T20:13:28.835+0000] {taskinstance.py:1547} INFO - Exporting env vars: AIRFLOW_CTX_DAG_OWNER='Danil' AIRFLOW_CTX_DAG_ID='api_binance_dag1' AIRFLOW_CTX_TASK_ID='SOL' AIRFLOW_CTX_EXECUTION_DATE='2024-10-30T09:00:00+00:00' AIRFLOW_CTX_TRY_NUMBER='3' AIRFLOW_CTX_DAG_RUN_ID='scheduled__2024-10-30T09:00:00+00:00'
[2024-11-01T20:13:29.813+0000] {logging_mixin.py:149} INFO - Pushed to XCom: Key: SOL, Value: [[1729641600000, '167.60000000', '174.30000000', '164.13000000', '170.85000000', '4509792.29200000', 1729727999999, '757152123.98221000', 2198916, '2295806.78900000', '385823153.59896000', '0'], [1729728000000, '170.86000000', '179.30000000', '170.50000000', '177.19000000', '3893052.12000000', 1729814399999, '680676981.90358000', 1905295, '2088151.85400000', '365234274.52438000', '0'], [1729814400000, '177.19000000', '177.60000000', '159.12000000', '164.90000000', '5718307.06600000', 1729900799999, '975203392.12616000', 2802265, '2655827.20900000', '453382227.37534000', '0'], [1729900800000, '164.91000000', '173.25000000', '162.43000000', '170.88000000', '3010702.79600000', 1729987199999, '505678400.81293000', 1497920, '1642701.61900000', '276044366.21096000', '0'], [1729987200000, '170.87000000', '178.27000000', '170.26000000', '176.63000000', '2606131.77100000', 1730073599999, '456430957.53051000', 1472999, '1361175.88800000', '238376056.55902000', '0'], [1730073600000, '176.63000000', '179.80000000', '172.45000000', '178.29000000', '3877330.22100000', 1730159999999, '682720697.43000000', 2015079, '1912481.68800000', '336903342.37208000', '0'], [1730160000000, '178.28000000', '183.38000000', '176.41000000', '179.42000000', '4046109.93900000', 1730246399999, '729686178.77882000', 2186480, '2112665.61000000', '381174432.25332000', '0'], [1730246400000, '179.43000000', '181.36000000', '173.01000000', '174.87000000', '2893112.75100000', 1730332799999, '510367902.92025000', 1693721, '1334986.16900000', '235674260.08567000', '0'], [1730332800000, '174.87000000', '176.56000000', '167.56000000', '168.69000000', '2661529.29800000', 1730419199999, '458128321.23974000', 1555163, '1237625.20400000', '213029931.42414000', '0'], [1730419200000, '168.69000000', '174.00000000', '163.43000000', '165.29000000', '3162933.51400000', 1730505599999, '530973197.36406000', 1941595, '1564898.75300000', '262745751.85926000', '0']]
[2024-11-01T20:13:29.817+0000] {python.py:183} INFO - Done. Returned value was: None
[2024-11-01T20:13:29.855+0000] {taskinstance.py:1350} INFO - Marking task as SUCCESS. dag_id=api_binance_dag1, task_id=SOL, execution_date=20241030T090000, start_date=20241101T201328, end_date=20241101T201329
[2024-11-01T20:13:29.963+0000] {local_task_job_runner.py:225} INFO - Task exited with return code 0
[2024-11-01T20:13:30.055+0000] {taskinstance.py:2653} INFO - 1 downstream tasks scheduled from follow-on schedule check
