[2024-11-02T06:34:45.473+0000] {warnings.py:110} WARNING - /home/***/.local/lib/python3.7/site-packages/***/utils/sqlalchemy.py:124: DeprecationWarning: The sql_alchemy_conn option in [core] has been moved to the sql_alchemy_conn option in [database] - the old setting has been used, but please update your config.
  return not conf.get("database", "sql_alchemy_conn").startswith("mssql")

[2024-11-02T06:34:45.582+0000] {taskinstance.py:1103} INFO - Dependencies all met for dep_context=non-requeueable deps ti=<TaskInstance: api_binance_dag1.TON scheduled__2024-10-31T09:00:00+00:00 [queued]>
[2024-11-02T06:34:45.598+0000] {taskinstance.py:1103} INFO - Dependencies all met for dep_context=requeueable deps ti=<TaskInstance: api_binance_dag1.TON scheduled__2024-10-31T09:00:00+00:00 [queued]>
[2024-11-02T06:34:45.599+0000] {taskinstance.py:1308} INFO - Starting attempt 4 of 6
[2024-11-02T06:34:45.620+0000] {taskinstance.py:1327} INFO - Executing <Task(PythonOperator): TON> on 2024-10-31 09:00:00+00:00
[2024-11-02T06:34:45.629+0000] {standard_task_runner.py:57} INFO - Started process 206 to run task
[2024-11-02T06:34:45.633+0000] {standard_task_runner.py:84} INFO - Running: ['***', 'tasks', 'run', 'api_binance_dag1', 'TON', 'scheduled__2024-10-31T09:00:00+00:00', '--job-id', '892', '--raw', '--subdir', 'DAGS_FOLDER/binance.Dag1.py', '--cfg-path', '/tmp/tmpd3fo2f__']
[2024-11-02T06:34:45.636+0000] {standard_task_runner.py:85} INFO - Job 892: Subtask TON
[2024-11-02T06:34:45.653+0000] {warnings.py:110} WARNING - /home/***/.local/lib/python3.7/site-packages/***/settings.py:195: DeprecationWarning: The sql_alchemy_conn option in [core] has been moved to the sql_alchemy_conn option in [database] - the old setting has been used, but please update your config.
  SQL_ALCHEMY_CONN = conf.get("database", "SQL_ALCHEMY_CONN")

[2024-11-02T06:34:45.710+0000] {task_command.py:410} INFO - Running <TaskInstance: api_binance_dag1.TON scheduled__2024-10-31T09:00:00+00:00 [running]> on host 3e776c2a96a1
[2024-11-02T06:34:45.727+0000] {warnings.py:110} WARNING - /home/***/.local/lib/python3.7/site-packages/***/utils/sqlalchemy.py:124: DeprecationWarning: The sql_alchemy_conn option in [core] has been moved to the sql_alchemy_conn option in [database] - the old setting has been used, but please update your config.
  return not conf.get("database", "sql_alchemy_conn").startswith("mssql")

[2024-11-02T06:34:45.926+0000] {taskinstance.py:1547} INFO - Exporting env vars: AIRFLOW_CTX_DAG_OWNER='Danil' AIRFLOW_CTX_DAG_ID='api_binance_dag1' AIRFLOW_CTX_TASK_ID='TON' AIRFLOW_CTX_EXECUTION_DATE='2024-10-31T09:00:00+00:00' AIRFLOW_CTX_TRY_NUMBER='4' AIRFLOW_CTX_DAG_RUN_ID='scheduled__2024-10-31T09:00:00+00:00'
[2024-11-02T06:34:46.572+0000] {logging_mixin.py:149} INFO - Pushed to XCom: Key: TON, Value: [[1729728000000, '5.14000000', '5.18600000', '5.09400000', '5.12800000', '3401184.54000000', 1729814399999, '17528874.81177000', 172620, '1682572.45000000', '8670009.16390000', '0'], [1729814400000, '5.12900000', '5.13400000', '4.56000000', '4.77600000', '9135716.70000000', 1729900799999, '45026898.29890000', 412965, '4496216.81000000', '22161609.52340000', '0'], [1729900800000, '4.77600000', '5.00000000', '4.73800000', '4.92500000', '5068582.59000000', 1729987199999, '24802266.82312000', 254797, '2354209.37000000', '11515004.77707000', '0'], [1729987200000, '4.92400000', '4.99800000', '4.90400000', '4.99700000', '2461684.22000000', 1730073599999, '12157796.03253000', 135651, '1153116.36000000', '5694670.06633000', '0'], [1730073600000, '4.99700000', '5.05400000', '4.92700000', '5.01700000', '4523486.50000000', 1730159999999, '22583295.68516000', 263603, '2406685.78000000', '12010827.46181000', '0'], [1730160000000, '5.01700000', '5.14700000', '4.98700000', '5.02000000', '6462665.04000000', 1730246399999, '32642895.46710000', 260510, '3699417.03000000', '18680525.06409000', '0'], [1730246400000, '5.02000000', '5.08100000', '4.95900000', '4.98900000', '6779061.42000000', 1730332799999, '33990781.48751000', 264376, '3595811.94000000', '18033305.59764000', '0'], [1730332800000, '4.99000000', '5.00800000', '4.75800000', '4.84600000', '5458005.45000000', 1730419199999, '26586945.72310000', 261843, '2789390.52000000', '13574736.74275000', '0'], [1730419200000, '4.84700000', '4.95100000', '4.79100000', '4.89400000', '4528128.74000000', 1730505599999, '22113893.00538000', 272871, '2204588.16000000', '10760961.59991000', '0'], [1730505600000, '4.89400000', '4.95100000', '4.89400000', '4.94600000', '544421.14000000', 1730591999999, '2683341.52625000', 37048, '222604.89000000', '1097136.22104000', '0']]
[2024-11-02T06:34:46.576+0000] {python.py:183} INFO - Done. Returned value was: None
[2024-11-02T06:34:46.610+0000] {taskinstance.py:1350} INFO - Marking task as SUCCESS. dag_id=api_binance_dag1, task_id=TON, execution_date=20241031T090000, start_date=20241102T063445, end_date=20241102T063446
[2024-11-02T06:34:47.022+0000] {local_task_job_runner.py:225} INFO - Task exited with return code 0
[2024-11-02T06:34:47.116+0000] {taskinstance.py:2653} INFO - 0 downstream tasks scheduled from follow-on schedule check
