[2024-09-18T13:40:10.262+0000] {processor.py:157} INFO - Started process (PID=66) to work on /opt/airflow/dags/first_dag.py
[2024-09-18T13:40:10.280+0000] {processor.py:826} INFO - Processing file /opt/airflow/dags/first_dag.py for tasks to queue
[2024-09-18T13:40:10.288+0000] {logging_mixin.py:149} INFO - [2024-09-18T13:40:10.287+0000] {dagbag.py:541} INFO - Filling up the DagBag from /opt/airflow/dags/first_dag.py
[2024-09-18T13:40:10.400+0000] {logging_mixin.py:149} INFO - [2024-09-18T13:40:10.347+0000] {dagbag.py:350} ERROR - Failed to import: /opt/airflow/dags/first_dag.py
Traceback (most recent call last):
  File "/home/airflow/.local/lib/python3.7/site-packages/airflow/models/dagbag.py", line 346, in parse
    loader.exec_module(new_module)
  File "<frozen importlib._bootstrap_external>", line 724, in exec_module
  File "<frozen importlib._bootstrap_external>", line 860, in get_code
  File "<frozen importlib._bootstrap_external>", line 791, in source_to_code
  File "<frozen importlib._bootstrap>", line 219, in _call_with_frames_removed
  File "/opt/airflow/dags/first_dag.py", line 17
    start_date = datetime(2024, 9, 18, 1, 15)
             ^
SyntaxError: invalid syntax
[2024-09-18T13:40:10.404+0000] {processor.py:838} WARNING - No viable dags retrieved from /opt/airflow/dags/first_dag.py
[2024-09-18T13:40:10.874+0000] {processor.py:179} INFO - Processing /opt/airflow/dags/first_dag.py took 0.719 seconds
[2024-09-18T13:40:41.359+0000] {processor.py:157} INFO - Started process (PID=67) to work on /opt/airflow/dags/first_dag.py
[2024-09-18T13:40:41.361+0000] {processor.py:826} INFO - Processing file /opt/airflow/dags/first_dag.py for tasks to queue
[2024-09-18T13:40:41.363+0000] {logging_mixin.py:149} INFO - [2024-09-18T13:40:41.363+0000] {dagbag.py:541} INFO - Filling up the DagBag from /opt/airflow/dags/first_dag.py
[2024-09-18T13:40:41.398+0000] {logging_mixin.py:149} INFO - [2024-09-18T13:40:41.385+0000] {dagbag.py:350} ERROR - Failed to import: /opt/airflow/dags/first_dag.py
Traceback (most recent call last):
  File "/home/airflow/.local/lib/python3.7/site-packages/airflow/models/dagbag.py", line 346, in parse
    loader.exec_module(new_module)
  File "<frozen importlib._bootstrap_external>", line 724, in exec_module
  File "<frozen importlib._bootstrap_external>", line 860, in get_code
  File "<frozen importlib._bootstrap_external>", line 791, in source_to_code
  File "<frozen importlib._bootstrap>", line 219, in _call_with_frames_removed
  File "/opt/airflow/dags/first_dag.py", line 17
    start_date = datetime(2024, 9, 18, 1, 15)
             ^
SyntaxError: invalid syntax
[2024-09-18T13:40:41.400+0000] {processor.py:838} WARNING - No viable dags retrieved from /opt/airflow/dags/first_dag.py
[2024-09-18T13:40:41.485+0000] {processor.py:179} INFO - Processing /opt/airflow/dags/first_dag.py took 0.145 seconds
[2024-09-18T13:41:11.779+0000] {processor.py:157} INFO - Started process (PID=68) to work on /opt/airflow/dags/first_dag.py
[2024-09-18T13:41:11.782+0000] {processor.py:826} INFO - Processing file /opt/airflow/dags/first_dag.py for tasks to queue
[2024-09-18T13:41:11.785+0000] {logging_mixin.py:149} INFO - [2024-09-18T13:41:11.784+0000] {dagbag.py:541} INFO - Filling up the DagBag from /opt/airflow/dags/first_dag.py
[2024-09-18T13:41:11.827+0000] {logging_mixin.py:149} INFO - [2024-09-18T13:41:11.823+0000] {dagbag.py:350} ERROR - Failed to import: /opt/airflow/dags/first_dag.py
Traceback (most recent call last):
  File "/home/airflow/.local/lib/python3.7/site-packages/airflow/models/dagbag.py", line 346, in parse
    loader.exec_module(new_module)
  File "<frozen importlib._bootstrap_external>", line 724, in exec_module
  File "<frozen importlib._bootstrap_external>", line 860, in get_code
  File "<frozen importlib._bootstrap_external>", line 791, in source_to_code
  File "<frozen importlib._bootstrap>", line 219, in _call_with_frames_removed
  File "/opt/airflow/dags/first_dag.py", line 17
    start_date = datetime(2024, 9, 18, 1, 15)
             ^
SyntaxError: invalid syntax
[2024-09-18T13:41:11.829+0000] {processor.py:838} WARNING - No viable dags retrieved from /opt/airflow/dags/first_dag.py
[2024-09-18T13:41:11.916+0000] {processor.py:179} INFO - Processing /opt/airflow/dags/first_dag.py took 0.146 seconds
[2024-09-18T13:41:42.202+0000] {processor.py:157} INFO - Started process (PID=69) to work on /opt/airflow/dags/first_dag.py
[2024-09-18T13:41:42.205+0000] {processor.py:826} INFO - Processing file /opt/airflow/dags/first_dag.py for tasks to queue
[2024-09-18T13:41:42.208+0000] {logging_mixin.py:149} INFO - [2024-09-18T13:41:42.207+0000] {dagbag.py:541} INFO - Filling up the DagBag from /opt/airflow/dags/first_dag.py
[2024-09-18T13:41:42.246+0000] {logging_mixin.py:149} INFO - [2024-09-18T13:41:42.243+0000] {dagbag.py:350} ERROR - Failed to import: /opt/airflow/dags/first_dag.py
Traceback (most recent call last):
  File "/home/airflow/.local/lib/python3.7/site-packages/airflow/models/dagbag.py", line 346, in parse
    loader.exec_module(new_module)
  File "<frozen importlib._bootstrap_external>", line 724, in exec_module
  File "<frozen importlib._bootstrap_external>", line 860, in get_code
  File "<frozen importlib._bootstrap_external>", line 791, in source_to_code
  File "<frozen importlib._bootstrap>", line 219, in _call_with_frames_removed
  File "/opt/airflow/dags/first_dag.py", line 17
    start_date = datetime(2024, 9, 18, 1, 15)
             ^
SyntaxError: invalid syntax
[2024-09-18T13:41:42.247+0000] {processor.py:838} WARNING - No viable dags retrieved from /opt/airflow/dags/first_dag.py
[2024-09-18T13:41:42.317+0000] {processor.py:179} INFO - Processing /opt/airflow/dags/first_dag.py took 0.124 seconds
[2024-09-18T13:42:12.576+0000] {processor.py:157} INFO - Started process (PID=70) to work on /opt/airflow/dags/first_dag.py
[2024-09-18T13:42:12.578+0000] {processor.py:826} INFO - Processing file /opt/airflow/dags/first_dag.py for tasks to queue
[2024-09-18T13:42:12.580+0000] {logging_mixin.py:149} INFO - [2024-09-18T13:42:12.580+0000] {dagbag.py:541} INFO - Filling up the DagBag from /opt/airflow/dags/first_dag.py
[2024-09-18T13:42:12.613+0000] {logging_mixin.py:149} INFO - [2024-09-18T13:42:12.610+0000] {dagbag.py:350} ERROR - Failed to import: /opt/airflow/dags/first_dag.py
Traceback (most recent call last):
  File "/home/airflow/.local/lib/python3.7/site-packages/airflow/models/dagbag.py", line 346, in parse
    loader.exec_module(new_module)
  File "<frozen importlib._bootstrap_external>", line 724, in exec_module
  File "<frozen importlib._bootstrap_external>", line 860, in get_code
  File "<frozen importlib._bootstrap_external>", line 791, in source_to_code
  File "<frozen importlib._bootstrap>", line 219, in _call_with_frames_removed
  File "/opt/airflow/dags/first_dag.py", line 17
    start_date = datetime(2024, 9, 18, 1, 15)
             ^
SyntaxError: invalid syntax
[2024-09-18T13:42:12.615+0000] {processor.py:838} WARNING - No viable dags retrieved from /opt/airflow/dags/first_dag.py
[2024-09-18T13:42:12.665+0000] {processor.py:179} INFO - Processing /opt/airflow/dags/first_dag.py took 0.096 seconds
[2024-09-18T13:42:43.032+0000] {processor.py:157} INFO - Started process (PID=71) to work on /opt/airflow/dags/first_dag.py
[2024-09-18T13:42:43.034+0000] {processor.py:826} INFO - Processing file /opt/airflow/dags/first_dag.py for tasks to queue
[2024-09-18T13:42:43.036+0000] {logging_mixin.py:149} INFO - [2024-09-18T13:42:43.036+0000] {dagbag.py:541} INFO - Filling up the DagBag from /opt/airflow/dags/first_dag.py
[2024-09-18T13:42:43.069+0000] {logging_mixin.py:149} INFO - [2024-09-18T13:42:43.067+0000] {dagbag.py:350} ERROR - Failed to import: /opt/airflow/dags/first_dag.py
Traceback (most recent call last):
  File "/home/airflow/.local/lib/python3.7/site-packages/airflow/models/dagbag.py", line 346, in parse
    loader.exec_module(new_module)
  File "<frozen importlib._bootstrap_external>", line 724, in exec_module
  File "<frozen importlib._bootstrap_external>", line 860, in get_code
  File "<frozen importlib._bootstrap_external>", line 791, in source_to_code
  File "<frozen importlib._bootstrap>", line 219, in _call_with_frames_removed
  File "/opt/airflow/dags/first_dag.py", line 17
    start_date = datetime(2024, 9, 18, 1, 15)
             ^
SyntaxError: invalid syntax
[2024-09-18T13:42:43.070+0000] {processor.py:838} WARNING - No viable dags retrieved from /opt/airflow/dags/first_dag.py
[2024-09-18T13:42:43.152+0000] {processor.py:179} INFO - Processing /opt/airflow/dags/first_dag.py took 0.126 seconds
[2024-09-18T13:43:13.343+0000] {processor.py:157} INFO - Started process (PID=72) to work on /opt/airflow/dags/first_dag.py
[2024-09-18T13:43:13.346+0000] {processor.py:826} INFO - Processing file /opt/airflow/dags/first_dag.py for tasks to queue
[2024-09-18T13:43:13.349+0000] {logging_mixin.py:149} INFO - [2024-09-18T13:43:13.348+0000] {dagbag.py:541} INFO - Filling up the DagBag from /opt/airflow/dags/first_dag.py
[2024-09-18T13:43:13.374+0000] {logging_mixin.py:149} INFO - [2024-09-18T13:43:13.373+0000] {dagbag.py:350} ERROR - Failed to import: /opt/airflow/dags/first_dag.py
Traceback (most recent call last):
  File "/home/airflow/.local/lib/python3.7/site-packages/airflow/models/dagbag.py", line 346, in parse
    loader.exec_module(new_module)
  File "<frozen importlib._bootstrap_external>", line 724, in exec_module
  File "<frozen importlib._bootstrap_external>", line 860, in get_code
  File "<frozen importlib._bootstrap_external>", line 791, in source_to_code
  File "<frozen importlib._bootstrap>", line 219, in _call_with_frames_removed
  File "/opt/airflow/dags/first_dag.py", line 17
    start_date = datetime(2024, 9, 18, 1, 15)
             ^
SyntaxError: invalid syntax
[2024-09-18T13:43:13.376+0000] {processor.py:838} WARNING - No viable dags retrieved from /opt/airflow/dags/first_dag.py
[2024-09-18T13:43:13.447+0000] {processor.py:179} INFO - Processing /opt/airflow/dags/first_dag.py took 0.109 seconds
[2024-09-18T13:43:43.707+0000] {processor.py:157} INFO - Started process (PID=73) to work on /opt/airflow/dags/first_dag.py
[2024-09-18T13:43:43.709+0000] {processor.py:826} INFO - Processing file /opt/airflow/dags/first_dag.py for tasks to queue
[2024-09-18T13:43:43.711+0000] {logging_mixin.py:149} INFO - [2024-09-18T13:43:43.710+0000] {dagbag.py:541} INFO - Filling up the DagBag from /opt/airflow/dags/first_dag.py
[2024-09-18T13:43:43.734+0000] {logging_mixin.py:149} INFO - [2024-09-18T13:43:43.732+0000] {dagbag.py:350} ERROR - Failed to import: /opt/airflow/dags/first_dag.py
Traceback (most recent call last):
  File "/home/airflow/.local/lib/python3.7/site-packages/airflow/models/dagbag.py", line 346, in parse
    loader.exec_module(new_module)
  File "<frozen importlib._bootstrap_external>", line 724, in exec_module
  File "<frozen importlib._bootstrap_external>", line 860, in get_code
  File "<frozen importlib._bootstrap_external>", line 791, in source_to_code
  File "<frozen importlib._bootstrap>", line 219, in _call_with_frames_removed
  File "/opt/airflow/dags/first_dag.py", line 17
    start_date = datetime(2024, 9, 18, 1, 15)
             ^
SyntaxError: invalid syntax
[2024-09-18T13:43:43.735+0000] {processor.py:838} WARNING - No viable dags retrieved from /opt/airflow/dags/first_dag.py
[2024-09-18T13:43:43.783+0000] {processor.py:179} INFO - Processing /opt/airflow/dags/first_dag.py took 0.081 seconds
[2024-09-18T13:43:50.811+0000] {processor.py:157} INFO - Started process (PID=74) to work on /opt/airflow/dags/first_dag.py
[2024-09-18T13:43:50.813+0000] {processor.py:826} INFO - Processing file /opt/airflow/dags/first_dag.py for tasks to queue
[2024-09-18T13:43:50.815+0000] {logging_mixin.py:149} INFO - [2024-09-18T13:43:50.815+0000] {dagbag.py:541} INFO - Filling up the DagBag from /opt/airflow/dags/first_dag.py
[2024-09-18T13:43:50.846+0000] {logging_mixin.py:149} INFO - [2024-09-18T13:43:50.844+0000] {dagbag.py:350} ERROR - Failed to import: /opt/airflow/dags/first_dag.py
Traceback (most recent call last):
  File "/home/airflow/.local/lib/python3.7/site-packages/airflow/models/dagbag.py", line 346, in parse
    loader.exec_module(new_module)
  File "<frozen importlib._bootstrap_external>", line 724, in exec_module
  File "<frozen importlib._bootstrap_external>", line 860, in get_code
  File "<frozen importlib._bootstrap_external>", line 791, in source_to_code
  File "<frozen importlib._bootstrap>", line 219, in _call_with_frames_removed
  File "/opt/airflow/dags/first_dag.py", line 17
    start_date = datetime(2024, 9, 18, 1, 15)
             ^
SyntaxError: invalid syntax
[2024-09-18T13:43:50.847+0000] {processor.py:838} WARNING - No viable dags retrieved from /opt/airflow/dags/first_dag.py
[2024-09-18T13:43:50.910+0000] {processor.py:179} INFO - Processing /opt/airflow/dags/first_dag.py took 0.105 seconds
[2024-09-18T13:44:21.151+0000] {processor.py:157} INFO - Started process (PID=75) to work on /opt/airflow/dags/first_dag.py
[2024-09-18T13:44:21.154+0000] {processor.py:826} INFO - Processing file /opt/airflow/dags/first_dag.py for tasks to queue
[2024-09-18T13:44:21.157+0000] {logging_mixin.py:149} INFO - [2024-09-18T13:44:21.156+0000] {dagbag.py:541} INFO - Filling up the DagBag from /opt/airflow/dags/first_dag.py
[2024-09-18T13:44:21.184+0000] {logging_mixin.py:149} INFO - [2024-09-18T13:44:21.182+0000] {dagbag.py:350} ERROR - Failed to import: /opt/airflow/dags/first_dag.py
Traceback (most recent call last):
  File "/home/airflow/.local/lib/python3.7/site-packages/airflow/models/dagbag.py", line 346, in parse
    loader.exec_module(new_module)
  File "<frozen importlib._bootstrap_external>", line 724, in exec_module
  File "<frozen importlib._bootstrap_external>", line 860, in get_code
  File "<frozen importlib._bootstrap_external>", line 791, in source_to_code
  File "<frozen importlib._bootstrap>", line 219, in _call_with_frames_removed
  File "/opt/airflow/dags/first_dag.py", line 17
    start_date = datetime(2024, 9, 18, 1, 15)
             ^
SyntaxError: invalid syntax
[2024-09-18T13:44:21.185+0000] {processor.py:838} WARNING - No viable dags retrieved from /opt/airflow/dags/first_dag.py
[2024-09-18T13:44:21.241+0000] {processor.py:179} INFO - Processing /opt/airflow/dags/first_dag.py took 0.096 seconds
[2024-09-18T13:44:51.578+0000] {processor.py:157} INFO - Started process (PID=76) to work on /opt/airflow/dags/first_dag.py
[2024-09-18T13:44:51.585+0000] {processor.py:826} INFO - Processing file /opt/airflow/dags/first_dag.py for tasks to queue
[2024-09-18T13:44:51.589+0000] {logging_mixin.py:149} INFO - [2024-09-18T13:44:51.589+0000] {dagbag.py:541} INFO - Filling up the DagBag from /opt/airflow/dags/first_dag.py
[2024-09-18T13:44:51.631+0000] {logging_mixin.py:149} INFO - [2024-09-18T13:44:51.623+0000] {dagbag.py:350} ERROR - Failed to import: /opt/airflow/dags/first_dag.py
Traceback (most recent call last):
  File "/home/airflow/.local/lib/python3.7/site-packages/airflow/models/dagbag.py", line 346, in parse
    loader.exec_module(new_module)
  File "<frozen importlib._bootstrap_external>", line 724, in exec_module
  File "<frozen importlib._bootstrap_external>", line 860, in get_code
  File "<frozen importlib._bootstrap_external>", line 791, in source_to_code
  File "<frozen importlib._bootstrap>", line 219, in _call_with_frames_removed
  File "/opt/airflow/dags/first_dag.py", line 17
    start_date = datetime(2024, 9, 18, 1, 15)
             ^
SyntaxError: invalid syntax
[2024-09-18T13:44:51.633+0000] {processor.py:838} WARNING - No viable dags retrieved from /opt/airflow/dags/first_dag.py
[2024-09-18T13:44:52.167+0000] {processor.py:179} INFO - Processing /opt/airflow/dags/first_dag.py took 0.606 seconds
[2024-09-18T13:45:22.554+0000] {processor.py:157} INFO - Started process (PID=77) to work on /opt/airflow/dags/first_dag.py
[2024-09-18T13:45:22.559+0000] {processor.py:826} INFO - Processing file /opt/airflow/dags/first_dag.py for tasks to queue
[2024-09-18T13:45:22.561+0000] {logging_mixin.py:149} INFO - [2024-09-18T13:45:22.561+0000] {dagbag.py:541} INFO - Filling up the DagBag from /opt/airflow/dags/first_dag.py
[2024-09-18T13:45:22.584+0000] {logging_mixin.py:149} INFO - [2024-09-18T13:45:22.583+0000] {dagbag.py:350} ERROR - Failed to import: /opt/airflow/dags/first_dag.py
Traceback (most recent call last):
  File "/home/airflow/.local/lib/python3.7/site-packages/airflow/models/dagbag.py", line 346, in parse
    loader.exec_module(new_module)
  File "<frozen importlib._bootstrap_external>", line 724, in exec_module
  File "<frozen importlib._bootstrap_external>", line 860, in get_code
  File "<frozen importlib._bootstrap_external>", line 791, in source_to_code
  File "<frozen importlib._bootstrap>", line 219, in _call_with_frames_removed
  File "/opt/airflow/dags/first_dag.py", line 17
    start_date = datetime(2024, 9, 18, 1, 15)
             ^
SyntaxError: invalid syntax
[2024-09-18T13:45:22.585+0000] {processor.py:838} WARNING - No viable dags retrieved from /opt/airflow/dags/first_dag.py
[2024-09-18T13:45:22.645+0000] {processor.py:179} INFO - Processing /opt/airflow/dags/first_dag.py took 0.107 seconds
[2024-09-18T13:45:31.645+0000] {processor.py:157} INFO - Started process (PID=78) to work on /opt/airflow/dags/first_dag.py
[2024-09-18T13:45:31.647+0000] {processor.py:826} INFO - Processing file /opt/airflow/dags/first_dag.py for tasks to queue
[2024-09-18T13:45:31.649+0000] {logging_mixin.py:149} INFO - [2024-09-18T13:45:31.649+0000] {dagbag.py:541} INFO - Filling up the DagBag from /opt/airflow/dags/first_dag.py
[2024-09-18T13:45:31.673+0000] {logging_mixin.py:149} INFO - [2024-09-18T13:45:31.672+0000] {dagbag.py:350} ERROR - Failed to import: /opt/airflow/dags/first_dag.py
Traceback (most recent call last):
  File "/home/airflow/.local/lib/python3.7/site-packages/airflow/models/dagbag.py", line 346, in parse
    loader.exec_module(new_module)
  File "<frozen importlib._bootstrap_external>", line 724, in exec_module
  File "<frozen importlib._bootstrap_external>", line 860, in get_code
  File "<frozen importlib._bootstrap_external>", line 791, in source_to_code
  File "<frozen importlib._bootstrap>", line 219, in _call_with_frames_removed
  File "/opt/airflow/dags/first_dag.py", line 17
    start_date = datetime(2024, 9, 18, 1, 15)
             ^
SyntaxError: invalid syntax
[2024-09-18T13:45:31.674+0000] {processor.py:838} WARNING - No viable dags retrieved from /opt/airflow/dags/first_dag.py
[2024-09-18T13:45:31.719+0000] {processor.py:179} INFO - Processing /opt/airflow/dags/first_dag.py took 0.080 seconds
[2024-09-18T13:46:01.934+0000] {processor.py:157} INFO - Started process (PID=79) to work on /opt/airflow/dags/first_dag.py
[2024-09-18T13:46:01.965+0000] {processor.py:826} INFO - Processing file /opt/airflow/dags/first_dag.py for tasks to queue
[2024-09-18T13:46:01.974+0000] {logging_mixin.py:149} INFO - [2024-09-18T13:46:01.973+0000] {dagbag.py:541} INFO - Filling up the DagBag from /opt/airflow/dags/first_dag.py
[2024-09-18T13:46:02.025+0000] {logging_mixin.py:149} INFO - [2024-09-18T13:46:02.013+0000] {dagbag.py:350} ERROR - Failed to import: /opt/airflow/dags/first_dag.py
Traceback (most recent call last):
  File "/home/airflow/.local/lib/python3.7/site-packages/airflow/models/dagbag.py", line 346, in parse
    loader.exec_module(new_module)
  File "<frozen importlib._bootstrap_external>", line 724, in exec_module
  File "<frozen importlib._bootstrap_external>", line 860, in get_code
  File "<frozen importlib._bootstrap_external>", line 791, in source_to_code
  File "<frozen importlib._bootstrap>", line 219, in _call_with_frames_removed
  File "/opt/airflow/dags/first_dag.py", line 17
    start_date = datetime(2024, 9, 18, 1, 15)
             ^
SyntaxError: invalid syntax
[2024-09-18T13:46:02.027+0000] {processor.py:838} WARNING - No viable dags retrieved from /opt/airflow/dags/first_dag.py
[2024-09-18T13:46:02.183+0000] {processor.py:179} INFO - Processing /opt/airflow/dags/first_dag.py took 0.277 seconds
[2024-09-18T13:46:26.252+0000] {processor.py:157} INFO - Started process (PID=80) to work on /opt/airflow/dags/first_dag.py
[2024-09-18T13:46:26.254+0000] {processor.py:826} INFO - Processing file /opt/airflow/dags/first_dag.py for tasks to queue
[2024-09-18T13:46:26.256+0000] {logging_mixin.py:149} INFO - [2024-09-18T13:46:26.255+0000] {dagbag.py:541} INFO - Filling up the DagBag from /opt/airflow/dags/first_dag.py
[2024-09-18T13:46:26.282+0000] {logging_mixin.py:149} INFO - [2024-09-18T13:46:26.279+0000] {dagbag.py:350} ERROR - Failed to import: /opt/airflow/dags/first_dag.py
Traceback (most recent call last):
  File "/home/airflow/.local/lib/python3.7/site-packages/airflow/models/dagbag.py", line 346, in parse
    loader.exec_module(new_module)
  File "<frozen importlib._bootstrap_external>", line 724, in exec_module
  File "<frozen importlib._bootstrap_external>", line 860, in get_code
  File "<frozen importlib._bootstrap_external>", line 791, in source_to_code
  File "<frozen importlib._bootstrap>", line 219, in _call_with_frames_removed
  File "/opt/airflow/dags/first_dag.py", line 17
    start_date = datetime(2024, 9, 18, 1, 15)
             ^
SyntaxError: invalid syntax
[2024-09-18T13:46:26.283+0000] {processor.py:838} WARNING - No viable dags retrieved from /opt/airflow/dags/first_dag.py
[2024-09-18T13:46:26.328+0000] {processor.py:179} INFO - Processing /opt/airflow/dags/first_dag.py took 0.083 seconds
[2024-09-18T13:46:56.499+0000] {processor.py:157} INFO - Started process (PID=81) to work on /opt/airflow/dags/first_dag.py
[2024-09-18T13:46:56.501+0000] {processor.py:826} INFO - Processing file /opt/airflow/dags/first_dag.py for tasks to queue
[2024-09-18T13:46:56.503+0000] {logging_mixin.py:149} INFO - [2024-09-18T13:46:56.502+0000] {dagbag.py:541} INFO - Filling up the DagBag from /opt/airflow/dags/first_dag.py
[2024-09-18T13:46:56.526+0000] {logging_mixin.py:149} INFO - [2024-09-18T13:46:56.523+0000] {dagbag.py:350} ERROR - Failed to import: /opt/airflow/dags/first_dag.py
Traceback (most recent call last):
  File "/home/airflow/.local/lib/python3.7/site-packages/airflow/models/dagbag.py", line 346, in parse
    loader.exec_module(new_module)
  File "<frozen importlib._bootstrap_external>", line 724, in exec_module
  File "<frozen importlib._bootstrap_external>", line 860, in get_code
  File "<frozen importlib._bootstrap_external>", line 791, in source_to_code
  File "<frozen importlib._bootstrap>", line 219, in _call_with_frames_removed
  File "/opt/airflow/dags/first_dag.py", line 17
    start_date = datetime(2024, 9, 18, 1, 15)
             ^
SyntaxError: invalid syntax
[2024-09-18T13:46:56.528+0000] {processor.py:838} WARNING - No viable dags retrieved from /opt/airflow/dags/first_dag.py
[2024-09-18T13:46:56.568+0000] {processor.py:179} INFO - Processing /opt/airflow/dags/first_dag.py took 0.075 seconds
[2024-09-18T13:47:02.645+0000] {processor.py:157} INFO - Started process (PID=82) to work on /opt/airflow/dags/first_dag.py
[2024-09-18T13:47:02.646+0000] {processor.py:826} INFO - Processing file /opt/airflow/dags/first_dag.py for tasks to queue
[2024-09-18T13:47:02.648+0000] {logging_mixin.py:149} INFO - [2024-09-18T13:47:02.648+0000] {dagbag.py:541} INFO - Filling up the DagBag from /opt/airflow/dags/first_dag.py
[2024-09-18T13:47:02.672+0000] {logging_mixin.py:149} INFO - [2024-09-18T13:47:02.669+0000] {dagbag.py:350} ERROR - Failed to import: /opt/airflow/dags/first_dag.py
Traceback (most recent call last):
  File "/home/airflow/.local/lib/python3.7/site-packages/airflow/models/dagbag.py", line 346, in parse
    loader.exec_module(new_module)
  File "<frozen importlib._bootstrap_external>", line 724, in exec_module
  File "<frozen importlib._bootstrap_external>", line 860, in get_code
  File "<frozen importlib._bootstrap_external>", line 791, in source_to_code
  File "<frozen importlib._bootstrap>", line 219, in _call_with_frames_removed
  File "/opt/airflow/dags/first_dag.py", line 17
    start_date = datetime(2024, 9, 18, 1, 15)
             ^
SyntaxError: invalid syntax
[2024-09-18T13:47:02.674+0000] {processor.py:838} WARNING - No viable dags retrieved from /opt/airflow/dags/first_dag.py
[2024-09-18T13:47:02.712+0000] {processor.py:179} INFO - Processing /opt/airflow/dags/first_dag.py took 0.072 seconds
[2024-09-18T13:47:33.081+0000] {processor.py:157} INFO - Started process (PID=83) to work on /opt/airflow/dags/first_dag.py
[2024-09-18T13:47:33.098+0000] {processor.py:826} INFO - Processing file /opt/airflow/dags/first_dag.py for tasks to queue
[2024-09-18T13:47:33.102+0000] {logging_mixin.py:149} INFO - [2024-09-18T13:47:33.101+0000] {dagbag.py:541} INFO - Filling up the DagBag from /opt/airflow/dags/first_dag.py
[2024-09-18T13:47:33.188+0000] {logging_mixin.py:149} INFO - [2024-09-18T13:47:33.167+0000] {dagbag.py:350} ERROR - Failed to import: /opt/airflow/dags/first_dag.py
Traceback (most recent call last):
  File "/home/airflow/.local/lib/python3.7/site-packages/airflow/models/dagbag.py", line 346, in parse
    loader.exec_module(new_module)
  File "<frozen importlib._bootstrap_external>", line 724, in exec_module
  File "<frozen importlib._bootstrap_external>", line 860, in get_code
  File "<frozen importlib._bootstrap_external>", line 791, in source_to_code
  File "<frozen importlib._bootstrap>", line 219, in _call_with_frames_removed
  File "/opt/airflow/dags/first_dag.py", line 17
    start_date = datetime(2024, 9, 18, 1, 15)
             ^
SyntaxError: invalid syntax
[2024-09-18T13:47:33.192+0000] {processor.py:838} WARNING - No viable dags retrieved from /opt/airflow/dags/first_dag.py
[2024-09-18T13:47:33.416+0000] {processor.py:179} INFO - Processing /opt/airflow/dags/first_dag.py took 0.362 seconds
[2024-09-18T13:48:03.709+0000] {processor.py:157} INFO - Started process (PID=84) to work on /opt/airflow/dags/first_dag.py
[2024-09-18T13:48:03.712+0000] {processor.py:826} INFO - Processing file /opt/airflow/dags/first_dag.py for tasks to queue
[2024-09-18T13:48:03.715+0000] {logging_mixin.py:149} INFO - [2024-09-18T13:48:03.715+0000] {dagbag.py:541} INFO - Filling up the DagBag from /opt/airflow/dags/first_dag.py
[2024-09-18T13:48:03.754+0000] {logging_mixin.py:149} INFO - [2024-09-18T13:48:03.738+0000] {dagbag.py:350} ERROR - Failed to import: /opt/airflow/dags/first_dag.py
Traceback (most recent call last):
  File "/home/airflow/.local/lib/python3.7/site-packages/airflow/models/dagbag.py", line 346, in parse
    loader.exec_module(new_module)
  File "<frozen importlib._bootstrap_external>", line 724, in exec_module
  File "<frozen importlib._bootstrap_external>", line 860, in get_code
  File "<frozen importlib._bootstrap_external>", line 791, in source_to_code
  File "<frozen importlib._bootstrap>", line 219, in _call_with_frames_removed
  File "/opt/airflow/dags/first_dag.py", line 17
    start_date = datetime(2024, 9, 18, 1, 15)
             ^
SyntaxError: invalid syntax
[2024-09-18T13:48:03.756+0000] {processor.py:838} WARNING - No viable dags retrieved from /opt/airflow/dags/first_dag.py
[2024-09-18T13:48:03.859+0000] {processor.py:179} INFO - Processing /opt/airflow/dags/first_dag.py took 0.160 seconds
[2024-09-18T13:48:33.976+0000] {processor.py:157} INFO - Started process (PID=85) to work on /opt/airflow/dags/first_dag.py
[2024-09-18T13:48:33.978+0000] {processor.py:826} INFO - Processing file /opt/airflow/dags/first_dag.py for tasks to queue
[2024-09-18T13:48:33.979+0000] {logging_mixin.py:149} INFO - [2024-09-18T13:48:33.979+0000] {dagbag.py:541} INFO - Filling up the DagBag from /opt/airflow/dags/first_dag.py
[2024-09-18T13:48:34.015+0000] {logging_mixin.py:149} INFO - [2024-09-18T13:48:34.004+0000] {dagbag.py:350} ERROR - Failed to import: /opt/airflow/dags/first_dag.py
Traceback (most recent call last):
  File "/home/airflow/.local/lib/python3.7/site-packages/airflow/models/dagbag.py", line 346, in parse
    loader.exec_module(new_module)
  File "<frozen importlib._bootstrap_external>", line 724, in exec_module
  File "<frozen importlib._bootstrap_external>", line 860, in get_code
  File "<frozen importlib._bootstrap_external>", line 791, in source_to_code
  File "<frozen importlib._bootstrap>", line 219, in _call_with_frames_removed
  File "/opt/airflow/dags/first_dag.py", line 17
    start_date = datetime(2024, 9, 18, 1, 15)
             ^
SyntaxError: invalid syntax
[2024-09-18T13:48:34.016+0000] {processor.py:838} WARNING - No viable dags retrieved from /opt/airflow/dags/first_dag.py
[2024-09-18T13:48:34.066+0000] {processor.py:179} INFO - Processing /opt/airflow/dags/first_dag.py took 0.103 seconds
[2024-09-18T13:49:04.227+0000] {processor.py:157} INFO - Started process (PID=86) to work on /opt/airflow/dags/first_dag.py
[2024-09-18T13:49:04.229+0000] {processor.py:826} INFO - Processing file /opt/airflow/dags/first_dag.py for tasks to queue
[2024-09-18T13:49:04.231+0000] {logging_mixin.py:149} INFO - [2024-09-18T13:49:04.230+0000] {dagbag.py:541} INFO - Filling up the DagBag from /opt/airflow/dags/first_dag.py
[2024-09-18T13:49:04.252+0000] {logging_mixin.py:149} INFO - [2024-09-18T13:49:04.251+0000] {dagbag.py:350} ERROR - Failed to import: /opt/airflow/dags/first_dag.py
Traceback (most recent call last):
  File "/home/airflow/.local/lib/python3.7/site-packages/airflow/models/dagbag.py", line 346, in parse
    loader.exec_module(new_module)
  File "<frozen importlib._bootstrap_external>", line 724, in exec_module
  File "<frozen importlib._bootstrap_external>", line 860, in get_code
  File "<frozen importlib._bootstrap_external>", line 791, in source_to_code
  File "<frozen importlib._bootstrap>", line 219, in _call_with_frames_removed
  File "/opt/airflow/dags/first_dag.py", line 17
    start_date = datetime(2024, 9, 18, 1, 15)
             ^
SyntaxError: invalid syntax
[2024-09-18T13:49:04.253+0000] {processor.py:838} WARNING - No viable dags retrieved from /opt/airflow/dags/first_dag.py
[2024-09-18T13:49:04.311+0000] {processor.py:179} INFO - Processing /opt/airflow/dags/first_dag.py took 0.088 seconds
[2024-09-18T13:49:21.616+0000] {processor.py:157} INFO - Started process (PID=87) to work on /opt/airflow/dags/first_dag.py
[2024-09-18T13:49:21.618+0000] {processor.py:826} INFO - Processing file /opt/airflow/dags/first_dag.py for tasks to queue
[2024-09-18T13:49:21.619+0000] {logging_mixin.py:149} INFO - [2024-09-18T13:49:21.619+0000] {dagbag.py:541} INFO - Filling up the DagBag from /opt/airflow/dags/first_dag.py
[2024-09-18T13:49:21.663+0000] {logging_mixin.py:149} INFO - [2024-09-18T13:49:21.655+0000] {dagbag.py:350} ERROR - Failed to import: /opt/airflow/dags/first_dag.py
Traceback (most recent call last):
  File "/home/airflow/.local/lib/python3.7/site-packages/airflow/models/dagbag.py", line 346, in parse
    loader.exec_module(new_module)
  File "<frozen importlib._bootstrap_external>", line 728, in exec_module
  File "<frozen importlib._bootstrap>", line 219, in _call_with_frames_removed
  File "/opt/airflow/dags/first_dag.py", line 18, in <module>
    scedule_interval = '@daily'
TypeError: __init__() got an unexpected keyword argument 'scedule_interval'
[2024-09-18T13:49:21.665+0000] {processor.py:838} WARNING - No viable dags retrieved from /opt/airflow/dags/first_dag.py
[2024-09-18T13:49:21.718+0000] {processor.py:179} INFO - Processing /opt/airflow/dags/first_dag.py took 0.106 seconds
[2024-09-18T13:49:51.918+0000] {processor.py:157} INFO - Started process (PID=88) to work on /opt/airflow/dags/first_dag.py
[2024-09-18T13:49:51.920+0000] {processor.py:826} INFO - Processing file /opt/airflow/dags/first_dag.py for tasks to queue
[2024-09-18T13:49:51.939+0000] {logging_mixin.py:149} INFO - [2024-09-18T13:49:51.938+0000] {dagbag.py:541} INFO - Filling up the DagBag from /opt/airflow/dags/first_dag.py
[2024-09-18T13:49:51.985+0000] {logging_mixin.py:149} INFO - [2024-09-18T13:49:51.974+0000] {dagbag.py:350} ERROR - Failed to import: /opt/airflow/dags/first_dag.py
Traceback (most recent call last):
  File "/home/airflow/.local/lib/python3.7/site-packages/airflow/models/dagbag.py", line 346, in parse
    loader.exec_module(new_module)
  File "<frozen importlib._bootstrap_external>", line 728, in exec_module
  File "<frozen importlib._bootstrap>", line 219, in _call_with_frames_removed
  File "/opt/airflow/dags/first_dag.py", line 18, in <module>
    scedule_interval = '@daily'
TypeError: __init__() got an unexpected keyword argument 'scedule_interval'
[2024-09-18T13:49:51.989+0000] {processor.py:838} WARNING - No viable dags retrieved from /opt/airflow/dags/first_dag.py
[2024-09-18T13:49:52.076+0000] {processor.py:179} INFO - Processing /opt/airflow/dags/first_dag.py took 0.170 seconds
[2024-09-18T13:49:54.020+0000] {processor.py:157} INFO - Started process (PID=89) to work on /opt/airflow/dags/first_dag.py
[2024-09-18T13:49:54.022+0000] {processor.py:826} INFO - Processing file /opt/airflow/dags/first_dag.py for tasks to queue
[2024-09-18T13:49:54.024+0000] {logging_mixin.py:149} INFO - [2024-09-18T13:49:54.024+0000] {dagbag.py:541} INFO - Filling up the DagBag from /opt/airflow/dags/first_dag.py
[2024-09-18T13:49:54.380+0000] {processor.py:836} INFO - DAG(s) dict_keys(['our_first_dag']) retrieved from /opt/airflow/dags/first_dag.py
[2024-09-18T13:49:55.413+0000] {logging_mixin.py:149} INFO - [2024-09-18T13:49:55.412+0000] {manager.py:504} INFO - Created Permission View: can edit on DAG:our_first_dag
[2024-09-18T13:49:55.441+0000] {logging_mixin.py:149} INFO - [2024-09-18T13:49:55.440+0000] {manager.py:504} INFO - Created Permission View: can delete on DAG:our_first_dag
[2024-09-18T13:49:55.456+0000] {logging_mixin.py:149} INFO - [2024-09-18T13:49:55.455+0000] {manager.py:504} INFO - Created Permission View: can read on DAG:our_first_dag
[2024-09-18T13:49:55.494+0000] {logging_mixin.py:149} INFO - [2024-09-18T13:49:55.493+0000] {dag.py:2726} INFO - Sync 1 DAGs
[2024-09-18T13:49:55.555+0000] {logging_mixin.py:149} INFO - [2024-09-18T13:49:55.555+0000] {dag.py:2747} INFO - Creating ORM DAG for our_first_dag
[2024-09-18T13:49:55.608+0000] {logging_mixin.py:149} INFO - [2024-09-18T13:49:55.607+0000] {dag.py:3490} INFO - Setting next_dagrun for our_first_dag to 2024-09-19T00:00:00+00:00, run_after=2024-09-20T00:00:00+00:00
[2024-09-18T13:49:55.673+0000] {processor.py:179} INFO - Processing /opt/airflow/dags/first_dag.py took 1.659 seconds
[2024-09-18T13:50:26.201+0000] {processor.py:157} INFO - Started process (PID=90) to work on /opt/airflow/dags/first_dag.py
[2024-09-18T13:50:26.231+0000] {processor.py:826} INFO - Processing file /opt/airflow/dags/first_dag.py for tasks to queue
[2024-09-18T13:50:26.241+0000] {logging_mixin.py:149} INFO - [2024-09-18T13:50:26.240+0000] {dagbag.py:541} INFO - Filling up the DagBag from /opt/airflow/dags/first_dag.py
[2024-09-18T13:50:26.397+0000] {processor.py:836} INFO - DAG(s) dict_keys(['our_first_dag']) retrieved from /opt/airflow/dags/first_dag.py
[2024-09-18T13:50:26.848+0000] {logging_mixin.py:149} INFO - [2024-09-18T13:50:26.848+0000] {dag.py:2726} INFO - Sync 1 DAGs
[2024-09-18T13:50:27.000+0000] {logging_mixin.py:149} INFO - [2024-09-18T13:50:27.000+0000] {dag.py:3490} INFO - Setting next_dagrun for our_first_dag to 2024-09-19T00:00:00+00:00, run_after=2024-09-20T00:00:00+00:00
[2024-09-18T13:50:27.081+0000] {processor.py:179} INFO - Processing /opt/airflow/dags/first_dag.py took 0.978 seconds
[2024-09-18T13:50:57.351+0000] {processor.py:157} INFO - Started process (PID=91) to work on /opt/airflow/dags/first_dag.py
[2024-09-18T13:50:57.353+0000] {processor.py:826} INFO - Processing file /opt/airflow/dags/first_dag.py for tasks to queue
[2024-09-18T13:50:57.354+0000] {logging_mixin.py:149} INFO - [2024-09-18T13:50:57.354+0000] {dagbag.py:541} INFO - Filling up the DagBag from /opt/airflow/dags/first_dag.py
[2024-09-18T13:50:57.394+0000] {processor.py:836} INFO - DAG(s) dict_keys(['our_first_dag']) retrieved from /opt/airflow/dags/first_dag.py
[2024-09-18T13:50:57.447+0000] {logging_mixin.py:149} INFO - [2024-09-18T13:50:57.446+0000] {dag.py:2726} INFO - Sync 1 DAGs
[2024-09-18T13:50:57.502+0000] {logging_mixin.py:149} INFO - [2024-09-18T13:50:57.502+0000] {dag.py:3490} INFO - Setting next_dagrun for our_first_dag to 2024-09-19T00:00:00+00:00, run_after=2024-09-20T00:00:00+00:00
[2024-09-18T13:50:57.562+0000] {processor.py:179} INFO - Processing /opt/airflow/dags/first_dag.py took 0.215 seconds
[2024-09-18T13:51:10.705+0000] {processor.py:157} INFO - Started process (PID=92) to work on /opt/airflow/dags/first_dag.py
[2024-09-18T13:51:10.707+0000] {processor.py:826} INFO - Processing file /opt/airflow/dags/first_dag.py for tasks to queue
[2024-09-18T13:51:10.708+0000] {logging_mixin.py:149} INFO - [2024-09-18T13:51:10.708+0000] {dagbag.py:541} INFO - Filling up the DagBag from /opt/airflow/dags/first_dag.py
[2024-09-18T13:51:10.765+0000] {processor.py:836} INFO - DAG(s) dict_keys(['our_first_dag']) retrieved from /opt/airflow/dags/first_dag.py
[2024-09-18T13:51:11.240+0000] {logging_mixin.py:149} INFO - [2024-09-18T13:51:11.240+0000] {dag.py:2726} INFO - Sync 1 DAGs
[2024-09-18T13:51:11.387+0000] {logging_mixin.py:149} INFO - [2024-09-18T13:51:11.387+0000] {dag.py:3490} INFO - Setting next_dagrun for our_first_dag to 2024-09-19T00:00:00+00:00, run_after=2024-09-20T00:00:00+00:00
[2024-09-18T13:51:11.489+0000] {processor.py:179} INFO - Processing /opt/airflow/dags/first_dag.py took 0.790 seconds
[2024-09-18T13:51:27.617+0000] {processor.py:157} INFO - Started process (PID=93) to work on /opt/airflow/dags/first_dag.py
[2024-09-18T13:51:27.619+0000] {processor.py:826} INFO - Processing file /opt/airflow/dags/first_dag.py for tasks to queue
[2024-09-18T13:51:27.621+0000] {logging_mixin.py:149} INFO - [2024-09-18T13:51:27.621+0000] {dagbag.py:541} INFO - Filling up the DagBag from /opt/airflow/dags/first_dag.py
[2024-09-18T13:51:27.680+0000] {processor.py:836} INFO - DAG(s) dict_keys(['our_first_dag']) retrieved from /opt/airflow/dags/first_dag.py
[2024-09-18T13:51:27.710+0000] {logging_mixin.py:149} INFO - [2024-09-18T13:51:27.710+0000] {dag.py:2726} INFO - Sync 1 DAGs
[2024-09-18T13:51:27.762+0000] {logging_mixin.py:149} INFO - [2024-09-18T13:51:27.762+0000] {dag.py:3490} INFO - Setting next_dagrun for our_first_dag to 2024-09-19T00:00:00+00:00, run_after=2024-09-20T00:00:00+00:00
[2024-09-18T13:51:27.808+0000] {processor.py:179} INFO - Processing /opt/airflow/dags/first_dag.py took 0.196 seconds
[2024-09-18T13:51:57.920+0000] {processor.py:157} INFO - Started process (PID=94) to work on /opt/airflow/dags/first_dag.py
[2024-09-18T13:51:57.922+0000] {processor.py:826} INFO - Processing file /opt/airflow/dags/first_dag.py for tasks to queue
[2024-09-18T13:51:57.925+0000] {logging_mixin.py:149} INFO - [2024-09-18T13:51:57.924+0000] {dagbag.py:541} INFO - Filling up the DagBag from /opt/airflow/dags/first_dag.py
[2024-09-18T13:51:57.974+0000] {processor.py:836} INFO - DAG(s) dict_keys(['our_first_dag']) retrieved from /opt/airflow/dags/first_dag.py
[2024-09-18T13:51:58.406+0000] {logging_mixin.py:149} INFO - [2024-09-18T13:51:58.406+0000] {dag.py:2726} INFO - Sync 1 DAGs
[2024-09-18T13:51:58.460+0000] {logging_mixin.py:149} INFO - [2024-09-18T13:51:58.460+0000] {dag.py:3490} INFO - Setting next_dagrun for our_first_dag to 2024-09-19T00:00:00+00:00, run_after=2024-09-20T00:00:00+00:00
[2024-09-18T13:51:58.513+0000] {processor.py:179} INFO - Processing /opt/airflow/dags/first_dag.py took 0.603 seconds
[2024-09-18T13:52:28.811+0000] {processor.py:157} INFO - Started process (PID=95) to work on /opt/airflow/dags/first_dag.py
[2024-09-18T13:52:28.813+0000] {processor.py:826} INFO - Processing file /opt/airflow/dags/first_dag.py for tasks to queue
[2024-09-18T13:52:28.814+0000] {logging_mixin.py:149} INFO - [2024-09-18T13:52:28.814+0000] {dagbag.py:541} INFO - Filling up the DagBag from /opt/airflow/dags/first_dag.py
[2024-09-18T13:52:28.850+0000] {processor.py:836} INFO - DAG(s) dict_keys(['our_first_dag']) retrieved from /opt/airflow/dags/first_dag.py
[2024-09-18T13:52:28.906+0000] {logging_mixin.py:149} INFO - [2024-09-18T13:52:28.906+0000] {dag.py:2726} INFO - Sync 1 DAGs
[2024-09-18T13:52:28.958+0000] {logging_mixin.py:149} INFO - [2024-09-18T13:52:28.957+0000] {dag.py:3490} INFO - Setting next_dagrun for our_first_dag to 2024-09-19T00:00:00+00:00, run_after=2024-09-20T00:00:00+00:00
[2024-09-18T13:52:28.996+0000] {processor.py:179} INFO - Processing /opt/airflow/dags/first_dag.py took 0.190 seconds
[2024-09-18T13:52:59.060+0000] {processor.py:157} INFO - Started process (PID=96) to work on /opt/airflow/dags/first_dag.py
[2024-09-18T13:52:59.062+0000] {processor.py:826} INFO - Processing file /opt/airflow/dags/first_dag.py for tasks to queue
[2024-09-18T13:52:59.063+0000] {logging_mixin.py:149} INFO - [2024-09-18T13:52:59.063+0000] {dagbag.py:541} INFO - Filling up the DagBag from /opt/airflow/dags/first_dag.py
[2024-09-18T13:52:59.102+0000] {processor.py:836} INFO - DAG(s) dict_keys(['our_first_dag']) retrieved from /opt/airflow/dags/first_dag.py
[2024-09-18T13:52:59.157+0000] {logging_mixin.py:149} INFO - [2024-09-18T13:52:59.157+0000] {dag.py:2726} INFO - Sync 1 DAGs
[2024-09-18T13:52:59.209+0000] {logging_mixin.py:149} INFO - [2024-09-18T13:52:59.209+0000] {dag.py:3490} INFO - Setting next_dagrun for our_first_dag to 2024-09-19T00:00:00+00:00, run_after=2024-09-20T00:00:00+00:00
[2024-09-18T13:52:59.251+0000] {processor.py:179} INFO - Processing /opt/airflow/dags/first_dag.py took 0.196 seconds
[2024-09-18T13:53:29.519+0000] {processor.py:157} INFO - Started process (PID=97) to work on /opt/airflow/dags/first_dag.py
[2024-09-18T13:53:29.521+0000] {processor.py:826} INFO - Processing file /opt/airflow/dags/first_dag.py for tasks to queue
[2024-09-18T13:53:29.523+0000] {logging_mixin.py:149} INFO - [2024-09-18T13:53:29.523+0000] {dagbag.py:541} INFO - Filling up the DagBag from /opt/airflow/dags/first_dag.py
[2024-09-18T13:53:29.563+0000] {processor.py:836} INFO - DAG(s) dict_keys(['our_first_dag']) retrieved from /opt/airflow/dags/first_dag.py
[2024-09-18T13:53:29.619+0000] {logging_mixin.py:149} INFO - [2024-09-18T13:53:29.618+0000] {dag.py:2726} INFO - Sync 1 DAGs
[2024-09-18T13:53:29.674+0000] {logging_mixin.py:149} INFO - [2024-09-18T13:53:29.673+0000] {dag.py:3490} INFO - Setting next_dagrun for our_first_dag to 2024-09-19T00:00:00+00:00, run_after=2024-09-20T00:00:00+00:00
[2024-09-18T13:53:29.713+0000] {processor.py:179} INFO - Processing /opt/airflow/dags/first_dag.py took 0.199 seconds
[2024-09-18T13:53:59.849+0000] {processor.py:157} INFO - Started process (PID=98) to work on /opt/airflow/dags/first_dag.py
[2024-09-18T13:53:59.851+0000] {processor.py:826} INFO - Processing file /opt/airflow/dags/first_dag.py for tasks to queue
[2024-09-18T13:53:59.853+0000] {logging_mixin.py:149} INFO - [2024-09-18T13:53:59.853+0000] {dagbag.py:541} INFO - Filling up the DagBag from /opt/airflow/dags/first_dag.py
[2024-09-18T13:53:59.895+0000] {processor.py:836} INFO - DAG(s) dict_keys(['our_first_dag']) retrieved from /opt/airflow/dags/first_dag.py
[2024-09-18T13:53:59.950+0000] {logging_mixin.py:149} INFO - [2024-09-18T13:53:59.950+0000] {dag.py:2726} INFO - Sync 1 DAGs
[2024-09-18T13:54:00.013+0000] {logging_mixin.py:149} INFO - [2024-09-18T13:54:00.013+0000] {dag.py:3490} INFO - Setting next_dagrun for our_first_dag to 2024-09-19T00:00:00+00:00, run_after=2024-09-20T00:00:00+00:00
[2024-09-18T13:54:00.056+0000] {processor.py:179} INFO - Processing /opt/airflow/dags/first_dag.py took 0.214 seconds
[2024-09-18T13:54:30.272+0000] {processor.py:157} INFO - Started process (PID=99) to work on /opt/airflow/dags/first_dag.py
[2024-09-18T13:54:30.275+0000] {processor.py:826} INFO - Processing file /opt/airflow/dags/first_dag.py for tasks to queue
[2024-09-18T13:54:30.277+0000] {logging_mixin.py:149} INFO - [2024-09-18T13:54:30.277+0000] {dagbag.py:541} INFO - Filling up the DagBag from /opt/airflow/dags/first_dag.py
[2024-09-18T13:54:30.329+0000] {processor.py:836} INFO - DAG(s) dict_keys(['our_first_dag']) retrieved from /opt/airflow/dags/first_dag.py
[2024-09-18T13:54:30.397+0000] {logging_mixin.py:149} INFO - [2024-09-18T13:54:30.396+0000] {dag.py:2726} INFO - Sync 1 DAGs
[2024-09-18T13:54:30.454+0000] {logging_mixin.py:149} INFO - [2024-09-18T13:54:30.454+0000] {dag.py:3490} INFO - Setting next_dagrun for our_first_dag to 2024-09-19T00:00:00+00:00, run_after=2024-09-20T00:00:00+00:00
[2024-09-18T13:54:30.496+0000] {processor.py:179} INFO - Processing /opt/airflow/dags/first_dag.py took 0.229 seconds
[2024-09-18T13:55:00.742+0000] {processor.py:157} INFO - Started process (PID=100) to work on /opt/airflow/dags/first_dag.py
[2024-09-18T13:55:00.751+0000] {processor.py:826} INFO - Processing file /opt/airflow/dags/first_dag.py for tasks to queue
[2024-09-18T13:55:00.762+0000] {logging_mixin.py:149} INFO - [2024-09-18T13:55:00.761+0000] {dagbag.py:541} INFO - Filling up the DagBag from /opt/airflow/dags/first_dag.py
[2024-09-18T13:55:00.880+0000] {processor.py:836} INFO - DAG(s) dict_keys(['our_first_dag']) retrieved from /opt/airflow/dags/first_dag.py
[2024-09-18T13:55:01.194+0000] {logging_mixin.py:149} INFO - [2024-09-18T13:55:01.193+0000] {dag.py:2726} INFO - Sync 1 DAGs
[2024-09-18T13:55:01.418+0000] {logging_mixin.py:149} INFO - [2024-09-18T13:55:01.417+0000] {dag.py:3490} INFO - Setting next_dagrun for our_first_dag to 2024-09-19T00:00:00+00:00, run_after=2024-09-20T00:00:00+00:00
[2024-09-18T13:55:02.099+0000] {processor.py:179} INFO - Processing /opt/airflow/dags/first_dag.py took 1.419 seconds
[2024-09-18T13:55:32.383+0000] {processor.py:157} INFO - Started process (PID=101) to work on /opt/airflow/dags/first_dag.py
[2024-09-18T13:55:32.385+0000] {processor.py:826} INFO - Processing file /opt/airflow/dags/first_dag.py for tasks to queue
[2024-09-18T13:55:32.386+0000] {logging_mixin.py:149} INFO - [2024-09-18T13:55:32.386+0000] {dagbag.py:541} INFO - Filling up the DagBag from /opt/airflow/dags/first_dag.py
[2024-09-18T13:55:32.501+0000] {processor.py:836} INFO - DAG(s) dict_keys(['our_first_dag']) retrieved from /opt/airflow/dags/first_dag.py
[2024-09-18T13:55:32.653+0000] {logging_mixin.py:149} INFO - [2024-09-18T13:55:32.652+0000] {dag.py:2726} INFO - Sync 1 DAGs
[2024-09-18T13:55:32.744+0000] {logging_mixin.py:149} INFO - [2024-09-18T13:55:32.743+0000] {dag.py:3490} INFO - Setting next_dagrun for our_first_dag to 2024-09-19T00:00:00+00:00, run_after=2024-09-20T00:00:00+00:00
[2024-09-18T13:55:32.813+0000] {processor.py:179} INFO - Processing /opt/airflow/dags/first_dag.py took 0.436 seconds
[2024-09-18T13:56:03.111+0000] {processor.py:157} INFO - Started process (PID=102) to work on /opt/airflow/dags/first_dag.py
[2024-09-18T13:56:03.112+0000] {processor.py:826} INFO - Processing file /opt/airflow/dags/first_dag.py for tasks to queue
[2024-09-18T13:56:03.114+0000] {logging_mixin.py:149} INFO - [2024-09-18T13:56:03.114+0000] {dagbag.py:541} INFO - Filling up the DagBag from /opt/airflow/dags/first_dag.py
[2024-09-18T13:56:03.163+0000] {processor.py:836} INFO - DAG(s) dict_keys(['our_first_dag']) retrieved from /opt/airflow/dags/first_dag.py
[2024-09-18T13:56:03.347+0000] {logging_mixin.py:149} INFO - [2024-09-18T13:56:03.347+0000] {dag.py:2726} INFO - Sync 1 DAGs
[2024-09-18T13:56:03.418+0000] {logging_mixin.py:149} INFO - [2024-09-18T13:56:03.418+0000] {dag.py:3490} INFO - Setting next_dagrun for our_first_dag to 2024-09-19T00:00:00+00:00, run_after=2024-09-20T00:00:00+00:00
[2024-09-18T13:56:03.484+0000] {processor.py:179} INFO - Processing /opt/airflow/dags/first_dag.py took 0.382 seconds
[2024-09-18T13:56:33.797+0000] {processor.py:157} INFO - Started process (PID=103) to work on /opt/airflow/dags/first_dag.py
[2024-09-18T13:56:33.799+0000] {processor.py:826} INFO - Processing file /opt/airflow/dags/first_dag.py for tasks to queue
[2024-09-18T13:56:33.800+0000] {logging_mixin.py:149} INFO - [2024-09-18T13:56:33.800+0000] {dagbag.py:541} INFO - Filling up the DagBag from /opt/airflow/dags/first_dag.py
[2024-09-18T13:56:33.840+0000] {processor.py:836} INFO - DAG(s) dict_keys(['our_first_dag']) retrieved from /opt/airflow/dags/first_dag.py
[2024-09-18T13:56:33.993+0000] {logging_mixin.py:149} INFO - [2024-09-18T13:56:33.993+0000] {dag.py:2726} INFO - Sync 1 DAGs
[2024-09-18T13:56:34.093+0000] {logging_mixin.py:149} INFO - [2024-09-18T13:56:34.092+0000] {dag.py:3490} INFO - Setting next_dagrun for our_first_dag to 2024-09-19T00:00:00+00:00, run_after=2024-09-20T00:00:00+00:00
[2024-09-18T13:56:34.137+0000] {processor.py:179} INFO - Processing /opt/airflow/dags/first_dag.py took 0.346 seconds
[2024-09-18T13:57:04.418+0000] {processor.py:157} INFO - Started process (PID=104) to work on /opt/airflow/dags/first_dag.py
[2024-09-18T13:57:04.420+0000] {processor.py:826} INFO - Processing file /opt/airflow/dags/first_dag.py for tasks to queue
[2024-09-18T13:57:04.421+0000] {logging_mixin.py:149} INFO - [2024-09-18T13:57:04.421+0000] {dagbag.py:541} INFO - Filling up the DagBag from /opt/airflow/dags/first_dag.py
[2024-09-18T13:57:04.461+0000] {processor.py:836} INFO - DAG(s) dict_keys(['our_first_dag']) retrieved from /opt/airflow/dags/first_dag.py
[2024-09-18T13:57:04.525+0000] {logging_mixin.py:149} INFO - [2024-09-18T13:57:04.525+0000] {dag.py:2726} INFO - Sync 1 DAGs
[2024-09-18T13:57:04.597+0000] {logging_mixin.py:149} INFO - [2024-09-18T13:57:04.597+0000] {dag.py:3490} INFO - Setting next_dagrun for our_first_dag to 2024-09-19T00:00:00+00:00, run_after=2024-09-20T00:00:00+00:00
[2024-09-18T13:57:04.645+0000] {processor.py:179} INFO - Processing /opt/airflow/dags/first_dag.py took 0.233 seconds
[2024-09-18T13:57:34.923+0000] {processor.py:157} INFO - Started process (PID=105) to work on /opt/airflow/dags/first_dag.py
[2024-09-18T13:57:34.925+0000] {processor.py:826} INFO - Processing file /opt/airflow/dags/first_dag.py for tasks to queue
[2024-09-18T13:57:34.926+0000] {logging_mixin.py:149} INFO - [2024-09-18T13:57:34.926+0000] {dagbag.py:541} INFO - Filling up the DagBag from /opt/airflow/dags/first_dag.py
[2024-09-18T13:57:34.967+0000] {processor.py:836} INFO - DAG(s) dict_keys(['our_first_dag']) retrieved from /opt/airflow/dags/first_dag.py
[2024-09-18T13:57:35.027+0000] {logging_mixin.py:149} INFO - [2024-09-18T13:57:35.027+0000] {dag.py:2726} INFO - Sync 1 DAGs
[2024-09-18T13:57:35.090+0000] {logging_mixin.py:149} INFO - [2024-09-18T13:57:35.089+0000] {dag.py:3490} INFO - Setting next_dagrun for our_first_dag to 2024-09-19T00:00:00+00:00, run_after=2024-09-20T00:00:00+00:00
[2024-09-18T13:57:35.134+0000] {processor.py:179} INFO - Processing /opt/airflow/dags/first_dag.py took 0.217 seconds
[2024-09-18T13:58:05.409+0000] {processor.py:157} INFO - Started process (PID=106) to work on /opt/airflow/dags/first_dag.py
[2024-09-18T13:58:05.411+0000] {processor.py:826} INFO - Processing file /opt/airflow/dags/first_dag.py for tasks to queue
[2024-09-18T13:58:05.412+0000] {logging_mixin.py:149} INFO - [2024-09-18T13:58:05.412+0000] {dagbag.py:541} INFO - Filling up the DagBag from /opt/airflow/dags/first_dag.py
[2024-09-18T13:58:05.450+0000] {processor.py:836} INFO - DAG(s) dict_keys(['our_first_dag']) retrieved from /opt/airflow/dags/first_dag.py
[2024-09-18T13:58:05.498+0000] {logging_mixin.py:149} INFO - [2024-09-18T13:58:05.498+0000] {dag.py:2726} INFO - Sync 1 DAGs
[2024-09-18T13:58:05.547+0000] {logging_mixin.py:149} INFO - [2024-09-18T13:58:05.547+0000] {dag.py:3490} INFO - Setting next_dagrun for our_first_dag to 2024-09-19T00:00:00+00:00, run_after=2024-09-20T00:00:00+00:00
[2024-09-18T13:58:05.586+0000] {processor.py:179} INFO - Processing /opt/airflow/dags/first_dag.py took 0.183 seconds
[2024-09-18T13:58:35.708+0000] {processor.py:157} INFO - Started process (PID=107) to work on /opt/airflow/dags/first_dag.py
[2024-09-18T13:58:35.711+0000] {processor.py:826} INFO - Processing file /opt/airflow/dags/first_dag.py for tasks to queue
[2024-09-18T13:58:35.713+0000] {logging_mixin.py:149} INFO - [2024-09-18T13:58:35.712+0000] {dagbag.py:541} INFO - Filling up the DagBag from /opt/airflow/dags/first_dag.py
[2024-09-18T13:58:35.837+0000] {processor.py:836} INFO - DAG(s) dict_keys(['our_first_dag']) retrieved from /opt/airflow/dags/first_dag.py
[2024-09-18T13:58:35.934+0000] {logging_mixin.py:149} INFO - [2024-09-18T13:58:35.933+0000] {dag.py:2726} INFO - Sync 1 DAGs
[2024-09-18T13:58:36.012+0000] {logging_mixin.py:149} INFO - [2024-09-18T13:58:36.012+0000] {dag.py:3490} INFO - Setting next_dagrun for our_first_dag to 2024-09-19T00:00:00+00:00, run_after=2024-09-20T00:00:00+00:00
[2024-09-18T13:58:36.068+0000] {processor.py:179} INFO - Processing /opt/airflow/dags/first_dag.py took 0.373 seconds
[2024-09-18T13:59:06.363+0000] {processor.py:157} INFO - Started process (PID=108) to work on /opt/airflow/dags/first_dag.py
[2024-09-18T13:59:06.365+0000] {processor.py:826} INFO - Processing file /opt/airflow/dags/first_dag.py for tasks to queue
[2024-09-18T13:59:06.366+0000] {logging_mixin.py:149} INFO - [2024-09-18T13:59:06.366+0000] {dagbag.py:541} INFO - Filling up the DagBag from /opt/airflow/dags/first_dag.py
[2024-09-18T13:59:06.404+0000] {processor.py:836} INFO - DAG(s) dict_keys(['our_first_dag']) retrieved from /opt/airflow/dags/first_dag.py
[2024-09-18T13:59:06.463+0000] {logging_mixin.py:149} INFO - [2024-09-18T13:59:06.463+0000] {dag.py:2726} INFO - Sync 1 DAGs
[2024-09-18T13:59:06.513+0000] {logging_mixin.py:149} INFO - [2024-09-18T13:59:06.512+0000] {dag.py:3490} INFO - Setting next_dagrun for our_first_dag to 2024-09-19T00:00:00+00:00, run_after=2024-09-20T00:00:00+00:00
[2024-09-18T13:59:06.553+0000] {processor.py:179} INFO - Processing /opt/airflow/dags/first_dag.py took 0.196 seconds
[2024-09-18T13:59:36.619+0000] {processor.py:157} INFO - Started process (PID=109) to work on /opt/airflow/dags/first_dag.py
[2024-09-18T13:59:36.621+0000] {processor.py:826} INFO - Processing file /opt/airflow/dags/first_dag.py for tasks to queue
[2024-09-18T13:59:36.622+0000] {logging_mixin.py:149} INFO - [2024-09-18T13:59:36.622+0000] {dagbag.py:541} INFO - Filling up the DagBag from /opt/airflow/dags/first_dag.py
[2024-09-18T13:59:36.660+0000] {processor.py:836} INFO - DAG(s) dict_keys(['our_first_dag']) retrieved from /opt/airflow/dags/first_dag.py
[2024-09-18T13:59:36.714+0000] {logging_mixin.py:149} INFO - [2024-09-18T13:59:36.713+0000] {dag.py:2726} INFO - Sync 1 DAGs
[2024-09-18T13:59:36.764+0000] {logging_mixin.py:149} INFO - [2024-09-18T13:59:36.764+0000] {dag.py:3490} INFO - Setting next_dagrun for our_first_dag to 2024-09-19T00:00:00+00:00, run_after=2024-09-20T00:00:00+00:00
[2024-09-18T13:59:36.805+0000] {processor.py:179} INFO - Processing /opt/airflow/dags/first_dag.py took 0.192 seconds
[2024-09-18T14:00:07.074+0000] {processor.py:157} INFO - Started process (PID=110) to work on /opt/airflow/dags/first_dag.py
[2024-09-18T14:00:07.076+0000] {processor.py:826} INFO - Processing file /opt/airflow/dags/first_dag.py for tasks to queue
[2024-09-18T14:00:07.077+0000] {logging_mixin.py:149} INFO - [2024-09-18T14:00:07.077+0000] {dagbag.py:541} INFO - Filling up the DagBag from /opt/airflow/dags/first_dag.py
[2024-09-18T14:00:07.115+0000] {processor.py:836} INFO - DAG(s) dict_keys(['our_first_dag']) retrieved from /opt/airflow/dags/first_dag.py
[2024-09-18T14:00:07.167+0000] {logging_mixin.py:149} INFO - [2024-09-18T14:00:07.166+0000] {dag.py:2726} INFO - Sync 1 DAGs
[2024-09-18T14:00:07.217+0000] {logging_mixin.py:149} INFO - [2024-09-18T14:00:07.216+0000] {dag.py:3490} INFO - Setting next_dagrun for our_first_dag to 2024-09-19T00:00:00+00:00, run_after=2024-09-20T00:00:00+00:00
[2024-09-18T14:00:07.268+0000] {processor.py:179} INFO - Processing /opt/airflow/dags/first_dag.py took 0.198 seconds
[2024-09-18T14:00:37.417+0000] {processor.py:157} INFO - Started process (PID=111) to work on /opt/airflow/dags/first_dag.py
[2024-09-18T14:00:37.420+0000] {processor.py:826} INFO - Processing file /opt/airflow/dags/first_dag.py for tasks to queue
[2024-09-18T14:00:37.422+0000] {logging_mixin.py:149} INFO - [2024-09-18T14:00:37.421+0000] {dagbag.py:541} INFO - Filling up the DagBag from /opt/airflow/dags/first_dag.py
[2024-09-18T14:00:37.466+0000] {processor.py:836} INFO - DAG(s) dict_keys(['our_first_dag']) retrieved from /opt/airflow/dags/first_dag.py
[2024-09-18T14:00:37.529+0000] {logging_mixin.py:149} INFO - [2024-09-18T14:00:37.528+0000] {dag.py:2726} INFO - Sync 1 DAGs
[2024-09-18T14:00:37.583+0000] {logging_mixin.py:149} INFO - [2024-09-18T14:00:37.583+0000] {dag.py:3490} INFO - Setting next_dagrun for our_first_dag to 2024-09-19T00:00:00+00:00, run_after=2024-09-20T00:00:00+00:00
[2024-09-18T14:00:37.634+0000] {processor.py:179} INFO - Processing /opt/airflow/dags/first_dag.py took 0.223 seconds
[2024-09-18T14:01:07.780+0000] {processor.py:157} INFO - Started process (PID=112) to work on /opt/airflow/dags/first_dag.py
[2024-09-18T14:01:07.781+0000] {processor.py:826} INFO - Processing file /opt/airflow/dags/first_dag.py for tasks to queue
[2024-09-18T14:01:07.782+0000] {logging_mixin.py:149} INFO - [2024-09-18T14:01:07.782+0000] {dagbag.py:541} INFO - Filling up the DagBag from /opt/airflow/dags/first_dag.py
[2024-09-18T14:01:07.805+0000] {processor.py:836} INFO - DAG(s) dict_keys(['our_first_dag']) retrieved from /opt/airflow/dags/first_dag.py
[2024-09-18T14:01:07.835+0000] {logging_mixin.py:149} INFO - [2024-09-18T14:01:07.835+0000] {dag.py:2726} INFO - Sync 1 DAGs
[2024-09-18T14:01:07.866+0000] {logging_mixin.py:149} INFO - [2024-09-18T14:01:07.866+0000] {dag.py:3490} INFO - Setting next_dagrun for our_first_dag to 2024-09-19T00:00:00+00:00, run_after=2024-09-20T00:00:00+00:00
[2024-09-18T14:01:07.904+0000] {processor.py:179} INFO - Processing /opt/airflow/dags/first_dag.py took 0.127 seconds
[2024-09-18T14:01:38.097+0000] {processor.py:157} INFO - Started process (PID=113) to work on /opt/airflow/dags/first_dag.py
[2024-09-18T14:01:38.099+0000] {processor.py:826} INFO - Processing file /opt/airflow/dags/first_dag.py for tasks to queue
[2024-09-18T14:01:38.100+0000] {logging_mixin.py:149} INFO - [2024-09-18T14:01:38.100+0000] {dagbag.py:541} INFO - Filling up the DagBag from /opt/airflow/dags/first_dag.py
[2024-09-18T14:01:38.122+0000] {processor.py:836} INFO - DAG(s) dict_keys(['our_first_dag']) retrieved from /opt/airflow/dags/first_dag.py
[2024-09-18T14:01:38.185+0000] {logging_mixin.py:149} INFO - [2024-09-18T14:01:38.185+0000] {dag.py:2726} INFO - Sync 1 DAGs
[2024-09-18T14:01:38.218+0000] {logging_mixin.py:149} INFO - [2024-09-18T14:01:38.218+0000] {dag.py:3490} INFO - Setting next_dagrun for our_first_dag to 2024-09-19T00:00:00+00:00, run_after=2024-09-20T00:00:00+00:00
[2024-09-18T14:01:38.242+0000] {processor.py:179} INFO - Processing /opt/airflow/dags/first_dag.py took 0.159 seconds
[2024-09-18T14:02:08.299+0000] {processor.py:157} INFO - Started process (PID=114) to work on /opt/airflow/dags/first_dag.py
[2024-09-18T14:02:08.300+0000] {processor.py:826} INFO - Processing file /opt/airflow/dags/first_dag.py for tasks to queue
[2024-09-18T14:02:08.301+0000] {logging_mixin.py:149} INFO - [2024-09-18T14:02:08.301+0000] {dagbag.py:541} INFO - Filling up the DagBag from /opt/airflow/dags/first_dag.py
[2024-09-18T14:02:08.324+0000] {processor.py:836} INFO - DAG(s) dict_keys(['our_first_dag']) retrieved from /opt/airflow/dags/first_dag.py
[2024-09-18T14:02:08.355+0000] {logging_mixin.py:149} INFO - [2024-09-18T14:02:08.355+0000] {dag.py:2726} INFO - Sync 1 DAGs
[2024-09-18T14:02:08.383+0000] {logging_mixin.py:149} INFO - [2024-09-18T14:02:08.383+0000] {dag.py:3490} INFO - Setting next_dagrun for our_first_dag to 2024-09-19T00:00:00+00:00, run_after=2024-09-20T00:00:00+00:00
[2024-09-18T14:02:08.407+0000] {processor.py:179} INFO - Processing /opt/airflow/dags/first_dag.py took 0.111 seconds
[2024-09-18T14:02:38.525+0000] {processor.py:157} INFO - Started process (PID=115) to work on /opt/airflow/dags/first_dag.py
[2024-09-18T14:02:38.526+0000] {processor.py:826} INFO - Processing file /opt/airflow/dags/first_dag.py for tasks to queue
[2024-09-18T14:02:38.528+0000] {logging_mixin.py:149} INFO - [2024-09-18T14:02:38.528+0000] {dagbag.py:541} INFO - Filling up the DagBag from /opt/airflow/dags/first_dag.py
[2024-09-18T14:02:38.550+0000] {processor.py:836} INFO - DAG(s) dict_keys(['our_first_dag']) retrieved from /opt/airflow/dags/first_dag.py
[2024-09-18T14:02:38.583+0000] {logging_mixin.py:149} INFO - [2024-09-18T14:02:38.583+0000] {dag.py:2726} INFO - Sync 1 DAGs
[2024-09-18T14:02:38.610+0000] {logging_mixin.py:149} INFO - [2024-09-18T14:02:38.610+0000] {dag.py:3490} INFO - Setting next_dagrun for our_first_dag to 2024-09-19T00:00:00+00:00, run_after=2024-09-20T00:00:00+00:00
[2024-09-18T14:02:38.633+0000] {processor.py:179} INFO - Processing /opt/airflow/dags/first_dag.py took 0.114 seconds
[2024-09-18T14:03:08.822+0000] {processor.py:157} INFO - Started process (PID=116) to work on /opt/airflow/dags/first_dag.py
[2024-09-18T14:03:08.824+0000] {processor.py:826} INFO - Processing file /opt/airflow/dags/first_dag.py for tasks to queue
[2024-09-18T14:03:08.825+0000] {logging_mixin.py:149} INFO - [2024-09-18T14:03:08.825+0000] {dagbag.py:541} INFO - Filling up the DagBag from /opt/airflow/dags/first_dag.py
[2024-09-18T14:03:08.855+0000] {processor.py:836} INFO - DAG(s) dict_keys(['our_first_dag']) retrieved from /opt/airflow/dags/first_dag.py
[2024-09-18T14:03:08.891+0000] {logging_mixin.py:149} INFO - [2024-09-18T14:03:08.891+0000] {dag.py:2726} INFO - Sync 1 DAGs
[2024-09-18T14:03:08.921+0000] {logging_mixin.py:149} INFO - [2024-09-18T14:03:08.921+0000] {dag.py:3490} INFO - Setting next_dagrun for our_first_dag to 2024-09-19T00:00:00+00:00, run_after=2024-09-20T00:00:00+00:00
[2024-09-18T14:03:08.948+0000] {processor.py:179} INFO - Processing /opt/airflow/dags/first_dag.py took 0.130 seconds
[2024-09-18T14:03:39.025+0000] {processor.py:157} INFO - Started process (PID=117) to work on /opt/airflow/dags/first_dag.py
[2024-09-18T14:03:39.026+0000] {processor.py:826} INFO - Processing file /opt/airflow/dags/first_dag.py for tasks to queue
[2024-09-18T14:03:39.027+0000] {logging_mixin.py:149} INFO - [2024-09-18T14:03:39.027+0000] {dagbag.py:541} INFO - Filling up the DagBag from /opt/airflow/dags/first_dag.py
[2024-09-18T14:03:39.049+0000] {processor.py:836} INFO - DAG(s) dict_keys(['our_first_dag']) retrieved from /opt/airflow/dags/first_dag.py
[2024-09-18T14:03:39.081+0000] {logging_mixin.py:149} INFO - [2024-09-18T14:03:39.080+0000] {dag.py:2726} INFO - Sync 1 DAGs
[2024-09-18T14:03:39.109+0000] {logging_mixin.py:149} INFO - [2024-09-18T14:03:39.109+0000] {dag.py:3490} INFO - Setting next_dagrun for our_first_dag to 2024-09-19T00:00:00+00:00, run_after=2024-09-20T00:00:00+00:00
[2024-09-18T14:03:39.135+0000] {processor.py:179} INFO - Processing /opt/airflow/dags/first_dag.py took 0.113 seconds
[2024-09-18T14:04:09.356+0000] {processor.py:157} INFO - Started process (PID=118) to work on /opt/airflow/dags/first_dag.py
[2024-09-18T14:04:09.357+0000] {processor.py:826} INFO - Processing file /opt/airflow/dags/first_dag.py for tasks to queue
[2024-09-18T14:04:09.358+0000] {logging_mixin.py:149} INFO - [2024-09-18T14:04:09.358+0000] {dagbag.py:541} INFO - Filling up the DagBag from /opt/airflow/dags/first_dag.py
[2024-09-18T14:04:09.378+0000] {processor.py:836} INFO - DAG(s) dict_keys(['our_first_dag']) retrieved from /opt/airflow/dags/first_dag.py
[2024-09-18T14:04:09.407+0000] {logging_mixin.py:149} INFO - [2024-09-18T14:04:09.407+0000] {dag.py:2726} INFO - Sync 1 DAGs
[2024-09-18T14:04:09.435+0000] {logging_mixin.py:149} INFO - [2024-09-18T14:04:09.435+0000] {dag.py:3490} INFO - Setting next_dagrun for our_first_dag to 2024-09-19T00:00:00+00:00, run_after=2024-09-20T00:00:00+00:00
[2024-09-18T14:04:09.465+0000] {processor.py:179} INFO - Processing /opt/airflow/dags/first_dag.py took 0.111 seconds
[2024-09-18T14:04:39.579+0000] {processor.py:157} INFO - Started process (PID=119) to work on /opt/airflow/dags/first_dag.py
[2024-09-18T14:04:39.581+0000] {processor.py:826} INFO - Processing file /opt/airflow/dags/first_dag.py for tasks to queue
[2024-09-18T14:04:39.582+0000] {logging_mixin.py:149} INFO - [2024-09-18T14:04:39.582+0000] {dagbag.py:541} INFO - Filling up the DagBag from /opt/airflow/dags/first_dag.py
[2024-09-18T14:04:39.604+0000] {processor.py:836} INFO - DAG(s) dict_keys(['our_first_dag']) retrieved from /opt/airflow/dags/first_dag.py
[2024-09-18T14:04:39.682+0000] {logging_mixin.py:149} INFO - [2024-09-18T14:04:39.682+0000] {dag.py:2726} INFO - Sync 1 DAGs
[2024-09-18T14:04:39.752+0000] {logging_mixin.py:149} INFO - [2024-09-18T14:04:39.751+0000] {dag.py:3490} INFO - Setting next_dagrun for our_first_dag to 2024-09-19T00:00:00+00:00, run_after=2024-09-20T00:00:00+00:00
[2024-09-18T14:04:39.797+0000] {processor.py:179} INFO - Processing /opt/airflow/dags/first_dag.py took 0.221 seconds
[2024-09-18T14:05:09.893+0000] {processor.py:157} INFO - Started process (PID=120) to work on /opt/airflow/dags/first_dag.py
[2024-09-18T14:05:09.898+0000] {processor.py:826} INFO - Processing file /opt/airflow/dags/first_dag.py for tasks to queue
[2024-09-18T14:05:09.900+0000] {logging_mixin.py:149} INFO - [2024-09-18T14:05:09.900+0000] {dagbag.py:541} INFO - Filling up the DagBag from /opt/airflow/dags/first_dag.py
[2024-09-18T14:05:09.939+0000] {processor.py:836} INFO - DAG(s) dict_keys(['our_first_dag']) retrieved from /opt/airflow/dags/first_dag.py
[2024-09-18T14:05:10.006+0000] {logging_mixin.py:149} INFO - [2024-09-18T14:05:10.005+0000] {dag.py:2726} INFO - Sync 1 DAGs
[2024-09-18T14:05:10.053+0000] {logging_mixin.py:149} INFO - [2024-09-18T14:05:10.053+0000] {dag.py:3490} INFO - Setting next_dagrun for our_first_dag to 2024-09-19T00:00:00+00:00, run_after=2024-09-20T00:00:00+00:00
[2024-09-18T14:05:10.079+0000] {processor.py:179} INFO - Processing /opt/airflow/dags/first_dag.py took 0.193 seconds
[2024-09-18T14:05:40.272+0000] {processor.py:157} INFO - Started process (PID=121) to work on /opt/airflow/dags/first_dag.py
[2024-09-18T14:05:40.274+0000] {processor.py:826} INFO - Processing file /opt/airflow/dags/first_dag.py for tasks to queue
[2024-09-18T14:05:40.277+0000] {logging_mixin.py:149} INFO - [2024-09-18T14:05:40.277+0000] {dagbag.py:541} INFO - Filling up the DagBag from /opt/airflow/dags/first_dag.py
[2024-09-18T14:05:40.306+0000] {processor.py:836} INFO - DAG(s) dict_keys(['our_first_dag']) retrieved from /opt/airflow/dags/first_dag.py
[2024-09-18T14:05:40.353+0000] {logging_mixin.py:149} INFO - [2024-09-18T14:05:40.353+0000] {dag.py:2726} INFO - Sync 1 DAGs
[2024-09-18T14:05:40.383+0000] {logging_mixin.py:149} INFO - [2024-09-18T14:05:40.382+0000] {dag.py:3490} INFO - Setting next_dagrun for our_first_dag to 2024-09-19T00:00:00+00:00, run_after=2024-09-20T00:00:00+00:00
[2024-09-18T14:05:40.410+0000] {processor.py:179} INFO - Processing /opt/airflow/dags/first_dag.py took 0.142 seconds
[2024-09-18T14:06:10.531+0000] {processor.py:157} INFO - Started process (PID=122) to work on /opt/airflow/dags/first_dag.py
[2024-09-18T14:06:10.532+0000] {processor.py:826} INFO - Processing file /opt/airflow/dags/first_dag.py for tasks to queue
[2024-09-18T14:06:10.533+0000] {logging_mixin.py:149} INFO - [2024-09-18T14:06:10.533+0000] {dagbag.py:541} INFO - Filling up the DagBag from /opt/airflow/dags/first_dag.py
[2024-09-18T14:06:10.561+0000] {processor.py:836} INFO - DAG(s) dict_keys(['our_first_dag']) retrieved from /opt/airflow/dags/first_dag.py
[2024-09-18T14:06:10.592+0000] {logging_mixin.py:149} INFO - [2024-09-18T14:06:10.592+0000] {dag.py:2726} INFO - Sync 1 DAGs
[2024-09-18T14:06:10.619+0000] {logging_mixin.py:149} INFO - [2024-09-18T14:06:10.618+0000] {dag.py:3490} INFO - Setting next_dagrun for our_first_dag to 2024-09-19T00:00:00+00:00, run_after=2024-09-20T00:00:00+00:00
[2024-09-18T14:06:10.642+0000] {processor.py:179} INFO - Processing /opt/airflow/dags/first_dag.py took 0.114 seconds
[2024-09-18T14:06:40.826+0000] {processor.py:157} INFO - Started process (PID=123) to work on /opt/airflow/dags/first_dag.py
[2024-09-18T14:06:40.827+0000] {processor.py:826} INFO - Processing file /opt/airflow/dags/first_dag.py for tasks to queue
[2024-09-18T14:06:40.829+0000] {logging_mixin.py:149} INFO - [2024-09-18T14:06:40.828+0000] {dagbag.py:541} INFO - Filling up the DagBag from /opt/airflow/dags/first_dag.py
[2024-09-18T14:06:40.851+0000] {processor.py:836} INFO - DAG(s) dict_keys(['our_first_dag']) retrieved from /opt/airflow/dags/first_dag.py
[2024-09-18T14:06:40.881+0000] {logging_mixin.py:149} INFO - [2024-09-18T14:06:40.880+0000] {dag.py:2726} INFO - Sync 1 DAGs
[2024-09-18T14:06:40.910+0000] {logging_mixin.py:149} INFO - [2024-09-18T14:06:40.910+0000] {dag.py:3490} INFO - Setting next_dagrun for our_first_dag to 2024-09-19T00:00:00+00:00, run_after=2024-09-20T00:00:00+00:00
[2024-09-18T14:06:40.944+0000] {processor.py:179} INFO - Processing /opt/airflow/dags/first_dag.py took 0.121 seconds
[2024-09-18T14:07:11.069+0000] {processor.py:157} INFO - Started process (PID=124) to work on /opt/airflow/dags/first_dag.py
[2024-09-18T14:07:11.071+0000] {processor.py:826} INFO - Processing file /opt/airflow/dags/first_dag.py for tasks to queue
[2024-09-18T14:07:11.072+0000] {logging_mixin.py:149} INFO - [2024-09-18T14:07:11.072+0000] {dagbag.py:541} INFO - Filling up the DagBag from /opt/airflow/dags/first_dag.py
[2024-09-18T14:07:11.093+0000] {processor.py:836} INFO - DAG(s) dict_keys(['our_first_dag']) retrieved from /opt/airflow/dags/first_dag.py
[2024-09-18T14:07:11.124+0000] {logging_mixin.py:149} INFO - [2024-09-18T14:07:11.124+0000] {dag.py:2726} INFO - Sync 1 DAGs
[2024-09-18T14:07:11.151+0000] {logging_mixin.py:149} INFO - [2024-09-18T14:07:11.151+0000] {dag.py:3490} INFO - Setting next_dagrun for our_first_dag to 2024-09-19T00:00:00+00:00, run_after=2024-09-20T00:00:00+00:00
[2024-09-18T14:07:11.174+0000] {processor.py:179} INFO - Processing /opt/airflow/dags/first_dag.py took 0.108 seconds
[2024-09-18T14:07:41.362+0000] {processor.py:157} INFO - Started process (PID=125) to work on /opt/airflow/dags/first_dag.py
[2024-09-18T14:07:41.364+0000] {processor.py:826} INFO - Processing file /opt/airflow/dags/first_dag.py for tasks to queue
[2024-09-18T14:07:41.365+0000] {logging_mixin.py:149} INFO - [2024-09-18T14:07:41.365+0000] {dagbag.py:541} INFO - Filling up the DagBag from /opt/airflow/dags/first_dag.py
[2024-09-18T14:07:41.393+0000] {processor.py:836} INFO - DAG(s) dict_keys(['our_first_dag']) retrieved from /opt/airflow/dags/first_dag.py
[2024-09-18T14:07:41.424+0000] {logging_mixin.py:149} INFO - [2024-09-18T14:07:41.424+0000] {dag.py:2726} INFO - Sync 1 DAGs
[2024-09-18T14:07:41.453+0000] {logging_mixin.py:149} INFO - [2024-09-18T14:07:41.452+0000] {dag.py:3490} INFO - Setting next_dagrun for our_first_dag to 2024-09-19T00:00:00+00:00, run_after=2024-09-20T00:00:00+00:00
[2024-09-18T14:07:41.479+0000] {processor.py:179} INFO - Processing /opt/airflow/dags/first_dag.py took 0.119 seconds
[2024-09-18T14:08:11.584+0000] {processor.py:157} INFO - Started process (PID=126) to work on /opt/airflow/dags/first_dag.py
[2024-09-18T14:08:11.586+0000] {processor.py:826} INFO - Processing file /opt/airflow/dags/first_dag.py for tasks to queue
[2024-09-18T14:08:11.587+0000] {logging_mixin.py:149} INFO - [2024-09-18T14:08:11.587+0000] {dagbag.py:541} INFO - Filling up the DagBag from /opt/airflow/dags/first_dag.py
[2024-09-18T14:08:11.608+0000] {processor.py:836} INFO - DAG(s) dict_keys(['our_first_dag']) retrieved from /opt/airflow/dags/first_dag.py
[2024-09-18T14:08:11.642+0000] {logging_mixin.py:149} INFO - [2024-09-18T14:08:11.642+0000] {dag.py:2726} INFO - Sync 1 DAGs
[2024-09-18T14:08:11.670+0000] {logging_mixin.py:149} INFO - [2024-09-18T14:08:11.670+0000] {dag.py:3490} INFO - Setting next_dagrun for our_first_dag to 2024-09-19T00:00:00+00:00, run_after=2024-09-20T00:00:00+00:00
[2024-09-18T14:08:11.695+0000] {processor.py:179} INFO - Processing /opt/airflow/dags/first_dag.py took 0.116 seconds
[2024-09-18T14:08:41.904+0000] {processor.py:157} INFO - Started process (PID=127) to work on /opt/airflow/dags/first_dag.py
[2024-09-18T14:08:41.906+0000] {processor.py:826} INFO - Processing file /opt/airflow/dags/first_dag.py for tasks to queue
[2024-09-18T14:08:41.907+0000] {logging_mixin.py:149} INFO - [2024-09-18T14:08:41.906+0000] {dagbag.py:541} INFO - Filling up the DagBag from /opt/airflow/dags/first_dag.py
[2024-09-18T14:08:41.926+0000] {processor.py:836} INFO - DAG(s) dict_keys(['our_first_dag']) retrieved from /opt/airflow/dags/first_dag.py
[2024-09-18T14:08:41.955+0000] {logging_mixin.py:149} INFO - [2024-09-18T14:08:41.955+0000] {dag.py:2726} INFO - Sync 1 DAGs
[2024-09-18T14:08:41.986+0000] {logging_mixin.py:149} INFO - [2024-09-18T14:08:41.986+0000] {dag.py:3490} INFO - Setting next_dagrun for our_first_dag to 2024-09-19T00:00:00+00:00, run_after=2024-09-20T00:00:00+00:00
[2024-09-18T14:08:42.017+0000] {processor.py:179} INFO - Processing /opt/airflow/dags/first_dag.py took 0.116 seconds
[2024-09-18T14:09:12.185+0000] {processor.py:157} INFO - Started process (PID=128) to work on /opt/airflow/dags/first_dag.py
[2024-09-18T14:09:12.193+0000] {processor.py:826} INFO - Processing file /opt/airflow/dags/first_dag.py for tasks to queue
[2024-09-18T14:09:12.199+0000] {logging_mixin.py:149} INFO - [2024-09-18T14:09:12.198+0000] {dagbag.py:541} INFO - Filling up the DagBag from /opt/airflow/dags/first_dag.py
[2024-09-18T14:09:12.296+0000] {processor.py:836} INFO - DAG(s) dict_keys(['our_first_dag']) retrieved from /opt/airflow/dags/first_dag.py
[2024-09-18T14:09:12.414+0000] {logging_mixin.py:149} INFO - [2024-09-18T14:09:12.414+0000] {dag.py:2726} INFO - Sync 1 DAGs
[2024-09-18T14:09:12.491+0000] {logging_mixin.py:149} INFO - [2024-09-18T14:09:12.491+0000] {dag.py:3490} INFO - Setting next_dagrun for our_first_dag to 2024-09-19T00:00:00+00:00, run_after=2024-09-20T00:00:00+00:00
[2024-09-18T14:09:12.546+0000] {processor.py:179} INFO - Processing /opt/airflow/dags/first_dag.py took 0.386 seconds
[2024-09-18T14:09:42.790+0000] {processor.py:157} INFO - Started process (PID=129) to work on /opt/airflow/dags/first_dag.py
[2024-09-18T14:09:42.797+0000] {processor.py:826} INFO - Processing file /opt/airflow/dags/first_dag.py for tasks to queue
[2024-09-18T14:09:42.803+0000] {logging_mixin.py:149} INFO - [2024-09-18T14:09:42.802+0000] {dagbag.py:541} INFO - Filling up the DagBag from /opt/airflow/dags/first_dag.py
[2024-09-18T14:09:42.856+0000] {processor.py:836} INFO - DAG(s) dict_keys(['our_first_dag']) retrieved from /opt/airflow/dags/first_dag.py
[2024-09-18T14:09:42.925+0000] {logging_mixin.py:149} INFO - [2024-09-18T14:09:42.924+0000] {dag.py:2726} INFO - Sync 1 DAGs
[2024-09-18T14:09:42.973+0000] {logging_mixin.py:149} INFO - [2024-09-18T14:09:42.972+0000] {dag.py:3490} INFO - Setting next_dagrun for our_first_dag to 2024-09-19T00:00:00+00:00, run_after=2024-09-20T00:00:00+00:00
[2024-09-18T14:09:43.004+0000] {processor.py:179} INFO - Processing /opt/airflow/dags/first_dag.py took 0.226 seconds
[2024-09-18T14:10:13.258+0000] {processor.py:157} INFO - Started process (PID=130) to work on /opt/airflow/dags/first_dag.py
[2024-09-18T14:10:13.259+0000] {processor.py:826} INFO - Processing file /opt/airflow/dags/first_dag.py for tasks to queue
[2024-09-18T14:10:13.260+0000] {logging_mixin.py:149} INFO - [2024-09-18T14:10:13.260+0000] {dagbag.py:541} INFO - Filling up the DagBag from /opt/airflow/dags/first_dag.py
[2024-09-18T14:10:13.282+0000] {processor.py:836} INFO - DAG(s) dict_keys(['our_first_dag']) retrieved from /opt/airflow/dags/first_dag.py
[2024-09-18T14:10:13.325+0000] {logging_mixin.py:149} INFO - [2024-09-18T14:10:13.325+0000] {dag.py:2726} INFO - Sync 1 DAGs
[2024-09-18T14:10:13.366+0000] {logging_mixin.py:149} INFO - [2024-09-18T14:10:13.365+0000] {dag.py:3490} INFO - Setting next_dagrun for our_first_dag to 2024-09-19T00:00:00+00:00, run_after=2024-09-20T00:00:00+00:00
[2024-09-18T14:10:13.398+0000] {processor.py:179} INFO - Processing /opt/airflow/dags/first_dag.py took 0.143 seconds
[2024-09-18T14:10:43.485+0000] {processor.py:157} INFO - Started process (PID=131) to work on /opt/airflow/dags/first_dag.py
[2024-09-18T14:10:43.486+0000] {processor.py:826} INFO - Processing file /opt/airflow/dags/first_dag.py for tasks to queue
[2024-09-18T14:10:43.488+0000] {logging_mixin.py:149} INFO - [2024-09-18T14:10:43.487+0000] {dagbag.py:541} INFO - Filling up the DagBag from /opt/airflow/dags/first_dag.py
[2024-09-18T14:10:43.508+0000] {processor.py:836} INFO - DAG(s) dict_keys(['our_first_dag']) retrieved from /opt/airflow/dags/first_dag.py
[2024-09-18T14:10:43.539+0000] {logging_mixin.py:149} INFO - [2024-09-18T14:10:43.538+0000] {dag.py:2726} INFO - Sync 1 DAGs
[2024-09-18T14:10:43.566+0000] {logging_mixin.py:149} INFO - [2024-09-18T14:10:43.566+0000] {dag.py:3490} INFO - Setting next_dagrun for our_first_dag to 2024-09-19T00:00:00+00:00, run_after=2024-09-20T00:00:00+00:00
[2024-09-18T14:10:43.592+0000] {processor.py:179} INFO - Processing /opt/airflow/dags/first_dag.py took 0.110 seconds
[2024-09-18T14:11:13.839+0000] {processor.py:157} INFO - Started process (PID=132) to work on /opt/airflow/dags/first_dag.py
[2024-09-18T14:11:13.842+0000] {processor.py:826} INFO - Processing file /opt/airflow/dags/first_dag.py for tasks to queue
[2024-09-18T14:11:13.844+0000] {logging_mixin.py:149} INFO - [2024-09-18T14:11:13.843+0000] {dagbag.py:541} INFO - Filling up the DagBag from /opt/airflow/dags/first_dag.py
[2024-09-18T14:11:13.871+0000] {processor.py:836} INFO - DAG(s) dict_keys(['our_first_dag']) retrieved from /opt/airflow/dags/first_dag.py
[2024-09-18T14:11:13.907+0000] {logging_mixin.py:149} INFO - [2024-09-18T14:11:13.907+0000] {dag.py:2726} INFO - Sync 1 DAGs
[2024-09-18T14:11:13.939+0000] {logging_mixin.py:149} INFO - [2024-09-18T14:11:13.938+0000] {dag.py:3490} INFO - Setting next_dagrun for our_first_dag to 2024-09-19T00:00:00+00:00, run_after=2024-09-20T00:00:00+00:00
[2024-09-18T14:11:13.973+0000] {processor.py:179} INFO - Processing /opt/airflow/dags/first_dag.py took 0.137 seconds
[2024-09-18T14:11:44.070+0000] {processor.py:157} INFO - Started process (PID=133) to work on /opt/airflow/dags/first_dag.py
[2024-09-18T14:11:44.071+0000] {processor.py:826} INFO - Processing file /opt/airflow/dags/first_dag.py for tasks to queue
[2024-09-18T14:11:44.073+0000] {logging_mixin.py:149} INFO - [2024-09-18T14:11:44.072+0000] {dagbag.py:541} INFO - Filling up the DagBag from /opt/airflow/dags/first_dag.py
[2024-09-18T14:11:44.095+0000] {processor.py:836} INFO - DAG(s) dict_keys(['our_first_dag']) retrieved from /opt/airflow/dags/first_dag.py
[2024-09-18T14:11:44.133+0000] {logging_mixin.py:149} INFO - [2024-09-18T14:11:44.133+0000] {dag.py:2726} INFO - Sync 1 DAGs
[2024-09-18T14:11:44.162+0000] {logging_mixin.py:149} INFO - [2024-09-18T14:11:44.162+0000] {dag.py:3490} INFO - Setting next_dagrun for our_first_dag to 2024-09-19T00:00:00+00:00, run_after=2024-09-20T00:00:00+00:00
[2024-09-18T14:11:44.190+0000] {processor.py:179} INFO - Processing /opt/airflow/dags/first_dag.py took 0.123 seconds
